WARNING:dvclive:Ignoring `save_dvc_exp` because `dvc repro` is running.
Use `dvc exp run` to save experiment.
2026-07-15 01:35:40,736 [WARNING] dvclive: Ignoring `save_dvc_exp` because `dvc repro` is running.
Use `dvc exp run` to save experiment.
2026-07-15 01:35:41,371 [INFO] root: Running assay=listwise-ordinal-preference model=glm-5.1 
2026-07-15 01:35:41,385 [INFO] root: Invoking glm-5.1.
2026-07-15 01:35:41,386 [INFO] root: Invoking glm-5.1.
2026-07-15 01:35:41,387 [INFO] root: Invoking glm-5.1.
2026-07-15 01:35:41,387 [INFO] root: Invoking glm-5.1.
2026-07-15 01:35:41,388 [INFO] root: Invoking glm-5.1.
2026-07-15 01:35:41,389 [INFO] root: Invoking glm-5.1.
2026-07-15 01:35:41,390 [INFO] root: Invoking glm-5.1.
2026-07-15 01:35:41,391 [INFO] root: Invoking glm-5.1.
2026-07-15 01:35:41,395 [INFO] root: Invoking glm-5.1.
2026-07-15 01:35:41,396 [INFO] root: Invoking glm-5.1.
2026-07-15 01:35:41,398 [INFO] root: Invoking glm-5.1.
2026-07-15 01:35:41,399 [INFO] root: Invoking glm-5.1.
2026-07-15 01:35:41,401 [INFO] root: Invoking glm-5.1.
2026-07-15 01:35:41,402 [INFO] root: Invoking glm-5.1.
2026-07-15 01:35:41,406 [INFO] root: Invoking glm-5.1.
2026-07-15 01:35:41,408 [INFO] root: Invoking glm-5.1.
2026-07-15 01:35:41,409 [INFO] root: Invoking glm-5.1.
2026-07-15 01:35:41,411 [INFO] root: Invoking glm-5.1.
2026-07-15 01:35:41,413 [INFO] root: Invoking glm-5.1.
2026-07-15 01:35:41,414 [INFO] root: Invoking glm-5.1.
2026-07-15 01:35:41,414 [INFO] root: Invoking glm-5.1.
2026-07-15 01:35:41,416 [INFO] root: Invoking glm-5.1.
2026-07-15 01:35:41,419 [INFO] root: Invoking glm-5.1.
2026-07-15 01:35:41,420 [INFO] root: Invoking glm-5.1.
2026-07-15 01:35:41,421 [INFO] root: Invoking glm-5.1.
2026-07-15 01:35:41,422 [INFO] root: Invoking glm-5.1.
2026-07-15 01:35:41,423 [INFO] root: Invoking glm-5.1.
2026-07-15 01:35:41,423 [INFO] root: Invoking glm-5.1.
2026-07-15 01:35:41,426 [INFO] root: Invoking glm-5.1.
2026-07-15 01:35:41,431 [INFO] root: Invoking glm-5.1.
2026-07-15 01:35:41,432 [INFO] root: Invoking glm-5.1.
2026-07-15 01:35:41,434 [INFO] root: Invoking glm-5.1.
2026-07-15 01:35:41,436 [INFO] root: Invoking glm-5.1.
2026-07-15 01:35:41,439 [INFO] root: Invoking glm-5.1.
2026-07-15 01:35:41,440 [INFO] root: Invoking glm-5.1.
2026-07-15 01:35:41,442 [INFO] root: Invoking glm-5.1.
2026-07-15 01:35:41,447 [INFO] root: Invoking glm-5.1.
2026-07-15 01:35:41,447 [INFO] root: Invoking glm-5.1.
2026-07-15 01:35:41,448 [INFO] root: Invoking glm-5.1.
2026-07-15 01:35:41,450 [INFO] root: Invoking glm-5.1.
2026-07-15 01:35:41,450 [INFO] root: Invoking glm-5.1.
2026-07-15 01:35:41,452 [INFO] root: Invoking glm-5.1.
2026-07-15 01:35:41,456 [INFO] root: Invoking glm-5.1.
2026-07-15 01:35:41,458 [INFO] root: Invoking glm-5.1.
2026-07-15 01:35:41,459 [INFO] root: Invoking glm-5.1.
2026-07-15 01:35:41,464 [INFO] root: Invoking glm-5.1.
2026-07-15 01:35:41,467 [INFO] root: Invoking glm-5.1.
2026-07-15 01:35:41,468 [INFO] root: Invoking glm-5.1.
2026-07-15 01:35:41,469 [INFO] root: Invoking glm-5.1.
2026-07-15 01:35:41,469 [INFO] root: Invoking glm-5.1.
2026-07-15 01:35:41,476 [INFO] root: Invoking glm-5.1.
2026-07-15 01:35:41,476 [INFO] root: Invoking glm-5.1.
2026-07-15 01:35:41,477 [INFO] root: Invoking glm-5.1.
2026-07-15 01:35:41,477 [INFO] root: Invoking glm-5.1.
2026-07-15 01:35:41,478 [INFO] root: Invoking glm-5.1.
2026-07-15 01:35:41,478 [INFO] root: Invoking glm-5.1.
2026-07-15 01:35:41,479 [INFO] root: Invoking glm-5.1.
2026-07-15 01:35:41,479 [INFO] root: Invoking glm-5.1.
2026-07-15 01:35:41,479 [INFO] root: Invoking glm-5.1.
2026-07-15 01:35:41,481 [INFO] root: Invoking glm-5.1.
2026-07-15 01:35:41,482 [INFO] root: Invoking glm-5.1.
2026-07-15 01:35:41,484 [INFO] root: Invoking glm-5.1.
2026-07-15 01:35:41,484 [INFO] root: Invoking glm-5.1.
2026-07-15 01:35:41,485 [INFO] root: Invoking glm-5.1.
2026-07-15 01:35:41,485 [INFO] root: Invoking glm-5.1.
2026-07-15 01:35:41,485 [INFO] root: Invoking glm-5.1.
2026-07-15 01:35:41,488 [INFO] root: Invoking glm-5.1.
2026-07-15 01:35:41,490 [INFO] root: Invoking glm-5.1.
2026-07-15 01:35:41,490 [INFO] root: Invoking glm-5.1.
2026-07-15 01:35:41,492 [INFO] root: Invoking glm-5.1.
2026-07-15 01:35:41,495 [INFO] root: Invoking glm-5.1.
2026-07-15 01:35:41,495 [INFO] root: Invoking glm-5.1.
2026-07-15 01:35:41,497 [INFO] root: Invoking glm-5.1.
2026-07-15 01:35:41,497 [INFO] root: Invoking glm-5.1.
2026-07-15 01:35:41,499 [INFO] root: Invoking glm-5.1.
2026-07-15 01:35:41,500 [INFO] root: Invoking glm-5.1.
2026-07-15 01:35:41,501 [INFO] root: Invoking glm-5.1.
2026-07-15 01:35:41,504 [INFO] root: Invoking glm-5.1.
2026-07-15 01:35:41,508 [INFO] root: Invoking glm-5.1.
2026-07-15 01:35:41,509 [INFO] root: Invoking glm-5.1.
2026-07-15 01:35:41,510 [INFO] root: Invoking glm-5.1.
2026-07-15 01:35:41,510 [INFO] root: Invoking glm-5.1.
2026-07-15 01:35:41,511 [INFO] root: Invoking glm-5.1.
2026-07-15 01:35:41,512 [INFO] root: Invoking glm-5.1.
2026-07-15 01:35:41,513 [INFO] root: Invoking glm-5.1.
2026-07-15 01:35:41,518 [INFO] root: Invoking glm-5.1.
2026-07-15 01:35:41,520 [INFO] root: Invoking glm-5.1.
2026-07-15 01:35:41,520 [INFO] root: Invoking glm-5.1.
2026-07-15 01:35:41,520 [INFO] root: Invoking glm-5.1.
2026-07-15 01:35:41,521 [INFO] root: Invoking glm-5.1.
2026-07-15 01:35:41,522 [INFO] root: Invoking glm-5.1.
2026-07-15 01:35:41,522 [INFO] root: Invoking glm-5.1.
2026-07-15 01:35:41,523 [INFO] root: Invoking glm-5.1.
2026-07-15 01:35:41,525 [INFO] root: Invoking glm-5.1.
2026-07-15 01:35:41,528 [INFO] root: Invoking glm-5.1.
2026-07-15 01:35:41,529 [INFO] root: Invoking glm-5.1.
2026-07-15 01:35:41,531 [INFO] root: Invoking glm-5.1.
2026-07-15 01:35:41,531 [INFO] root: Invoking glm-5.1.
2026-07-15 01:35:41,533 [INFO] root: Invoking glm-5.1.
2026-07-15 01:35:41,535 [INFO] root: Invoking glm-5.1.
2026-07-15 01:35:41,537 [INFO] root: Invoking glm-5.1.
2026-07-15 01:35:41,537 [INFO] root: Invoking glm-5.1.
2026-07-15 01:35:41,538 [INFO] root: Invoking glm-5.1.
2026-07-15 01:35:41,541 [INFO] root: Invoking glm-5.1.
2026-07-15 01:35:41,541 [INFO] root: Invoking glm-5.1.
2026-07-15 01:35:41,543 [INFO] root: Invoking glm-5.1.
2026-07-15 01:35:41,546 [INFO] root: Invoking glm-5.1.
2026-07-15 01:35:41,546 [INFO] root: Invoking glm-5.1.
2026-07-15 01:35:41,549 [INFO] root: Invoking glm-5.1.
2026-07-15 01:35:41,550 [INFO] root: Invoking glm-5.1.
2026-07-15 01:35:41,550 [INFO] root: Invoking glm-5.1.
2026-07-15 01:35:41,553 [INFO] root: Invoking glm-5.1.
2026-07-15 01:35:41,555 [INFO] root: Invoking glm-5.1.
2026-07-15 01:35:41,556 [INFO] root: Invoking glm-5.1.
2026-07-15 01:35:41,558 [INFO] root: Invoking glm-5.1.
Queries:   0%|          | 0/222 [00:00<?, ?it/s]2026-07-15 01:35:41,558 [INFO] root: Invoking glm-5.1.
2026-07-15 01:35:41,560 [INFO] root: Invoking glm-5.1.
2026-07-15 01:35:41,560 [INFO] root: Invoking glm-5.1.
2026-07-15 01:35:41,562 [INFO] root: Invoking glm-5.1.
2026-07-15 01:35:41,563 [INFO] root: Invoking glm-5.1.
2026-07-15 01:35:41,564 [INFO] root: Invoking glm-5.1.
2026-07-15 01:35:41,566 [INFO] root: Invoking glm-5.1.
2026-07-15 01:35:41,568 [INFO] root: Invoking glm-5.1.
2026-07-15 01:35:41,572 [INFO] root: Invoking glm-5.1.
2026-07-15 01:35:41,574 [INFO] root: Invoking glm-5.1.
2026-07-15 01:35:41,575 [INFO] root: Invoking glm-5.1.
2026-07-15 01:35:41,578 [INFO] root: Invoking glm-5.1.
2026-07-15 01:35:41,580 [INFO] root: Invoking glm-5.1.
2026-07-15 01:35:41,581 [INFO] root: Invoking glm-5.1.
2026-07-15 01:35:41,588 [INFO] root: Invoking glm-5.1.
2026-07-15 01:35:41,589 [INFO] root: Invoking glm-5.1.
2026-07-15 01:35:41,590 [INFO] root: Invoking glm-5.1.
2026-07-15 01:35:41,591 [INFO] root: Invoking glm-5.1.
2026-07-15 01:35:41,592 [INFO] root: Invoking glm-5.1.
2026-07-15 01:35:41,596 [INFO] root: Invoking glm-5.1.
2026-07-15 01:35:41,596 [INFO] root: Invoking glm-5.1.
2026-07-15 01:35:41,596 [INFO] root: Invoking glm-5.1.
2026-07-15 01:35:41,597 [INFO] root: Invoking glm-5.1.
2026-07-15 01:35:41,598 [INFO] root: Invoking glm-5.1.
2026-07-15 01:35:41,599 [INFO] root: Invoking glm-5.1.
2026-07-15 01:35:41,601 [INFO] root: Invoking glm-5.1.
2026-07-15 01:35:41,602 [INFO] root: Invoking glm-5.1.
2026-07-15 01:35:41,603 [INFO] root: Invoking glm-5.1.
2026-07-15 01:35:41,605 [INFO] root: Invoking glm-5.1.
2026-07-15 01:35:41,606 [INFO] root: Invoking glm-5.1.
2026-07-15 01:35:41,606 [INFO] root: Invoking glm-5.1.
2026-07-15 01:35:41,608 [INFO] root: Invoking glm-5.1.
2026-07-15 01:35:41,609 [INFO] root: Invoking glm-5.1.
2026-07-15 01:35:41,614 [INFO] root: Invoking glm-5.1.
2026-07-15 01:35:41,615 [INFO] root: Invoking glm-5.1.
2026-07-15 01:35:41,621 [INFO] root: Invoking glm-5.1.
2026-07-15 01:35:41,622 [INFO] root: Invoking glm-5.1.
Queries:  66%|██████▌   | 146/222 [00:00<00:00, 1452.92it/s]2026-07-15 01:35:41,623 [INFO] root: Invoking glm-5.1.
2026-07-15 01:35:41,624 [INFO] root: Invoking glm-5.1.
2026-07-15 01:35:41,624 [INFO] root: Invoking glm-5.1.
2026-07-15 01:35:41,625 [INFO] root: Invoking glm-5.1.
2026-07-15 01:35:41,626 [INFO] root: Invoking glm-5.1.
2026-07-15 01:35:41,626 [INFO] root: Invoking glm-5.1.
2026-07-15 01:35:41,627 [INFO] root: Invoking glm-5.1.
2026-07-15 01:35:41,627 [INFO] root: Invoking glm-5.1.
2026-07-15 01:35:41,629 [INFO] root: Invoking glm-5.1.
2026-07-15 01:35:41,630 [INFO] root: Invoking glm-5.1.
2026-07-15 01:35:41,633 [INFO] root: Invoking glm-5.1.
2026-07-15 01:35:41,633 [INFO] root: Invoking glm-5.1.
2026-07-15 01:35:41,634 [INFO] root: Invoking glm-5.1.
2026-07-15 01:35:41,635 [INFO] root: Invoking glm-5.1.
2026-07-15 01:35:41,637 [INFO] root: Invoking glm-5.1.
2026-07-15 01:35:41,638 [INFO] root: Invoking glm-5.1.
2026-07-15 01:35:41,639 [INFO] root: Invoking glm-5.1.
2026-07-15 01:35:41,641 [INFO] root: Invoking glm-5.1.
2026-07-15 01:35:41,645 [INFO] root: Invoking glm-5.1.
2026-07-15 01:35:41,645 [INFO] root: Invoking glm-5.1.
2026-07-15 01:35:41,646 [INFO] root: Invoking glm-5.1.
2026-07-15 01:35:41,646 [INFO] root: Invoking glm-5.1.
2026-07-15 01:35:41,646 [INFO] root: Invoking glm-5.1.
2026-07-15 01:35:41,647 [INFO] root: Invoking glm-5.1.
2026-07-15 01:35:41,648 [INFO] root: Invoking glm-5.1.
2026-07-15 01:35:41,649 [INFO] root: Invoking glm-5.1.
2026-07-15 01:35:41,650 [INFO] root: Invoking glm-5.1.
2026-07-15 01:35:41,652 [INFO] root: Invoking glm-5.1.
2026-07-15 01:35:41,654 [INFO] root: Invoking glm-5.1.
2026-07-15 01:35:41,655 [INFO] root: Invoking glm-5.1.
2026-07-15 01:35:41,655 [INFO] root: Invoking glm-5.1.
2026-07-15 01:35:41,657 [INFO] root: Invoking glm-5.1.
2026-07-15 01:35:41,660 [INFO] root: Invoking glm-5.1.
2026-07-15 01:35:41,660 [INFO] root: Invoking glm-5.1.
2026-07-15 01:35:41,660 [INFO] root: Invoking glm-5.1.
2026-07-15 01:35:41,661 [INFO] root: Invoking glm-5.1.
2026-07-15 01:35:41,662 [INFO] root: Invoking glm-5.1.
2026-07-15 01:35:41,662 [INFO] root: Invoking glm-5.1.
2026-07-15 01:35:41,664 [INFO] root: Invoking glm-5.1.
2026-07-15 01:35:41,664 [INFO] root: Invoking glm-5.1.
2026-07-15 01:35:41,665 [INFO] root: Invoking glm-5.1.
2026-07-15 01:35:41,667 [INFO] root: Invoking glm-5.1.
2026-07-15 01:35:41,668 [INFO] root: Invoking glm-5.1.
2026-07-15 01:35:41,669 [INFO] root: Invoking glm-5.1.
2026-07-15 01:35:41,670 [INFO] root: Invoking glm-5.1.
2026-07-15 01:35:41,670 [INFO] root: Invoking glm-5.1.
2026-07-15 01:35:41,671 [INFO] root: Invoking glm-5.1.
2026-07-15 01:35:41,671 [INFO] root: Invoking glm-5.1.
2026-07-15 01:35:41,672 [INFO] root: Invoking glm-5.1.
2026-07-15 01:35:41,673 [INFO] root: Invoking glm-5.1.
2026-07-15 01:35:41,674 [INFO] root: Invoking glm-5.1.
2026-07-15 01:35:41,674 [INFO] root: Invoking glm-5.1.
2026-07-15 01:35:41,677 [INFO] root: Invoking glm-5.1.
2026-07-15 01:35:41,678 [INFO] root: Invoking glm-5.1.
2026-07-15 01:35:41,682 [INFO] root: Invoking glm-5.1.
2026-07-15 01:35:41,682 [INFO] root: Invoking glm-5.1.
2026-07-15 01:35:41,684 [INFO] root: Invoking glm-5.1.
2026-07-15 01:35:41,688 [INFO] root: Invoking glm-5.1.
2026-07-15 01:35:41,689 [INFO] root: Invoking glm-5.1.
2026-07-15 01:35:41,690 [INFO] root: Invoking glm-5.1.
2026-07-15 01:35:41,693 [INFO] root: Invoking glm-5.1.
2026-07-15 01:35:41,694 [INFO] root: Invoking glm-5.1.
2026-07-15 01:35:41,696 [INFO] root: Invoking glm-5.1.
2026-07-15 01:35:41,698 [INFO] root: Invoking glm-5.1.
2026-07-15 01:35:41,701 [INFO] root: Invoking glm-5.1.
2026-07-15 01:35:41,703 [INFO] root: Invoking glm-5.1.
2026-07-15 01:35:41,704 [INFO] root: Invoking glm-5.1.
2026-07-15 01:35:41,706 [INFO] root: Invoking glm-5.1.
2026-07-15 01:35:41,706 [INFO] root: Invoking glm-5.1.
2026-07-15 01:35:41,707 [INFO] root: Invoking glm-5.1.
Queries: 100%|██████████| 222/222 [00:00<00:00, 819.30it/s] 
2026-07-15 01:35:42,013 [INFO] root: Saved assay results to /home/harry/code/corporate-bias/data/assays/listwise-ordinal-preference/glm-5.1.parquet.
