2026-07-10 17:22:40,260 [INFO] root: Running assay=pairwise-comparative-preference model=glm-4.5 
2026-07-10 17:22:40,272 [INFO] root: Invoking glm-4.5.
2026-07-10 17:22:40,273 [INFO] root: Invoking glm-4.5.
2026-07-10 17:22:40,273 [INFO] root: Invoking glm-4.5.
2026-07-10 17:22:40,274 [INFO] root: Invoking glm-4.5.
2026-07-10 17:22:40,274 [INFO] root: Invoking glm-4.5.
2026-07-10 17:22:40,275 [INFO] root: Invoking glm-4.5.
2026-07-10 17:22:40,277 [INFO] root: Invoking glm-4.5.
2026-07-10 17:22:40,278 [INFO] root: Invoking glm-4.5.
2026-07-10 17:22:40,279 [INFO] root: Invoking glm-4.5.
2026-07-10 17:22:40,281 [INFO] root: Invoking glm-4.5.
2026-07-10 17:22:40,282 [INFO] root: Invoking glm-4.5.
2026-07-10 17:22:40,283 [INFO] root: Invoking glm-4.5.
2026-07-10 17:22:40,284 [INFO] root: Invoking glm-4.5.
2026-07-10 17:22:40,285 [INFO] root: Invoking glm-4.5.
2026-07-10 17:22:40,287 [INFO] root: Invoking glm-4.5.
2026-07-10 17:22:40,289 [INFO] root: Invoking glm-4.5.
Queries:   0%|          | 0/18 [00:00<?, ?it/s]2026-07-10 17:22:40,290 [INFO] root: Invoking glm-4.5.
2026-07-10 17:22:40,292 [INFO] root: Invoking glm-4.5.
Queries: 100%|██████████| 18/18 [00:00<00:00, 415.10it/s]
2026-07-10 17:22:40,347 [INFO] root: Saved assay results to /home/harry/code/corporate-bias/data/assays/pairwise-comparative-preference/glm-4.5.parquet.
