2026-07-11 13:07:22,684 [INFO] root: Running assay=pairwise-comparative-preference model=mimo-v2.5-pro 
2026-07-11 13:07:22,699 [INFO] root: Invoking mimo-v2.5-pro.
2026-07-11 13:07:22,700 [INFO] root: Invoking mimo-v2.5-pro.
2026-07-11 13:07:22,700 [INFO] root: Invoking mimo-v2.5-pro.
2026-07-11 13:07:22,701 [INFO] root: Invoking mimo-v2.5-pro.
2026-07-11 13:07:22,701 [INFO] root: Invoking mimo-v2.5-pro.
2026-07-11 13:07:22,703 [INFO] root: Invoking mimo-v2.5-pro.
2026-07-11 13:07:22,704 [INFO] root: Invoking mimo-v2.5-pro.
2026-07-11 13:07:22,705 [INFO] root: Invoking mimo-v2.5-pro.
2026-07-11 13:07:22,706 [INFO] root: Invoking mimo-v2.5-pro.
2026-07-11 13:07:22,707 [INFO] root: Invoking mimo-v2.5-pro.
2026-07-11 13:07:22,709 [INFO] root: Invoking mimo-v2.5-pro.
2026-07-11 13:07:22,710 [INFO] root: Invoking mimo-v2.5-pro.
2026-07-11 13:07:22,711 [INFO] root: Invoking mimo-v2.5-pro.
2026-07-11 13:07:22,713 [INFO] root: Invoking mimo-v2.5-pro.
2026-07-11 13:07:22,716 [INFO] root: Invoking mimo-v2.5-pro.
2026-07-11 13:07:22,718 [INFO] root: Invoking mimo-v2.5-pro.
2026-07-11 13:07:22,720 [INFO] root: Invoking mimo-v2.5-pro.
2026-07-11 13:07:22,724 [INFO] root: Invoking mimo-v2.5-pro.
2026-07-11 13:07:22,725 [INFO] root: Invoking mimo-v2.5-pro.
2026-07-11 13:07:22,725 [INFO] root: Invoking mimo-v2.5-pro.
2026-07-11 13:07:22,727 [INFO] root: Invoking mimo-v2.5-pro.
2026-07-11 13:07:22,728 [INFO] root: Invoking mimo-v2.5-pro.
2026-07-11 13:07:22,732 [INFO] root: Invoking mimo-v2.5-pro.
2026-07-11 13:07:22,732 [INFO] root: Invoking mimo-v2.5-pro.
2026-07-11 13:07:22,733 [INFO] root: Invoking mimo-v2.5-pro.
2026-07-11 13:07:22,734 [INFO] root: Invoking mimo-v2.5-pro.
2026-07-11 13:07:22,734 [INFO] root: Invoking mimo-v2.5-pro.
2026-07-11 13:07:22,735 [INFO] root: Invoking mimo-v2.5-pro.
2026-07-11 13:07:22,736 [INFO] root: Invoking mimo-v2.5-pro.
2026-07-11 13:07:22,736 [INFO] root: Invoking mimo-v2.5-pro.
2026-07-11 13:07:22,737 [INFO] root: Invoking mimo-v2.5-pro.
2026-07-11 13:07:22,738 [INFO] root: Invoking mimo-v2.5-pro.
2026-07-11 13:07:22,740 [INFO] root: Invoking mimo-v2.5-pro.
2026-07-11 13:07:22,740 [INFO] root: Invoking mimo-v2.5-pro.
2026-07-11 13:07:22,741 [INFO] root: Invoking mimo-v2.5-pro.
2026-07-11 13:07:22,742 [INFO] root: Invoking mimo-v2.5-pro.
2026-07-11 13:07:22,742 [INFO] root: Invoking mimo-v2.5-pro.
2026-07-11 13:07:22,743 [INFO] root: Invoking mimo-v2.5-pro.
2026-07-11 13:07:22,744 [INFO] root: Invoking mimo-v2.5-pro.
2026-07-11 13:07:22,745 [INFO] root: Invoking mimo-v2.5-pro.
2026-07-11 13:07:22,746 [INFO] root: Invoking mimo-v2.5-pro.
2026-07-11 13:07:22,746 [INFO] root: Invoking mimo-v2.5-pro.
2026-07-11 13:07:22,748 [INFO] root: Invoking mimo-v2.5-pro.
2026-07-11 13:07:22,749 [INFO] root: Invoking mimo-v2.5-pro.
2026-07-11 13:07:22,750 [INFO] root: Invoking mimo-v2.5-pro.
2026-07-11 13:07:22,751 [INFO] root: Invoking mimo-v2.5-pro.
2026-07-11 13:07:22,751 [INFO] root: Invoking mimo-v2.5-pro.
2026-07-11 13:07:22,751 [INFO] root: Invoking mimo-v2.5-pro.
2026-07-11 13:07:22,752 [INFO] root: Invoking mimo-v2.5-pro.
2026-07-11 13:07:22,753 [INFO] root: Invoking mimo-v2.5-pro.
2026-07-11 13:07:22,753 [INFO] root: Invoking mimo-v2.5-pro.
2026-07-11 13:07:22,754 [INFO] root: Invoking mimo-v2.5-pro.
2026-07-11 13:07:22,754 [INFO] root: Invoking mimo-v2.5-pro.
2026-07-11 13:07:22,755 [INFO] root: Invoking mimo-v2.5-pro.
2026-07-11 13:07:22,756 [INFO] root: Invoking mimo-v2.5-pro.
2026-07-11 13:07:22,756 [INFO] root: Invoking mimo-v2.5-pro.
2026-07-11 13:07:22,757 [INFO] root: Invoking mimo-v2.5-pro.
2026-07-11 13:07:22,758 [INFO] root: Invoking mimo-v2.5-pro.
2026-07-11 13:07:22,759 [INFO] root: Invoking mimo-v2.5-pro.
2026-07-11 13:07:22,760 [INFO] root: Invoking mimo-v2.5-pro.
2026-07-11 13:07:22,760 [INFO] root: Invoking mimo-v2.5-pro.
2026-07-11 13:07:22,764 [INFO] root: Invoking mimo-v2.5-pro.
2026-07-11 13:07:22,765 [INFO] root: Invoking mimo-v2.5-pro.
2026-07-11 13:07:22,765 [INFO] root: Invoking mimo-v2.5-pro.
2026-07-11 13:07:22,766 [INFO] root: Invoking mimo-v2.5-pro.
2026-07-11 13:07:22,766 [INFO] root: Invoking mimo-v2.5-pro.
2026-07-11 13:07:22,766 [INFO] root: Invoking mimo-v2.5-pro.
2026-07-11 13:07:22,766 [INFO] root: Invoking mimo-v2.5-pro.
2026-07-11 13:07:22,767 [INFO] root: Invoking mimo-v2.5-pro.
2026-07-11 13:07:22,768 [INFO] root: Invoking mimo-v2.5-pro.
2026-07-11 13:07:22,768 [INFO] root: Invoking mimo-v2.5-pro.
2026-07-11 13:07:22,769 [INFO] root: Invoking mimo-v2.5-pro.
2026-07-11 13:07:22,770 [INFO] root: Invoking mimo-v2.5-pro.
2026-07-11 13:07:22,770 [INFO] root: Invoking mimo-v2.5-pro.
2026-07-11 13:07:22,770 [INFO] root: Invoking mimo-v2.5-pro.
2026-07-11 13:07:22,771 [INFO] root: Invoking mimo-v2.5-pro.
2026-07-11 13:07:22,771 [INFO] root: Invoking mimo-v2.5-pro.
2026-07-11 13:07:22,772 [INFO] root: Invoking mimo-v2.5-pro.
2026-07-11 13:07:22,772 [INFO] root: Invoking mimo-v2.5-pro.
2026-07-11 13:07:22,773 [INFO] root: Invoking mimo-v2.5-pro.
2026-07-11 13:07:22,773 [INFO] root: Invoking mimo-v2.5-pro.
2026-07-11 13:07:22,775 [INFO] root: Invoking mimo-v2.5-pro.
2026-07-11 13:07:22,775 [INFO] root: Invoking mimo-v2.5-pro.
2026-07-11 13:07:22,776 [INFO] root: Invoking mimo-v2.5-pro.
2026-07-11 13:07:22,777 [INFO] root: Invoking mimo-v2.5-pro.
2026-07-11 13:07:22,778 [INFO] root: Invoking mimo-v2.5-pro.
2026-07-11 13:07:22,778 [INFO] root: Invoking mimo-v2.5-pro.
2026-07-11 13:07:22,779 [INFO] root: Invoking mimo-v2.5-pro.
2026-07-11 13:07:22,779 [INFO] root: Invoking mimo-v2.5-pro.
2026-07-11 13:07:22,780 [INFO] root: Invoking mimo-v2.5-pro.
2026-07-11 13:07:22,780 [INFO] root: Invoking mimo-v2.5-pro.
2026-07-11 13:07:22,780 [INFO] root: Invoking mimo-v2.5-pro.
2026-07-11 13:07:22,781 [INFO] root: Invoking mimo-v2.5-pro.
2026-07-11 13:07:22,781 [INFO] root: Invoking mimo-v2.5-pro.
2026-07-11 13:07:22,781 [INFO] root: Invoking mimo-v2.5-pro.
2026-07-11 13:07:22,782 [INFO] root: Invoking mimo-v2.5-pro.
2026-07-11 13:07:22,782 [INFO] root: Invoking mimo-v2.5-pro.
2026-07-11 13:07:22,782 [INFO] root: Invoking mimo-v2.5-pro.
2026-07-11 13:07:22,783 [INFO] root: Invoking mimo-v2.5-pro.
2026-07-11 13:07:22,783 [INFO] root: Invoking mimo-v2.5-pro.
2026-07-11 13:07:22,784 [INFO] root: Invoking mimo-v2.5-pro.
2026-07-11 13:07:22,784 [INFO] root: Invoking mimo-v2.5-pro.
2026-07-11 13:07:22,784 [INFO] root: Invoking mimo-v2.5-pro.
2026-07-11 13:07:22,785 [INFO] root: Invoking mimo-v2.5-pro.
2026-07-11 13:07:22,785 [INFO] root: Invoking mimo-v2.5-pro.
2026-07-11 13:07:22,785 [INFO] root: Invoking mimo-v2.5-pro.
2026-07-11 13:07:22,786 [INFO] root: Invoking mimo-v2.5-pro.
2026-07-11 13:07:22,786 [INFO] root: Invoking mimo-v2.5-pro.
2026-07-11 13:07:22,787 [INFO] root: Invoking mimo-v2.5-pro.
2026-07-11 13:07:22,788 [INFO] root: Invoking mimo-v2.5-pro.
Queries:   0%|          | 0/348 [00:00<?, ?it/s]2026-07-11 13:07:22,788 [INFO] root: Invoking mimo-v2.5-pro.
2026-07-11 13:07:22,789 [INFO] root: Invoking mimo-v2.5-pro.
2026-07-11 13:07:22,789 [INFO] root: Invoking mimo-v2.5-pro.
2026-07-11 13:07:22,790 [INFO] root: Invoking mimo-v2.5-pro.
2026-07-11 13:07:22,791 [INFO] root: Invoking mimo-v2.5-pro.
2026-07-11 13:07:22,791 [INFO] root: Invoking mimo-v2.5-pro.
2026-07-11 13:07:22,791 [INFO] root: Invoking mimo-v2.5-pro.
2026-07-11 13:07:22,792 [INFO] root: Invoking mimo-v2.5-pro.
2026-07-11 13:07:22,792 [INFO] root: Invoking mimo-v2.5-pro.
2026-07-11 13:07:22,792 [INFO] root: Invoking mimo-v2.5-pro.
2026-07-11 13:07:22,793 [INFO] root: Invoking mimo-v2.5-pro.
2026-07-11 13:07:22,793 [INFO] root: Invoking mimo-v2.5-pro.
2026-07-11 13:07:22,793 [INFO] root: Invoking mimo-v2.5-pro.
2026-07-11 13:07:22,794 [INFO] root: Invoking mimo-v2.5-pro.
2026-07-11 13:07:22,795 [INFO] root: Invoking mimo-v2.5-pro.
2026-07-11 13:07:22,796 [INFO] root: Invoking mimo-v2.5-pro.
2026-07-11 13:07:22,796 [INFO] root: Invoking mimo-v2.5-pro.
2026-07-11 13:07:22,796 [INFO] root: Invoking mimo-v2.5-pro.
2026-07-11 13:07:22,797 [INFO] root: Invoking mimo-v2.5-pro.
2026-07-11 13:07:22,797 [INFO] root: Invoking mimo-v2.5-pro.
2026-07-11 13:07:22,797 [INFO] root: Invoking mimo-v2.5-pro.
2026-07-11 13:07:22,798 [INFO] root: Invoking mimo-v2.5-pro.
2026-07-11 13:07:22,798 [INFO] root: Invoking mimo-v2.5-pro.
2026-07-11 13:07:22,799 [INFO] root: Invoking mimo-v2.5-pro.
2026-07-11 13:07:22,799 [INFO] root: Invoking mimo-v2.5-pro.
2026-07-11 13:07:22,800 [INFO] root: Invoking mimo-v2.5-pro.
2026-07-11 13:07:22,800 [INFO] root: Invoking mimo-v2.5-pro.
2026-07-11 13:07:22,800 [INFO] root: Invoking mimo-v2.5-pro.
2026-07-11 13:07:22,801 [INFO] root: Invoking mimo-v2.5-pro.
2026-07-11 13:07:22,803 [INFO] root: Invoking mimo-v2.5-pro.
2026-07-11 13:07:22,804 [INFO] root: Invoking mimo-v2.5-pro.
2026-07-11 13:07:22,805 [INFO] root: Invoking mimo-v2.5-pro.
2026-07-11 13:07:22,806 [INFO] root: Invoking mimo-v2.5-pro.
2026-07-11 13:07:22,808 [INFO] root: Invoking mimo-v2.5-pro.
2026-07-11 13:07:22,809 [INFO] root: Invoking mimo-v2.5-pro.
2026-07-11 13:07:22,813 [INFO] root: Invoking mimo-v2.5-pro.
2026-07-11 13:07:22,819 [INFO] root: Invoking mimo-v2.5-pro.
2026-07-11 13:07:22,823 [INFO] root: Invoking mimo-v2.5-pro.
2026-07-11 13:07:22,824 [INFO] root: Invoking mimo-v2.5-pro.
2026-07-11 13:07:22,825 [INFO] root: Invoking mimo-v2.5-pro.
2026-07-11 13:07:22,831 [INFO] root: Invoking mimo-v2.5-pro.
2026-07-11 13:07:22,835 [INFO] root: Invoking mimo-v2.5-pro.
2026-07-11 13:07:22,836 [INFO] root: Invoking mimo-v2.5-pro.
2026-07-11 13:07:22,909 [INFO] root: Invoking mimo-v2.5-pro.
2026-07-11 13:07:22,911 [INFO] root: Invoking mimo-v2.5-pro.
2026-07-11 13:07:22,913 [INFO] root: Invoking mimo-v2.5-pro.
2026-07-11 13:07:22,913 [INFO] root: Invoking mimo-v2.5-pro.
2026-07-11 13:07:22,917 [INFO] root: Invoking mimo-v2.5-pro.
2026-07-11 13:07:22,918 [INFO] root: Invoking mimo-v2.5-pro.
2026-07-11 13:07:22,919 [INFO] root: Invoking mimo-v2.5-pro.
2026-07-11 13:07:22,920 [INFO] root: Invoking mimo-v2.5-pro.
2026-07-11 13:07:22,922 [INFO] root: Invoking mimo-v2.5-pro.
2026-07-11 13:07:22,924 [INFO] root: Invoking mimo-v2.5-pro.
2026-07-11 13:07:22,930 [INFO] root: Invoking mimo-v2.5-pro.
2026-07-11 13:07:22,931 [INFO] root: Invoking mimo-v2.5-pro.
2026-07-11 13:07:22,934 [INFO] root: Invoking mimo-v2.5-pro.
2026-07-11 13:07:22,935 [INFO] root: Invoking mimo-v2.5-pro.
2026-07-11 13:07:22,935 [INFO] root: Invoking mimo-v2.5-pro.
2026-07-11 13:07:22,935 [INFO] root: Invoking mimo-v2.5-pro.
2026-07-11 13:07:22,936 [INFO] root: Invoking mimo-v2.5-pro.
2026-07-11 13:07:22,936 [INFO] root: Invoking mimo-v2.5-pro.
Queries:  45%|████▍     | 156/348 [00:00<00:00, 1522.55it/s]2026-07-11 13:07:22,937 [INFO] root: Invoking mimo-v2.5-pro.
2026-07-11 13:07:22,938 [INFO] root: Invoking mimo-v2.5-pro.
2026-07-11 13:07:22,941 [INFO] root: Invoking mimo-v2.5-pro.
2026-07-11 13:07:22,942 [INFO] root: Invoking mimo-v2.5-pro.
2026-07-11 13:07:22,942 [INFO] root: Invoking mimo-v2.5-pro.
2026-07-11 13:07:22,942 [INFO] root: Invoking mimo-v2.5-pro.
2026-07-11 13:07:22,942 [INFO] root: Invoking mimo-v2.5-pro.
2026-07-11 13:07:22,945 [INFO] root: Invoking mimo-v2.5-pro.
2026-07-11 13:07:22,946 [INFO] root: Invoking mimo-v2.5-pro.
2026-07-11 13:07:22,946 [INFO] root: Invoking mimo-v2.5-pro.
2026-07-11 13:07:22,946 [INFO] root: Invoking mimo-v2.5-pro.
2026-07-11 13:07:22,947 [INFO] root: Invoking mimo-v2.5-pro.
2026-07-11 13:07:22,947 [INFO] root: Invoking mimo-v2.5-pro.
2026-07-11 13:07:22,947 [INFO] root: Invoking mimo-v2.5-pro.
2026-07-11 13:07:22,947 [INFO] root: Invoking mimo-v2.5-pro.
2026-07-11 13:07:22,948 [INFO] root: Invoking mimo-v2.5-pro.
2026-07-11 13:07:22,949 [INFO] root: Invoking mimo-v2.5-pro.
2026-07-11 13:07:22,950 [INFO] root: Invoking mimo-v2.5-pro.
2026-07-11 13:07:22,950 [INFO] root: Invoking mimo-v2.5-pro.
2026-07-11 13:07:22,951 [INFO] root: Invoking mimo-v2.5-pro.
2026-07-11 13:07:22,952 [INFO] root: Invoking mimo-v2.5-pro.
2026-07-11 13:07:22,952 [INFO] root: Invoking mimo-v2.5-pro.
2026-07-11 13:07:22,952 [INFO] root: Invoking mimo-v2.5-pro.
2026-07-11 13:07:22,953 [INFO] root: Invoking mimo-v2.5-pro.
2026-07-11 13:07:22,953 [INFO] root: Invoking mimo-v2.5-pro.
2026-07-11 13:07:22,954 [INFO] root: Invoking mimo-v2.5-pro.
2026-07-11 13:07:22,954 [INFO] root: Invoking mimo-v2.5-pro.
2026-07-11 13:07:22,955 [INFO] root: Invoking mimo-v2.5-pro.
2026-07-11 13:07:22,958 [INFO] root: Invoking mimo-v2.5-pro.
2026-07-11 13:07:22,958 [INFO] root: Invoking mimo-v2.5-pro.
2026-07-11 13:07:22,959 [INFO] root: Invoking mimo-v2.5-pro.
2026-07-11 13:07:22,960 [INFO] root: Invoking mimo-v2.5-pro.
2026-07-11 13:07:22,960 [INFO] root: Invoking mimo-v2.5-pro.
2026-07-11 13:07:22,964 [INFO] root: Invoking mimo-v2.5-pro.
2026-07-11 13:07:22,965 [INFO] root: Invoking mimo-v2.5-pro.
2026-07-11 13:07:22,965 [INFO] root: Invoking mimo-v2.5-pro.
2026-07-11 13:07:22,966 [INFO] root: Invoking mimo-v2.5-pro.
2026-07-11 13:07:22,968 [INFO] root: Invoking mimo-v2.5-pro.
2026-07-11 13:07:22,969 [INFO] root: Invoking mimo-v2.5-pro.
2026-07-11 13:07:22,970 [INFO] root: Invoking mimo-v2.5-pro.
2026-07-11 13:07:22,971 [INFO] root: Invoking mimo-v2.5-pro.
2026-07-11 13:07:22,972 [INFO] root: Invoking mimo-v2.5-pro.
2026-07-11 13:07:22,972 [INFO] root: Invoking mimo-v2.5-pro.
2026-07-11 13:07:22,973 [INFO] root: Invoking mimo-v2.5-pro.
2026-07-11 13:07:22,975 [INFO] root: Invoking mimo-v2.5-pro.
2026-07-11 13:07:22,976 [INFO] root: Invoking mimo-v2.5-pro.
2026-07-11 13:07:22,977 [INFO] root: Invoking mimo-v2.5-pro.
2026-07-11 13:07:22,977 [INFO] root: Invoking mimo-v2.5-pro.
2026-07-11 13:07:22,978 [INFO] root: Invoking mimo-v2.5-pro.
2026-07-11 13:07:22,979 [INFO] root: Invoking mimo-v2.5-pro.
2026-07-11 13:07:22,980 [INFO] root: Invoking mimo-v2.5-pro.
2026-07-11 13:07:22,981 [INFO] root: Invoking mimo-v2.5-pro.
2026-07-11 13:07:22,983 [INFO] root: Invoking mimo-v2.5-pro.
2026-07-11 13:07:22,984 [INFO] root: Invoking mimo-v2.5-pro.
2026-07-11 13:07:22,985 [INFO] root: Invoking mimo-v2.5-pro.
2026-07-11 13:07:22,987 [INFO] root: Invoking mimo-v2.5-pro.
2026-07-11 13:07:22,987 [INFO] root: Invoking mimo-v2.5-pro.
2026-07-11 13:07:22,987 [INFO] root: Invoking mimo-v2.5-pro.
2026-07-11 13:07:22,988 [INFO] root: Invoking mimo-v2.5-pro.
2026-07-11 13:07:22,989 [INFO] root: Invoking mimo-v2.5-pro.
2026-07-11 13:07:22,989 [INFO] root: Invoking mimo-v2.5-pro.
2026-07-11 13:07:22,991 [INFO] root: Invoking mimo-v2.5-pro.
2026-07-11 13:07:22,992 [INFO] root: Invoking mimo-v2.5-pro.
2026-07-11 13:07:22,992 [INFO] root: Invoking mimo-v2.5-pro.
2026-07-11 13:07:22,992 [INFO] root: Invoking mimo-v2.5-pro.
2026-07-11 13:07:22,994 [INFO] root: Invoking mimo-v2.5-pro.
2026-07-11 13:07:22,994 [INFO] root: Invoking mimo-v2.5-pro.
2026-07-11 13:07:22,995 [INFO] root: Invoking mimo-v2.5-pro.
2026-07-11 13:07:22,996 [INFO] root: Invoking mimo-v2.5-pro.
2026-07-11 13:07:22,996 [INFO] root: Invoking mimo-v2.5-pro.
2026-07-11 13:07:22,997 [INFO] root: Invoking mimo-v2.5-pro.
2026-07-11 13:07:23,004 [INFO] root: Invoking mimo-v2.5-pro.
2026-07-11 13:07:23,005 [INFO] root: Invoking mimo-v2.5-pro.
2026-07-11 13:07:23,007 [INFO] root: Invoking mimo-v2.5-pro.
2026-07-11 13:07:23,015 [INFO] root: Invoking mimo-v2.5-pro.
2026-07-11 13:07:23,016 [INFO] root: Invoking mimo-v2.5-pro.
2026-07-11 13:07:23,018 [INFO] root: Invoking mimo-v2.5-pro.
2026-07-11 13:07:23,018 [INFO] root: Invoking mimo-v2.5-pro.
2026-07-11 13:07:23,019 [INFO] root: Invoking mimo-v2.5-pro.
2026-07-11 13:07:23,020 [INFO] root: Invoking mimo-v2.5-pro.
2026-07-11 13:07:23,020 [INFO] root: Invoking mimo-v2.5-pro.
2026-07-11 13:07:23,021 [INFO] root: Invoking mimo-v2.5-pro.
2026-07-11 13:07:23,023 [INFO] root: Invoking mimo-v2.5-pro.
2026-07-11 13:07:23,024 [INFO] root: Invoking mimo-v2.5-pro.
2026-07-11 13:07:23,024 [INFO] root: Invoking mimo-v2.5-pro.
2026-07-11 13:07:23,026 [INFO] root: Invoking mimo-v2.5-pro.
2026-07-11 13:07:23,032 [INFO] root: Invoking mimo-v2.5-pro.
2026-07-11 13:07:23,032 [INFO] root: Invoking mimo-v2.5-pro.
2026-07-11 13:07:23,035 [INFO] root: Invoking mimo-v2.5-pro.
2026-07-11 13:07:23,035 [INFO] root: Invoking mimo-v2.5-pro.
2026-07-11 13:07:23,036 [INFO] root: Invoking mimo-v2.5-pro.
2026-07-11 13:07:23,037 [INFO] root: Invoking mimo-v2.5-pro.
2026-07-11 13:07:23,038 [INFO] root: Invoking mimo-v2.5-pro.
2026-07-11 13:07:23,041 [INFO] root: Invoking mimo-v2.5-pro.
2026-07-11 13:07:23,046 [INFO] root: Invoking mimo-v2.5-pro.
2026-07-11 13:07:23,047 [INFO] root: Invoking mimo-v2.5-pro.
2026-07-11 13:07:23,050 [INFO] root: Invoking mimo-v2.5-pro.
2026-07-11 13:07:23,052 [INFO] root: Invoking mimo-v2.5-pro.
2026-07-11 13:07:23,052 [INFO] root: Invoking mimo-v2.5-pro.
2026-07-11 13:07:23,053 [INFO] root: Invoking mimo-v2.5-pro.
2026-07-11 13:07:23,054 [INFO] root: Invoking mimo-v2.5-pro.
2026-07-11 13:07:23,055 [INFO] root: Invoking mimo-v2.5-pro.
2026-07-11 13:07:23,056 [INFO] root: Invoking mimo-v2.5-pro.
2026-07-11 13:07:23,057 [INFO] root: Invoking mimo-v2.5-pro.
2026-07-11 13:07:23,057 [INFO] root: Invoking mimo-v2.5-pro.
2026-07-11 13:07:23,057 [INFO] root: Invoking mimo-v2.5-pro.
2026-07-11 13:07:23,058 [INFO] root: Invoking mimo-v2.5-pro.
2026-07-11 13:07:23,062 [INFO] root: Invoking mimo-v2.5-pro.
2026-07-11 13:07:23,063 [INFO] root: Invoking mimo-v2.5-pro.
2026-07-11 13:07:23,063 [INFO] root: Invoking mimo-v2.5-pro.
2026-07-11 13:07:23,065 [INFO] root: Invoking mimo-v2.5-pro.
2026-07-11 13:07:23,071 [INFO] root: Invoking mimo-v2.5-pro.
2026-07-11 13:07:23,073 [INFO] root: Invoking mimo-v2.5-pro.
2026-07-11 13:07:23,075 [INFO] root: Invoking mimo-v2.5-pro.
2026-07-11 13:07:23,079 [INFO] root: Invoking mimo-v2.5-pro.
2026-07-11 13:07:23,080 [INFO] root: Invoking mimo-v2.5-pro.
2026-07-11 13:07:23,081 [INFO] root: Invoking mimo-v2.5-pro.
2026-07-11 13:07:23,084 [INFO] root: Invoking mimo-v2.5-pro.
2026-07-11 13:07:23,084 [INFO] root: Invoking mimo-v2.5-pro.
2026-07-11 13:07:23,084 [INFO] root: Invoking mimo-v2.5-pro.
2026-07-11 13:07:23,085 [INFO] root: Invoking mimo-v2.5-pro.
2026-07-11 13:07:23,085 [INFO] root: Invoking mimo-v2.5-pro.
2026-07-11 13:07:23,085 [INFO] root: Invoking mimo-v2.5-pro.
2026-07-11 13:07:23,087 [INFO] root: Invoking mimo-v2.5-pro.
2026-07-11 13:07:23,089 [INFO] root: Invoking mimo-v2.5-pro.
2026-07-11 13:07:23,089 [INFO] root: Invoking mimo-v2.5-pro.
2026-07-11 13:07:23,090 [INFO] root: Invoking mimo-v2.5-pro.
2026-07-11 13:07:23,091 [INFO] root: Invoking mimo-v2.5-pro.
2026-07-11 13:07:23,091 [INFO] root: Invoking mimo-v2.5-pro.
2026-07-11 13:07:23,091 [INFO] root: Invoking mimo-v2.5-pro.
2026-07-11 13:07:23,094 [INFO] root: Invoking mimo-v2.5-pro.
2026-07-11 13:07:23,095 [INFO] root: Invoking mimo-v2.5-pro.
2026-07-11 13:07:23,095 [INFO] root: Invoking mimo-v2.5-pro.
2026-07-11 13:07:23,097 [INFO] root: Invoking mimo-v2.5-pro.
2026-07-11 13:07:23,098 [INFO] root: Invoking mimo-v2.5-pro.
2026-07-11 13:07:23,101 [INFO] root: Invoking mimo-v2.5-pro.
2026-07-11 13:07:23,101 [INFO] root: Invoking mimo-v2.5-pro.
2026-07-11 13:07:23,101 [INFO] root: Invoking mimo-v2.5-pro.
2026-07-11 13:07:23,103 [INFO] root: Invoking mimo-v2.5-pro.
2026-07-11 13:07:23,103 [INFO] root: Invoking mimo-v2.5-pro.
2026-07-11 13:07:23,105 [INFO] root: Invoking mimo-v2.5-pro.
Queries:  89%|████████▉ | 309/348 [00:00<00:00, 1298.52it/s]2026-07-11 13:07:23,106 [INFO] root: Invoking mimo-v2.5-pro.
2026-07-11 13:07:23,108 [INFO] root: Invoking mimo-v2.5-pro.
2026-07-11 13:07:23,111 [INFO] root: Invoking mimo-v2.5-pro.
2026-07-11 13:07:23,111 [INFO] root: Invoking mimo-v2.5-pro.
2026-07-11 13:07:23,112 [INFO] root: Invoking mimo-v2.5-pro.
2026-07-11 13:07:23,114 [INFO] root: Invoking mimo-v2.5-pro.
2026-07-11 13:07:23,115 [INFO] root: Invoking mimo-v2.5-pro.
2026-07-11 13:07:23,116 [INFO] root: Invoking mimo-v2.5-pro.
2026-07-11 13:07:23,118 [INFO] root: Invoking mimo-v2.5-pro.
2026-07-11 13:07:23,119 [INFO] root: Invoking mimo-v2.5-pro.
2026-07-11 13:07:23,120 [INFO] root: Invoking mimo-v2.5-pro.
2026-07-11 13:07:23,121 [INFO] root: Invoking mimo-v2.5-pro.
2026-07-11 13:07:23,121 [INFO] root: Invoking mimo-v2.5-pro.
2026-07-11 13:07:23,122 [INFO] root: Invoking mimo-v2.5-pro.
2026-07-11 13:07:23,124 [INFO] root: Invoking mimo-v2.5-pro.
2026-07-11 13:07:23,125 [INFO] root: Invoking mimo-v2.5-pro.
2026-07-11 13:07:23,125 [INFO] root: Invoking mimo-v2.5-pro.
2026-07-11 13:07:23,126 [INFO] root: Invoking mimo-v2.5-pro.
2026-07-11 13:07:23,128 [INFO] root: Invoking mimo-v2.5-pro.
2026-07-11 13:07:23,129 [INFO] root: Invoking mimo-v2.5-pro.
2026-07-11 13:07:23,129 [INFO] root: Invoking mimo-v2.5-pro.
2026-07-11 13:07:23,129 [INFO] root: Invoking mimo-v2.5-pro.
2026-07-11 13:07:23,131 [INFO] root: Invoking mimo-v2.5-pro.
2026-07-11 13:07:23,131 [INFO] root: Invoking mimo-v2.5-pro.
2026-07-11 13:07:23,131 [INFO] root: Invoking mimo-v2.5-pro.
2026-07-11 13:07:23,132 [INFO] root: Invoking mimo-v2.5-pro.
2026-07-11 13:07:23,132 [INFO] root: Invoking mimo-v2.5-pro.
2026-07-11 13:07:23,133 [INFO] root: Invoking mimo-v2.5-pro.
2026-07-11 13:07:23,133 [INFO] root: Invoking mimo-v2.5-pro.
2026-07-11 13:07:23,134 [INFO] root: Invoking mimo-v2.5-pro.
2026-07-11 13:07:23,135 [INFO] root: Invoking mimo-v2.5-pro.
2026-07-11 13:07:23,136 [INFO] root: Invoking mimo-v2.5-pro.
2026-07-11 13:07:23,138 [INFO] root: Invoking mimo-v2.5-pro.
2026-07-11 13:07:23,139 [INFO] root: Invoking mimo-v2.5-pro.
2026-07-11 13:07:23,140 [INFO] root: Invoking mimo-v2.5-pro.
2026-07-11 13:07:23,140 [INFO] root: Invoking mimo-v2.5-pro.
Queries: 100%|██████████| 348/348 [00:00<00:00, 1352.26it/s]
2026-07-11 13:07:23,270 [INFO] root: Saved assay results to /home/harry/code/corporate-bias/data/assays/pairwise-comparative-preference/mimo-v2.5-pro.parquet.
