WARNING:dvclive:Ignoring `save_dvc_exp` because `dvc repro` is running.
Use `dvc exp run` to save experiment.
2026-07-15 01:35:35,786 [WARNING] dvclive: Ignoring `save_dvc_exp` because `dvc repro` is running.
Use `dvc exp run` to save experiment.
2026-07-15 01:35:36,431 [INFO] root: Running assay=listwise-ordinal-preference model=mimo-v2.5 
2026-07-15 01:35:36,447 [INFO] root: Invoking mimo-v2.5.
2026-07-15 01:35:36,448 [INFO] root: Invoking mimo-v2.5.
2026-07-15 01:35:36,449 [INFO] root: Invoking mimo-v2.5.
2026-07-15 01:35:36,450 [INFO] root: Invoking mimo-v2.5.
2026-07-15 01:35:36,450 [INFO] root: Invoking mimo-v2.5.
2026-07-15 01:35:36,451 [INFO] root: Invoking mimo-v2.5.
2026-07-15 01:35:36,452 [INFO] root: Invoking mimo-v2.5.
2026-07-15 01:35:36,453 [INFO] root: Invoking mimo-v2.5.
2026-07-15 01:35:36,453 [INFO] root: Invoking mimo-v2.5.
2026-07-15 01:35:36,454 [INFO] root: Invoking mimo-v2.5.
2026-07-15 01:35:36,455 [INFO] root: Invoking mimo-v2.5.
2026-07-15 01:35:36,457 [INFO] root: Invoking mimo-v2.5.
2026-07-15 01:35:36,459 [INFO] root: Invoking mimo-v2.5.
2026-07-15 01:35:36,460 [INFO] root: Invoking mimo-v2.5.
2026-07-15 01:35:36,461 [INFO] root: Invoking mimo-v2.5.
2026-07-15 01:35:36,462 [INFO] root: Invoking mimo-v2.5.
2026-07-15 01:35:36,464 [INFO] root: Invoking mimo-v2.5.
2026-07-15 01:35:36,464 [INFO] root: Invoking mimo-v2.5.
2026-07-15 01:35:36,468 [INFO] root: Invoking mimo-v2.5.
2026-07-15 01:35:36,469 [INFO] root: Invoking mimo-v2.5.
2026-07-15 01:35:36,471 [INFO] root: Invoking mimo-v2.5.
2026-07-15 01:35:36,471 [INFO] root: Invoking mimo-v2.5.
2026-07-15 01:35:36,472 [INFO] root: Invoking mimo-v2.5.
2026-07-15 01:35:36,474 [INFO] root: Invoking mimo-v2.5.
2026-07-15 01:35:36,477 [INFO] root: Invoking mimo-v2.5.
2026-07-15 01:35:36,479 [INFO] root: Invoking mimo-v2.5.
2026-07-15 01:35:36,481 [INFO] root: Invoking mimo-v2.5.
2026-07-15 01:35:36,485 [INFO] root: Invoking mimo-v2.5.
2026-07-15 01:35:36,485 [INFO] root: Invoking mimo-v2.5.
2026-07-15 01:35:36,487 [INFO] root: Invoking mimo-v2.5.
2026-07-15 01:35:36,488 [INFO] root: Invoking mimo-v2.5.
2026-07-15 01:35:36,491 [INFO] root: Invoking mimo-v2.5.
2026-07-15 01:35:36,495 [INFO] root: Invoking mimo-v2.5.
2026-07-15 01:35:36,496 [INFO] root: Invoking mimo-v2.5.
2026-07-15 01:35:36,496 [INFO] root: Invoking mimo-v2.5.
2026-07-15 01:35:36,501 [INFO] root: Invoking mimo-v2.5.
2026-07-15 01:35:36,502 [INFO] root: Invoking mimo-v2.5.
2026-07-15 01:35:36,504 [INFO] root: Invoking mimo-v2.5.
2026-07-15 01:35:36,508 [INFO] root: Invoking mimo-v2.5.
2026-07-15 01:35:36,511 [INFO] root: Invoking mimo-v2.5.
2026-07-15 01:35:36,511 [INFO] root: Invoking mimo-v2.5.
2026-07-15 01:35:36,512 [INFO] root: Invoking mimo-v2.5.
2026-07-15 01:35:36,513 [INFO] root: Invoking mimo-v2.5.
2026-07-15 01:35:36,514 [INFO] root: Invoking mimo-v2.5.
2026-07-15 01:35:36,517 [INFO] root: Invoking mimo-v2.5.
2026-07-15 01:35:36,522 [INFO] root: Invoking mimo-v2.5.
2026-07-15 01:35:36,524 [INFO] root: Invoking mimo-v2.5.
2026-07-15 01:35:36,524 [INFO] root: Invoking mimo-v2.5.
2026-07-15 01:35:36,525 [INFO] root: Invoking mimo-v2.5.
2026-07-15 01:35:36,526 [INFO] root: Invoking mimo-v2.5.
2026-07-15 01:35:36,527 [INFO] root: Invoking mimo-v2.5.
2026-07-15 01:35:36,527 [INFO] root: Invoking mimo-v2.5.
2026-07-15 01:35:36,530 [INFO] root: Invoking mimo-v2.5.
2026-07-15 01:35:36,530 [INFO] root: Invoking mimo-v2.5.
2026-07-15 01:35:36,532 [INFO] root: Invoking mimo-v2.5.
2026-07-15 01:35:36,533 [INFO] root: Invoking mimo-v2.5.
2026-07-15 01:35:36,533 [INFO] root: Invoking mimo-v2.5.
2026-07-15 01:35:36,536 [INFO] root: Invoking mimo-v2.5.
2026-07-15 01:35:36,537 [INFO] root: Invoking mimo-v2.5.
2026-07-15 01:35:36,538 [INFO] root: Invoking mimo-v2.5.
2026-07-15 01:35:36,541 [INFO] root: Invoking mimo-v2.5.
2026-07-15 01:35:36,541 [INFO] root: Invoking mimo-v2.5.
2026-07-15 01:35:36,543 [INFO] root: Invoking mimo-v2.5.
2026-07-15 01:35:36,544 [INFO] root: Invoking mimo-v2.5.
2026-07-15 01:35:36,546 [INFO] root: Invoking mimo-v2.5.
2026-07-15 01:35:36,548 [INFO] root: Invoking mimo-v2.5.
2026-07-15 01:35:36,550 [INFO] root: Invoking mimo-v2.5.
2026-07-15 01:35:36,550 [INFO] root: Invoking mimo-v2.5.
2026-07-15 01:35:36,555 [INFO] root: Invoking mimo-v2.5.
2026-07-15 01:35:36,556 [INFO] root: Invoking mimo-v2.5.
2026-07-15 01:35:36,556 [INFO] root: Invoking mimo-v2.5.
2026-07-15 01:35:36,557 [INFO] root: Invoking mimo-v2.5.
2026-07-15 01:35:36,559 [INFO] root: Invoking mimo-v2.5.
2026-07-15 01:35:36,561 [INFO] root: Invoking mimo-v2.5.
2026-07-15 01:35:36,562 [INFO] root: Invoking mimo-v2.5.
2026-07-15 01:35:36,564 [INFO] root: Invoking mimo-v2.5.
2026-07-15 01:35:36,571 [INFO] root: Invoking mimo-v2.5.
2026-07-15 01:35:36,572 [INFO] root: Invoking mimo-v2.5.
2026-07-15 01:35:36,577 [INFO] root: Invoking mimo-v2.5.
2026-07-15 01:35:36,577 [INFO] root: Invoking mimo-v2.5.
2026-07-15 01:35:36,579 [INFO] root: Invoking mimo-v2.5.
2026-07-15 01:35:36,581 [INFO] root: Invoking mimo-v2.5.
2026-07-15 01:35:36,582 [INFO] root: Invoking mimo-v2.5.
2026-07-15 01:35:36,586 [INFO] root: Invoking mimo-v2.5.
2026-07-15 01:35:36,593 [INFO] root: Invoking mimo-v2.5.
2026-07-15 01:35:36,594 [INFO] root: Invoking mimo-v2.5.
2026-07-15 01:35:36,594 [INFO] root: Invoking mimo-v2.5.
2026-07-15 01:35:36,602 [INFO] root: Invoking mimo-v2.5.
2026-07-15 01:35:36,603 [INFO] root: Invoking mimo-v2.5.
2026-07-15 01:35:36,603 [INFO] root: Invoking mimo-v2.5.
2026-07-15 01:35:36,604 [INFO] root: Invoking mimo-v2.5.
2026-07-15 01:35:36,605 [INFO] root: Invoking mimo-v2.5.
2026-07-15 01:35:36,605 [INFO] root: Invoking mimo-v2.5.
2026-07-15 01:35:36,606 [INFO] root: Invoking mimo-v2.5.
2026-07-15 01:35:36,607 [INFO] root: Invoking mimo-v2.5.
2026-07-15 01:35:36,608 [INFO] root: Invoking mimo-v2.5.
2026-07-15 01:35:36,608 [INFO] root: Invoking mimo-v2.5.
2026-07-15 01:35:36,609 [INFO] root: Invoking mimo-v2.5.
2026-07-15 01:35:36,612 [INFO] root: Invoking mimo-v2.5.
2026-07-15 01:35:36,612 [INFO] root: Invoking mimo-v2.5.
2026-07-15 01:35:36,613 [INFO] root: Invoking mimo-v2.5.
2026-07-15 01:35:36,613 [INFO] root: Invoking mimo-v2.5.
2026-07-15 01:35:36,615 [INFO] root: Invoking mimo-v2.5.
2026-07-15 01:35:36,619 [INFO] root: Invoking mimo-v2.5.
2026-07-15 01:35:36,619 [INFO] root: Invoking mimo-v2.5.
2026-07-15 01:35:36,620 [INFO] root: Invoking mimo-v2.5.
2026-07-15 01:35:36,621 [INFO] root: Invoking mimo-v2.5.
2026-07-15 01:35:36,622 [INFO] root: Invoking mimo-v2.5.
2026-07-15 01:35:36,626 [INFO] root: Invoking mimo-v2.5.
2026-07-15 01:35:36,627 [INFO] root: Invoking mimo-v2.5.
2026-07-15 01:35:36,628 [INFO] root: Invoking mimo-v2.5.
2026-07-15 01:35:36,629 [INFO] root: Invoking mimo-v2.5.
2026-07-15 01:35:36,633 [INFO] root: Invoking mimo-v2.5.
2026-07-15 01:35:36,633 [INFO] root: Invoking mimo-v2.5.
2026-07-15 01:35:36,634 [INFO] root: Invoking mimo-v2.5.
2026-07-15 01:35:36,637 [INFO] root: Invoking mimo-v2.5.
2026-07-15 01:35:36,637 [INFO] root: Invoking mimo-v2.5.
2026-07-15 01:35:36,639 [INFO] root: Invoking mimo-v2.5.
2026-07-15 01:35:36,640 [INFO] root: Invoking mimo-v2.5.
2026-07-15 01:35:36,642 [INFO] root: Invoking mimo-v2.5.
2026-07-15 01:35:36,643 [INFO] root: Invoking mimo-v2.5.
2026-07-15 01:35:36,646 [INFO] root: Invoking mimo-v2.5.
2026-07-15 01:35:36,647 [INFO] root: Invoking mimo-v2.5.
2026-07-15 01:35:36,651 [INFO] root: Invoking mimo-v2.5.
2026-07-15 01:35:36,651 [INFO] root: Invoking mimo-v2.5.
2026-07-15 01:35:36,652 [INFO] root: Invoking mimo-v2.5.
Queries:   0%|          | 0/222 [00:00<?, ?it/s]2026-07-15 01:35:36,652 [INFO] root: Invoking mimo-v2.5.
2026-07-15 01:35:36,653 [INFO] root: Invoking mimo-v2.5.
2026-07-15 01:35:36,659 [INFO] root: Invoking mimo-v2.5.
2026-07-15 01:35:36,662 [INFO] root: Invoking mimo-v2.5.
2026-07-15 01:35:36,662 [INFO] root: Invoking mimo-v2.5.
2026-07-15 01:35:36,664 [INFO] root: Invoking mimo-v2.5.
2026-07-15 01:35:36,666 [INFO] root: Invoking mimo-v2.5.
2026-07-15 01:35:36,667 [INFO] root: Invoking mimo-v2.5.
2026-07-15 01:35:36,668 [INFO] root: Invoking mimo-v2.5.
2026-07-15 01:35:36,668 [INFO] root: Invoking mimo-v2.5.
2026-07-15 01:35:36,672 [INFO] root: Invoking mimo-v2.5.
2026-07-15 01:35:36,673 [INFO] root: Invoking mimo-v2.5.
2026-07-15 01:35:36,673 [INFO] root: Invoking mimo-v2.5.
2026-07-15 01:35:36,674 [INFO] root: Invoking mimo-v2.5.
2026-07-15 01:35:36,675 [INFO] root: Invoking mimo-v2.5.
2026-07-15 01:35:36,675 [INFO] root: Invoking mimo-v2.5.
2026-07-15 01:35:36,676 [INFO] root: Invoking mimo-v2.5.
2026-07-15 01:35:36,679 [INFO] root: Invoking mimo-v2.5.
2026-07-15 01:35:36,680 [INFO] root: Invoking mimo-v2.5.
2026-07-15 01:35:36,681 [INFO] root: Invoking mimo-v2.5.
2026-07-15 01:35:36,686 [INFO] root: Invoking mimo-v2.5.
2026-07-15 01:35:36,687 [INFO] root: Invoking mimo-v2.5.
2026-07-15 01:35:36,687 [INFO] root: Invoking mimo-v2.5.
2026-07-15 01:35:36,688 [INFO] root: Invoking mimo-v2.5.
2026-07-15 01:35:36,688 [INFO] root: Invoking mimo-v2.5.
2026-07-15 01:35:36,689 [INFO] root: Invoking mimo-v2.5.
2026-07-15 01:35:36,691 [INFO] root: Invoking mimo-v2.5.
2026-07-15 01:35:36,692 [INFO] root: Invoking mimo-v2.5.
2026-07-15 01:35:36,693 [INFO] root: Invoking mimo-v2.5.
2026-07-15 01:35:36,693 [INFO] root: Invoking mimo-v2.5.
2026-07-15 01:35:36,694 [INFO] root: Invoking mimo-v2.5.
2026-07-15 01:35:36,695 [INFO] root: Invoking mimo-v2.5.
2026-07-15 01:35:36,697 [INFO] root: Invoking mimo-v2.5.
2026-07-15 01:35:36,699 [INFO] root: Invoking mimo-v2.5.
2026-07-15 01:35:36,699 [INFO] root: Invoking mimo-v2.5.
2026-07-15 01:35:36,700 [INFO] root: Invoking mimo-v2.5.
2026-07-15 01:35:36,701 [INFO] root: Invoking mimo-v2.5.
2026-07-15 01:35:36,702 [INFO] root: Invoking mimo-v2.5.
2026-07-15 01:35:36,703 [INFO] root: Invoking mimo-v2.5.
2026-07-15 01:35:36,704 [INFO] root: Invoking mimo-v2.5.
2026-07-15 01:35:36,704 [INFO] root: Invoking mimo-v2.5.
2026-07-15 01:35:36,705 [INFO] root: Invoking mimo-v2.5.
2026-07-15 01:35:36,706 [INFO] root: Invoking mimo-v2.5.
2026-07-15 01:35:36,707 [INFO] root: Invoking mimo-v2.5.
Queries:  73%|███████▎  | 161/222 [00:00<00:00, 1594.16it/s]2026-07-15 01:35:36,707 [INFO] root: Invoking mimo-v2.5.
2026-07-15 01:35:36,708 [INFO] root: Invoking mimo-v2.5.
2026-07-15 01:35:36,710 [INFO] root: Invoking mimo-v2.5.
2026-07-15 01:35:36,710 [INFO] root: Invoking mimo-v2.5.
2026-07-15 01:35:36,712 [INFO] root: Invoking mimo-v2.5.
2026-07-15 01:35:36,715 [INFO] root: Invoking mimo-v2.5.
2026-07-15 01:35:36,716 [INFO] root: Invoking mimo-v2.5.
2026-07-15 01:35:36,717 [INFO] root: Invoking mimo-v2.5.
2026-07-15 01:35:36,719 [INFO] root: Invoking mimo-v2.5.
2026-07-15 01:35:36,722 [INFO] root: Invoking mimo-v2.5.
2026-07-15 01:35:36,723 [INFO] root: Invoking mimo-v2.5.
2026-07-15 01:35:36,724 [INFO] root: Invoking mimo-v2.5.
2026-07-15 01:35:36,727 [INFO] root: Invoking mimo-v2.5.
2026-07-15 01:35:36,727 [INFO] root: Invoking mimo-v2.5.
2026-07-15 01:35:36,731 [INFO] root: Invoking mimo-v2.5.
2026-07-15 01:35:36,731 [INFO] root: Invoking mimo-v2.5.
2026-07-15 01:35:36,732 [INFO] root: Invoking mimo-v2.5.
2026-07-15 01:35:36,732 [INFO] root: Invoking mimo-v2.5.
2026-07-15 01:35:36,737 [INFO] root: Invoking mimo-v2.5.
2026-07-15 01:35:36,738 [INFO] root: Invoking mimo-v2.5.
2026-07-15 01:35:36,741 [INFO] root: Invoking mimo-v2.5.
2026-07-15 01:35:36,742 [INFO] root: Invoking mimo-v2.5.
2026-07-15 01:35:36,745 [INFO] root: Invoking mimo-v2.5.
2026-07-15 01:35:36,746 [INFO] root: Invoking mimo-v2.5.
2026-07-15 01:35:36,747 [INFO] root: Invoking mimo-v2.5.
2026-07-15 01:35:36,748 [INFO] root: Invoking mimo-v2.5.
2026-07-15 01:35:36,749 [INFO] root: Invoking mimo-v2.5.
2026-07-15 01:35:36,750 [INFO] root: Invoking mimo-v2.5.
2026-07-15 01:35:36,752 [INFO] root: Invoking mimo-v2.5.
2026-07-15 01:35:36,753 [INFO] root: Invoking mimo-v2.5.
2026-07-15 01:35:36,754 [INFO] root: Invoking mimo-v2.5.
2026-07-15 01:35:36,756 [INFO] root: Invoking mimo-v2.5.
2026-07-15 01:35:36,756 [INFO] root: Invoking mimo-v2.5.
2026-07-15 01:35:36,759 [INFO] root: Invoking mimo-v2.5.
2026-07-15 01:35:36,759 [INFO] root: Invoking mimo-v2.5.
2026-07-15 01:35:36,761 [INFO] root: Invoking mimo-v2.5.
2026-07-15 01:35:36,761 [INFO] root: Invoking mimo-v2.5.
2026-07-15 01:35:36,762 [INFO] root: Invoking mimo-v2.5.
2026-07-15 01:35:36,767 [INFO] root: Invoking mimo-v2.5.
2026-07-15 01:35:36,768 [INFO] root: Invoking mimo-v2.5.
2026-07-15 01:35:36,769 [INFO] root: Invoking mimo-v2.5.
2026-07-15 01:35:36,771 [INFO] root: Invoking mimo-v2.5.
2026-07-15 01:35:36,776 [INFO] root: Invoking mimo-v2.5.
2026-07-15 01:35:36,777 [INFO] root: Invoking mimo-v2.5.
2026-07-15 01:35:36,777 [INFO] root: Invoking mimo-v2.5.
2026-07-15 01:35:36,783 [INFO] root: Invoking mimo-v2.5.
2026-07-15 01:35:36,783 [INFO] root: Invoking mimo-v2.5.
2026-07-15 01:35:36,785 [INFO] root: Invoking mimo-v2.5.
2026-07-15 01:35:36,785 [INFO] root: Invoking mimo-v2.5.
2026-07-15 01:35:36,786 [INFO] root: Invoking mimo-v2.5.
2026-07-15 01:35:36,786 [INFO] root: Invoking mimo-v2.5.
2026-07-15 01:35:36,787 [INFO] root: Invoking mimo-v2.5.
Queries: 100%|██████████| 222/222 [00:00<00:00, 978.46it/s] 
2026-07-15 01:35:37,063 [INFO] root: Saved assay results to /home/harry/code/corporate-bias/data/assays/listwise-ordinal-preference/mimo-v2.5.parquet.
