2026-07-10 17:22:37,758 [INFO] root: Running assay=pairwise-comparative-preference model=glm-5.1 
2026-07-10 17:22:37,773 [INFO] root: Invoking glm-5.1.
2026-07-10 17:22:37,774 [INFO] root: Invoking glm-5.1.
2026-07-10 17:22:37,774 [INFO] root: Invoking glm-5.1.
2026-07-10 17:22:37,775 [INFO] root: Invoking glm-5.1.
2026-07-10 17:22:37,776 [INFO] root: Invoking glm-5.1.
2026-07-10 17:22:37,777 [INFO] root: Invoking glm-5.1.
2026-07-10 17:22:37,777 [INFO] root: Invoking glm-5.1.
2026-07-10 17:22:37,778 [INFO] root: Invoking glm-5.1.
2026-07-10 17:22:37,780 [INFO] root: Invoking glm-5.1.
2026-07-10 17:22:37,781 [INFO] root: Invoking glm-5.1.
2026-07-10 17:22:37,782 [INFO] root: Invoking glm-5.1.
2026-07-10 17:22:37,783 [INFO] root: Invoking glm-5.1.
2026-07-10 17:22:37,784 [INFO] root: Invoking glm-5.1.
2026-07-10 17:22:37,789 [INFO] root: Invoking glm-5.1.
2026-07-10 17:22:37,790 [INFO] root: Invoking glm-5.1.
2026-07-10 17:22:37,792 [INFO] root: Invoking glm-5.1.
2026-07-10 17:22:37,793 [INFO] root: Invoking glm-5.1.
Queries:   0%|          | 0/18 [00:00<?, ?it/s]2026-07-10 17:22:37,795 [INFO] root: Invoking glm-5.1.
Queries: 100%|██████████| 18/18 [00:00<00:00, 355.93it/s]
2026-07-10 17:22:37,864 [INFO] root: Saved assay results to /home/harry/code/corporate-bias/data/assays/pairwise-comparative-preference/glm-5.1.parquet.
