2026-07-14 21:38:42,955 [INFO] root: Running assay=listwise-ordinal-preference model=grok-4.20 
2026-07-14 21:38:42,969 [INFO] root: Invoking grok-4.20.
2026-07-14 21:38:42,970 [INFO] root: Invoking grok-4.20.
2026-07-14 21:38:42,970 [INFO] root: Invoking grok-4.20.
2026-07-14 21:38:42,971 [INFO] root: Invoking grok-4.20.
2026-07-14 21:38:42,972 [INFO] root: Invoking grok-4.20.
2026-07-14 21:38:42,972 [INFO] root: Invoking grok-4.20.
2026-07-14 21:38:42,973 [INFO] root: Invoking grok-4.20.
2026-07-14 21:38:42,974 [INFO] root: Invoking grok-4.20.
2026-07-14 21:38:42,975 [INFO] root: Invoking grok-4.20.
2026-07-14 21:38:42,976 [INFO] root: Invoking grok-4.20.
2026-07-14 21:38:42,978 [INFO] root: Invoking grok-4.20.
2026-07-14 21:38:42,979 [INFO] root: Invoking grok-4.20.
2026-07-14 21:38:42,981 [INFO] root: Invoking grok-4.20.
2026-07-14 21:38:42,982 [INFO] root: Invoking grok-4.20.
2026-07-14 21:38:42,984 [INFO] root: Invoking grok-4.20.
2026-07-14 21:38:42,985 [INFO] root: Invoking grok-4.20.
2026-07-14 21:38:42,987 [INFO] root: Invoking grok-4.20.
2026-07-14 21:38:42,988 [INFO] root: Invoking grok-4.20.
2026-07-14 21:38:42,989 [INFO] root: Invoking grok-4.20.
2026-07-14 21:38:42,990 [INFO] root: Invoking grok-4.20.
2026-07-14 21:38:42,991 [INFO] root: Invoking grok-4.20.
2026-07-14 21:38:42,992 [INFO] root: Invoking grok-4.20.
2026-07-14 21:38:42,993 [INFO] root: Invoking grok-4.20.
2026-07-14 21:38:42,993 [INFO] root: Invoking grok-4.20.
2026-07-14 21:38:42,994 [INFO] root: Invoking grok-4.20.
2026-07-14 21:38:42,995 [INFO] root: Invoking grok-4.20.
2026-07-14 21:38:42,996 [INFO] root: Invoking grok-4.20.
2026-07-14 21:38:42,999 [INFO] root: Invoking grok-4.20.
2026-07-14 21:38:42,999 [INFO] root: Invoking grok-4.20.
2026-07-14 21:38:43,000 [INFO] root: Invoking grok-4.20.
2026-07-14 21:38:43,001 [INFO] root: Invoking grok-4.20.
2026-07-14 21:38:43,001 [INFO] root: Invoking grok-4.20.
2026-07-14 21:38:43,002 [INFO] root: Invoking grok-4.20.
2026-07-14 21:38:43,003 [INFO] root: Invoking grok-4.20.
2026-07-14 21:38:43,005 [INFO] root: Invoking grok-4.20.
2026-07-14 21:38:43,005 [INFO] root: Invoking grok-4.20.
2026-07-14 21:38:43,007 [INFO] root: Invoking grok-4.20.
2026-07-14 21:38:43,010 [INFO] root: Invoking grok-4.20.
2026-07-14 21:38:43,010 [INFO] root: Invoking grok-4.20.
2026-07-14 21:38:43,011 [INFO] root: Invoking grok-4.20.
2026-07-14 21:38:43,011 [INFO] root: Invoking grok-4.20.
2026-07-14 21:38:43,011 [INFO] root: Invoking grok-4.20.
2026-07-14 21:38:43,014 [INFO] root: Invoking grok-4.20.
2026-07-14 21:38:43,014 [INFO] root: Invoking grok-4.20.
2026-07-14 21:38:43,015 [INFO] root: Invoking grok-4.20.
2026-07-14 21:38:43,016 [INFO] root: Invoking grok-4.20.
2026-07-14 21:38:43,018 [INFO] root: Invoking grok-4.20.
2026-07-14 21:38:43,020 [INFO] root: Invoking grok-4.20.
2026-07-14 21:38:43,020 [INFO] root: Invoking grok-4.20.
2026-07-14 21:38:43,022 [INFO] root: Invoking grok-4.20.
2026-07-14 21:38:43,022 [INFO] root: Invoking grok-4.20.
2026-07-14 21:38:43,023 [INFO] root: Invoking grok-4.20.
2026-07-14 21:38:43,025 [INFO] root: Invoking grok-4.20.
2026-07-14 21:38:43,025 [INFO] root: Invoking grok-4.20.
2026-07-14 21:38:43,026 [INFO] root: Invoking grok-4.20.
2026-07-14 21:38:43,030 [INFO] root: Invoking grok-4.20.
2026-07-14 21:38:43,030 [INFO] root: Invoking grok-4.20.
2026-07-14 21:38:43,031 [INFO] root: Invoking grok-4.20.
2026-07-14 21:38:43,033 [INFO] root: Invoking grok-4.20.
2026-07-14 21:38:43,033 [INFO] root: Invoking grok-4.20.
2026-07-14 21:38:43,035 [INFO] root: Invoking grok-4.20.
2026-07-14 21:38:43,035 [INFO] root: Invoking grok-4.20.
2026-07-14 21:38:43,036 [INFO] root: Invoking grok-4.20.
2026-07-14 21:38:43,039 [INFO] root: Invoking grok-4.20.
2026-07-14 21:38:43,039 [INFO] root: Invoking grok-4.20.
2026-07-14 21:38:43,039 [INFO] root: Invoking grok-4.20.
2026-07-14 21:38:43,040 [INFO] root: Invoking grok-4.20.
2026-07-14 21:38:43,040 [INFO] root: Invoking grok-4.20.
2026-07-14 21:38:43,041 [INFO] root: Invoking grok-4.20.
2026-07-14 21:38:43,042 [INFO] root: Invoking grok-4.20.
2026-07-14 21:38:43,043 [INFO] root: Invoking grok-4.20.
2026-07-14 21:38:43,044 [INFO] root: Invoking grok-4.20.
2026-07-14 21:38:43,045 [INFO] root: Invoking grok-4.20.
2026-07-14 21:38:43,045 [INFO] root: Invoking grok-4.20.
2026-07-14 21:38:43,046 [INFO] root: Invoking grok-4.20.
2026-07-14 21:38:43,046 [INFO] root: Invoking grok-4.20.
2026-07-14 21:38:43,046 [INFO] root: Invoking grok-4.20.
2026-07-14 21:38:43,047 [INFO] root: Invoking grok-4.20.
2026-07-14 21:38:43,048 [INFO] root: Invoking grok-4.20.
2026-07-14 21:38:43,048 [INFO] root: Invoking grok-4.20.
2026-07-14 21:38:43,049 [INFO] root: Invoking grok-4.20.
2026-07-14 21:38:43,050 [INFO] root: Invoking grok-4.20.
2026-07-14 21:38:43,050 [INFO] root: Invoking grok-4.20.
2026-07-14 21:38:43,051 [INFO] root: Invoking grok-4.20.
2026-07-14 21:38:43,052 [INFO] root: Invoking grok-4.20.
2026-07-14 21:38:43,053 [INFO] root: Invoking grok-4.20.
2026-07-14 21:38:43,053 [INFO] root: Invoking grok-4.20.
2026-07-14 21:38:43,053 [INFO] root: Invoking grok-4.20.
2026-07-14 21:38:43,054 [INFO] root: Invoking grok-4.20.
2026-07-14 21:38:43,055 [INFO] root: Invoking grok-4.20.
2026-07-14 21:38:43,055 [INFO] root: Invoking grok-4.20.
2026-07-14 21:38:43,056 [INFO] root: Invoking grok-4.20.
2026-07-14 21:38:43,056 [INFO] root: Invoking grok-4.20.
2026-07-14 21:38:43,057 [INFO] root: Invoking grok-4.20.
2026-07-14 21:38:43,057 [INFO] root: Invoking grok-4.20.
2026-07-14 21:38:43,057 [INFO] root: Invoking grok-4.20.
2026-07-14 21:38:43,058 [INFO] root: Invoking grok-4.20.
2026-07-14 21:38:43,059 [INFO] root: Invoking grok-4.20.
2026-07-14 21:38:43,060 [INFO] root: Invoking grok-4.20.
2026-07-14 21:38:43,060 [INFO] root: Invoking grok-4.20.
2026-07-14 21:38:43,061 [INFO] root: Invoking grok-4.20.
2026-07-14 21:38:43,063 [INFO] root: Invoking grok-4.20.
2026-07-14 21:38:43,063 [INFO] root: Invoking grok-4.20.
2026-07-14 21:38:43,063 [INFO] root: Invoking grok-4.20.
2026-07-14 21:38:43,063 [INFO] root: Invoking grok-4.20.
2026-07-14 21:38:43,064 [INFO] root: Invoking grok-4.20.
2026-07-14 21:38:43,069 [INFO] root: Invoking grok-4.20.
2026-07-14 21:38:43,069 [INFO] root: Invoking grok-4.20.
2026-07-14 21:38:43,070 [INFO] root: Invoking grok-4.20.
2026-07-14 21:38:43,072 [INFO] root: Invoking grok-4.20.
2026-07-14 21:38:43,073 [INFO] root: Invoking grok-4.20.
2026-07-14 21:38:43,075 [INFO] root: Invoking grok-4.20.
2026-07-14 21:38:43,076 [INFO] root: Invoking grok-4.20.
2026-07-14 21:38:43,077 [INFO] root: Invoking grok-4.20.
Queries:   0%|          | 0/222 [00:00<?, ?it/s]2026-07-14 21:38:43,078 [INFO] root: Invoking grok-4.20.
2026-07-14 21:38:43,080 [INFO] root: Invoking grok-4.20.
2026-07-14 21:38:43,082 [INFO] root: Invoking grok-4.20.
2026-07-14 21:38:43,082 [INFO] root: Invoking grok-4.20.
2026-07-14 21:38:43,083 [INFO] root: Invoking grok-4.20.
2026-07-14 21:38:43,086 [INFO] root: Invoking grok-4.20.
2026-07-14 21:38:43,087 [INFO] root: Invoking grok-4.20.
2026-07-14 21:38:43,087 [INFO] root: Invoking grok-4.20.
2026-07-14 21:38:43,090 [INFO] root: Invoking grok-4.20.
2026-07-14 21:38:43,092 [INFO] root: Invoking grok-4.20.
2026-07-14 21:38:43,093 [INFO] root: Invoking grok-4.20.
2026-07-14 21:38:43,094 [INFO] root: Invoking grok-4.20.
2026-07-14 21:38:43,095 [INFO] root: Invoking grok-4.20.
2026-07-14 21:38:43,100 [INFO] root: Invoking grok-4.20.
2026-07-14 21:38:43,103 [INFO] root: Invoking grok-4.20.
2026-07-14 21:38:43,104 [INFO] root: Invoking grok-4.20.
2026-07-14 21:38:43,106 [INFO] root: Invoking grok-4.20.
2026-07-14 21:38:43,109 [INFO] root: Invoking grok-4.20.
2026-07-14 21:38:43,109 [INFO] root: Invoking grok-4.20.
2026-07-14 21:38:43,110 [INFO] root: Invoking grok-4.20.
2026-07-14 21:38:43,111 [INFO] root: Invoking grok-4.20.
2026-07-14 21:38:43,111 [INFO] root: Invoking grok-4.20.
2026-07-14 21:38:43,113 [INFO] root: Invoking grok-4.20.
2026-07-14 21:38:43,115 [INFO] root: Invoking grok-4.20.
2026-07-14 21:38:43,116 [INFO] root: Invoking grok-4.20.
2026-07-14 21:38:43,117 [INFO] root: Invoking grok-4.20.
2026-07-14 21:38:43,117 [INFO] root: Invoking grok-4.20.
2026-07-14 21:38:43,119 [INFO] root: Invoking grok-4.20.
2026-07-14 21:38:43,119 [INFO] root: Invoking grok-4.20.
2026-07-14 21:38:43,119 [INFO] root: Invoking grok-4.20.
2026-07-14 21:38:43,122 [INFO] root: Invoking grok-4.20.
2026-07-14 21:38:43,123 [INFO] root: Invoking grok-4.20.
2026-07-14 21:38:43,123 [INFO] root: Invoking grok-4.20.
2026-07-14 21:38:43,125 [INFO] root: Invoking grok-4.20.
2026-07-14 21:38:43,126 [INFO] root: Invoking grok-4.20.
2026-07-14 21:38:43,126 [INFO] root: Invoking grok-4.20.
2026-07-14 21:38:43,128 [INFO] root: Invoking grok-4.20.
2026-07-14 21:38:43,131 [INFO] root: Invoking grok-4.20.
2026-07-14 21:38:43,131 [INFO] root: Invoking grok-4.20.
2026-07-14 21:38:43,131 [INFO] root: Invoking grok-4.20.
2026-07-14 21:38:43,131 [INFO] root: Invoking grok-4.20.
2026-07-14 21:38:43,132 [INFO] root: Invoking grok-4.20.
2026-07-14 21:38:43,134 [INFO] root: Invoking grok-4.20.
2026-07-14 21:38:43,135 [INFO] root: Invoking grok-4.20.
2026-07-14 21:38:43,135 [INFO] root: Invoking grok-4.20.
2026-07-14 21:38:43,136 [INFO] root: Invoking grok-4.20.
2026-07-14 21:38:43,137 [INFO] root: Invoking grok-4.20.
2026-07-14 21:38:43,138 [INFO] root: Invoking grok-4.20.
2026-07-14 21:38:43,138 [INFO] root: Invoking grok-4.20.
2026-07-14 21:38:43,139 [INFO] root: Invoking grok-4.20.
2026-07-14 21:38:43,139 [INFO] root: Invoking grok-4.20.
2026-07-14 21:38:43,141 [INFO] root: Invoking grok-4.20.
2026-07-14 21:38:43,142 [INFO] root: Invoking grok-4.20.
2026-07-14 21:38:43,142 [INFO] root: Invoking grok-4.20.
2026-07-14 21:38:43,143 [INFO] root: Invoking grok-4.20.
2026-07-14 21:38:43,144 [INFO] root: Invoking grok-4.20.
2026-07-14 21:38:43,145 [INFO] root: Invoking grok-4.20.
Queries:  71%|███████   | 157/222 [00:00<00:00, 1515.48it/s]2026-07-14 21:38:43,145 [INFO] root: Invoking grok-4.20.
2026-07-14 21:38:43,146 [INFO] root: Invoking grok-4.20.
2026-07-14 21:38:43,150 [INFO] root: Invoking grok-4.20.
2026-07-14 21:38:43,152 [INFO] root: Invoking grok-4.20.
2026-07-14 21:38:43,155 [INFO] root: Invoking grok-4.20.
2026-07-14 21:38:43,155 [INFO] root: Invoking grok-4.20.
2026-07-14 21:38:43,158 [INFO] root: Invoking grok-4.20.
2026-07-14 21:38:43,158 [INFO] root: Invoking grok-4.20.
2026-07-14 21:38:43,159 [INFO] root: Invoking grok-4.20.
2026-07-14 21:38:43,160 [INFO] root: Invoking grok-4.20.
2026-07-14 21:38:43,162 [INFO] root: Invoking grok-4.20.
2026-07-14 21:38:43,163 [INFO] root: Invoking grok-4.20.
2026-07-14 21:38:43,164 [INFO] root: Invoking grok-4.20.
2026-07-14 21:38:43,164 [INFO] root: Invoking grok-4.20.
2026-07-14 21:38:43,165 [INFO] root: Invoking grok-4.20.
2026-07-14 21:38:43,165 [INFO] root: Invoking grok-4.20.
2026-07-14 21:38:43,165 [INFO] root: Invoking grok-4.20.
2026-07-14 21:38:43,166 [INFO] root: Invoking grok-4.20.
2026-07-14 21:38:43,167 [INFO] root: Invoking grok-4.20.
2026-07-14 21:38:43,169 [INFO] root: Invoking grok-4.20.
2026-07-14 21:38:43,169 [INFO] root: Invoking grok-4.20.
2026-07-14 21:38:43,169 [INFO] root: Invoking grok-4.20.
2026-07-14 21:38:43,170 [INFO] root: Invoking grok-4.20.
2026-07-14 21:38:43,171 [INFO] root: Invoking grok-4.20.
2026-07-14 21:38:43,172 [INFO] root: Invoking grok-4.20.
2026-07-14 21:38:43,172 [INFO] root: Invoking grok-4.20.
2026-07-14 21:38:43,172 [INFO] root: Invoking grok-4.20.
2026-07-14 21:38:43,172 [INFO] root: Invoking grok-4.20.
2026-07-14 21:38:43,173 [INFO] root: Invoking grok-4.20.
2026-07-14 21:38:43,173 [INFO] root: Invoking grok-4.20.
2026-07-14 21:38:43,173 [INFO] root: Invoking grok-4.20.
2026-07-14 21:38:43,174 [INFO] root: Invoking grok-4.20.
2026-07-14 21:38:43,174 [INFO] root: Invoking grok-4.20.
2026-07-14 21:38:43,175 [INFO] root: Invoking grok-4.20.
2026-07-14 21:38:43,175 [INFO] root: Invoking grok-4.20.
2026-07-14 21:38:43,175 [INFO] root: Invoking grok-4.20.
2026-07-14 21:38:43,176 [INFO] root: Invoking grok-4.20.
2026-07-14 21:38:43,176 [INFO] root: Invoking grok-4.20.
2026-07-14 21:38:43,177 [INFO] root: Invoking grok-4.20.
2026-07-14 21:38:43,178 [INFO] root: Invoking grok-4.20.
2026-07-14 21:38:43,178 [INFO] root: Invoking grok-4.20.
2026-07-14 21:38:43,180 [INFO] root: Invoking grok-4.20.
2026-07-14 21:38:43,180 [INFO] root: Invoking grok-4.20.
2026-07-14 21:38:43,181 [INFO] root: Invoking grok-4.20.
2026-07-14 21:38:43,181 [INFO] root: Invoking grok-4.20.
2026-07-14 21:38:43,182 [INFO] root: Invoking grok-4.20.
2026-07-14 21:38:43,182 [INFO] root: Invoking grok-4.20.
2026-07-14 21:38:43,182 [INFO] root: Invoking grok-4.20.
2026-07-14 21:38:43,182 [INFO] root: Invoking grok-4.20.
2026-07-14 21:38:43,183 [INFO] root: Invoking grok-4.20.
2026-07-14 21:38:43,183 [INFO] root: Invoking grok-4.20.
Queries: 100%|██████████| 222/222 [00:00<00:00, 1039.75it/s]
2026-07-14 21:38:43,429 [INFO] root: Saved assay results to /home/harry/code/corporate-bias/data/assays/listwise-ordinal-preference/grok-4.20.parquet.
