/home/harry/code/corporate-bias/.venv/lib/python3.12/site-packages/dvclive/monitor_system.py:11: FutureWarning: The pynvml package is deprecated. Please install nvidia-ml-py instead. If you did not install pynvml directly, please report this to the maintainers of the package that installed pynvml for you.
  from pynvml import (
/home/harry/code/corporate-bias/pipelines/run_assay.py:58: PolarsInefficientMapWarning: 
Expr.map_elements is significantly slower than the native expressions API.
Only use if you absolutely CANNOT implement your logic otherwise.
Replace this expression...
  - pl.col("instance_json").map_elements(json.loads)
with this one instead:
  + pl.col("instance_json").str.json_decode()

  .map_elements(json.loads, return_dtype=pl.Object)
2026-05-25 13:17:07,055 [INFO] root: Running assay=rank model=phi-4 num_samples_per_instance=3.
2026-05-25 13:17:07,091 [INFO] root: Invoking phi-4.
2026-05-25 13:17:07,093 [INFO] root: Invoking phi-4.
2026-05-25 13:17:07,093 [INFO] root: Invoking phi-4.
2026-05-25 13:17:07,096 [INFO] root: Invoking phi-4.
2026-05-25 13:17:07,098 [INFO] root: Invoking phi-4.
2026-05-25 13:17:07,099 [INFO] root: Invoking phi-4.
2026-05-25 13:17:07,102 [INFO] root: Invoking phi-4.
2026-05-25 13:17:07,108 [INFO] root: Invoking phi-4.
2026-05-25 13:17:07,114 [INFO] root: Invoking phi-4.
2026-05-25 13:17:07,116 [INFO] root: Invoking phi-4.
2026-05-25 13:17:07,121 [INFO] root: Invoking phi-4.
2026-05-25 13:17:07,124 [INFO] root: Invoking phi-4.
2026-05-25 13:17:07,128 [INFO] root: Invoking phi-4.
2026-05-25 13:17:07,135 [INFO] root: Invoking phi-4.
2026-05-25 13:17:07,138 [INFO] root: Invoking phi-4.
2026-05-25 13:17:07,142 [INFO] root: Invoking phi-4.
2026-05-25 13:17:07,150 [INFO] root: Invoking phi-4.
2026-05-25 13:17:07,153 [INFO] root: Invoking phi-4.
2026-05-25 13:17:07,156 [INFO] root: Invoking phi-4.
2026-05-25 13:17:07,161 [INFO] root: Invoking phi-4.
2026-05-25 13:17:07,171 [INFO] root: Invoking phi-4.
2026-05-25 13:17:07,180 [INFO] root: Invoking phi-4.
2026-05-25 13:17:07,186 [INFO] root: Invoking phi-4.
2026-05-25 13:17:07,193 [INFO] root: Invoking phi-4.
2026-05-25 13:17:07,197 [INFO] root: Invoking phi-4.
2026-05-25 13:17:07,205 [INFO] root: Invoking phi-4.
2026-05-25 13:17:07,208 [INFO] root: Invoking phi-4.
2026-05-25 13:17:07,217 [INFO] root: Invoking phi-4.
2026-05-25 13:17:07,226 [INFO] root: Invoking phi-4.
2026-05-25 13:17:07,231 [INFO] root: Invoking phi-4.
2026-05-25 13:17:07,239 [INFO] root: Invoking phi-4.
2026-05-25 13:17:07,242 [INFO] root: Invoking phi-4.
2026-05-25 13:17:07,248 [INFO] root: Invoking phi-4.
2026-05-25 13:17:07,252 [INFO] root: Invoking phi-4.
2026-05-25 13:17:07,262 [INFO] root: Invoking phi-4.
2026-05-25 13:17:07,265 [INFO] root: Invoking phi-4.
2026-05-25 13:17:07,269 [INFO] root: Invoking phi-4.
2026-05-25 13:17:07,272 [INFO] root: Invoking phi-4.
2026-05-25 13:17:07,275 [INFO] root: Invoking phi-4.
2026-05-25 13:17:07,293 [INFO] root: Invoking phi-4.
2026-05-25 13:17:07,297 [INFO] root: Invoking phi-4.
2026-05-25 13:17:07,301 [INFO] root: Invoking phi-4.
2026-05-25 13:17:07,307 [INFO] root: Invoking phi-4.
2026-05-25 13:17:07,311 [INFO] root: Invoking phi-4.
2026-05-25 13:17:07,320 [INFO] root: Invoking phi-4.
2026-05-25 13:17:07,323 [INFO] root: Invoking phi-4.
2026-05-25 13:17:07,329 [INFO] root: Invoking phi-4.
2026-05-25 13:17:07,340 [INFO] root: Invoking phi-4.
2026-05-25 13:17:07,348 [INFO] root: Invoking phi-4.
2026-05-25 13:17:07,362 [INFO] root: Invoking phi-4.
2026-05-25 13:17:07,366 [INFO] root: Invoking phi-4.
2026-05-25 13:17:07,370 [INFO] root: Invoking phi-4.
2026-05-25 13:17:07,374 [INFO] root: Invoking phi-4.
2026-05-25 13:17:07,386 [INFO] root: Invoking phi-4.
2026-05-25 13:17:07,398 [INFO] root: Invoking phi-4.
2026-05-25 13:17:07,406 [INFO] root: Invoking phi-4.
2026-05-25 13:17:07,413 [INFO] root: Invoking phi-4.
2026-05-25 13:17:07,430 [INFO] root: Invoking phi-4.
2026-05-25 13:17:07,438 [INFO] root: Invoking phi-4.
2026-05-25 13:17:07,445 [INFO] root: Invoking phi-4.
2026-05-25 13:17:07,454 [INFO] root: Invoking phi-4.
Rankings:   0%|          | 0/63 [00:00<?, ?it/s]2026-05-25 13:17:07,463 [INFO] root: Invoking phi-4.
2026-05-25 13:17:07,469 [INFO] root: Invoking phi-4.
Rankings:   3%|▎         | 2/63 [00:00<00:03, 19.82it/s]Rankings: 100%|██████████| 63/63 [00:00<00:00, 437.52it/s]
2026-05-25 13:17:07,675 [INFO] root: Saved assay results to /home/harry/code/corporate-bias/data/assays/rank/phi-4.parquet.
