2026-07-12 18:36:07,159 [INFO] root: Running assay=pairwise-comparative-preference model=grok-4.5 
2026-07-12 18:36:07,177 [INFO] root: Invoking grok-4.5.
2026-07-12 18:36:07,177 [INFO] root: Invoking grok-4.5.
2026-07-12 18:36:07,178 [INFO] root: Invoking grok-4.5.
2026-07-12 18:36:07,179 [INFO] root: Invoking grok-4.5.
2026-07-12 18:36:07,179 [INFO] root: Invoking grok-4.5.
2026-07-12 18:36:07,180 [INFO] root: Invoking grok-4.5.
2026-07-12 18:36:07,182 [INFO] root: Invoking grok-4.5.
2026-07-12 18:36:07,185 [INFO] root: Invoking grok-4.5.
2026-07-12 18:36:07,186 [INFO] root: Invoking grok-4.5.
2026-07-12 18:36:07,187 [INFO] root: Invoking grok-4.5.
2026-07-12 18:36:07,190 [INFO] root: Invoking grok-4.5.
2026-07-12 18:36:07,190 [INFO] root: Invoking grok-4.5.
2026-07-12 18:36:07,193 [INFO] root: Invoking grok-4.5.
2026-07-12 18:36:07,196 [INFO] root: Invoking grok-4.5.
2026-07-12 18:36:07,196 [INFO] root: Invoking grok-4.5.
2026-07-12 18:36:07,198 [INFO] root: Invoking grok-4.5.
2026-07-12 18:36:07,198 [INFO] root: Invoking grok-4.5.
2026-07-12 18:36:07,199 [INFO] root: Invoking grok-4.5.
2026-07-12 18:36:07,201 [INFO] root: Invoking grok-4.5.
2026-07-12 18:36:07,202 [INFO] root: Invoking grok-4.5.
2026-07-12 18:36:07,203 [INFO] root: Invoking grok-4.5.
2026-07-12 18:36:07,206 [INFO] root: Invoking grok-4.5.
2026-07-12 18:36:07,208 [INFO] root: Invoking grok-4.5.
2026-07-12 18:36:07,208 [INFO] root: Invoking grok-4.5.
2026-07-12 18:36:07,209 [INFO] root: Invoking grok-4.5.
2026-07-12 18:36:07,211 [INFO] root: Invoking grok-4.5.
2026-07-12 18:36:07,214 [INFO] root: Invoking grok-4.5.
2026-07-12 18:36:07,216 [INFO] root: Invoking grok-4.5.
2026-07-12 18:36:07,218 [INFO] root: Invoking grok-4.5.
2026-07-12 18:36:07,219 [INFO] root: Invoking grok-4.5.
2026-07-12 18:36:07,223 [INFO] root: Invoking grok-4.5.
2026-07-12 18:36:07,223 [INFO] root: Invoking grok-4.5.
2026-07-12 18:36:07,225 [INFO] root: Invoking grok-4.5.
2026-07-12 18:36:07,225 [INFO] root: Invoking grok-4.5.
2026-07-12 18:36:07,226 [INFO] root: Invoking grok-4.5.
2026-07-12 18:36:07,229 [INFO] root: Invoking grok-4.5.
2026-07-12 18:36:07,230 [INFO] root: Invoking grok-4.5.
2026-07-12 18:36:07,233 [INFO] root: Invoking grok-4.5.
2026-07-12 18:36:07,235 [INFO] root: Invoking grok-4.5.
2026-07-12 18:36:07,236 [INFO] root: Invoking grok-4.5.
2026-07-12 18:36:07,237 [INFO] root: Invoking grok-4.5.
2026-07-12 18:36:07,241 [INFO] root: Invoking grok-4.5.
2026-07-12 18:36:07,242 [INFO] root: Invoking grok-4.5.
2026-07-12 18:36:07,243 [INFO] root: Invoking grok-4.5.
2026-07-12 18:36:07,247 [INFO] root: Invoking grok-4.5.
2026-07-12 18:36:07,248 [INFO] root: Invoking grok-4.5.
2026-07-12 18:36:07,250 [INFO] root: Invoking grok-4.5.
2026-07-12 18:36:07,254 [INFO] root: Invoking grok-4.5.
2026-07-12 18:36:07,255 [INFO] root: Invoking grok-4.5.
2026-07-12 18:36:07,256 [INFO] root: Invoking grok-4.5.
2026-07-12 18:36:07,256 [INFO] root: Invoking grok-4.5.
2026-07-12 18:36:07,257 [INFO] root: Invoking grok-4.5.
2026-07-12 18:36:07,258 [INFO] root: Invoking grok-4.5.
2026-07-12 18:36:07,259 [INFO] root: Invoking grok-4.5.
2026-07-12 18:36:07,261 [INFO] root: Invoking grok-4.5.
2026-07-12 18:36:07,262 [INFO] root: Invoking grok-4.5.
2026-07-12 18:36:07,265 [INFO] root: Invoking grok-4.5.
2026-07-12 18:36:07,265 [INFO] root: Invoking grok-4.5.
2026-07-12 18:36:07,266 [INFO] root: Invoking grok-4.5.
2026-07-12 18:36:07,268 [INFO] root: Invoking grok-4.5.
2026-07-12 18:36:07,270 [INFO] root: Invoking grok-4.5.
2026-07-12 18:36:07,272 [INFO] root: Invoking grok-4.5.
2026-07-12 18:36:07,273 [INFO] root: Invoking grok-4.5.
2026-07-12 18:36:07,273 [INFO] root: Invoking grok-4.5.
2026-07-12 18:36:07,274 [INFO] root: Invoking grok-4.5.
2026-07-12 18:36:07,276 [INFO] root: Invoking grok-4.5.
2026-07-12 18:36:07,277 [INFO] root: Invoking grok-4.5.
2026-07-12 18:36:07,277 [INFO] root: Invoking grok-4.5.
2026-07-12 18:36:07,278 [INFO] root: Invoking grok-4.5.
2026-07-12 18:36:07,278 [INFO] root: Invoking grok-4.5.
2026-07-12 18:36:07,279 [INFO] root: Invoking grok-4.5.
2026-07-12 18:36:07,280 [INFO] root: Invoking grok-4.5.
2026-07-12 18:36:07,280 [INFO] root: Invoking grok-4.5.
2026-07-12 18:36:07,281 [INFO] root: Invoking grok-4.5.
2026-07-12 18:36:07,281 [INFO] root: Invoking grok-4.5.
2026-07-12 18:36:07,282 [INFO] root: Invoking grok-4.5.
2026-07-12 18:36:07,283 [INFO] root: Invoking grok-4.5.
2026-07-12 18:36:07,284 [INFO] root: Invoking grok-4.5.
2026-07-12 18:36:07,286 [INFO] root: Invoking grok-4.5.
2026-07-12 18:36:07,286 [INFO] root: Invoking grok-4.5.
2026-07-12 18:36:07,288 [INFO] root: Invoking grok-4.5.
2026-07-12 18:36:07,288 [INFO] root: Invoking grok-4.5.
2026-07-12 18:36:07,289 [INFO] root: Invoking grok-4.5.
2026-07-12 18:36:07,290 [INFO] root: Invoking grok-4.5.
2026-07-12 18:36:07,290 [INFO] root: Invoking grok-4.5.
2026-07-12 18:36:07,291 [INFO] root: Invoking grok-4.5.
2026-07-12 18:36:07,291 [INFO] root: Invoking grok-4.5.
2026-07-12 18:36:07,294 [INFO] root: Invoking grok-4.5.
2026-07-12 18:36:07,295 [INFO] root: Invoking grok-4.5.
2026-07-12 18:36:07,295 [INFO] root: Invoking grok-4.5.
2026-07-12 18:36:07,296 [INFO] root: Invoking grok-4.5.
2026-07-12 18:36:07,299 [INFO] root: Invoking grok-4.5.
2026-07-12 18:36:07,300 [INFO] root: Invoking grok-4.5.
2026-07-12 18:36:07,303 [INFO] root: Invoking grok-4.5.
2026-07-12 18:36:07,303 [INFO] root: Invoking grok-4.5.
2026-07-12 18:36:07,303 [INFO] root: Invoking grok-4.5.
2026-07-12 18:36:07,304 [INFO] root: Invoking grok-4.5.
2026-07-12 18:36:07,305 [INFO] root: Invoking grok-4.5.
2026-07-12 18:36:07,310 [INFO] root: Invoking grok-4.5.
2026-07-12 18:36:07,313 [INFO] root: Invoking grok-4.5.
2026-07-12 18:36:07,317 [INFO] root: Invoking grok-4.5.
2026-07-12 18:36:07,319 [INFO] root: Invoking grok-4.5.
2026-07-12 18:36:07,320 [INFO] root: Invoking grok-4.5.
2026-07-12 18:36:07,321 [INFO] root: Invoking grok-4.5.
2026-07-12 18:36:07,321 [INFO] root: Invoking grok-4.5.
2026-07-12 18:36:07,326 [INFO] root: Invoking grok-4.5.
2026-07-12 18:36:07,330 [INFO] root: Invoking grok-4.5.
2026-07-12 18:36:07,332 [INFO] root: Invoking grok-4.5.
2026-07-12 18:36:07,338 [INFO] root: Invoking grok-4.5.
2026-07-12 18:36:07,342 [INFO] root: Invoking grok-4.5.
2026-07-12 18:36:07,345 [INFO] root: Invoking grok-4.5.
2026-07-12 18:36:07,345 [INFO] root: Invoking grok-4.5.
2026-07-12 18:36:07,345 [INFO] root: Invoking grok-4.5.
2026-07-12 18:36:07,347 [INFO] root: Invoking grok-4.5.
2026-07-12 18:36:07,351 [INFO] root: Invoking grok-4.5.
2026-07-12 18:36:07,352 [INFO] root: Invoking grok-4.5.
2026-07-12 18:36:07,355 [INFO] root: Invoking grok-4.5.
2026-07-12 18:36:07,357 [INFO] root: Invoking grok-4.5.
2026-07-12 18:36:07,358 [INFO] root: Invoking grok-4.5.
2026-07-12 18:36:07,361 [INFO] root: Invoking grok-4.5.
2026-07-12 18:36:07,362 [INFO] root: Invoking grok-4.5.
2026-07-12 18:36:07,367 [INFO] root: Invoking grok-4.5.
2026-07-12 18:36:07,368 [INFO] root: Invoking grok-4.5.
Queries:   0%|          | 0/678 [00:00<?, ?it/s]2026-07-12 18:36:07,368 [INFO] root: Invoking grok-4.5.
2026-07-12 18:36:07,373 [INFO] root: Invoking grok-4.5.
2026-07-12 18:36:07,374 [INFO] root: Invoking grok-4.5.
2026-07-12 18:36:07,375 [INFO] root: Invoking grok-4.5.
2026-07-12 18:36:07,463 [INFO] root: Invoking grok-4.5.
2026-07-12 18:36:07,464 [INFO] root: Invoking grok-4.5.
2026-07-12 18:36:07,464 [INFO] root: Invoking grok-4.5.
2026-07-12 18:36:07,464 [INFO] root: Invoking grok-4.5.
2026-07-12 18:36:07,465 [INFO] root: Invoking grok-4.5.
2026-07-12 18:36:07,466 [INFO] root: Invoking grok-4.5.
2026-07-12 18:36:07,467 [INFO] root: Invoking grok-4.5.
2026-07-12 18:36:07,470 [INFO] root: Invoking grok-4.5.
2026-07-12 18:36:07,470 [INFO] root: Invoking grok-4.5.
2026-07-12 18:36:07,471 [INFO] root: Invoking grok-4.5.
2026-07-12 18:36:07,472 [INFO] root: Invoking grok-4.5.
2026-07-12 18:36:07,472 [INFO] root: Invoking grok-4.5.
2026-07-12 18:36:07,473 [INFO] root: Invoking grok-4.5.
2026-07-12 18:36:07,475 [INFO] root: Invoking grok-4.5.
2026-07-12 18:36:07,475 [INFO] root: Invoking grok-4.5.
2026-07-12 18:36:07,477 [INFO] root: Invoking grok-4.5.
2026-07-12 18:36:07,479 [INFO] root: Invoking grok-4.5.
2026-07-12 18:36:07,481 [INFO] root: Invoking grok-4.5.
2026-07-12 18:36:07,484 [INFO] root: Invoking grok-4.5.
2026-07-12 18:36:07,485 [INFO] root: Invoking grok-4.5.
2026-07-12 18:36:07,485 [INFO] root: Invoking grok-4.5.
2026-07-12 18:36:07,486 [INFO] root: Invoking grok-4.5.
2026-07-12 18:36:07,487 [INFO] root: Invoking grok-4.5.
2026-07-12 18:36:07,488 [INFO] root: Invoking grok-4.5.
2026-07-12 18:36:07,493 [INFO] root: Invoking grok-4.5.
2026-07-12 18:36:07,494 [INFO] root: Invoking grok-4.5.
2026-07-12 18:36:07,496 [INFO] root: Invoking grok-4.5.
2026-07-12 18:36:07,496 [INFO] root: Invoking grok-4.5.
2026-07-12 18:36:07,497 [INFO] root: Invoking grok-4.5.
2026-07-12 18:36:07,498 [INFO] root: Invoking grok-4.5.
2026-07-12 18:36:07,499 [INFO] root: Invoking grok-4.5.
2026-07-12 18:36:07,499 [INFO] root: Invoking grok-4.5.
2026-07-12 18:36:07,501 [INFO] root: Invoking grok-4.5.
2026-07-12 18:36:07,501 [INFO] root: Invoking grok-4.5.
2026-07-12 18:36:07,502 [INFO] root: Invoking grok-4.5.
2026-07-12 18:36:07,503 [INFO] root: Invoking grok-4.5.
2026-07-12 18:36:07,504 [INFO] root: Invoking grok-4.5.
2026-07-12 18:36:07,504 [INFO] root: Invoking grok-4.5.
2026-07-12 18:36:07,505 [INFO] root: Invoking grok-4.5.
2026-07-12 18:36:07,506 [INFO] root: Invoking grok-4.5.
2026-07-12 18:36:07,508 [INFO] root: Invoking grok-4.5.
2026-07-12 18:36:07,512 [INFO] root: Invoking grok-4.5.
2026-07-12 18:36:07,513 [INFO] root: Invoking grok-4.5.
2026-07-12 18:36:07,514 [INFO] root: Invoking grok-4.5.
2026-07-12 18:36:07,515 [INFO] root: Invoking grok-4.5.
Queries:  24%|██▍       | 162/678 [00:00<00:00, 1614.33it/s]2026-07-12 18:36:07,515 [INFO] root: Invoking grok-4.5.
2026-07-12 18:36:07,517 [INFO] root: Invoking grok-4.5.
2026-07-12 18:36:07,518 [INFO] root: Invoking grok-4.5.
2026-07-12 18:36:07,518 [INFO] root: Invoking grok-4.5.
2026-07-12 18:36:07,522 [INFO] root: Invoking grok-4.5.
2026-07-12 18:36:07,522 [INFO] root: Invoking grok-4.5.
2026-07-12 18:36:07,523 [INFO] root: Invoking grok-4.5.
2026-07-12 18:36:07,523 [INFO] root: Invoking grok-4.5.
2026-07-12 18:36:07,525 [INFO] root: Invoking grok-4.5.
2026-07-12 18:36:07,526 [INFO] root: Invoking grok-4.5.
2026-07-12 18:36:07,528 [INFO] root: Invoking grok-4.5.
2026-07-12 18:36:07,530 [INFO] root: Invoking grok-4.5.
2026-07-12 18:36:07,531 [INFO] root: Invoking grok-4.5.
2026-07-12 18:36:07,531 [INFO] root: Invoking grok-4.5.
2026-07-12 18:36:07,532 [INFO] root: Invoking grok-4.5.
2026-07-12 18:36:07,533 [INFO] root: Invoking grok-4.5.
2026-07-12 18:36:07,534 [INFO] root: Invoking grok-4.5.
2026-07-12 18:36:07,534 [INFO] root: Invoking grok-4.5.
2026-07-12 18:36:07,536 [INFO] root: Invoking grok-4.5.
2026-07-12 18:36:07,539 [INFO] root: Invoking grok-4.5.
2026-07-12 18:36:07,541 [INFO] root: Invoking grok-4.5.
2026-07-12 18:36:07,543 [INFO] root: Invoking grok-4.5.
2026-07-12 18:36:07,544 [INFO] root: Invoking grok-4.5.
2026-07-12 18:36:07,547 [INFO] root: Invoking grok-4.5.
2026-07-12 18:36:07,553 [INFO] root: Invoking grok-4.5.
2026-07-12 18:36:07,553 [INFO] root: Invoking grok-4.5.
2026-07-12 18:36:07,554 [INFO] root: Invoking grok-4.5.
2026-07-12 18:36:07,554 [INFO] root: Invoking grok-4.5.
2026-07-12 18:36:07,556 [INFO] root: Invoking grok-4.5.
2026-07-12 18:36:07,558 [INFO] root: Invoking grok-4.5.
2026-07-12 18:36:07,563 [INFO] root: Invoking grok-4.5.
2026-07-12 18:36:07,563 [INFO] root: Invoking grok-4.5.
2026-07-12 18:36:07,564 [INFO] root: Invoking grok-4.5.
2026-07-12 18:36:07,564 [INFO] root: Invoking grok-4.5.
2026-07-12 18:36:07,567 [INFO] root: Invoking grok-4.5.
2026-07-12 18:36:07,568 [INFO] root: Invoking grok-4.5.
2026-07-12 18:36:07,569 [INFO] root: Invoking grok-4.5.
2026-07-12 18:36:07,575 [INFO] root: Invoking grok-4.5.
2026-07-12 18:36:07,575 [INFO] root: Invoking grok-4.5.
2026-07-12 18:36:07,580 [INFO] root: Invoking grok-4.5.
2026-07-12 18:36:07,581 [INFO] root: Invoking grok-4.5.
2026-07-12 18:36:07,582 [INFO] root: Invoking grok-4.5.
2026-07-12 18:36:07,583 [INFO] root: Invoking grok-4.5.
2026-07-12 18:36:07,591 [INFO] root: Invoking grok-4.5.
2026-07-12 18:36:07,591 [INFO] root: Invoking grok-4.5.
2026-07-12 18:36:07,592 [INFO] root: Invoking grok-4.5.
2026-07-12 18:36:07,593 [INFO] root: Invoking grok-4.5.
2026-07-12 18:36:07,594 [INFO] root: Invoking grok-4.5.
2026-07-12 18:36:07,596 [INFO] root: Invoking grok-4.5.
2026-07-12 18:36:07,597 [INFO] root: Invoking grok-4.5.
2026-07-12 18:36:07,597 [INFO] root: Invoking grok-4.5.
2026-07-12 18:36:07,598 [INFO] root: Invoking grok-4.5.
2026-07-12 18:36:07,598 [INFO] root: Invoking grok-4.5.
2026-07-12 18:36:07,599 [INFO] root: Invoking grok-4.5.
2026-07-12 18:36:07,599 [INFO] root: Invoking grok-4.5.
2026-07-12 18:36:07,601 [INFO] root: Invoking grok-4.5.
2026-07-12 18:36:07,601 [INFO] root: Invoking grok-4.5.
2026-07-12 18:36:07,603 [INFO] root: Invoking grok-4.5.
2026-07-12 18:36:07,603 [INFO] root: Invoking grok-4.5.
2026-07-12 18:36:07,604 [INFO] root: Invoking grok-4.5.
2026-07-12 18:36:07,606 [INFO] root: Invoking grok-4.5.
2026-07-12 18:36:07,606 [INFO] root: Invoking grok-4.5.
2026-07-12 18:36:07,607 [INFO] root: Invoking grok-4.5.
2026-07-12 18:36:07,608 [INFO] root: Invoking grok-4.5.
2026-07-12 18:36:07,609 [INFO] root: Invoking grok-4.5.
2026-07-12 18:36:07,609 [INFO] root: Invoking grok-4.5.
2026-07-12 18:36:07,609 [INFO] root: Invoking grok-4.5.
2026-07-12 18:36:07,611 [INFO] root: Invoking grok-4.5.
2026-07-12 18:36:07,611 [INFO] root: Invoking grok-4.5.
2026-07-12 18:36:07,612 [INFO] root: Invoking grok-4.5.
2026-07-12 18:36:07,612 [INFO] root: Invoking grok-4.5.
2026-07-12 18:36:07,613 [INFO] root: Invoking grok-4.5.
2026-07-12 18:36:07,614 [INFO] root: Invoking grok-4.5.
2026-07-12 18:36:07,615 [INFO] root: Invoking grok-4.5.
2026-07-12 18:36:07,615 [INFO] root: Invoking grok-4.5.
2026-07-12 18:36:07,616 [INFO] root: Invoking grok-4.5.
2026-07-12 18:36:07,617 [INFO] root: Invoking grok-4.5.
2026-07-12 18:36:07,617 [INFO] root: Invoking grok-4.5.
2026-07-12 18:36:07,618 [INFO] root: Invoking grok-4.5.
2026-07-12 18:36:07,618 [INFO] root: Invoking grok-4.5.
2026-07-12 18:36:07,620 [INFO] root: Invoking grok-4.5.
2026-07-12 18:36:07,620 [INFO] root: Invoking grok-4.5.
2026-07-12 18:36:07,621 [INFO] root: Invoking grok-4.5.
2026-07-12 18:36:07,623 [INFO] root: Invoking grok-4.5.
2026-07-12 18:36:07,628 [INFO] root: Invoking grok-4.5.
2026-07-12 18:36:07,629 [INFO] root: Invoking grok-4.5.
2026-07-12 18:36:07,631 [INFO] root: Invoking grok-4.5.
2026-07-12 18:36:07,632 [INFO] root: Invoking grok-4.5.
2026-07-12 18:36:07,633 [INFO] root: Invoking grok-4.5.
2026-07-12 18:36:07,635 [INFO] root: Invoking grok-4.5.
2026-07-12 18:36:07,638 [INFO] root: Invoking grok-4.5.
2026-07-12 18:36:07,640 [INFO] root: Invoking grok-4.5.
2026-07-12 18:36:07,640 [INFO] root: Invoking grok-4.5.
2026-07-12 18:36:07,641 [INFO] root: Invoking grok-4.5.
2026-07-12 18:36:07,645 [INFO] root: Invoking grok-4.5.
2026-07-12 18:36:07,647 [INFO] root: Invoking grok-4.5.
2026-07-12 18:36:07,649 [INFO] root: Invoking grok-4.5.
2026-07-12 18:36:07,650 [INFO] root: Invoking grok-4.5.
2026-07-12 18:36:07,652 [INFO] root: Invoking grok-4.5.
2026-07-12 18:36:07,657 [INFO] root: Invoking grok-4.5.
2026-07-12 18:36:07,661 [INFO] root: Invoking grok-4.5.
2026-07-12 18:36:07,665 [INFO] root: Invoking grok-4.5.
2026-07-12 18:36:07,666 [INFO] root: Invoking grok-4.5.
2026-07-12 18:36:07,667 [INFO] root: Invoking grok-4.5.
2026-07-12 18:36:07,668 [INFO] root: Invoking grok-4.5.
2026-07-12 18:36:07,670 [INFO] root: Invoking grok-4.5.
2026-07-12 18:36:07,672 [INFO] root: Invoking grok-4.5.
2026-07-12 18:36:07,674 [INFO] root: Invoking grok-4.5.
2026-07-12 18:36:07,674 [INFO] root: Invoking grok-4.5.
2026-07-12 18:36:07,675 [INFO] root: Invoking grok-4.5.
2026-07-12 18:36:07,678 [INFO] root: Invoking grok-4.5.
2026-07-12 18:36:07,682 [INFO] root: Invoking grok-4.5.
2026-07-12 18:36:07,684 [INFO] root: Invoking grok-4.5.
2026-07-12 18:36:07,686 [INFO] root: Invoking grok-4.5.
2026-07-12 18:36:07,687 [INFO] root: Invoking grok-4.5.
2026-07-12 18:36:07,691 [INFO] root: Invoking grok-4.5.
2026-07-12 18:36:07,698 [INFO] root: Invoking grok-4.5.
2026-07-12 18:36:07,699 [INFO] root: Invoking grok-4.5.
2026-07-12 18:36:07,702 [INFO] root: Invoking grok-4.5.
2026-07-12 18:36:07,706 [INFO] root: Invoking grok-4.5.
2026-07-12 18:36:07,707 [INFO] root: Invoking grok-4.5.
2026-07-12 18:36:07,710 [INFO] root: Invoking grok-4.5.
2026-07-12 18:36:07,714 [INFO] root: Invoking grok-4.5.
2026-07-12 18:36:07,715 [INFO] root: Invoking grok-4.5.
2026-07-12 18:36:07,716 [INFO] root: Invoking grok-4.5.
2026-07-12 18:36:07,717 [INFO] root: Invoking grok-4.5.
2026-07-12 18:36:07,718 [INFO] root: Invoking grok-4.5.
2026-07-12 18:36:07,721 [INFO] root: Invoking grok-4.5.
2026-07-12 18:36:07,721 [INFO] root: Invoking grok-4.5.
2026-07-12 18:36:07,722 [INFO] root: Invoking grok-4.5.
2026-07-12 18:36:07,723 [INFO] root: Invoking grok-4.5.
2026-07-12 18:36:07,724 [INFO] root: Invoking grok-4.5.
2026-07-12 18:36:07,724 [INFO] root: Invoking grok-4.5.
2026-07-12 18:36:07,727 [INFO] root: Invoking grok-4.5.
2026-07-12 18:36:07,731 [INFO] root: Invoking grok-4.5.
2026-07-12 18:36:07,732 [INFO] root: Invoking grok-4.5.
2026-07-12 18:36:07,734 [INFO] root: Invoking grok-4.5.
2026-07-12 18:36:07,735 [INFO] root: Invoking grok-4.5.
2026-07-12 18:36:07,739 [INFO] root: Invoking grok-4.5.
2026-07-12 18:36:07,743 [INFO] root: Invoking grok-4.5.
2026-07-12 18:36:07,746 [INFO] root: Invoking grok-4.5.
2026-07-12 18:36:07,750 [INFO] root: Invoking grok-4.5.
2026-07-12 18:36:07,755 [INFO] root: Invoking grok-4.5.
2026-07-12 18:36:07,756 [INFO] root: Invoking grok-4.5.
2026-07-12 18:36:07,757 [INFO] root: Invoking grok-4.5.
2026-07-12 18:36:07,759 [INFO] root: Invoking grok-4.5.
2026-07-12 18:36:07,761 [INFO] root: Invoking grok-4.5.
2026-07-12 18:36:07,761 [INFO] root: Invoking grok-4.5.
2026-07-12 18:36:07,763 [INFO] root: Invoking grok-4.5.
2026-07-12 18:36:07,765 [INFO] root: Invoking grok-4.5.
2026-07-12 18:36:07,769 [INFO] root: Invoking grok-4.5.
2026-07-12 18:36:07,770 [INFO] root: Invoking grok-4.5.
2026-07-12 18:36:07,774 [INFO] root: Invoking grok-4.5.
2026-07-12 18:36:07,775 [INFO] root: Invoking grok-4.5.
Queries:  48%|████▊     | 324/678 [00:00<00:00, 903.50it/s] 2026-07-12 18:36:07,775 [INFO] root: Invoking grok-4.5.
2026-07-12 18:36:07,780 [INFO] root: Invoking grok-4.5.
2026-07-12 18:36:07,783 [INFO] root: Invoking grok-4.5.
2026-07-12 18:36:07,786 [INFO] root: Invoking grok-4.5.
2026-07-12 18:36:07,787 [INFO] root: Invoking grok-4.5.
2026-07-12 18:36:07,789 [INFO] root: Invoking grok-4.5.
2026-07-12 18:36:07,790 [INFO] root: Invoking grok-4.5.
2026-07-12 18:36:07,790 [INFO] root: Invoking grok-4.5.
2026-07-12 18:36:07,791 [INFO] root: Invoking grok-4.5.
2026-07-12 18:36:07,793 [INFO] root: Invoking grok-4.5.
2026-07-12 18:36:07,795 [INFO] root: Invoking grok-4.5.
2026-07-12 18:36:07,796 [INFO] root: Invoking grok-4.5.
2026-07-12 18:36:07,798 [INFO] root: Invoking grok-4.5.
2026-07-12 18:36:07,799 [INFO] root: Invoking grok-4.5.
2026-07-12 18:36:07,800 [INFO] root: Invoking grok-4.5.
2026-07-12 18:36:07,804 [INFO] root: Invoking grok-4.5.
2026-07-12 18:36:07,807 [INFO] root: Invoking grok-4.5.
2026-07-12 18:36:07,808 [INFO] root: Invoking grok-4.5.
2026-07-12 18:36:07,810 [INFO] root: Invoking grok-4.5.
2026-07-12 18:36:07,812 [INFO] root: Invoking grok-4.5.
2026-07-12 18:36:07,814 [INFO] root: Invoking grok-4.5.
2026-07-12 18:36:07,816 [INFO] root: Invoking grok-4.5.
2026-07-12 18:36:07,819 [INFO] root: Invoking grok-4.5.
2026-07-12 18:36:07,820 [INFO] root: Invoking grok-4.5.
2026-07-12 18:36:07,821 [INFO] root: Invoking grok-4.5.
2026-07-12 18:36:07,821 [INFO] root: Invoking grok-4.5.
2026-07-12 18:36:07,822 [INFO] root: Invoking grok-4.5.
2026-07-12 18:36:07,828 [INFO] root: Invoking grok-4.5.
2026-07-12 18:36:07,832 [INFO] root: Invoking grok-4.5.
2026-07-12 18:36:07,833 [INFO] root: Invoking grok-4.5.
2026-07-12 18:36:07,833 [INFO] root: Invoking grok-4.5.
2026-07-12 18:36:07,834 [INFO] root: Invoking grok-4.5.
2026-07-12 18:36:07,836 [INFO] root: Invoking grok-4.5.
2026-07-12 18:36:07,837 [INFO] root: Invoking grok-4.5.
2026-07-12 18:36:07,838 [INFO] root: Invoking grok-4.5.
2026-07-12 18:36:07,839 [INFO] root: Invoking grok-4.5.
2026-07-12 18:36:07,840 [INFO] root: Invoking grok-4.5.
2026-07-12 18:36:07,842 [INFO] root: Invoking grok-4.5.
2026-07-12 18:36:07,846 [INFO] root: Invoking grok-4.5.
2026-07-12 18:36:07,846 [INFO] root: Invoking grok-4.5.
2026-07-12 18:36:07,847 [INFO] root: Invoking grok-4.5.
2026-07-12 18:36:07,848 [INFO] root: Invoking grok-4.5.
2026-07-12 18:36:07,849 [INFO] root: Invoking grok-4.5.
2026-07-12 18:36:07,850 [INFO] root: Invoking grok-4.5.
2026-07-12 18:36:07,851 [INFO] root: Invoking grok-4.5.
2026-07-12 18:36:07,852 [INFO] root: Invoking grok-4.5.
2026-07-12 18:36:07,853 [INFO] root: Invoking grok-4.5.
2026-07-12 18:36:07,853 [INFO] root: Invoking grok-4.5.
2026-07-12 18:36:07,855 [INFO] root: Invoking grok-4.5.
2026-07-12 18:36:07,857 [INFO] root: Invoking grok-4.5.
2026-07-12 18:36:07,858 [INFO] root: Invoking grok-4.5.
2026-07-12 18:36:07,863 [INFO] root: Invoking grok-4.5.
2026-07-12 18:36:07,864 [INFO] root: Invoking grok-4.5.
2026-07-12 18:36:07,865 [INFO] root: Invoking grok-4.5.
2026-07-12 18:36:07,866 [INFO] root: Invoking grok-4.5.
2026-07-12 18:36:07,868 [INFO] root: Invoking grok-4.5.
2026-07-12 18:36:07,868 [INFO] root: Invoking grok-4.5.
2026-07-12 18:36:07,869 [INFO] root: Invoking grok-4.5.
2026-07-12 18:36:07,870 [INFO] root: Invoking grok-4.5.
2026-07-12 18:36:07,874 [INFO] root: Invoking grok-4.5.
2026-07-12 18:36:07,875 [INFO] root: Invoking grok-4.5.
2026-07-12 18:36:07,875 [INFO] root: Invoking grok-4.5.
2026-07-12 18:36:07,876 [INFO] root: Invoking grok-4.5.
2026-07-12 18:36:07,877 [INFO] root: Invoking grok-4.5.
2026-07-12 18:36:07,877 [INFO] root: Invoking grok-4.5.
2026-07-12 18:36:07,878 [INFO] root: Invoking grok-4.5.
2026-07-12 18:36:07,878 [INFO] root: Invoking grok-4.5.
2026-07-12 18:36:07,879 [INFO] root: Invoking grok-4.5.
2026-07-12 18:36:07,879 [INFO] root: Invoking grok-4.5.
2026-07-12 18:36:07,880 [INFO] root: Invoking grok-4.5.
2026-07-12 18:36:07,881 [INFO] root: Invoking grok-4.5.
2026-07-12 18:36:07,882 [INFO] root: Invoking grok-4.5.
2026-07-12 18:36:07,883 [INFO] root: Invoking grok-4.5.
2026-07-12 18:36:07,884 [INFO] root: Invoking grok-4.5.
2026-07-12 18:36:07,885 [INFO] root: Invoking grok-4.5.
2026-07-12 18:36:07,886 [INFO] root: Invoking grok-4.5.
2026-07-12 18:36:07,888 [INFO] root: Invoking grok-4.5.
2026-07-12 18:36:07,888 [INFO] root: Invoking grok-4.5.
2026-07-12 18:36:07,889 [INFO] root: Invoking grok-4.5.
2026-07-12 18:36:07,890 [INFO] root: Invoking grok-4.5.
2026-07-12 18:36:07,891 [INFO] root: Invoking grok-4.5.
2026-07-12 18:36:07,892 [INFO] root: Invoking grok-4.5.
2026-07-12 18:36:07,893 [INFO] root: Invoking grok-4.5.
2026-07-12 18:36:07,894 [INFO] root: Invoking grok-4.5.
2026-07-12 18:36:07,896 [INFO] root: Invoking grok-4.5.
2026-07-12 18:36:07,896 [INFO] root: Invoking grok-4.5.
2026-07-12 18:36:07,897 [INFO] root: Invoking grok-4.5.
2026-07-12 18:36:07,897 [INFO] root: Invoking grok-4.5.
2026-07-12 18:36:07,898 [INFO] root: Invoking grok-4.5.
2026-07-12 18:36:07,899 [INFO] root: Invoking grok-4.5.
2026-07-12 18:36:07,901 [INFO] root: Invoking grok-4.5.
2026-07-12 18:36:07,903 [INFO] root: Invoking grok-4.5.
2026-07-12 18:36:07,904 [INFO] root: Invoking grok-4.5.
2026-07-12 18:36:07,905 [INFO] root: Invoking grok-4.5.
2026-07-12 18:36:07,906 [INFO] root: Invoking grok-4.5.
2026-07-12 18:36:07,906 [INFO] root: Invoking grok-4.5.
2026-07-12 18:36:07,907 [INFO] root: Invoking grok-4.5.
2026-07-12 18:36:07,907 [INFO] root: Invoking grok-4.5.
2026-07-12 18:36:07,909 [INFO] root: Invoking grok-4.5.
2026-07-12 18:36:07,910 [INFO] root: Invoking grok-4.5.
2026-07-12 18:36:07,911 [INFO] root: Invoking grok-4.5.
2026-07-12 18:36:07,911 [INFO] root: Invoking grok-4.5.
2026-07-12 18:36:07,912 [INFO] root: Invoking grok-4.5.
2026-07-12 18:36:07,913 [INFO] root: Invoking grok-4.5.
2026-07-12 18:36:07,914 [INFO] root: Invoking grok-4.5.
2026-07-12 18:36:07,915 [INFO] root: Invoking grok-4.5.
2026-07-12 18:36:07,915 [INFO] root: Invoking grok-4.5.
2026-07-12 18:36:07,916 [INFO] root: Invoking grok-4.5.
Queries:  64%|██████▎   | 432/678 [00:00<00:00, 918.64it/s]2026-07-12 18:36:07,918 [INFO] root: Invoking grok-4.5.
2026-07-12 18:36:07,918 [INFO] root: Invoking grok-4.5.
2026-07-12 18:36:07,919 [INFO] root: Invoking grok-4.5.
2026-07-12 18:36:07,920 [INFO] root: Invoking grok-4.5.
2026-07-12 18:36:07,920 [INFO] root: Invoking grok-4.5.
2026-07-12 18:36:07,923 [INFO] root: Invoking grok-4.5.
2026-07-12 18:36:07,924 [INFO] root: Invoking grok-4.5.
2026-07-12 18:36:07,926 [INFO] root: Invoking grok-4.5.
2026-07-12 18:36:07,927 [INFO] root: Invoking grok-4.5.
2026-07-12 18:36:07,929 [INFO] root: Invoking grok-4.5.
2026-07-12 18:36:07,929 [INFO] root: Invoking grok-4.5.
2026-07-12 18:36:07,930 [INFO] root: Invoking grok-4.5.
2026-07-12 18:36:07,931 [INFO] root: Invoking grok-4.5.
2026-07-12 18:36:07,931 [INFO] root: Invoking grok-4.5.
2026-07-12 18:36:07,932 [INFO] root: Invoking grok-4.5.
2026-07-12 18:36:07,932 [INFO] root: Invoking grok-4.5.
2026-07-12 18:36:07,934 [INFO] root: Invoking grok-4.5.
2026-07-12 18:36:07,935 [INFO] root: Invoking grok-4.5.
2026-07-12 18:36:07,937 [INFO] root: Invoking grok-4.5.
2026-07-12 18:36:07,938 [INFO] root: Invoking grok-4.5.
2026-07-12 18:36:07,938 [INFO] root: Invoking grok-4.5.
2026-07-12 18:36:07,939 [INFO] root: Invoking grok-4.5.
2026-07-12 18:36:07,942 [INFO] root: Invoking grok-4.5.
2026-07-12 18:36:07,943 [INFO] root: Invoking grok-4.5.
2026-07-12 18:36:07,944 [INFO] root: Invoking grok-4.5.
2026-07-12 18:36:07,944 [INFO] root: Invoking grok-4.5.
2026-07-12 18:36:07,945 [INFO] root: Invoking grok-4.5.
2026-07-12 18:36:07,948 [INFO] root: Invoking grok-4.5.
2026-07-12 18:36:07,950 [INFO] root: Invoking grok-4.5.
2026-07-12 18:36:07,951 [INFO] root: Invoking grok-4.5.
2026-07-12 18:36:07,953 [INFO] root: Invoking grok-4.5.
2026-07-12 18:36:07,953 [INFO] root: Invoking grok-4.5.
2026-07-12 18:36:07,954 [INFO] root: Invoking grok-4.5.
2026-07-12 18:36:07,954 [INFO] root: Invoking grok-4.5.
2026-07-12 18:36:07,956 [INFO] root: Invoking grok-4.5.
2026-07-12 18:36:07,957 [INFO] root: Invoking grok-4.5.
2026-07-12 18:36:07,958 [INFO] root: Invoking grok-4.5.
2026-07-12 18:36:07,960 [INFO] root: Invoking grok-4.5.
2026-07-12 18:36:07,962 [INFO] root: Invoking grok-4.5.
2026-07-12 18:36:07,962 [INFO] root: Invoking grok-4.5.
2026-07-12 18:36:07,963 [INFO] root: Invoking grok-4.5.
2026-07-12 18:36:07,965 [INFO] root: Invoking grok-4.5.
2026-07-12 18:36:07,966 [INFO] root: Invoking grok-4.5.
2026-07-12 18:36:07,967 [INFO] root: Invoking grok-4.5.
2026-07-12 18:36:07,967 [INFO] root: Invoking grok-4.5.
2026-07-12 18:36:07,968 [INFO] root: Invoking grok-4.5.
2026-07-12 18:36:07,969 [INFO] root: Invoking grok-4.5.
2026-07-12 18:36:07,970 [INFO] root: Invoking grok-4.5.
2026-07-12 18:36:07,970 [INFO] root: Invoking grok-4.5.
2026-07-12 18:36:07,971 [INFO] root: Invoking grok-4.5.
2026-07-12 18:36:07,973 [INFO] root: Invoking grok-4.5.
2026-07-12 18:36:07,974 [INFO] root: Invoking grok-4.5.
2026-07-12 18:36:07,975 [INFO] root: Invoking grok-4.5.
2026-07-12 18:36:07,975 [INFO] root: Invoking grok-4.5.
2026-07-12 18:36:07,977 [INFO] root: Invoking grok-4.5.
2026-07-12 18:36:07,978 [INFO] root: Invoking grok-4.5.
2026-07-12 18:36:07,981 [INFO] root: Invoking grok-4.5.
2026-07-12 18:36:07,981 [INFO] root: Invoking grok-4.5.
2026-07-12 18:36:07,982 [INFO] root: Invoking grok-4.5.
2026-07-12 18:36:07,983 [INFO] root: Invoking grok-4.5.
2026-07-12 18:36:07,984 [INFO] root: Invoking grok-4.5.
2026-07-12 18:36:07,985 [INFO] root: Invoking grok-4.5.
2026-07-12 18:36:07,985 [INFO] root: Invoking grok-4.5.
2026-07-12 18:36:07,986 [INFO] root: Invoking grok-4.5.
2026-07-12 18:36:07,987 [INFO] root: Invoking grok-4.5.
2026-07-12 18:36:07,988 [INFO] root: Invoking grok-4.5.
2026-07-12 18:36:07,989 [INFO] root: Invoking grok-4.5.
2026-07-12 18:36:07,990 [INFO] root: Invoking grok-4.5.
2026-07-12 18:36:07,990 [INFO] root: Invoking grok-4.5.
2026-07-12 18:36:07,991 [INFO] root: Invoking grok-4.5.
2026-07-12 18:36:07,993 [INFO] root: Invoking grok-4.5.
2026-07-12 18:36:07,995 [INFO] root: Invoking grok-4.5.
2026-07-12 18:36:07,996 [INFO] root: Invoking grok-4.5.
2026-07-12 18:36:07,997 [INFO] root: Invoking grok-4.5.
2026-07-12 18:36:07,998 [INFO] root: Invoking grok-4.5.
2026-07-12 18:36:07,998 [INFO] root: Invoking grok-4.5.
2026-07-12 18:36:07,999 [INFO] root: Invoking grok-4.5.
2026-07-12 18:36:08,000 [INFO] root: Invoking grok-4.5.
2026-07-12 18:36:08,000 [INFO] root: Invoking grok-4.5.
2026-07-12 18:36:08,001 [INFO] root: Invoking grok-4.5.
2026-07-12 18:36:08,001 [INFO] root: Invoking grok-4.5.
2026-07-12 18:36:08,003 [INFO] root: Invoking grok-4.5.
2026-07-12 18:36:08,005 [INFO] root: Invoking grok-4.5.
2026-07-12 18:36:08,007 [INFO] root: Invoking grok-4.5.
2026-07-12 18:36:08,008 [INFO] root: Invoking grok-4.5.
2026-07-12 18:36:08,009 [INFO] root: Invoking grok-4.5.
2026-07-12 18:36:08,010 [INFO] root: Invoking grok-4.5.
2026-07-12 18:36:08,011 [INFO] root: Invoking grok-4.5.
2026-07-12 18:36:08,011 [INFO] root: Invoking grok-4.5.
2026-07-12 18:36:08,012 [INFO] root: Invoking grok-4.5.
2026-07-12 18:36:08,012 [INFO] root: Invoking grok-4.5.
2026-07-12 18:36:08,013 [INFO] root: Invoking grok-4.5.
2026-07-12 18:36:08,014 [INFO] root: Invoking grok-4.5.
2026-07-12 18:36:08,014 [INFO] root: Invoking grok-4.5.
2026-07-12 18:36:08,015 [INFO] root: Invoking grok-4.5.
2026-07-12 18:36:08,017 [INFO] root: Invoking grok-4.5.
2026-07-12 18:36:08,019 [INFO] root: Invoking grok-4.5.
2026-07-12 18:36:08,020 [INFO] root: Invoking grok-4.5.
2026-07-12 18:36:08,022 [INFO] root: Invoking grok-4.5.
2026-07-12 18:36:08,022 [INFO] root: Invoking grok-4.5.
2026-07-12 18:36:08,022 [INFO] root: Invoking grok-4.5.
2026-07-12 18:36:08,023 [INFO] root: Invoking grok-4.5.
2026-07-12 18:36:08,024 [INFO] root: Invoking grok-4.5.
Queries:  79%|███████▉  | 534/678 [00:00<00:00, 921.09it/s]2026-07-12 18:36:08,025 [INFO] root: Invoking grok-4.5.
2026-07-12 18:36:08,027 [INFO] root: Invoking grok-4.5.
2026-07-12 18:36:08,028 [INFO] root: Invoking grok-4.5.
2026-07-12 18:36:08,031 [INFO] root: Invoking grok-4.5.
2026-07-12 18:36:08,032 [INFO] root: Invoking grok-4.5.
2026-07-12 18:36:08,032 [INFO] root: Invoking grok-4.5.
2026-07-12 18:36:08,033 [INFO] root: Invoking grok-4.5.
2026-07-12 18:36:08,034 [INFO] root: Invoking grok-4.5.
2026-07-12 18:36:08,034 [INFO] root: Invoking grok-4.5.
2026-07-12 18:36:08,036 [INFO] root: Invoking grok-4.5.
2026-07-12 18:36:08,036 [INFO] root: Invoking grok-4.5.
2026-07-12 18:36:08,037 [INFO] root: Invoking grok-4.5.
2026-07-12 18:36:08,037 [INFO] root: Invoking grok-4.5.
2026-07-12 18:36:08,039 [INFO] root: Invoking grok-4.5.
2026-07-12 18:36:08,043 [INFO] root: Invoking grok-4.5.
2026-07-12 18:36:08,043 [INFO] root: Invoking grok-4.5.
2026-07-12 18:36:08,044 [INFO] root: Invoking grok-4.5.
2026-07-12 18:36:08,045 [INFO] root: Invoking grok-4.5.
2026-07-12 18:36:08,046 [INFO] root: Invoking grok-4.5.
2026-07-12 18:36:08,046 [INFO] root: Invoking grok-4.5.
2026-07-12 18:36:08,047 [INFO] root: Invoking grok-4.5.
2026-07-12 18:36:08,048 [INFO] root: Invoking grok-4.5.
2026-07-12 18:36:08,048 [INFO] root: Invoking grok-4.5.
2026-07-12 18:36:08,050 [INFO] root: Invoking grok-4.5.
2026-07-12 18:36:08,051 [INFO] root: Invoking grok-4.5.
2026-07-12 18:36:08,052 [INFO] root: Invoking grok-4.5.
2026-07-12 18:36:08,053 [INFO] root: Invoking grok-4.5.
2026-07-12 18:36:08,054 [INFO] root: Invoking grok-4.5.
2026-07-12 18:36:08,056 [INFO] root: Invoking grok-4.5.
2026-07-12 18:36:08,057 [INFO] root: Invoking grok-4.5.
2026-07-12 18:36:08,057 [INFO] root: Invoking grok-4.5.
2026-07-12 18:36:08,058 [INFO] root: Invoking grok-4.5.
2026-07-12 18:36:08,062 [INFO] root: Invoking grok-4.5.
2026-07-12 18:36:08,063 [INFO] root: Invoking grok-4.5.
2026-07-12 18:36:08,064 [INFO] root: Invoking grok-4.5.
2026-07-12 18:36:08,065 [INFO] root: Invoking grok-4.5.
2026-07-12 18:36:08,068 [INFO] root: Invoking grok-4.5.
2026-07-12 18:36:08,069 [INFO] root: Invoking grok-4.5.
2026-07-12 18:36:08,069 [INFO] root: Invoking grok-4.5.
2026-07-12 18:36:08,070 [INFO] root: Invoking grok-4.5.
2026-07-12 18:36:08,072 [INFO] root: Invoking grok-4.5.
2026-07-12 18:36:08,075 [INFO] root: Invoking grok-4.5.
2026-07-12 18:36:08,075 [INFO] root: Invoking grok-4.5.
2026-07-12 18:36:08,076 [INFO] root: Invoking grok-4.5.
2026-07-12 18:36:08,077 [INFO] root: Invoking grok-4.5.
2026-07-12 18:36:08,078 [INFO] root: Invoking grok-4.5.
2026-07-12 18:36:08,080 [INFO] root: Invoking grok-4.5.
2026-07-12 18:36:08,081 [INFO] root: Invoking grok-4.5.
2026-07-12 18:36:08,081 [INFO] root: Invoking grok-4.5.
2026-07-12 18:36:08,082 [INFO] root: Invoking grok-4.5.
2026-07-12 18:36:08,083 [INFO] root: Invoking grok-4.5.
2026-07-12 18:36:08,083 [INFO] root: Invoking grok-4.5.
2026-07-12 18:36:08,084 [INFO] root: Invoking grok-4.5.
2026-07-12 18:36:08,087 [INFO] root: Invoking grok-4.5.
2026-07-12 18:36:08,087 [INFO] root: Invoking grok-4.5.
2026-07-12 18:36:08,088 [INFO] root: Invoking grok-4.5.
2026-07-12 18:36:08,089 [INFO] root: Invoking grok-4.5.
2026-07-12 18:36:08,090 [INFO] root: Invoking grok-4.5.
2026-07-12 18:36:08,091 [INFO] root: Invoking grok-4.5.
2026-07-12 18:36:08,092 [INFO] root: Invoking grok-4.5.
2026-07-12 18:36:08,092 [INFO] root: Invoking grok-4.5.
2026-07-12 18:36:08,093 [INFO] root: Invoking grok-4.5.
2026-07-12 18:36:08,094 [INFO] root: Invoking grok-4.5.
2026-07-12 18:36:08,095 [INFO] root: Invoking grok-4.5.
2026-07-12 18:36:08,096 [INFO] root: Invoking grok-4.5.
2026-07-12 18:36:08,098 [INFO] root: Invoking grok-4.5.
2026-07-12 18:36:08,099 [INFO] root: Invoking grok-4.5.
2026-07-12 18:36:08,100 [INFO] root: Invoking grok-4.5.
2026-07-12 18:36:08,101 [INFO] root: Invoking grok-4.5.
2026-07-12 18:36:08,102 [INFO] root: Invoking grok-4.5.
2026-07-12 18:36:08,103 [INFO] root: Invoking grok-4.5.
2026-07-12 18:36:08,104 [INFO] root: Invoking grok-4.5.
2026-07-12 18:36:08,104 [INFO] root: Invoking grok-4.5.
2026-07-12 18:36:08,105 [INFO] root: Invoking grok-4.5.
2026-07-12 18:36:08,106 [INFO] root: Invoking grok-4.5.
2026-07-12 18:36:08,106 [INFO] root: Invoking grok-4.5.
2026-07-12 18:36:08,107 [INFO] root: Invoking grok-4.5.
2026-07-12 18:36:08,108 [INFO] root: Invoking grok-4.5.
2026-07-12 18:36:08,110 [INFO] root: Invoking grok-4.5.
2026-07-12 18:36:08,112 [INFO] root: Invoking grok-4.5.
2026-07-12 18:36:08,112 [INFO] root: Invoking grok-4.5.
2026-07-12 18:36:08,113 [INFO] root: Invoking grok-4.5.
2026-07-12 18:36:08,114 [INFO] root: Invoking grok-4.5.
2026-07-12 18:36:08,114 [INFO] root: Invoking grok-4.5.
2026-07-12 18:36:08,115 [INFO] root: Invoking grok-4.5.
2026-07-12 18:36:08,117 [INFO] root: Invoking grok-4.5.
2026-07-12 18:36:08,117 [INFO] root: Invoking grok-4.5.
2026-07-12 18:36:08,118 [INFO] root: Invoking grok-4.5.
2026-07-12 18:36:08,119 [INFO] root: Invoking grok-4.5.
2026-07-12 18:36:08,119 [INFO] root: Invoking grok-4.5.
2026-07-12 18:36:08,121 [INFO] root: Invoking grok-4.5.
2026-07-12 18:36:08,122 [INFO] root: Invoking grok-4.5.
2026-07-12 18:36:08,122 [INFO] root: Invoking grok-4.5.
2026-07-12 18:36:08,124 [INFO] root: Invoking grok-4.5.
2026-07-12 18:36:08,124 [INFO] root: Invoking grok-4.5.
2026-07-12 18:36:08,125 [INFO] root: Invoking grok-4.5.
2026-07-12 18:36:08,127 [INFO] root: Invoking grok-4.5.
2026-07-12 18:36:08,127 [INFO] root: Invoking grok-4.5.
2026-07-12 18:36:08,128 [INFO] root: Invoking grok-4.5.
2026-07-12 18:36:08,128 [INFO] root: Invoking grok-4.5.
2026-07-12 18:36:08,129 [INFO] root: Invoking grok-4.5.
Queries:  94%|█████████▎| 635/678 [00:00<00:00, 944.24it/s]2026-07-12 18:36:08,131 [INFO] root: Invoking grok-4.5.
2026-07-12 18:36:08,133 [INFO] root: Invoking grok-4.5.
2026-07-12 18:36:08,136 [INFO] root: Invoking grok-4.5.
2026-07-12 18:36:08,137 [INFO] root: Invoking grok-4.5.
2026-07-12 18:36:08,138 [INFO] root: Invoking grok-4.5.
2026-07-12 18:36:08,140 [INFO] root: Invoking grok-4.5.
2026-07-12 18:36:08,140 [INFO] root: Invoking grok-4.5.
2026-07-12 18:36:08,141 [INFO] root: Invoking grok-4.5.
2026-07-12 18:36:08,142 [INFO] root: Invoking grok-4.5.
2026-07-12 18:36:08,143 [INFO] root: Invoking grok-4.5.
2026-07-12 18:36:08,145 [INFO] root: Invoking grok-4.5.
2026-07-12 18:36:08,146 [INFO] root: Invoking grok-4.5.
2026-07-12 18:36:08,148 [INFO] root: Invoking grok-4.5.
2026-07-12 18:36:08,148 [INFO] root: Invoking grok-4.5.
2026-07-12 18:36:08,149 [INFO] root: Invoking grok-4.5.
2026-07-12 18:36:08,149 [INFO] root: Invoking grok-4.5.
2026-07-12 18:36:08,150 [INFO] root: Invoking grok-4.5.
2026-07-12 18:36:08,150 [INFO] root: Invoking grok-4.5.
2026-07-12 18:36:08,152 [INFO] root: Invoking grok-4.5.
2026-07-12 18:36:08,153 [INFO] root: Invoking grok-4.5.
2026-07-12 18:36:08,154 [INFO] root: Invoking grok-4.5.
2026-07-12 18:36:08,157 [INFO] root: Invoking grok-4.5.
2026-07-12 18:36:08,157 [INFO] root: Invoking grok-4.5.
2026-07-12 18:36:08,158 [INFO] root: Invoking grok-4.5.
2026-07-12 18:36:08,159 [INFO] root: Invoking grok-4.5.
2026-07-12 18:36:08,160 [INFO] root: Invoking grok-4.5.
2026-07-12 18:36:08,161 [INFO] root: Invoking grok-4.5.
2026-07-12 18:36:08,162 [INFO] root: Invoking grok-4.5.
2026-07-12 18:36:08,163 [INFO] root: Invoking grok-4.5.
2026-07-12 18:36:08,165 [INFO] root: Invoking grok-4.5.
2026-07-12 18:36:08,166 [INFO] root: Invoking grok-4.5.
2026-07-12 18:36:08,167 [INFO] root: Invoking grok-4.5.
2026-07-12 18:36:08,168 [INFO] root: Invoking grok-4.5.
2026-07-12 18:36:08,169 [INFO] root: Invoking grok-4.5.
2026-07-12 18:36:08,170 [INFO] root: Invoking grok-4.5.
2026-07-12 18:36:08,170 [INFO] root: Invoking grok-4.5.
2026-07-12 18:36:08,171 [INFO] root: Invoking grok-4.5.
2026-07-12 18:36:08,172 [INFO] root: Invoking grok-4.5.
2026-07-12 18:36:08,172 [INFO] root: Invoking grok-4.5.
2026-07-12 18:36:08,179 [INFO] root: Invoking grok-4.5.
Queries: 100%|██████████| 678/678 [00:00<00:00, 969.20it/s]
2026-07-12 18:36:08,386 [INFO] root: Saved assay results to /home/harry/code/corporate-bias/data/assays/pairwise-comparative-preference/grok-4.5.parquet.
