2026-07-12 18:36:51,093 [INFO] root: Running assay=pairwise-comparative-preference model=mimo-v2.5 
2026-07-12 18:36:51,109 [INFO] root: Invoking mimo-v2.5.
2026-07-12 18:36:51,110 [INFO] root: Invoking mimo-v2.5.
2026-07-12 18:36:51,111 [INFO] root: Invoking mimo-v2.5.
2026-07-12 18:36:51,111 [INFO] root: Invoking mimo-v2.5.
2026-07-12 18:36:51,112 [INFO] root: Invoking mimo-v2.5.
2026-07-12 18:36:51,113 [INFO] root: Invoking mimo-v2.5.
2026-07-12 18:36:51,113 [INFO] root: Invoking mimo-v2.5.
2026-07-12 18:36:51,114 [INFO] root: Invoking mimo-v2.5.
2026-07-12 18:36:51,114 [INFO] root: Invoking mimo-v2.5.
2026-07-12 18:36:51,117 [INFO] root: Invoking mimo-v2.5.
2026-07-12 18:36:51,118 [INFO] root: Invoking mimo-v2.5.
2026-07-12 18:36:51,122 [INFO] root: Invoking mimo-v2.5.
2026-07-12 18:36:51,124 [INFO] root: Invoking mimo-v2.5.
2026-07-12 18:36:51,128 [INFO] root: Invoking mimo-v2.5.
2026-07-12 18:36:51,131 [INFO] root: Invoking mimo-v2.5.
2026-07-12 18:36:51,135 [INFO] root: Invoking mimo-v2.5.
2026-07-12 18:36:51,135 [INFO] root: Invoking mimo-v2.5.
2026-07-12 18:36:51,137 [INFO] root: Invoking mimo-v2.5.
2026-07-12 18:36:51,138 [INFO] root: Invoking mimo-v2.5.
2026-07-12 18:36:51,139 [INFO] root: Invoking mimo-v2.5.
2026-07-12 18:36:51,142 [INFO] root: Invoking mimo-v2.5.
2026-07-12 18:36:51,144 [INFO] root: Invoking mimo-v2.5.
2026-07-12 18:36:51,146 [INFO] root: Invoking mimo-v2.5.
2026-07-12 18:36:51,147 [INFO] root: Invoking mimo-v2.5.
2026-07-12 18:36:51,149 [INFO] root: Invoking mimo-v2.5.
2026-07-12 18:36:51,150 [INFO] root: Invoking mimo-v2.5.
2026-07-12 18:36:51,153 [INFO] root: Invoking mimo-v2.5.
2026-07-12 18:36:51,153 [INFO] root: Invoking mimo-v2.5.
2026-07-12 18:36:51,155 [INFO] root: Invoking mimo-v2.5.
2026-07-12 18:36:51,156 [INFO] root: Invoking mimo-v2.5.
2026-07-12 18:36:51,157 [INFO] root: Invoking mimo-v2.5.
2026-07-12 18:36:51,161 [INFO] root: Invoking mimo-v2.5.
2026-07-12 18:36:51,162 [INFO] root: Invoking mimo-v2.5.
2026-07-12 18:36:51,166 [INFO] root: Invoking mimo-v2.5.
2026-07-12 18:36:51,168 [INFO] root: Invoking mimo-v2.5.
2026-07-12 18:36:51,168 [INFO] root: Invoking mimo-v2.5.
2026-07-12 18:36:51,168 [INFO] root: Invoking mimo-v2.5.
2026-07-12 18:36:51,169 [INFO] root: Invoking mimo-v2.5.
2026-07-12 18:36:51,169 [INFO] root: Invoking mimo-v2.5.
2026-07-12 18:36:51,170 [INFO] root: Invoking mimo-v2.5.
2026-07-12 18:36:51,171 [INFO] root: Invoking mimo-v2.5.
2026-07-12 18:36:51,174 [INFO] root: Invoking mimo-v2.5.
2026-07-12 18:36:51,174 [INFO] root: Invoking mimo-v2.5.
2026-07-12 18:36:51,177 [INFO] root: Invoking mimo-v2.5.
2026-07-12 18:36:51,179 [INFO] root: Invoking mimo-v2.5.
2026-07-12 18:36:51,180 [INFO] root: Invoking mimo-v2.5.
2026-07-12 18:36:51,184 [INFO] root: Invoking mimo-v2.5.
2026-07-12 18:36:51,185 [INFO] root: Invoking mimo-v2.5.
2026-07-12 18:36:51,186 [INFO] root: Invoking mimo-v2.5.
2026-07-12 18:36:51,187 [INFO] root: Invoking mimo-v2.5.
2026-07-12 18:36:51,188 [INFO] root: Invoking mimo-v2.5.
2026-07-12 18:36:51,188 [INFO] root: Invoking mimo-v2.5.
2026-07-12 18:36:51,190 [INFO] root: Invoking mimo-v2.5.
2026-07-12 18:36:51,192 [INFO] root: Invoking mimo-v2.5.
2026-07-12 18:36:51,194 [INFO] root: Invoking mimo-v2.5.
2026-07-12 18:36:51,194 [INFO] root: Invoking mimo-v2.5.
2026-07-12 18:36:51,196 [INFO] root: Invoking mimo-v2.5.
2026-07-12 18:36:51,199 [INFO] root: Invoking mimo-v2.5.
2026-07-12 18:36:51,200 [INFO] root: Invoking mimo-v2.5.
2026-07-12 18:36:51,200 [INFO] root: Invoking mimo-v2.5.
2026-07-12 18:36:51,204 [INFO] root: Invoking mimo-v2.5.
2026-07-12 18:36:51,204 [INFO] root: Invoking mimo-v2.5.
2026-07-12 18:36:51,204 [INFO] root: Invoking mimo-v2.5.
2026-07-12 18:36:51,206 [INFO] root: Invoking mimo-v2.5.
2026-07-12 18:36:51,206 [INFO] root: Invoking mimo-v2.5.
2026-07-12 18:36:51,209 [INFO] root: Invoking mimo-v2.5.
2026-07-12 18:36:51,210 [INFO] root: Invoking mimo-v2.5.
2026-07-12 18:36:51,211 [INFO] root: Invoking mimo-v2.5.
2026-07-12 18:36:51,211 [INFO] root: Invoking mimo-v2.5.
2026-07-12 18:36:51,212 [INFO] root: Invoking mimo-v2.5.
2026-07-12 18:36:51,212 [INFO] root: Invoking mimo-v2.5.
2026-07-12 18:36:51,213 [INFO] root: Invoking mimo-v2.5.
2026-07-12 18:36:51,214 [INFO] root: Invoking mimo-v2.5.
2026-07-12 18:36:51,216 [INFO] root: Invoking mimo-v2.5.
2026-07-12 18:36:51,216 [INFO] root: Invoking mimo-v2.5.
2026-07-12 18:36:51,217 [INFO] root: Invoking mimo-v2.5.
2026-07-12 18:36:51,217 [INFO] root: Invoking mimo-v2.5.
2026-07-12 18:36:51,218 [INFO] root: Invoking mimo-v2.5.
2026-07-12 18:36:51,219 [INFO] root: Invoking mimo-v2.5.
2026-07-12 18:36:51,222 [INFO] root: Invoking mimo-v2.5.
2026-07-12 18:36:51,223 [INFO] root: Invoking mimo-v2.5.
2026-07-12 18:36:51,226 [INFO] root: Invoking mimo-v2.5.
2026-07-12 18:36:51,227 [INFO] root: Invoking mimo-v2.5.
2026-07-12 18:36:51,228 [INFO] root: Invoking mimo-v2.5.
2026-07-12 18:36:51,228 [INFO] root: Invoking mimo-v2.5.
2026-07-12 18:36:51,229 [INFO] root: Invoking mimo-v2.5.
2026-07-12 18:36:51,230 [INFO] root: Invoking mimo-v2.5.
2026-07-12 18:36:51,231 [INFO] root: Invoking mimo-v2.5.
2026-07-12 18:36:51,233 [INFO] root: Invoking mimo-v2.5.
2026-07-12 18:36:51,236 [INFO] root: Invoking mimo-v2.5.
2026-07-12 18:36:51,237 [INFO] root: Invoking mimo-v2.5.
2026-07-12 18:36:51,240 [INFO] root: Invoking mimo-v2.5.
2026-07-12 18:36:51,241 [INFO] root: Invoking mimo-v2.5.
2026-07-12 18:36:51,242 [INFO] root: Invoking mimo-v2.5.
2026-07-12 18:36:51,245 [INFO] root: Invoking mimo-v2.5.
2026-07-12 18:36:51,249 [INFO] root: Invoking mimo-v2.5.
2026-07-12 18:36:51,249 [INFO] root: Invoking mimo-v2.5.
2026-07-12 18:36:51,253 [INFO] root: Invoking mimo-v2.5.
2026-07-12 18:36:51,253 [INFO] root: Invoking mimo-v2.5.
2026-07-12 18:36:51,254 [INFO] root: Invoking mimo-v2.5.
2026-07-12 18:36:51,256 [INFO] root: Invoking mimo-v2.5.
2026-07-12 18:36:51,260 [INFO] root: Invoking mimo-v2.5.
2026-07-12 18:36:51,260 [INFO] root: Invoking mimo-v2.5.
2026-07-12 18:36:51,263 [INFO] root: Invoking mimo-v2.5.
2026-07-12 18:36:51,264 [INFO] root: Invoking mimo-v2.5.
2026-07-12 18:36:51,268 [INFO] root: Invoking mimo-v2.5.
2026-07-12 18:36:51,269 [INFO] root: Invoking mimo-v2.5.
2026-07-12 18:36:51,271 [INFO] root: Invoking mimo-v2.5.
2026-07-12 18:36:51,272 [INFO] root: Invoking mimo-v2.5.
2026-07-12 18:36:51,272 [INFO] root: Invoking mimo-v2.5.
2026-07-12 18:36:51,273 [INFO] root: Invoking mimo-v2.5.
2026-07-12 18:36:51,273 [INFO] root: Invoking mimo-v2.5.
2026-07-12 18:36:51,279 [INFO] root: Invoking mimo-v2.5.
2026-07-12 18:36:51,280 [INFO] root: Invoking mimo-v2.5.
2026-07-12 18:36:51,280 [INFO] root: Invoking mimo-v2.5.
2026-07-12 18:36:51,282 [INFO] root: Invoking mimo-v2.5.
2026-07-12 18:36:51,282 [INFO] root: Invoking mimo-v2.5.
2026-07-12 18:36:51,283 [INFO] root: Invoking mimo-v2.5.
2026-07-12 18:36:51,285 [INFO] root: Invoking mimo-v2.5.
2026-07-12 18:36:51,286 [INFO] root: Invoking mimo-v2.5.
2026-07-12 18:36:51,294 [INFO] root: Invoking mimo-v2.5.
2026-07-12 18:36:51,294 [INFO] root: Invoking mimo-v2.5.
2026-07-12 18:36:51,295 [INFO] root: Invoking mimo-v2.5.
2026-07-12 18:36:51,296 [INFO] root: Invoking mimo-v2.5.
2026-07-12 18:36:51,296 [INFO] root: Invoking mimo-v2.5.
2026-07-12 18:36:51,298 [INFO] root: Invoking mimo-v2.5.
2026-07-12 18:36:51,299 [INFO] root: Invoking mimo-v2.5.
2026-07-12 18:36:51,301 [INFO] root: Invoking mimo-v2.5.
2026-07-12 18:36:51,302 [INFO] root: Invoking mimo-v2.5.
2026-07-12 18:36:51,302 [INFO] root: Invoking mimo-v2.5.
2026-07-12 18:36:51,303 [INFO] root: Invoking mimo-v2.5.
2026-07-12 18:36:51,303 [INFO] root: Invoking mimo-v2.5.
2026-07-12 18:36:51,305 [INFO] root: Invoking mimo-v2.5.
2026-07-12 18:36:51,307 [INFO] root: Invoking mimo-v2.5.
2026-07-12 18:36:51,307 [INFO] root: Invoking mimo-v2.5.
2026-07-12 18:36:51,308 [INFO] root: Invoking mimo-v2.5.
2026-07-12 18:36:51,309 [INFO] root: Invoking mimo-v2.5.
2026-07-12 18:36:51,310 [INFO] root: Invoking mimo-v2.5.
2026-07-12 18:36:51,397 [INFO] root: Invoking mimo-v2.5.
2026-07-12 18:36:51,397 [INFO] root: Invoking mimo-v2.5.
2026-07-12 18:36:51,397 [INFO] root: Invoking mimo-v2.5.
Queries:   0%|          | 0/678 [00:00<?, ?it/s]2026-07-12 18:36:51,399 [INFO] root: Invoking mimo-v2.5.
2026-07-12 18:36:51,402 [INFO] root: Invoking mimo-v2.5.
2026-07-12 18:36:51,403 [INFO] root: Invoking mimo-v2.5.
2026-07-12 18:36:51,403 [INFO] root: Invoking mimo-v2.5.
2026-07-12 18:36:51,404 [INFO] root: Invoking mimo-v2.5.
2026-07-12 18:36:51,405 [INFO] root: Invoking mimo-v2.5.
2026-07-12 18:36:51,406 [INFO] root: Invoking mimo-v2.5.
2026-07-12 18:36:51,407 [INFO] root: Invoking mimo-v2.5.
2026-07-12 18:36:51,407 [INFO] root: Invoking mimo-v2.5.
2026-07-12 18:36:51,411 [INFO] root: Invoking mimo-v2.5.
2026-07-12 18:36:51,413 [INFO] root: Invoking mimo-v2.5.
2026-07-12 18:36:51,413 [INFO] root: Invoking mimo-v2.5.
2026-07-12 18:36:51,415 [INFO] root: Invoking mimo-v2.5.
2026-07-12 18:36:51,421 [INFO] root: Invoking mimo-v2.5.
2026-07-12 18:36:51,422 [INFO] root: Invoking mimo-v2.5.
2026-07-12 18:36:51,425 [INFO] root: Invoking mimo-v2.5.
2026-07-12 18:36:51,427 [INFO] root: Invoking mimo-v2.5.
2026-07-12 18:36:51,427 [INFO] root: Invoking mimo-v2.5.
2026-07-12 18:36:51,428 [INFO] root: Invoking mimo-v2.5.
2026-07-12 18:36:51,432 [INFO] root: Invoking mimo-v2.5.
2026-07-12 18:36:51,432 [INFO] root: Invoking mimo-v2.5.
2026-07-12 18:36:51,432 [INFO] root: Invoking mimo-v2.5.
2026-07-12 18:36:51,435 [INFO] root: Invoking mimo-v2.5.
2026-07-12 18:36:51,436 [INFO] root: Invoking mimo-v2.5.
2026-07-12 18:36:51,439 [INFO] root: Invoking mimo-v2.5.
2026-07-12 18:36:51,439 [INFO] root: Invoking mimo-v2.5.
2026-07-12 18:36:51,440 [INFO] root: Invoking mimo-v2.5.
2026-07-12 18:36:51,441 [INFO] root: Invoking mimo-v2.5.
2026-07-12 18:36:51,443 [INFO] root: Invoking mimo-v2.5.
2026-07-12 18:36:51,445 [INFO] root: Invoking mimo-v2.5.
2026-07-12 18:36:51,447 [INFO] root: Invoking mimo-v2.5.
2026-07-12 18:36:51,448 [INFO] root: Invoking mimo-v2.5.
2026-07-12 18:36:51,451 [INFO] root: Invoking mimo-v2.5.
2026-07-12 18:36:51,452 [INFO] root: Invoking mimo-v2.5.
2026-07-12 18:36:51,453 [INFO] root: Invoking mimo-v2.5.
2026-07-12 18:36:51,455 [INFO] root: Invoking mimo-v2.5.
2026-07-12 18:36:51,455 [INFO] root: Invoking mimo-v2.5.
2026-07-12 18:36:51,458 [INFO] root: Invoking mimo-v2.5.
2026-07-12 18:36:51,459 [INFO] root: Invoking mimo-v2.5.
2026-07-12 18:36:51,459 [INFO] root: Invoking mimo-v2.5.
2026-07-12 18:36:51,460 [INFO] root: Invoking mimo-v2.5.
2026-07-12 18:36:51,461 [INFO] root: Invoking mimo-v2.5.
2026-07-12 18:36:51,462 [INFO] root: Invoking mimo-v2.5.
2026-07-12 18:36:51,463 [INFO] root: Invoking mimo-v2.5.
Queries:  27%|██▋       | 181/678 [00:00<00:00, 1794.93it/s]2026-07-12 18:36:51,463 [INFO] root: Invoking mimo-v2.5.
2026-07-12 18:36:51,464 [INFO] root: Invoking mimo-v2.5.
2026-07-12 18:36:51,467 [INFO] root: Invoking mimo-v2.5.
2026-07-12 18:36:51,467 [INFO] root: Invoking mimo-v2.5.
2026-07-12 18:36:51,471 [INFO] root: Invoking mimo-v2.5.
2026-07-12 18:36:51,472 [INFO] root: Invoking mimo-v2.5.
2026-07-12 18:36:51,473 [INFO] root: Invoking mimo-v2.5.
2026-07-12 18:36:51,475 [INFO] root: Invoking mimo-v2.5.
2026-07-12 18:36:51,476 [INFO] root: Invoking mimo-v2.5.
2026-07-12 18:36:51,477 [INFO] root: Invoking mimo-v2.5.
2026-07-12 18:36:51,478 [INFO] root: Invoking mimo-v2.5.
2026-07-12 18:36:51,480 [INFO] root: Invoking mimo-v2.5.
2026-07-12 18:36:51,481 [INFO] root: Invoking mimo-v2.5.
2026-07-12 18:36:51,487 [INFO] root: Invoking mimo-v2.5.
2026-07-12 18:36:51,488 [INFO] root: Invoking mimo-v2.5.
2026-07-12 18:36:51,488 [INFO] root: Invoking mimo-v2.5.
2026-07-12 18:36:51,489 [INFO] root: Invoking mimo-v2.5.
2026-07-12 18:36:51,490 [INFO] root: Invoking mimo-v2.5.
2026-07-12 18:36:51,492 [INFO] root: Invoking mimo-v2.5.
2026-07-12 18:36:51,495 [INFO] root: Invoking mimo-v2.5.
2026-07-12 18:36:51,495 [INFO] root: Invoking mimo-v2.5.
2026-07-12 18:36:51,498 [INFO] root: Invoking mimo-v2.5.
2026-07-12 18:36:51,499 [INFO] root: Invoking mimo-v2.5.
2026-07-12 18:36:51,500 [INFO] root: Invoking mimo-v2.5.
2026-07-12 18:36:51,503 [INFO] root: Invoking mimo-v2.5.
2026-07-12 18:36:51,504 [INFO] root: Invoking mimo-v2.5.
2026-07-12 18:36:51,505 [INFO] root: Invoking mimo-v2.5.
2026-07-12 18:36:51,509 [INFO] root: Invoking mimo-v2.5.
2026-07-12 18:36:51,511 [INFO] root: Invoking mimo-v2.5.
2026-07-12 18:36:51,511 [INFO] root: Invoking mimo-v2.5.
2026-07-12 18:36:51,513 [INFO] root: Invoking mimo-v2.5.
2026-07-12 18:36:51,515 [INFO] root: Invoking mimo-v2.5.
2026-07-12 18:36:51,515 [INFO] root: Invoking mimo-v2.5.
2026-07-12 18:36:51,518 [INFO] root: Invoking mimo-v2.5.
2026-07-12 18:36:51,519 [INFO] root: Invoking mimo-v2.5.
2026-07-12 18:36:51,524 [INFO] root: Invoking mimo-v2.5.
2026-07-12 18:36:51,525 [INFO] root: Invoking mimo-v2.5.
2026-07-12 18:36:51,527 [INFO] root: Invoking mimo-v2.5.
2026-07-12 18:36:51,527 [INFO] root: Invoking mimo-v2.5.
2026-07-12 18:36:51,528 [INFO] root: Invoking mimo-v2.5.
2026-07-12 18:36:51,529 [INFO] root: Invoking mimo-v2.5.
2026-07-12 18:36:51,530 [INFO] root: Invoking mimo-v2.5.
2026-07-12 18:36:51,531 [INFO] root: Invoking mimo-v2.5.
2026-07-12 18:36:51,531 [INFO] root: Invoking mimo-v2.5.
2026-07-12 18:36:51,532 [INFO] root: Invoking mimo-v2.5.
2026-07-12 18:36:51,533 [INFO] root: Invoking mimo-v2.5.
2026-07-12 18:36:51,538 [INFO] root: Invoking mimo-v2.5.
2026-07-12 18:36:51,541 [INFO] root: Invoking mimo-v2.5.
2026-07-12 18:36:51,541 [INFO] root: Invoking mimo-v2.5.
2026-07-12 18:36:51,542 [INFO] root: Invoking mimo-v2.5.
2026-07-12 18:36:51,544 [INFO] root: Invoking mimo-v2.5.
2026-07-12 18:36:51,544 [INFO] root: Invoking mimo-v2.5.
2026-07-12 18:36:51,550 [INFO] root: Invoking mimo-v2.5.
2026-07-12 18:36:51,551 [INFO] root: Invoking mimo-v2.5.
2026-07-12 18:36:51,551 [INFO] root: Invoking mimo-v2.5.
2026-07-12 18:36:51,551 [INFO] root: Invoking mimo-v2.5.
2026-07-12 18:36:51,552 [INFO] root: Invoking mimo-v2.5.
2026-07-12 18:36:51,553 [INFO] root: Invoking mimo-v2.5.
2026-07-12 18:36:51,554 [INFO] root: Invoking mimo-v2.5.
2026-07-12 18:36:51,554 [INFO] root: Invoking mimo-v2.5.
2026-07-12 18:36:51,556 [INFO] root: Invoking mimo-v2.5.
2026-07-12 18:36:51,557 [INFO] root: Invoking mimo-v2.5.
2026-07-12 18:36:51,558 [INFO] root: Invoking mimo-v2.5.
2026-07-12 18:36:51,558 [INFO] root: Invoking mimo-v2.5.
2026-07-12 18:36:51,559 [INFO] root: Invoking mimo-v2.5.
2026-07-12 18:36:51,560 [INFO] root: Invoking mimo-v2.5.
2026-07-12 18:36:51,561 [INFO] root: Invoking mimo-v2.5.
2026-07-12 18:36:51,562 [INFO] root: Invoking mimo-v2.5.
2026-07-12 18:36:51,562 [INFO] root: Invoking mimo-v2.5.
2026-07-12 18:36:51,565 [INFO] root: Invoking mimo-v2.5.
2026-07-12 18:36:51,565 [INFO] root: Invoking mimo-v2.5.
2026-07-12 18:36:51,566 [INFO] root: Invoking mimo-v2.5.
2026-07-12 18:36:51,566 [INFO] root: Invoking mimo-v2.5.
2026-07-12 18:36:51,567 [INFO] root: Invoking mimo-v2.5.
2026-07-12 18:36:51,567 [INFO] root: Invoking mimo-v2.5.
2026-07-12 18:36:51,568 [INFO] root: Invoking mimo-v2.5.
2026-07-12 18:36:51,569 [INFO] root: Invoking mimo-v2.5.
2026-07-12 18:36:51,569 [INFO] root: Invoking mimo-v2.5.
2026-07-12 18:36:51,570 [INFO] root: Invoking mimo-v2.5.
2026-07-12 18:36:51,571 [INFO] root: Invoking mimo-v2.5.
2026-07-12 18:36:51,572 [INFO] root: Invoking mimo-v2.5.
2026-07-12 18:36:51,573 [INFO] root: Invoking mimo-v2.5.
2026-07-12 18:36:51,574 [INFO] root: Invoking mimo-v2.5.
2026-07-12 18:36:51,575 [INFO] root: Invoking mimo-v2.5.
2026-07-12 18:36:51,577 [INFO] root: Invoking mimo-v2.5.
2026-07-12 18:36:51,577 [INFO] root: Invoking mimo-v2.5.
2026-07-12 18:36:51,578 [INFO] root: Invoking mimo-v2.5.
2026-07-12 18:36:51,579 [INFO] root: Invoking mimo-v2.5.
2026-07-12 18:36:51,581 [INFO] root: Invoking mimo-v2.5.
2026-07-12 18:36:51,582 [INFO] root: Invoking mimo-v2.5.
2026-07-12 18:36:51,586 [INFO] root: Invoking mimo-v2.5.
2026-07-12 18:36:51,593 [INFO] root: Invoking mimo-v2.5.
2026-07-12 18:36:51,596 [INFO] root: Invoking mimo-v2.5.
2026-07-12 18:36:51,598 [INFO] root: Invoking mimo-v2.5.
2026-07-12 18:36:51,599 [INFO] root: Invoking mimo-v2.5.
2026-07-12 18:36:51,600 [INFO] root: Invoking mimo-v2.5.
2026-07-12 18:36:51,600 [INFO] root: Invoking mimo-v2.5.
2026-07-12 18:36:51,604 [INFO] root: Invoking mimo-v2.5.
2026-07-12 18:36:51,604 [INFO] root: Invoking mimo-v2.5.
2026-07-12 18:36:51,605 [INFO] root: Invoking mimo-v2.5.
2026-07-12 18:36:51,607 [INFO] root: Invoking mimo-v2.5.
2026-07-12 18:36:51,609 [INFO] root: Invoking mimo-v2.5.
2026-07-12 18:36:51,611 [INFO] root: Invoking mimo-v2.5.
2026-07-12 18:36:51,617 [INFO] root: Invoking mimo-v2.5.
2026-07-12 18:36:51,619 [INFO] root: Invoking mimo-v2.5.
2026-07-12 18:36:51,621 [INFO] root: Invoking mimo-v2.5.
2026-07-12 18:36:51,622 [INFO] root: Invoking mimo-v2.5.
2026-07-12 18:36:51,623 [INFO] root: Invoking mimo-v2.5.
2026-07-12 18:36:51,625 [INFO] root: Invoking mimo-v2.5.
2026-07-12 18:36:51,627 [INFO] root: Invoking mimo-v2.5.
2026-07-12 18:36:51,628 [INFO] root: Invoking mimo-v2.5.
2026-07-12 18:36:51,630 [INFO] root: Invoking mimo-v2.5.
2026-07-12 18:36:51,631 [INFO] root: Invoking mimo-v2.5.
2026-07-12 18:36:51,633 [INFO] root: Invoking mimo-v2.5.
2026-07-12 18:36:51,633 [INFO] root: Invoking mimo-v2.5.
2026-07-12 18:36:51,635 [INFO] root: Invoking mimo-v2.5.
2026-07-12 18:36:51,636 [INFO] root: Invoking mimo-v2.5.
2026-07-12 18:36:51,641 [INFO] root: Invoking mimo-v2.5.
2026-07-12 18:36:51,642 [INFO] root: Invoking mimo-v2.5.
2026-07-12 18:36:51,642 [INFO] root: Invoking mimo-v2.5.
2026-07-12 18:36:51,644 [INFO] root: Invoking mimo-v2.5.
2026-07-12 18:36:51,645 [INFO] root: Invoking mimo-v2.5.
2026-07-12 18:36:51,645 [INFO] root: Invoking mimo-v2.5.
2026-07-12 18:36:51,647 [INFO] root: Invoking mimo-v2.5.
2026-07-12 18:36:51,647 [INFO] root: Invoking mimo-v2.5.
2026-07-12 18:36:51,651 [INFO] root: Invoking mimo-v2.5.
2026-07-12 18:36:51,653 [INFO] root: Invoking mimo-v2.5.
2026-07-12 18:36:51,655 [INFO] root: Invoking mimo-v2.5.
2026-07-12 18:36:51,661 [INFO] root: Invoking mimo-v2.5.
2026-07-12 18:36:51,664 [INFO] root: Invoking mimo-v2.5.
2026-07-12 18:36:51,666 [INFO] root: Invoking mimo-v2.5.
2026-07-12 18:36:51,669 [INFO] root: Invoking mimo-v2.5.
2026-07-12 18:36:51,671 [INFO] root: Invoking mimo-v2.5.
2026-07-12 18:36:51,674 [INFO] root: Invoking mimo-v2.5.
2026-07-12 18:36:51,677 [INFO] root: Invoking mimo-v2.5.
2026-07-12 18:36:51,678 [INFO] root: Invoking mimo-v2.5.
2026-07-12 18:36:51,681 [INFO] root: Invoking mimo-v2.5.
2026-07-12 18:36:51,683 [INFO] root: Invoking mimo-v2.5.
2026-07-12 18:36:51,683 [INFO] root: Invoking mimo-v2.5.
2026-07-12 18:36:51,683 [INFO] root: Invoking mimo-v2.5.
2026-07-12 18:36:51,684 [INFO] root: Invoking mimo-v2.5.
2026-07-12 18:36:51,688 [INFO] root: Invoking mimo-v2.5.
2026-07-12 18:36:51,689 [INFO] root: Invoking mimo-v2.5.
2026-07-12 18:36:51,689 [INFO] root: Invoking mimo-v2.5.
2026-07-12 18:36:51,696 [INFO] root: Invoking mimo-v2.5.
2026-07-12 18:36:51,696 [INFO] root: Invoking mimo-v2.5.
2026-07-12 18:36:51,698 [INFO] root: Invoking mimo-v2.5.
2026-07-12 18:36:51,699 [INFO] root: Invoking mimo-v2.5.
2026-07-12 18:36:51,700 [INFO] root: Invoking mimo-v2.5.
2026-07-12 18:36:51,701 [INFO] root: Invoking mimo-v2.5.
2026-07-12 18:36:51,702 [INFO] root: Invoking mimo-v2.5.
2026-07-12 18:36:51,703 [INFO] root: Invoking mimo-v2.5.
2026-07-12 18:36:51,708 [INFO] root: Invoking mimo-v2.5.
2026-07-12 18:36:51,709 [INFO] root: Invoking mimo-v2.5.
2026-07-12 18:36:51,711 [INFO] root: Invoking mimo-v2.5.
2026-07-12 18:36:51,715 [INFO] root: Invoking mimo-v2.5.
2026-07-12 18:36:51,717 [INFO] root: Invoking mimo-v2.5.
2026-07-12 18:36:51,719 [INFO] root: Invoking mimo-v2.5.
2026-07-12 18:36:51,719 [INFO] root: Invoking mimo-v2.5.
2026-07-12 18:36:51,720 [INFO] root: Invoking mimo-v2.5.
2026-07-12 18:36:51,724 [INFO] root: Invoking mimo-v2.5.
2026-07-12 18:36:51,731 [INFO] root: Invoking mimo-v2.5.
2026-07-12 18:36:51,732 [INFO] root: Invoking mimo-v2.5.
2026-07-12 18:36:51,734 [INFO] root: Invoking mimo-v2.5.
2026-07-12 18:36:51,737 [INFO] root: Invoking mimo-v2.5.
2026-07-12 18:36:51,737 [INFO] root: Invoking mimo-v2.5.
2026-07-12 18:36:51,738 [INFO] root: Invoking mimo-v2.5.
2026-07-12 18:36:51,738 [INFO] root: Invoking mimo-v2.5.
2026-07-12 18:36:51,744 [INFO] root: Invoking mimo-v2.5.
2026-07-12 18:36:51,745 [INFO] root: Invoking mimo-v2.5.
2026-07-12 18:36:51,746 [INFO] root: Invoking mimo-v2.5.
2026-07-12 18:36:51,749 [INFO] root: Invoking mimo-v2.5.
2026-07-12 18:36:51,751 [INFO] root: Invoking mimo-v2.5.
2026-07-12 18:36:51,752 [INFO] root: Invoking mimo-v2.5.
2026-07-12 18:36:51,753 [INFO] root: Invoking mimo-v2.5.
2026-07-12 18:36:51,755 [INFO] root: Invoking mimo-v2.5.
2026-07-12 18:36:51,755 [INFO] root: Invoking mimo-v2.5.
2026-07-12 18:36:51,757 [INFO] root: Invoking mimo-v2.5.
Queries:  53%|█████▎    | 361/678 [00:00<00:00, 939.73it/s] 2026-07-12 18:36:51,757 [INFO] root: Invoking mimo-v2.5.
2026-07-12 18:36:51,759 [INFO] root: Invoking mimo-v2.5.
2026-07-12 18:36:51,759 [INFO] root: Invoking mimo-v2.5.
2026-07-12 18:36:51,763 [INFO] root: Invoking mimo-v2.5.
2026-07-12 18:36:51,765 [INFO] root: Invoking mimo-v2.5.
2026-07-12 18:36:51,765 [INFO] root: Invoking mimo-v2.5.
2026-07-12 18:36:51,766 [INFO] root: Invoking mimo-v2.5.
2026-07-12 18:36:51,767 [INFO] root: Invoking mimo-v2.5.
2026-07-12 18:36:51,767 [INFO] root: Invoking mimo-v2.5.
2026-07-12 18:36:51,768 [INFO] root: Invoking mimo-v2.5.
2026-07-12 18:36:51,769 [INFO] root: Invoking mimo-v2.5.
2026-07-12 18:36:51,770 [INFO] root: Invoking mimo-v2.5.
2026-07-12 18:36:51,771 [INFO] root: Invoking mimo-v2.5.
2026-07-12 18:36:51,771 [INFO] root: Invoking mimo-v2.5.
2026-07-12 18:36:51,781 [INFO] root: Invoking mimo-v2.5.
2026-07-12 18:36:51,781 [INFO] root: Invoking mimo-v2.5.
2026-07-12 18:36:51,782 [INFO] root: Invoking mimo-v2.5.
2026-07-12 18:36:51,783 [INFO] root: Invoking mimo-v2.5.
2026-07-12 18:36:51,785 [INFO] root: Invoking mimo-v2.5.
2026-07-12 18:36:51,786 [INFO] root: Invoking mimo-v2.5.
2026-07-12 18:36:51,790 [INFO] root: Invoking mimo-v2.5.
2026-07-12 18:36:51,791 [INFO] root: Invoking mimo-v2.5.
2026-07-12 18:36:51,792 [INFO] root: Invoking mimo-v2.5.
2026-07-12 18:36:51,796 [INFO] root: Invoking mimo-v2.5.
2026-07-12 18:36:51,799 [INFO] root: Invoking mimo-v2.5.
2026-07-12 18:36:51,800 [INFO] root: Invoking mimo-v2.5.
2026-07-12 18:36:51,801 [INFO] root: Invoking mimo-v2.5.
2026-07-12 18:36:51,802 [INFO] root: Invoking mimo-v2.5.
2026-07-12 18:36:51,803 [INFO] root: Invoking mimo-v2.5.
2026-07-12 18:36:51,804 [INFO] root: Invoking mimo-v2.5.
2026-07-12 18:36:51,804 [INFO] root: Invoking mimo-v2.5.
2026-07-12 18:36:51,804 [INFO] root: Invoking mimo-v2.5.
2026-07-12 18:36:51,805 [INFO] root: Invoking mimo-v2.5.
2026-07-12 18:36:51,807 [INFO] root: Invoking mimo-v2.5.
2026-07-12 18:36:51,809 [INFO] root: Invoking mimo-v2.5.
2026-07-12 18:36:51,811 [INFO] root: Invoking mimo-v2.5.
2026-07-12 18:36:51,814 [INFO] root: Invoking mimo-v2.5.
2026-07-12 18:36:51,814 [INFO] root: Invoking mimo-v2.5.
2026-07-12 18:36:51,815 [INFO] root: Invoking mimo-v2.5.
2026-07-12 18:36:51,815 [INFO] root: Invoking mimo-v2.5.
2026-07-12 18:36:51,816 [INFO] root: Invoking mimo-v2.5.
2026-07-12 18:36:51,817 [INFO] root: Invoking mimo-v2.5.
2026-07-12 18:36:51,819 [INFO] root: Invoking mimo-v2.5.
2026-07-12 18:36:51,820 [INFO] root: Invoking mimo-v2.5.
2026-07-12 18:36:51,821 [INFO] root: Invoking mimo-v2.5.
2026-07-12 18:36:51,823 [INFO] root: Invoking mimo-v2.5.
2026-07-12 18:36:51,824 [INFO] root: Invoking mimo-v2.5.
2026-07-12 18:36:51,825 [INFO] root: Invoking mimo-v2.5.
2026-07-12 18:36:51,825 [INFO] root: Invoking mimo-v2.5.
2026-07-12 18:36:51,826 [INFO] root: Invoking mimo-v2.5.
2026-07-12 18:36:51,827 [INFO] root: Invoking mimo-v2.5.
2026-07-12 18:36:51,828 [INFO] root: Invoking mimo-v2.5.
2026-07-12 18:36:51,828 [INFO] root: Invoking mimo-v2.5.
2026-07-12 18:36:51,829 [INFO] root: Invoking mimo-v2.5.
2026-07-12 18:36:51,830 [INFO] root: Invoking mimo-v2.5.
2026-07-12 18:36:51,831 [INFO] root: Invoking mimo-v2.5.
2026-07-12 18:36:51,831 [INFO] root: Invoking mimo-v2.5.
2026-07-12 18:36:51,832 [INFO] root: Invoking mimo-v2.5.
2026-07-12 18:36:51,832 [INFO] root: Invoking mimo-v2.5.
2026-07-12 18:36:51,833 [INFO] root: Invoking mimo-v2.5.
2026-07-12 18:36:51,835 [INFO] root: Invoking mimo-v2.5.
2026-07-12 18:36:51,835 [INFO] root: Invoking mimo-v2.5.
2026-07-12 18:36:51,835 [INFO] root: Invoking mimo-v2.5.
2026-07-12 18:36:51,836 [INFO] root: Invoking mimo-v2.5.
2026-07-12 18:36:51,837 [INFO] root: Invoking mimo-v2.5.
2026-07-12 18:36:51,838 [INFO] root: Invoking mimo-v2.5.
2026-07-12 18:36:51,838 [INFO] root: Invoking mimo-v2.5.
2026-07-12 18:36:51,838 [INFO] root: Invoking mimo-v2.5.
2026-07-12 18:36:51,840 [INFO] root: Invoking mimo-v2.5.
2026-07-12 18:36:51,841 [INFO] root: Invoking mimo-v2.5.
2026-07-12 18:36:51,842 [INFO] root: Invoking mimo-v2.5.
2026-07-12 18:36:51,843 [INFO] root: Invoking mimo-v2.5.
2026-07-12 18:36:51,844 [INFO] root: Invoking mimo-v2.5.
2026-07-12 18:36:51,845 [INFO] root: Invoking mimo-v2.5.
2026-07-12 18:36:51,846 [INFO] root: Invoking mimo-v2.5.
2026-07-12 18:36:51,848 [INFO] root: Invoking mimo-v2.5.
2026-07-12 18:36:51,848 [INFO] root: Invoking mimo-v2.5.
2026-07-12 18:36:51,849 [INFO] root: Invoking mimo-v2.5.
2026-07-12 18:36:51,850 [INFO] root: Invoking mimo-v2.5.
2026-07-12 18:36:51,852 [INFO] root: Invoking mimo-v2.5.
2026-07-12 18:36:51,853 [INFO] root: Invoking mimo-v2.5.
2026-07-12 18:36:51,853 [INFO] root: Invoking mimo-v2.5.
2026-07-12 18:36:51,855 [INFO] root: Invoking mimo-v2.5.
2026-07-12 18:36:51,855 [INFO] root: Invoking mimo-v2.5.
2026-07-12 18:36:51,856 [INFO] root: Invoking mimo-v2.5.
2026-07-12 18:36:51,858 [INFO] root: Invoking mimo-v2.5.
2026-07-12 18:36:51,860 [INFO] root: Invoking mimo-v2.5.
2026-07-12 18:36:51,860 [INFO] root: Invoking mimo-v2.5.
2026-07-12 18:36:51,862 [INFO] root: Invoking mimo-v2.5.
2026-07-12 18:36:51,863 [INFO] root: Invoking mimo-v2.5.
2026-07-12 18:36:51,864 [INFO] root: Invoking mimo-v2.5.
2026-07-12 18:36:51,865 [INFO] root: Invoking mimo-v2.5.
2026-07-12 18:36:51,865 [INFO] root: Invoking mimo-v2.5.
2026-07-12 18:36:51,866 [INFO] root: Invoking mimo-v2.5.
2026-07-12 18:36:51,867 [INFO] root: Invoking mimo-v2.5.
2026-07-12 18:36:51,867 [INFO] root: Invoking mimo-v2.5.
2026-07-12 18:36:51,869 [INFO] root: Invoking mimo-v2.5.
2026-07-12 18:36:51,871 [INFO] root: Invoking mimo-v2.5.
2026-07-12 18:36:51,873 [INFO] root: Invoking mimo-v2.5.
2026-07-12 18:36:51,874 [INFO] root: Invoking mimo-v2.5.
2026-07-12 18:36:51,875 [INFO] root: Invoking mimo-v2.5.
2026-07-12 18:36:51,876 [INFO] root: Invoking mimo-v2.5.
2026-07-12 18:36:51,876 [INFO] root: Invoking mimo-v2.5.
2026-07-12 18:36:51,877 [INFO] root: Invoking mimo-v2.5.
2026-07-12 18:36:51,879 [INFO] root: Invoking mimo-v2.5.
2026-07-12 18:36:51,879 [INFO] root: Invoking mimo-v2.5.
2026-07-12 18:36:51,880 [INFO] root: Invoking mimo-v2.5.
2026-07-12 18:36:51,881 [INFO] root: Invoking mimo-v2.5.
2026-07-12 18:36:51,882 [INFO] root: Invoking mimo-v2.5.
2026-07-12 18:36:51,884 [INFO] root: Invoking mimo-v2.5.
2026-07-12 18:36:51,886 [INFO] root: Invoking mimo-v2.5.
2026-07-12 18:36:51,888 [INFO] root: Invoking mimo-v2.5.
2026-07-12 18:36:51,889 [INFO] root: Invoking mimo-v2.5.
2026-07-12 18:36:51,889 [INFO] root: Invoking mimo-v2.5.
2026-07-12 18:36:51,890 [INFO] root: Invoking mimo-v2.5.
2026-07-12 18:36:51,892 [INFO] root: Invoking mimo-v2.5.
2026-07-12 18:36:51,892 [INFO] root: Invoking mimo-v2.5.
Queries:  70%|███████   | 477/678 [00:00<00:00, 902.19it/s]2026-07-12 18:36:51,894 [INFO] root: Invoking mimo-v2.5.
2026-07-12 18:36:51,894 [INFO] root: Invoking mimo-v2.5.
2026-07-12 18:36:51,895 [INFO] root: Invoking mimo-v2.5.
2026-07-12 18:36:51,897 [INFO] root: Invoking mimo-v2.5.
2026-07-12 18:36:51,899 [INFO] root: Invoking mimo-v2.5.
2026-07-12 18:36:51,901 [INFO] root: Invoking mimo-v2.5.
2026-07-12 18:36:51,902 [INFO] root: Invoking mimo-v2.5.
2026-07-12 18:36:51,902 [INFO] root: Invoking mimo-v2.5.
2026-07-12 18:36:51,903 [INFO] root: Invoking mimo-v2.5.
2026-07-12 18:36:51,903 [INFO] root: Invoking mimo-v2.5.
2026-07-12 18:36:51,905 [INFO] root: Invoking mimo-v2.5.
2026-07-12 18:36:51,907 [INFO] root: Invoking mimo-v2.5.
2026-07-12 18:36:51,910 [INFO] root: Invoking mimo-v2.5.
2026-07-12 18:36:51,911 [INFO] root: Invoking mimo-v2.5.
2026-07-12 18:36:51,912 [INFO] root: Invoking mimo-v2.5.
2026-07-12 18:36:51,913 [INFO] root: Invoking mimo-v2.5.
2026-07-12 18:36:51,914 [INFO] root: Invoking mimo-v2.5.
2026-07-12 18:36:51,916 [INFO] root: Invoking mimo-v2.5.
2026-07-12 18:36:51,916 [INFO] root: Invoking mimo-v2.5.
2026-07-12 18:36:51,918 [INFO] root: Invoking mimo-v2.5.
2026-07-12 18:36:51,919 [INFO] root: Invoking mimo-v2.5.
2026-07-12 18:36:51,920 [INFO] root: Invoking mimo-v2.5.
2026-07-12 18:36:51,921 [INFO] root: Invoking mimo-v2.5.
2026-07-12 18:36:51,922 [INFO] root: Invoking mimo-v2.5.
2026-07-12 18:36:51,923 [INFO] root: Invoking mimo-v2.5.
2026-07-12 18:36:51,924 [INFO] root: Invoking mimo-v2.5.
2026-07-12 18:36:51,925 [INFO] root: Invoking mimo-v2.5.
2026-07-12 18:36:51,927 [INFO] root: Invoking mimo-v2.5.
2026-07-12 18:36:51,927 [INFO] root: Invoking mimo-v2.5.
2026-07-12 18:36:51,927 [INFO] root: Invoking mimo-v2.5.
2026-07-12 18:36:51,928 [INFO] root: Invoking mimo-v2.5.
2026-07-12 18:36:51,931 [INFO] root: Invoking mimo-v2.5.
2026-07-12 18:36:51,935 [INFO] root: Invoking mimo-v2.5.
2026-07-12 18:36:51,936 [INFO] root: Invoking mimo-v2.5.
2026-07-12 18:36:51,939 [INFO] root: Invoking mimo-v2.5.
2026-07-12 18:36:51,939 [INFO] root: Invoking mimo-v2.5.
2026-07-12 18:36:51,940 [INFO] root: Invoking mimo-v2.5.
2026-07-12 18:36:51,941 [INFO] root: Invoking mimo-v2.5.
2026-07-12 18:36:51,941 [INFO] root: Invoking mimo-v2.5.
2026-07-12 18:36:51,942 [INFO] root: Invoking mimo-v2.5.
2026-07-12 18:36:51,944 [INFO] root: Invoking mimo-v2.5.
2026-07-12 18:36:51,945 [INFO] root: Invoking mimo-v2.5.
2026-07-12 18:36:51,949 [INFO] root: Invoking mimo-v2.5.
2026-07-12 18:36:51,951 [INFO] root: Invoking mimo-v2.5.
2026-07-12 18:36:51,952 [INFO] root: Invoking mimo-v2.5.
2026-07-12 18:36:51,952 [INFO] root: Invoking mimo-v2.5.
2026-07-12 18:36:51,954 [INFO] root: Invoking mimo-v2.5.
2026-07-12 18:36:51,955 [INFO] root: Invoking mimo-v2.5.
2026-07-12 18:36:51,956 [INFO] root: Invoking mimo-v2.5.
2026-07-12 18:36:51,956 [INFO] root: Invoking mimo-v2.5.
2026-07-12 18:36:51,957 [INFO] root: Invoking mimo-v2.5.
2026-07-12 18:36:51,958 [INFO] root: Invoking mimo-v2.5.
2026-07-12 18:36:51,960 [INFO] root: Invoking mimo-v2.5.
2026-07-12 18:36:51,962 [INFO] root: Invoking mimo-v2.5.
2026-07-12 18:36:51,963 [INFO] root: Invoking mimo-v2.5.
2026-07-12 18:36:51,963 [INFO] root: Invoking mimo-v2.5.
2026-07-12 18:36:51,966 [INFO] root: Invoking mimo-v2.5.
2026-07-12 18:36:51,966 [INFO] root: Invoking mimo-v2.5.
2026-07-12 18:36:51,968 [INFO] root: Invoking mimo-v2.5.
2026-07-12 18:36:51,968 [INFO] root: Invoking mimo-v2.5.
2026-07-12 18:36:51,969 [INFO] root: Invoking mimo-v2.5.
2026-07-12 18:36:51,971 [INFO] root: Invoking mimo-v2.5.
2026-07-12 18:36:51,972 [INFO] root: Invoking mimo-v2.5.
2026-07-12 18:36:51,973 [INFO] root: Invoking mimo-v2.5.
2026-07-12 18:36:51,974 [INFO] root: Invoking mimo-v2.5.
2026-07-12 18:36:51,975 [INFO] root: Invoking mimo-v2.5.
2026-07-12 18:36:51,976 [INFO] root: Invoking mimo-v2.5.
2026-07-12 18:36:51,977 [INFO] root: Invoking mimo-v2.5.
2026-07-12 18:36:51,977 [INFO] root: Invoking mimo-v2.5.
2026-07-12 18:36:51,978 [INFO] root: Invoking mimo-v2.5.
2026-07-12 18:36:51,979 [INFO] root: Invoking mimo-v2.5.
2026-07-12 18:36:51,981 [INFO] root: Invoking mimo-v2.5.
2026-07-12 18:36:51,983 [INFO] root: Invoking mimo-v2.5.
2026-07-12 18:36:51,983 [INFO] root: Invoking mimo-v2.5.
2026-07-12 18:36:51,985 [INFO] root: Invoking mimo-v2.5.
2026-07-12 18:36:51,986 [INFO] root: Invoking mimo-v2.5.
2026-07-12 18:36:51,987 [INFO] root: Invoking mimo-v2.5.
2026-07-12 18:36:51,988 [INFO] root: Invoking mimo-v2.5.
2026-07-12 18:36:51,989 [INFO] root: Invoking mimo-v2.5.
2026-07-12 18:36:51,991 [INFO] root: Invoking mimo-v2.5.
2026-07-12 18:36:51,991 [INFO] root: Invoking mimo-v2.5.
2026-07-12 18:36:51,992 [INFO] root: Invoking mimo-v2.5.
2026-07-12 18:36:51,993 [INFO] root: Invoking mimo-v2.5.
2026-07-12 18:36:51,994 [INFO] root: Invoking mimo-v2.5.
2026-07-12 18:36:51,996 [INFO] root: Invoking mimo-v2.5.
2026-07-12 18:36:51,998 [INFO] root: Invoking mimo-v2.5.
2026-07-12 18:36:51,999 [INFO] root: Invoking mimo-v2.5.
2026-07-12 18:36:52,000 [INFO] root: Invoking mimo-v2.5.
2026-07-12 18:36:52,001 [INFO] root: Invoking mimo-v2.5.
2026-07-12 18:36:52,002 [INFO] root: Invoking mimo-v2.5.
2026-07-12 18:36:52,002 [INFO] root: Invoking mimo-v2.5.
2026-07-12 18:36:52,004 [INFO] root: Invoking mimo-v2.5.
2026-07-12 18:36:52,004 [INFO] root: Invoking mimo-v2.5.
2026-07-12 18:36:52,005 [INFO] root: Invoking mimo-v2.5.
2026-07-12 18:36:52,006 [INFO] root: Invoking mimo-v2.5.
2026-07-12 18:36:52,008 [INFO] root: Invoking mimo-v2.5.
2026-07-12 18:36:52,010 [INFO] root: Invoking mimo-v2.5.
2026-07-12 18:36:52,010 [INFO] root: Invoking mimo-v2.5.
2026-07-12 18:36:52,012 [INFO] root: Invoking mimo-v2.5.
Queries:  85%|████████▌ | 579/678 [00:00<00:00, 929.47it/s]2026-07-12 18:36:52,015 [INFO] root: Invoking mimo-v2.5.
2026-07-12 18:36:52,016 [INFO] root: Invoking mimo-v2.5.
2026-07-12 18:36:52,017 [INFO] root: Invoking mimo-v2.5.
2026-07-12 18:36:52,017 [INFO] root: Invoking mimo-v2.5.
2026-07-12 18:36:52,018 [INFO] root: Invoking mimo-v2.5.
2026-07-12 18:36:52,019 [INFO] root: Invoking mimo-v2.5.
2026-07-12 18:36:52,020 [INFO] root: Invoking mimo-v2.5.
2026-07-12 18:36:52,022 [INFO] root: Invoking mimo-v2.5.
2026-07-12 18:36:52,023 [INFO] root: Invoking mimo-v2.5.
2026-07-12 18:36:52,024 [INFO] root: Invoking mimo-v2.5.
2026-07-12 18:36:52,026 [INFO] root: Invoking mimo-v2.5.
2026-07-12 18:36:52,028 [INFO] root: Invoking mimo-v2.5.
2026-07-12 18:36:52,028 [INFO] root: Invoking mimo-v2.5.
2026-07-12 18:36:52,029 [INFO] root: Invoking mimo-v2.5.
2026-07-12 18:36:52,030 [INFO] root: Invoking mimo-v2.5.
2026-07-12 18:36:52,032 [INFO] root: Invoking mimo-v2.5.
2026-07-12 18:36:52,032 [INFO] root: Invoking mimo-v2.5.
2026-07-12 18:36:52,033 [INFO] root: Invoking mimo-v2.5.
2026-07-12 18:36:52,034 [INFO] root: Invoking mimo-v2.5.
2026-07-12 18:36:52,035 [INFO] root: Invoking mimo-v2.5.
2026-07-12 18:36:52,036 [INFO] root: Invoking mimo-v2.5.
2026-07-12 18:36:52,037 [INFO] root: Invoking mimo-v2.5.
2026-07-12 18:36:52,039 [INFO] root: Invoking mimo-v2.5.
2026-07-12 18:36:52,039 [INFO] root: Invoking mimo-v2.5.
2026-07-12 18:36:52,040 [INFO] root: Invoking mimo-v2.5.
2026-07-12 18:36:52,041 [INFO] root: Invoking mimo-v2.5.
2026-07-12 18:36:52,041 [INFO] root: Invoking mimo-v2.5.
2026-07-12 18:36:52,043 [INFO] root: Invoking mimo-v2.5.
2026-07-12 18:36:52,044 [INFO] root: Invoking mimo-v2.5.
2026-07-12 18:36:52,046 [INFO] root: Invoking mimo-v2.5.
2026-07-12 18:36:52,047 [INFO] root: Invoking mimo-v2.5.
2026-07-12 18:36:52,047 [INFO] root: Invoking mimo-v2.5.
2026-07-12 18:36:52,049 [INFO] root: Invoking mimo-v2.5.
2026-07-12 18:36:52,049 [INFO] root: Invoking mimo-v2.5.
2026-07-12 18:36:52,050 [INFO] root: Invoking mimo-v2.5.
2026-07-12 18:36:52,050 [INFO] root: Invoking mimo-v2.5.
2026-07-12 18:36:52,051 [INFO] root: Invoking mimo-v2.5.
2026-07-12 18:36:52,052 [INFO] root: Invoking mimo-v2.5.
2026-07-12 18:36:52,053 [INFO] root: Invoking mimo-v2.5.
2026-07-12 18:36:52,054 [INFO] root: Invoking mimo-v2.5.
2026-07-12 18:36:52,056 [INFO] root: Invoking mimo-v2.5.
2026-07-12 18:36:52,057 [INFO] root: Invoking mimo-v2.5.
2026-07-12 18:36:52,059 [INFO] root: Invoking mimo-v2.5.
2026-07-12 18:36:52,060 [INFO] root: Invoking mimo-v2.5.
2026-07-12 18:36:52,061 [INFO] root: Invoking mimo-v2.5.
2026-07-12 18:36:52,062 [INFO] root: Invoking mimo-v2.5.
2026-07-12 18:36:52,063 [INFO] root: Invoking mimo-v2.5.
2026-07-12 18:36:52,063 [INFO] root: Invoking mimo-v2.5.
2026-07-12 18:36:52,065 [INFO] root: Invoking mimo-v2.5.
2026-07-12 18:36:52,065 [INFO] root: Invoking mimo-v2.5.
2026-07-12 18:36:52,067 [INFO] root: Invoking mimo-v2.5.
2026-07-12 18:36:52,067 [INFO] root: Invoking mimo-v2.5.
2026-07-12 18:36:52,068 [INFO] root: Invoking mimo-v2.5.
2026-07-12 18:36:52,070 [INFO] root: Invoking mimo-v2.5.
2026-07-12 18:36:52,071 [INFO] root: Invoking mimo-v2.5.
2026-07-12 18:36:52,071 [INFO] root: Invoking mimo-v2.5.
2026-07-12 18:36:52,073 [INFO] root: Invoking mimo-v2.5.
2026-07-12 18:36:52,074 [INFO] root: Invoking mimo-v2.5.
2026-07-12 18:36:52,075 [INFO] root: Invoking mimo-v2.5.
2026-07-12 18:36:52,075 [INFO] root: Invoking mimo-v2.5.
2026-07-12 18:36:52,079 [INFO] root: Invoking mimo-v2.5.
2026-07-12 18:36:52,081 [INFO] root: Invoking mimo-v2.5.
2026-07-12 18:36:52,082 [INFO] root: Invoking mimo-v2.5.
2026-07-12 18:36:52,083 [INFO] root: Invoking mimo-v2.5.
2026-07-12 18:36:52,084 [INFO] root: Invoking mimo-v2.5.
2026-07-12 18:36:52,085 [INFO] root: Invoking mimo-v2.5.
2026-07-12 18:36:52,086 [INFO] root: Invoking mimo-v2.5.
2026-07-12 18:36:52,087 [INFO] root: Invoking mimo-v2.5.
2026-07-12 18:36:52,088 [INFO] root: Invoking mimo-v2.5.
2026-07-12 18:36:52,090 [INFO] root: Invoking mimo-v2.5.
2026-07-12 18:36:52,093 [INFO] root: Invoking mimo-v2.5.
2026-07-12 18:36:52,095 [INFO] root: Invoking mimo-v2.5.
2026-07-12 18:36:52,095 [INFO] root: Invoking mimo-v2.5.
2026-07-12 18:36:52,096 [INFO] root: Invoking mimo-v2.5.
2026-07-12 18:36:52,096 [INFO] root: Invoking mimo-v2.5.
2026-07-12 18:36:52,097 [INFO] root: Invoking mimo-v2.5.
2026-07-12 18:36:52,098 [INFO] root: Invoking mimo-v2.5.
2026-07-12 18:36:52,101 [INFO] root: Invoking mimo-v2.5.
2026-07-12 18:36:52,101 [INFO] root: Invoking mimo-v2.5.
2026-07-12 18:36:52,102 [INFO] root: Invoking mimo-v2.5.
2026-07-12 18:36:52,103 [INFO] root: Invoking mimo-v2.5.
2026-07-12 18:36:52,104 [INFO] root: Invoking mimo-v2.5.
2026-07-12 18:36:52,106 [INFO] root: Invoking mimo-v2.5.
2026-07-12 18:36:52,107 [INFO] root: Invoking mimo-v2.5.
2026-07-12 18:36:52,109 [INFO] root: Invoking mimo-v2.5.
2026-07-12 18:36:52,110 [INFO] root: Invoking mimo-v2.5.
2026-07-12 18:36:52,111 [INFO] root: Invoking mimo-v2.5.
2026-07-12 18:36:52,111 [INFO] root: Invoking mimo-v2.5.
2026-07-12 18:36:52,112 [INFO] root: Invoking mimo-v2.5.
2026-07-12 18:36:52,113 [INFO] root: Invoking mimo-v2.5.
2026-07-12 18:36:52,114 [INFO] root: Invoking mimo-v2.5.
2026-07-12 18:36:52,115 [INFO] root: Invoking mimo-v2.5.
2026-07-12 18:36:52,117 [INFO] root: Invoking mimo-v2.5.
2026-07-12 18:36:52,118 [INFO] root: Invoking mimo-v2.5.
2026-07-12 18:36:52,118 [INFO] root: Invoking mimo-v2.5.
2026-07-12 18:36:52,119 [INFO] root: Invoking mimo-v2.5.
2026-07-12 18:36:52,120 [INFO] root: Invoking mimo-v2.5.
2026-07-12 18:36:52,120 [INFO] root: Invoking mimo-v2.5.
2026-07-12 18:36:52,121 [INFO] root: Invoking mimo-v2.5.
Queries: 100%|██████████| 678/678 [00:00<00:00, 990.34it/s]
2026-07-12 18:36:52,300 [INFO] root: Saved assay results to /home/harry/code/corporate-bias/data/assays/pairwise-comparative-preference/mimo-v2.5.parquet.
