/home/harry/code/corporate-bias/.venv/lib/python3.12/site-packages/dvclive/monitor_system.py:11: FutureWarning: The pynvml package is deprecated. Please install nvidia-ml-py instead. If you did not install pynvml directly, please report this to the maintainers of the package that installed pynvml for you.
  from pynvml import (
Loading weights:   0%|          | 0/393 [00:00<?, ?it/s]Loading weights: 100%|██████████| 393/393 [00:00<00:00, 6753.34it/s]
RobertaForSequenceClassification LOAD REPORT from: siebert/sentiment-roberta-large-english
Key                             | Status     |  | 
--------------------------------+------------+--+-
roberta.embeddings.position_ids | UNEXPECTED |  | 

Notes:
- UNEXPECTED	:can be ignored when loading from different task/architecture; not ok if you expect identical arch.
Warning: You are sending unauthenticated requests to the HF Hub. Please set a HF_TOKEN to enable higher rate limits and faster downloads.
Loading weights:   0%|          | 0/202 [00:00<?, ?it/s]Loading weights:  50%|█████     | 101/202 [00:00<00:00, 998.04it/s]Loading weights: 100%|██████████| 202/202 [00:00<00:00, 1512.44it/s]
Loading weights:   0%|          | 0/202 [00:00<?, ?it/s]Loading weights:  48%|████▊     | 96/202 [00:00<00:00, 957.98it/s]Loading weights: 100%|██████████| 202/202 [00:00<00:00, 1470.66it/s]
/home/harry/code/corporate-bias/pipelines/run_assay.py:83: PolarsInefficientMapWarning: 
Expr.map_elements is significantly slower than the native expressions API.
Only use if you absolutely CANNOT implement your logic otherwise.
Replace this expression...
  - pl.col("instance_json").map_elements(json.loads)
with this one instead:
  + pl.col("instance_json").str.json_decode()

  .map_elements(json.loads, return_dtype=pl.Object)
2026-03-31 18:14:16,559 [INFO] root: Running assay=head-to-head model=nemotron-3-super-120b-a12b num_samples_per_instance=1.
2026-03-31 18:14:16,565 [INFO] root: Invoking nemotron-3-super-120b-a12b.
2026-03-31 18:14:16,566 [INFO] root: Invoking nemotron-3-super-120b-a12b.
2026-03-31 18:14:16,566 [INFO] root: Invoking nemotron-3-super-120b-a12b.
2026-03-31 18:14:16,567 [INFO] root: Invoking nemotron-3-super-120b-a12b.
2026-03-31 18:14:16,567 [INFO] root: Invoking nemotron-3-super-120b-a12b.
2026-03-31 18:14:16,569 [INFO] root: Invoking nemotron-3-super-120b-a12b.
2026-03-31 18:14:16,569 [INFO] root: Invoking nemotron-3-super-120b-a12b.
2026-03-31 18:14:16,570 [INFO] root: Invoking nemotron-3-super-120b-a12b.
2026-03-31 18:14:16,571 [INFO] root: Invoking nemotron-3-super-120b-a12b.
2026-03-31 18:14:16,573 [INFO] root: Invoking nemotron-3-super-120b-a12b.
2026-03-31 18:14:16,575 [INFO] root: Invoking nemotron-3-super-120b-a12b.
2026-03-31 18:14:16,576 [INFO] root: Invoking nemotron-3-super-120b-a12b.
2026-03-31 18:14:16,577 [INFO] root: Invoking nemotron-3-super-120b-a12b.
2026-03-31 18:14:16,578 [INFO] root: Invoking nemotron-3-super-120b-a12b.
2026-03-31 18:14:16,583 [INFO] root: Invoking nemotron-3-super-120b-a12b.
2026-03-31 18:14:16,587 [INFO] root: Invoking nemotron-3-super-120b-a12b.
2026-03-31 18:14:16,590 [INFO] root: Invoking nemotron-3-super-120b-a12b.
2026-03-31 18:14:16,594 [INFO] root: Invoking nemotron-3-super-120b-a12b.
2026-03-31 18:14:16,596 [INFO] root: Invoking nemotron-3-super-120b-a12b.
2026-03-31 18:14:16,608 [INFO] root: Invoking nemotron-3-super-120b-a12b.
2026-03-31 18:14:16,611 [INFO] root: Invoking nemotron-3-super-120b-a12b.
2026-03-31 18:14:16,613 [INFO] root: Invoking nemotron-3-super-120b-a12b.
2026-03-31 18:14:16,616 [INFO] root: Invoking nemotron-3-super-120b-a12b.
2026-03-31 18:14:16,618 [INFO] root: Invoking nemotron-3-super-120b-a12b.
2026-03-31 18:14:16,621 [INFO] root: Invoking nemotron-3-super-120b-a12b.
2026-03-31 18:14:16,623 [INFO] root: Invoking nemotron-3-super-120b-a12b.
2026-03-31 18:14:16,626 [INFO] root: Invoking nemotron-3-super-120b-a12b.
2026-03-31 18:14:16,627 [INFO] root: Invoking nemotron-3-super-120b-a12b.
2026-03-31 18:14:16,629 [INFO] root: Invoking nemotron-3-super-120b-a12b.
2026-03-31 18:14:16,631 [INFO] root: Invoking nemotron-3-super-120b-a12b.
2026-03-31 18:14:16,632 [INFO] root: Invoking nemotron-3-super-120b-a12b.
Preferences:   0%|          | 0/60 [00:00<?, ?it/s]2026-03-31 18:14:16,632 [INFO] root: Invoking nemotron-3-super-120b-a12b.
2026-03-31 18:14:16,701 [INFO] root: Invoking nemotron-3-super-120b-a12b.
2026-03-31 18:14:16,702 [INFO] root: Invoking nemotron-3-super-120b-a12b.
2026-03-31 18:14:16,702 [INFO] root: Invoking nemotron-3-super-120b-a12b.
2026-03-31 18:14:16,703 [INFO] root: Invoking nemotron-3-super-120b-a12b.
2026-03-31 18:14:16,704 [INFO] root: Invoking nemotron-3-super-120b-a12b.
2026-03-31 18:14:16,705 [INFO] root: Invoking nemotron-3-super-120b-a12b.
2026-03-31 18:14:16,706 [INFO] root: Invoking nemotron-3-super-120b-a12b.
2026-03-31 18:14:16,706 [INFO] root: Invoking nemotron-3-super-120b-a12b.
2026-03-31 18:14:16,706 [INFO] root: Invoking nemotron-3-super-120b-a12b.
2026-03-31 18:14:16,707 [INFO] root: Invoking nemotron-3-super-120b-a12b.
2026-03-31 18:14:16,707 [INFO] root: Invoking nemotron-3-super-120b-a12b.
2026-03-31 18:14:16,707 [INFO] root: Invoking nemotron-3-super-120b-a12b.
2026-03-31 18:14:16,708 [INFO] root: Invoking nemotron-3-super-120b-a12b.
2026-03-31 18:14:16,708 [INFO] root: Invoking nemotron-3-super-120b-a12b.
2026-03-31 18:14:16,709 [INFO] root: Invoking nemotron-3-super-120b-a12b.
2026-03-31 18:14:16,709 [INFO] root: Invoking nemotron-3-super-120b-a12b.
2026-03-31 18:14:16,709 [INFO] root: Invoking nemotron-3-super-120b-a12b.
2026-03-31 18:14:16,710 [INFO] root: Invoking nemotron-3-super-120b-a12b.
2026-03-31 18:14:16,710 [INFO] root: Invoking nemotron-3-super-120b-a12b.
2026-03-31 18:14:16,711 [INFO] root: Invoking nemotron-3-super-120b-a12b.
2026-03-31 18:14:16,712 [INFO] root: Invoking nemotron-3-super-120b-a12b.
2026-03-31 18:14:16,712 [INFO] root: Invoking nemotron-3-super-120b-a12b.
2026-03-31 18:14:16,712 [INFO] root: Invoking nemotron-3-super-120b-a12b.
2026-03-31 18:14:16,713 [INFO] root: Invoking nemotron-3-super-120b-a12b.
2026-03-31 18:14:16,713 [INFO] root: Invoking nemotron-3-super-120b-a12b.
2026-03-31 18:14:16,713 [INFO] root: Invoking nemotron-3-super-120b-a12b.
2026-03-31 18:14:16,713 [INFO] root: Invoking nemotron-3-super-120b-a12b.
2026-03-31 18:14:16,714 [INFO] root: Invoking nemotron-3-super-120b-a12b.
Preferences: 100%|██████████| 60/60 [00:00<00:00, 632.52it/s]
2026-03-31 18:14:16,739 [INFO] root: Saved assay results to /home/harry/code/corporate-bias/data/assays/head-to-head/nemotron-3-super-120b-a12b.parquet.
