2026-07-10 17:22:22,117 [INFO] root: Running assay=pairwise-comparative-preference model=nemotron-3-ultra-550b-a55b 
2026-07-10 17:22:22,132 [INFO] root: Invoking nemotron-3-ultra-550b-a55b.
2026-07-10 17:22:22,133 [INFO] root: Invoking nemotron-3-ultra-550b-a55b.
2026-07-10 17:22:22,134 [INFO] root: Invoking nemotron-3-ultra-550b-a55b.
2026-07-10 17:22:22,135 [INFO] root: Invoking nemotron-3-ultra-550b-a55b.
2026-07-10 17:22:22,136 [INFO] root: Invoking nemotron-3-ultra-550b-a55b.
2026-07-10 17:22:22,138 [INFO] root: Invoking nemotron-3-ultra-550b-a55b.
2026-07-10 17:22:22,139 [INFO] root: Invoking nemotron-3-ultra-550b-a55b.
2026-07-10 17:22:22,140 [INFO] root: Invoking nemotron-3-ultra-550b-a55b.
2026-07-10 17:22:22,141 [INFO] root: Invoking nemotron-3-ultra-550b-a55b.
2026-07-10 17:22:22,143 [INFO] root: Invoking nemotron-3-ultra-550b-a55b.
2026-07-10 17:22:22,145 [INFO] root: Invoking nemotron-3-ultra-550b-a55b.
2026-07-10 17:22:22,147 [INFO] root: Invoking nemotron-3-ultra-550b-a55b.
2026-07-10 17:22:22,149 [INFO] root: Invoking nemotron-3-ultra-550b-a55b.
2026-07-10 17:22:22,151 [INFO] root: Invoking nemotron-3-ultra-550b-a55b.
2026-07-10 17:22:22,152 [INFO] root: Invoking nemotron-3-ultra-550b-a55b.
2026-07-10 17:22:22,154 [INFO] root: Invoking nemotron-3-ultra-550b-a55b.
2026-07-10 17:22:22,155 [INFO] root: Invoking nemotron-3-ultra-550b-a55b.
Queries:   0%|          | 0/18 [00:00<?, ?it/s]2026-07-10 17:22:22,156 [INFO] root: Invoking nemotron-3-ultra-550b-a55b.
Queries: 100%|██████████| 18/18 [00:00<00:00, 385.70it/s]
2026-07-10 17:22:22,223 [INFO] root: Saved assay results to /home/harry/code/corporate-bias/data/assays/pairwise-comparative-preference/nemotron-3-ultra-550b-a55b.parquet.
