2026-07-12 18:37:31,151 [INFO] root: Running assay=listwise-ordinal-preference model=grok-4.3 
2026-07-12 18:37:31,164 [INFO] root: Invoking grok-4.3.
2026-07-12 18:37:31,164 [INFO] root: Invoking grok-4.3.
2026-07-12 18:37:31,165 [INFO] root: Invoking grok-4.3.
2026-07-12 18:37:31,165 [INFO] root: Invoking grok-4.3.
2026-07-12 18:37:31,166 [INFO] root: Invoking grok-4.3.
2026-07-12 18:37:31,167 [INFO] root: Invoking grok-4.3.
2026-07-12 18:37:31,167 [INFO] root: Invoking grok-4.3.
2026-07-12 18:37:31,168 [INFO] root: Invoking grok-4.3.
2026-07-12 18:37:31,169 [INFO] root: Invoking grok-4.3.
2026-07-12 18:37:31,171 [INFO] root: Invoking grok-4.3.
2026-07-12 18:37:31,172 [INFO] root: Invoking grok-4.3.
2026-07-12 18:37:31,173 [INFO] root: Invoking grok-4.3.
2026-07-12 18:37:31,175 [INFO] root: Invoking grok-4.3.
2026-07-12 18:37:31,176 [INFO] root: Invoking grok-4.3.
2026-07-12 18:37:31,177 [INFO] root: Invoking grok-4.3.
2026-07-12 18:37:31,178 [INFO] root: Invoking grok-4.3.
2026-07-12 18:37:31,180 [INFO] root: Invoking grok-4.3.
2026-07-12 18:37:31,181 [INFO] root: Invoking grok-4.3.
2026-07-12 18:37:31,182 [INFO] root: Invoking grok-4.3.
2026-07-12 18:37:31,190 [INFO] root: Invoking grok-4.3.
2026-07-12 18:37:31,195 [INFO] root: Invoking grok-4.3.
2026-07-12 18:37:31,196 [INFO] root: Invoking grok-4.3.
2026-07-12 18:37:31,198 [INFO] root: Invoking grok-4.3.
2026-07-12 18:37:31,198 [INFO] root: Invoking grok-4.3.
2026-07-12 18:37:31,200 [INFO] root: Invoking grok-4.3.
2026-07-12 18:37:31,200 [INFO] root: Invoking grok-4.3.
2026-07-12 18:37:31,205 [INFO] root: Invoking grok-4.3.
2026-07-12 18:37:31,210 [INFO] root: Invoking grok-4.3.
2026-07-12 18:37:31,211 [INFO] root: Invoking grok-4.3.
2026-07-12 18:37:31,213 [INFO] root: Invoking grok-4.3.
2026-07-12 18:37:31,214 [INFO] root: Invoking grok-4.3.
2026-07-12 18:37:31,215 [INFO] root: Invoking grok-4.3.
2026-07-12 18:37:31,215 [INFO] root: Invoking grok-4.3.
2026-07-12 18:37:31,216 [INFO] root: Invoking grok-4.3.
2026-07-12 18:37:31,217 [INFO] root: Invoking grok-4.3.
2026-07-12 18:37:31,219 [INFO] root: Invoking grok-4.3.
2026-07-12 18:37:31,226 [INFO] root: Invoking grok-4.3.
2026-07-12 18:37:31,227 [INFO] root: Invoking grok-4.3.
2026-07-12 18:37:31,228 [INFO] root: Invoking grok-4.3.
2026-07-12 18:37:31,229 [INFO] root: Invoking grok-4.3.
2026-07-12 18:37:31,230 [INFO] root: Invoking grok-4.3.
2026-07-12 18:37:31,232 [INFO] root: Invoking grok-4.3.
2026-07-12 18:37:31,233 [INFO] root: Invoking grok-4.3.
2026-07-12 18:37:31,234 [INFO] root: Invoking grok-4.3.
2026-07-12 18:37:31,235 [INFO] root: Invoking grok-4.3.
2026-07-12 18:37:31,238 [INFO] root: Invoking grok-4.3.
2026-07-12 18:37:31,239 [INFO] root: Invoking grok-4.3.
Queries:   0%|          | 0/75 [00:00<?, ?it/s]2026-07-12 18:37:31,240 [INFO] root: Invoking grok-4.3.
2026-07-12 18:37:31,243 [INFO] root: Invoking grok-4.3.
2026-07-12 18:37:31,244 [INFO] root: Invoking grok-4.3.
2026-07-12 18:37:31,245 [INFO] root: Invoking grok-4.3.
2026-07-12 18:37:31,245 [INFO] root: Invoking grok-4.3.
2026-07-12 18:37:31,249 [INFO] root: Invoking grok-4.3.
2026-07-12 18:37:31,254 [INFO] root: Invoking grok-4.3.
2026-07-12 18:37:31,255 [INFO] root: Invoking grok-4.3.
2026-07-12 18:37:31,256 [INFO] root: Invoking grok-4.3.
2026-07-12 18:37:31,256 [INFO] root: Invoking grok-4.3.
2026-07-12 18:37:31,256 [INFO] root: Invoking grok-4.3.
2026-07-12 18:37:31,257 [INFO] root: Invoking grok-4.3.
2026-07-12 18:37:31,258 [INFO] root: Invoking grok-4.3.
2026-07-12 18:37:31,259 [INFO] root: Invoking grok-4.3.
2026-07-12 18:37:31,259 [INFO] root: Invoking grok-4.3.
2026-07-12 18:37:31,259 [INFO] root: Invoking grok-4.3.
2026-07-12 18:37:31,261 [INFO] root: Invoking grok-4.3.
2026-07-12 18:37:31,265 [INFO] root: Invoking grok-4.3.
2026-07-12 18:37:31,266 [INFO] root: Invoking grok-4.3.
2026-07-12 18:37:31,266 [INFO] root: Invoking grok-4.3.
2026-07-12 18:37:31,266 [INFO] root: Invoking grok-4.3.
2026-07-12 18:37:31,267 [INFO] root: Invoking grok-4.3.
2026-07-12 18:37:31,267 [INFO] root: Invoking grok-4.3.
2026-07-12 18:37:31,268 [INFO] root: Invoking grok-4.3.
2026-07-12 18:37:31,269 [INFO] root: Invoking grok-4.3.
2026-07-12 18:37:31,271 [INFO] root: Invoking grok-4.3.
2026-07-12 18:37:31,272 [INFO] root: Invoking grok-4.3.
2026-07-12 18:37:31,274 [INFO] root: Invoking grok-4.3.
Queries: 100%|██████████| 75/75 [00:00<00:00, 1206.56it/s]
2026-07-12 18:37:31,364 [INFO] root: Saved assay results to /home/harry/code/corporate-bias/data/assays/listwise-ordinal-preference/grok-4.3.parquet.
