2026-07-10 16:58:55,302 [INFO] root: Running assay=pairwise-comparative-preference model=gemma-4-31b-it 
2026-07-10 16:58:55,319 [INFO] root: Invoking gemma-4-31b-it.
2026-07-10 16:58:55,320 [INFO] root: Invoking gemma-4-31b-it.
2026-07-10 16:58:55,320 [INFO] root: Invoking gemma-4-31b-it.
2026-07-10 16:58:55,321 [INFO] root: Invoking gemma-4-31b-it.
2026-07-10 16:58:55,322 [INFO] root: Invoking gemma-4-31b-it.
2026-07-10 16:58:55,323 [INFO] root: Invoking gemma-4-31b-it.
2026-07-10 16:58:55,324 [INFO] root: Invoking gemma-4-31b-it.
2026-07-10 16:58:55,325 [INFO] root: Invoking gemma-4-31b-it.
2026-07-10 16:58:55,327 [INFO] root: Invoking gemma-4-31b-it.
2026-07-10 16:58:55,327 [INFO] root: Invoking gemma-4-31b-it.
2026-07-10 16:58:55,330 [INFO] root: Invoking gemma-4-31b-it.
2026-07-10 16:58:55,331 [INFO] root: Invoking gemma-4-31b-it.
2026-07-10 16:58:55,332 [INFO] root: Invoking gemma-4-31b-it.
2026-07-10 16:58:55,334 [INFO] root: Invoking gemma-4-31b-it.
2026-07-10 16:58:55,334 [INFO] root: Invoking gemma-4-31b-it.
2026-07-10 16:58:55,336 [INFO] root: Invoking gemma-4-31b-it.
Queries:   0%|          | 0/18 [00:00<?, ?it/s]2026-07-10 16:58:55,339 [INFO] root: Invoking gemma-4-31b-it.
2026-07-10 16:58:55,340 [INFO] root: Invoking gemma-4-31b-it.
Queries: 100%|██████████| 18/18 [00:00<00:00, 318.30it/s]
2026-07-10 16:58:55,411 [INFO] root: Saved assay results to /home/harry/code/corporate-bias/data/assays/pairwise-comparative-preference/gemma-4-31b-it.parquet.
