/home/harry/code/corporate-bias/.venv/lib/python3.12/site-packages/dvclive/monitor_system.py:11: FutureWarning: The pynvml package is deprecated. Please install nvidia-ml-py instead. If you did not install pynvml directly, please report this to the maintainers of the package that installed pynvml for you.
  from pynvml import (
/home/harry/code/corporate-bias/pipelines/run_assay.py:58: PolarsInefficientMapWarning: 
Expr.map_elements is significantly slower than the native expressions API.
Only use if you absolutely CANNOT implement your logic otherwise.
Replace this expression...
  - pl.col("instance_json").map_elements(json.loads)
with this one instead:
  + pl.col("instance_json").str.json_decode()

  .map_elements(json.loads, return_dtype=pl.Object)
2026-05-25 13:15:57,368 [INFO] root: Running assay=rank model=grok-4.1-fast num_samples_per_instance=3.
2026-05-25 13:15:57,400 [INFO] root: Invoking grok-4.1-fast.
2026-05-25 13:15:57,401 [INFO] root: Invoking grok-4.1-fast.
2026-05-25 13:15:57,403 [INFO] root: Invoking grok-4.1-fast.
2026-05-25 13:15:57,404 [INFO] root: Invoking grok-4.1-fast.
2026-05-25 13:15:57,406 [INFO] root: Invoking grok-4.1-fast.
2026-05-25 13:15:57,407 [INFO] root: Invoking grok-4.1-fast.
2026-05-25 13:15:57,408 [INFO] root: Invoking grok-4.1-fast.
2026-05-25 13:15:57,410 [INFO] root: Invoking grok-4.1-fast.
2026-05-25 13:15:57,414 [INFO] root: Invoking grok-4.1-fast.
2026-05-25 13:15:57,419 [INFO] root: Invoking grok-4.1-fast.
2026-05-25 13:15:57,421 [INFO] root: Invoking grok-4.1-fast.
2026-05-25 13:15:57,422 [INFO] root: Invoking grok-4.1-fast.
2026-05-25 13:15:57,426 [INFO] root: Invoking grok-4.1-fast.
2026-05-25 13:15:57,428 [INFO] root: Invoking grok-4.1-fast.
2026-05-25 13:15:57,436 [INFO] root: Invoking grok-4.1-fast.
2026-05-25 13:15:57,438 [INFO] root: Invoking grok-4.1-fast.
2026-05-25 13:15:57,449 [INFO] root: Invoking grok-4.1-fast.
2026-05-25 13:15:57,462 [INFO] root: Invoking grok-4.1-fast.
2026-05-25 13:15:57,472 [INFO] root: Invoking grok-4.1-fast.
2026-05-25 13:15:57,478 [INFO] root: Invoking grok-4.1-fast.
2026-05-25 13:15:57,480 [INFO] root: Invoking grok-4.1-fast.
2026-05-25 13:15:57,485 [INFO] root: Invoking grok-4.1-fast.
2026-05-25 13:15:57,493 [INFO] root: Invoking grok-4.1-fast.
2026-05-25 13:15:57,507 [INFO] root: Invoking grok-4.1-fast.
2026-05-25 13:15:57,513 [INFO] root: Invoking grok-4.1-fast.
2026-05-25 13:15:57,520 [INFO] root: Invoking grok-4.1-fast.
2026-05-25 13:15:57,524 [INFO] root: Invoking grok-4.1-fast.
2026-05-25 13:15:57,532 [INFO] root: Invoking grok-4.1-fast.
2026-05-25 13:15:57,539 [INFO] root: Invoking grok-4.1-fast.
2026-05-25 13:15:57,550 [INFO] root: Invoking grok-4.1-fast.
2026-05-25 13:15:57,563 [INFO] root: Invoking grok-4.1-fast.
2026-05-25 13:15:57,571 [INFO] root: Invoking grok-4.1-fast.
2026-05-25 13:15:57,576 [INFO] root: Invoking grok-4.1-fast.
2026-05-25 13:15:57,585 [INFO] root: Invoking grok-4.1-fast.
2026-05-25 13:15:57,597 [INFO] root: Invoking grok-4.1-fast.
2026-05-25 13:15:57,611 [INFO] root: Invoking grok-4.1-fast.
2026-05-25 13:15:57,618 [INFO] root: Invoking grok-4.1-fast.
2026-05-25 13:15:57,626 [INFO] root: Invoking grok-4.1-fast.
2026-05-25 13:15:57,632 [INFO] root: Invoking grok-4.1-fast.
2026-05-25 13:15:57,635 [INFO] root: Invoking grok-4.1-fast.
2026-05-25 13:15:57,650 [INFO] root: Invoking grok-4.1-fast.
2026-05-25 13:15:57,653 [INFO] root: Invoking grok-4.1-fast.
2026-05-25 13:15:57,659 [INFO] root: Invoking grok-4.1-fast.
2026-05-25 13:15:57,667 [INFO] root: Invoking grok-4.1-fast.
2026-05-25 13:15:57,674 [INFO] root: Invoking grok-4.1-fast.
2026-05-25 13:15:57,677 [INFO] root: Invoking grok-4.1-fast.
2026-05-25 13:15:57,686 [INFO] root: Invoking grok-4.1-fast.
2026-05-25 13:15:57,689 [INFO] root: Invoking grok-4.1-fast.
2026-05-25 13:15:57,694 [INFO] root: Invoking grok-4.1-fast.
2026-05-25 13:15:57,699 [INFO] root: Invoking grok-4.1-fast.
2026-05-25 13:15:57,702 [INFO] root: Invoking grok-4.1-fast.
2026-05-25 13:15:57,708 [INFO] root: Invoking grok-4.1-fast.
2026-05-25 13:15:57,712 [INFO] root: Invoking grok-4.1-fast.
2026-05-25 13:15:57,721 [INFO] root: Invoking grok-4.1-fast.
2026-05-25 13:15:57,728 [INFO] root: Invoking grok-4.1-fast.
2026-05-25 13:15:57,731 [INFO] root: Invoking grok-4.1-fast.
2026-05-25 13:15:57,736 [INFO] root: Invoking grok-4.1-fast.
2026-05-25 13:15:57,747 [INFO] root: Invoking grok-4.1-fast.
2026-05-25 13:15:57,750 [INFO] root: Invoking grok-4.1-fast.
2026-05-25 13:15:57,760 [INFO] root: Invoking grok-4.1-fast.
2026-05-25 13:15:57,763 [INFO] root: Invoking grok-4.1-fast.
2026-05-25 13:15:57,770 [INFO] root: Invoking grok-4.1-fast.
Rankings:   0%|          | 0/63 [00:00<?, ?it/s]2026-05-25 13:15:57,775 [INFO] root: Invoking grok-4.1-fast.
Rankings:  27%|██▋       | 17/63 [00:00<00:00, 168.63it/s]Rankings: 100%|██████████| 63/63 [00:00<00:00, 484.26it/s]
2026-05-25 13:15:57,970 [INFO] root: Saved assay results to /home/harry/code/corporate-bias/data/assays/rank/grok-4.1-fast.parquet.
