/home/harry/code/corporate-bias/.venv/lib/python3.12/site-packages/dvclive/monitor_system.py:11: FutureWarning: The pynvml package is deprecated. Please install nvidia-ml-py instead. If you did not install pynvml directly, please report this to the maintainers of the package that installed pynvml for you.
  from pynvml import (
/home/harry/code/corporate-bias/pipelines/run_assay.py:58: PolarsInefficientMapWarning: 
Expr.map_elements is significantly slower than the native expressions API.
Only use if you absolutely CANNOT implement your logic otherwise.
Replace this expression...
  - pl.col("instance_json").map_elements(json.loads)
with this one instead:
  + pl.col("instance_json").str.json_decode()

  .map_elements(json.loads, return_dtype=pl.Object)
2026-04-07 16:44:56,912 [INFO] root: Running assay=head-to-head model=grok-4.1-fast num_samples_per_instance=5.
2026-04-07 16:44:56,919 [INFO] root: Invoking grok-4.1-fast.
2026-04-07 16:44:56,920 [INFO] root: Invoking grok-4.1-fast.
2026-04-07 16:44:56,922 [INFO] root: Invoking grok-4.1-fast.
2026-04-07 16:44:56,923 [INFO] root: Invoking grok-4.1-fast.
2026-04-07 16:44:56,924 [INFO] root: Invoking grok-4.1-fast.
2026-04-07 16:44:56,926 [INFO] root: Invoking grok-4.1-fast.
2026-04-07 16:44:56,927 [INFO] root: Invoking grok-4.1-fast.
2026-04-07 16:44:56,928 [INFO] root: Invoking grok-4.1-fast.
2026-04-07 16:44:56,929 [INFO] root: Invoking grok-4.1-fast.
2026-04-07 16:44:56,930 [INFO] root: Invoking grok-4.1-fast.
2026-04-07 16:44:56,931 [INFO] root: Invoking grok-4.1-fast.
2026-04-07 16:44:56,933 [INFO] root: Invoking grok-4.1-fast.
2026-04-07 16:44:56,934 [INFO] root: Invoking grok-4.1-fast.
2026-04-07 16:44:56,935 [INFO] root: Invoking grok-4.1-fast.
2026-04-07 16:44:56,937 [INFO] root: Invoking grok-4.1-fast.
2026-04-07 16:44:56,938 [INFO] root: Invoking grok-4.1-fast.
2026-04-07 16:44:56,938 [INFO] root: Invoking grok-4.1-fast.
2026-04-07 16:44:56,940 [INFO] root: Invoking grok-4.1-fast.
2026-04-07 16:44:56,941 [INFO] root: Invoking grok-4.1-fast.
2026-04-07 16:44:56,942 [INFO] root: Invoking grok-4.1-fast.
2026-04-07 16:44:56,942 [INFO] root: Invoking grok-4.1-fast.
2026-04-07 16:44:56,944 [INFO] root: Invoking grok-4.1-fast.
2026-04-07 16:44:56,946 [INFO] root: Invoking grok-4.1-fast.
2026-04-07 16:44:56,946 [INFO] root: Invoking grok-4.1-fast.
2026-04-07 16:44:56,947 [INFO] root: Invoking grok-4.1-fast.
2026-04-07 16:44:56,949 [INFO] root: Invoking grok-4.1-fast.
2026-04-07 16:44:56,950 [INFO] root: Invoking grok-4.1-fast.
2026-04-07 16:44:56,951 [INFO] root: Invoking grok-4.1-fast.
2026-04-07 16:44:56,952 [INFO] root: Invoking grok-4.1-fast.
2026-04-07 16:44:56,955 [INFO] root: Invoking grok-4.1-fast.
Preferences:   0%|          | 0/300 [00:00<?, ?it/s]2026-04-07 16:44:56,956 [INFO] root: Invoking grok-4.1-fast.
2026-04-07 16:44:56,957 [INFO] root: Invoking grok-4.1-fast.
2026-04-07 16:44:57,154 [INFO] root: Invoking grok-4.1-fast.
2026-04-07 16:44:57,155 [INFO] root: Invoking grok-4.1-fast.
Preferences:   0%|          | 1/300 [00:00<00:58,  5.15it/s]2026-04-07 16:44:57,156 [INFO] root: Invoking grok-4.1-fast.
2026-04-07 16:44:57,157 [INFO] root: Invoking grok-4.1-fast.
2026-04-07 16:44:57,157 [INFO] root: Invoking grok-4.1-fast.
2026-04-07 16:44:57,157 [INFO] root: Invoking grok-4.1-fast.
2026-04-07 16:44:57,158 [INFO] root: Invoking grok-4.1-fast.
2026-04-07 16:44:57,158 [INFO] root: Invoking grok-4.1-fast.
2026-04-07 16:44:57,159 [INFO] root: Invoking grok-4.1-fast.
2026-04-07 16:44:57,160 [INFO] root: Invoking grok-4.1-fast.
2026-04-07 16:44:57,160 [INFO] root: Invoking grok-4.1-fast.
2026-04-07 16:44:57,160 [INFO] root: Invoking grok-4.1-fast.
2026-04-07 16:44:57,161 [INFO] root: Invoking grok-4.1-fast.
2026-04-07 16:44:57,162 [INFO] root: Invoking grok-4.1-fast.
2026-04-07 16:44:57,163 [INFO] root: Invoking grok-4.1-fast.
2026-04-07 16:44:57,163 [INFO] root: Invoking grok-4.1-fast.
2026-04-07 16:44:57,163 [INFO] root: Invoking grok-4.1-fast.
2026-04-07 16:44:57,164 [INFO] root: Invoking grok-4.1-fast.
2026-04-07 16:44:57,165 [INFO] root: Invoking grok-4.1-fast.
2026-04-07 16:44:57,165 [INFO] root: Invoking grok-4.1-fast.
2026-04-07 16:44:57,166 [INFO] root: Invoking grok-4.1-fast.
2026-04-07 16:44:57,166 [INFO] root: Invoking grok-4.1-fast.
2026-04-07 16:44:57,168 [INFO] root: Invoking grok-4.1-fast.
2026-04-07 16:44:57,168 [INFO] root: Invoking grok-4.1-fast.
2026-04-07 16:44:57,169 [INFO] root: Invoking grok-4.1-fast.
2026-04-07 16:44:57,170 [INFO] root: Invoking grok-4.1-fast.
2026-04-07 16:44:57,171 [INFO] root: Invoking grok-4.1-fast.
2026-04-07 16:44:57,171 [INFO] root: Invoking grok-4.1-fast.
2026-04-07 16:44:57,171 [INFO] root: Invoking grok-4.1-fast.
2026-04-07 16:44:57,172 [INFO] root: Invoking grok-4.1-fast.
2026-04-07 16:44:57,172 [INFO] root: Invoking grok-4.1-fast.
2026-04-07 16:44:57,173 [INFO] root: Invoking grok-4.1-fast.
2026-04-07 16:44:57,173 [INFO] root: Invoking grok-4.1-fast.
2026-04-07 16:44:57,174 [INFO] root: Invoking grok-4.1-fast.
2026-04-07 16:44:57,174 [INFO] root: Invoking grok-4.1-fast.
2026-04-07 16:44:57,174 [INFO] root: Invoking grok-4.1-fast.
2026-04-07 16:44:57,175 [INFO] root: Invoking grok-4.1-fast.
2026-04-07 16:44:57,175 [INFO] root: Invoking grok-4.1-fast.
2026-04-07 16:44:57,176 [INFO] root: Invoking grok-4.1-fast.
2026-04-07 16:44:57,176 [INFO] root: Invoking grok-4.1-fast.
2026-04-07 16:44:57,177 [INFO] root: Invoking grok-4.1-fast.
2026-04-07 16:44:57,178 [INFO] root: Invoking grok-4.1-fast.
2026-04-07 16:44:57,178 [INFO] root: Invoking grok-4.1-fast.
2026-04-07 16:44:57,178 [INFO] root: Invoking grok-4.1-fast.
2026-04-07 16:44:57,179 [INFO] root: Invoking grok-4.1-fast.
2026-04-07 16:44:57,179 [INFO] root: Invoking grok-4.1-fast.
2026-04-07 16:44:57,180 [INFO] root: Invoking grok-4.1-fast.
2026-04-07 16:44:57,180 [INFO] root: Invoking grok-4.1-fast.
2026-04-07 16:44:57,181 [INFO] root: Invoking grok-4.1-fast.
2026-04-07 16:44:57,181 [INFO] root: Invoking grok-4.1-fast.
2026-04-07 16:44:57,181 [INFO] root: Invoking grok-4.1-fast.
2026-04-07 16:44:57,182 [INFO] root: Invoking grok-4.1-fast.
2026-04-07 16:44:57,182 [INFO] root: Invoking grok-4.1-fast.
2026-04-07 16:44:57,183 [INFO] root: Invoking grok-4.1-fast.
2026-04-07 16:44:57,183 [INFO] root: Invoking grok-4.1-fast.
2026-04-07 16:44:57,183 [INFO] root: Invoking grok-4.1-fast.
2026-04-07 16:44:57,184 [INFO] root: Invoking grok-4.1-fast.
2026-04-07 16:44:57,184 [INFO] root: Invoking grok-4.1-fast.
2026-04-07 16:44:57,185 [INFO] root: Invoking grok-4.1-fast.
2026-04-07 16:44:57,186 [INFO] root: Invoking grok-4.1-fast.
2026-04-07 16:44:57,186 [INFO] root: Invoking grok-4.1-fast.
2026-04-07 16:44:57,188 [INFO] root: Invoking grok-4.1-fast.
2026-04-07 16:44:57,189 [INFO] root: Invoking grok-4.1-fast.
2026-04-07 16:44:57,189 [INFO] root: Invoking grok-4.1-fast.
2026-04-07 16:44:57,190 [INFO] root: Invoking grok-4.1-fast.
2026-04-07 16:44:57,190 [INFO] root: Invoking grok-4.1-fast.
2026-04-07 16:44:57,191 [INFO] root: Invoking grok-4.1-fast.
2026-04-07 16:44:57,191 [INFO] root: Invoking grok-4.1-fast.
2026-04-07 16:44:57,193 [INFO] root: Invoking grok-4.1-fast.
2026-04-07 16:44:57,193 [INFO] root: Invoking grok-4.1-fast.
2026-04-07 16:44:57,194 [INFO] root: Invoking grok-4.1-fast.
2026-04-07 16:44:57,196 [INFO] root: Invoking grok-4.1-fast.
2026-04-07 16:44:57,196 [INFO] root: Invoking grok-4.1-fast.
2026-04-07 16:44:57,197 [INFO] root: Invoking grok-4.1-fast.
2026-04-07 16:44:57,197 [INFO] root: Invoking grok-4.1-fast.
2026-04-07 16:44:57,198 [INFO] root: Invoking grok-4.1-fast.
2026-04-07 16:44:57,198 [INFO] root: Invoking grok-4.1-fast.
2026-04-07 16:44:57,199 [INFO] root: Invoking grok-4.1-fast.
2026-04-07 16:44:57,200 [INFO] root: Invoking grok-4.1-fast.
2026-04-07 16:44:57,200 [INFO] root: Invoking grok-4.1-fast.
2026-04-07 16:44:57,200 [INFO] root: Invoking grok-4.1-fast.
2026-04-07 16:44:57,201 [INFO] root: Invoking grok-4.1-fast.
2026-04-07 16:44:57,202 [INFO] root: Invoking grok-4.1-fast.
2026-04-07 16:44:57,202 [INFO] root: Invoking grok-4.1-fast.
2026-04-07 16:44:57,204 [INFO] root: Invoking grok-4.1-fast.
2026-04-07 16:44:57,204 [INFO] root: Invoking grok-4.1-fast.
2026-04-07 16:44:57,205 [INFO] root: Invoking grok-4.1-fast.
2026-04-07 16:44:57,205 [INFO] root: Invoking grok-4.1-fast.
2026-04-07 16:44:57,206 [INFO] root: Invoking grok-4.1-fast.
2026-04-07 16:44:57,207 [INFO] root: Invoking grok-4.1-fast.
2026-04-07 16:44:57,207 [INFO] root: Invoking grok-4.1-fast.
2026-04-07 16:44:57,208 [INFO] root: Invoking grok-4.1-fast.
2026-04-07 16:44:57,210 [INFO] root: Invoking grok-4.1-fast.
2026-04-07 16:44:57,210 [INFO] root: Invoking grok-4.1-fast.
2026-04-07 16:44:57,210 [INFO] root: Invoking grok-4.1-fast.
2026-04-07 16:44:57,211 [INFO] root: Invoking grok-4.1-fast.
2026-04-07 16:44:57,211 [INFO] root: Invoking grok-4.1-fast.
2026-04-07 16:44:57,212 [INFO] root: Invoking grok-4.1-fast.
2026-04-07 16:44:57,212 [INFO] root: Invoking grok-4.1-fast.
2026-04-07 16:44:57,213 [INFO] root: Invoking grok-4.1-fast.
2026-04-07 16:44:57,215 [INFO] root: Invoking grok-4.1-fast.
2026-04-07 16:44:57,215 [INFO] root: Invoking grok-4.1-fast.
2026-04-07 16:44:57,216 [INFO] root: Invoking grok-4.1-fast.
2026-04-07 16:44:57,216 [INFO] root: Invoking grok-4.1-fast.
2026-04-07 16:44:57,217 [INFO] root: Invoking grok-4.1-fast.
2026-04-07 16:44:57,218 [INFO] root: Invoking grok-4.1-fast.
2026-04-07 16:44:57,218 [INFO] root: Invoking grok-4.1-fast.
2026-04-07 16:44:57,219 [INFO] root: Invoking grok-4.1-fast.
2026-04-07 16:44:57,220 [INFO] root: Invoking grok-4.1-fast.
2026-04-07 16:44:57,220 [INFO] root: Invoking grok-4.1-fast.
2026-04-07 16:44:57,221 [INFO] root: Invoking grok-4.1-fast.
2026-04-07 16:44:57,221 [INFO] root: Invoking grok-4.1-fast.
2026-04-07 16:44:57,222 [INFO] root: Invoking grok-4.1-fast.
2026-04-07 16:44:57,222 [INFO] root: Invoking grok-4.1-fast.
2026-04-07 16:44:57,223 [INFO] root: Invoking grok-4.1-fast.
2026-04-07 16:44:57,223 [INFO] root: Invoking grok-4.1-fast.
2026-04-07 16:44:57,225 [INFO] root: Invoking grok-4.1-fast.
2026-04-07 16:44:57,225 [INFO] root: Invoking grok-4.1-fast.
2026-04-07 16:44:57,226 [INFO] root: Invoking grok-4.1-fast.
2026-04-07 16:44:57,226 [INFO] root: Invoking grok-4.1-fast.
2026-04-07 16:44:57,227 [INFO] root: Invoking grok-4.1-fast.
2026-04-07 16:44:57,228 [INFO] root: Invoking grok-4.1-fast.
2026-04-07 16:44:57,228 [INFO] root: Invoking grok-4.1-fast.
2026-04-07 16:44:57,229 [INFO] root: Invoking grok-4.1-fast.
2026-04-07 16:44:57,230 [INFO] root: Invoking grok-4.1-fast.
2026-04-07 16:44:57,231 [INFO] root: Invoking grok-4.1-fast.
2026-04-07 16:44:57,232 [INFO] root: Invoking grok-4.1-fast.
2026-04-07 16:44:57,233 [INFO] root: Invoking grok-4.1-fast.
2026-04-07 16:44:57,234 [INFO] root: Invoking grok-4.1-fast.
2026-04-07 16:44:57,236 [INFO] root: Invoking grok-4.1-fast.
Preferences:  53%|█████▎    | 159/300 [00:00<00:00, 671.08it/s]2026-04-07 16:44:57,236 [INFO] root: Invoking grok-4.1-fast.
2026-04-07 16:44:57,237 [INFO] root: Invoking grok-4.1-fast.
2026-04-07 16:44:57,238 [INFO] root: Invoking grok-4.1-fast.
2026-04-07 16:44:57,239 [INFO] root: Invoking grok-4.1-fast.
2026-04-07 16:44:57,239 [INFO] root: Invoking grok-4.1-fast.
2026-04-07 16:44:57,240 [INFO] root: Invoking grok-4.1-fast.
2026-04-07 16:44:57,240 [INFO] root: Invoking grok-4.1-fast.
2026-04-07 16:44:57,241 [INFO] root: Invoking grok-4.1-fast.
2026-04-07 16:44:57,241 [INFO] root: Invoking grok-4.1-fast.
2026-04-07 16:44:57,242 [INFO] root: Invoking grok-4.1-fast.
2026-04-07 16:44:57,242 [INFO] root: Invoking grok-4.1-fast.
2026-04-07 16:44:57,243 [INFO] root: Invoking grok-4.1-fast.
2026-04-07 16:44:57,243 [INFO] root: Invoking grok-4.1-fast.
2026-04-07 16:44:57,244 [INFO] root: Invoking grok-4.1-fast.
2026-04-07 16:44:57,244 [INFO] root: Invoking grok-4.1-fast.
2026-04-07 16:44:57,246 [INFO] root: Invoking grok-4.1-fast.
2026-04-07 16:44:57,248 [INFO] root: Invoking grok-4.1-fast.
2026-04-07 16:44:57,249 [INFO] root: Invoking grok-4.1-fast.
2026-04-07 16:44:57,249 [INFO] root: Invoking grok-4.1-fast.
2026-04-07 16:44:57,250 [INFO] root: Invoking grok-4.1-fast.
2026-04-07 16:44:57,251 [INFO] root: Invoking grok-4.1-fast.
2026-04-07 16:44:57,252 [INFO] root: Invoking grok-4.1-fast.
2026-04-07 16:44:57,252 [INFO] root: Invoking grok-4.1-fast.
2026-04-07 16:44:57,252 [INFO] root: Invoking grok-4.1-fast.
2026-04-07 16:44:57,253 [INFO] root: Invoking grok-4.1-fast.
2026-04-07 16:44:57,254 [INFO] root: Invoking grok-4.1-fast.
2026-04-07 16:44:57,254 [INFO] root: Invoking grok-4.1-fast.
2026-04-07 16:44:57,255 [INFO] root: Invoking grok-4.1-fast.
2026-04-07 16:44:57,255 [INFO] root: Invoking grok-4.1-fast.
2026-04-07 16:44:57,257 [INFO] root: Invoking grok-4.1-fast.
2026-04-07 16:44:57,257 [INFO] root: Invoking grok-4.1-fast.
2026-04-07 16:44:57,258 [INFO] root: Invoking grok-4.1-fast.
2026-04-07 16:44:57,259 [INFO] root: Invoking grok-4.1-fast.
2026-04-07 16:44:57,260 [INFO] root: Invoking grok-4.1-fast.
2026-04-07 16:44:57,261 [INFO] root: Invoking grok-4.1-fast.
2026-04-07 16:44:57,261 [INFO] root: Invoking grok-4.1-fast.
2026-04-07 16:44:57,262 [INFO] root: Invoking grok-4.1-fast.
2026-04-07 16:44:57,262 [INFO] root: Invoking grok-4.1-fast.
2026-04-07 16:44:57,262 [INFO] root: Invoking grok-4.1-fast.
2026-04-07 16:44:57,263 [INFO] root: Invoking grok-4.1-fast.
2026-04-07 16:44:57,263 [INFO] root: Invoking grok-4.1-fast.
2026-04-07 16:44:57,264 [INFO] root: Invoking grok-4.1-fast.
2026-04-07 16:44:57,265 [INFO] root: Invoking grok-4.1-fast.
2026-04-07 16:44:57,265 [INFO] root: Invoking grok-4.1-fast.
2026-04-07 16:44:57,266 [INFO] root: Invoking grok-4.1-fast.
2026-04-07 16:44:57,267 [INFO] root: Invoking grok-4.1-fast.
2026-04-07 16:44:57,269 [INFO] root: Invoking grok-4.1-fast.
2026-04-07 16:44:57,270 [INFO] root: Invoking grok-4.1-fast.
2026-04-07 16:44:57,271 [INFO] root: Invoking grok-4.1-fast.
2026-04-07 16:44:57,271 [INFO] root: Invoking grok-4.1-fast.
2026-04-07 16:44:57,274 [INFO] root: Invoking grok-4.1-fast.
2026-04-07 16:44:57,275 [INFO] root: Invoking grok-4.1-fast.
2026-04-07 16:44:57,275 [INFO] root: Invoking grok-4.1-fast.
2026-04-07 16:44:57,275 [INFO] root: Invoking grok-4.1-fast.
2026-04-07 16:44:57,276 [INFO] root: Invoking grok-4.1-fast.
2026-04-07 16:44:57,277 [INFO] root: Invoking grok-4.1-fast.
2026-04-07 16:44:57,277 [INFO] root: Invoking grok-4.1-fast.
2026-04-07 16:44:57,278 [INFO] root: Invoking grok-4.1-fast.
2026-04-07 16:44:57,280 [INFO] root: Invoking grok-4.1-fast.
2026-04-07 16:44:57,281 [INFO] root: Invoking grok-4.1-fast.
2026-04-07 16:44:57,282 [INFO] root: Invoking grok-4.1-fast.
2026-04-07 16:44:57,282 [INFO] root: Invoking grok-4.1-fast.
2026-04-07 16:44:57,283 [INFO] root: Invoking grok-4.1-fast.
2026-04-07 16:44:57,283 [INFO] root: Invoking grok-4.1-fast.
2026-04-07 16:44:57,284 [INFO] root: Invoking grok-4.1-fast.
2026-04-07 16:44:57,285 [INFO] root: Invoking grok-4.1-fast.
2026-04-07 16:44:57,285 [INFO] root: Invoking grok-4.1-fast.
2026-04-07 16:44:57,288 [INFO] root: Invoking grok-4.1-fast.
2026-04-07 16:44:57,289 [INFO] root: Invoking grok-4.1-fast.
2026-04-07 16:44:57,289 [INFO] root: Invoking grok-4.1-fast.
2026-04-07 16:44:57,290 [INFO] root: Invoking grok-4.1-fast.
2026-04-07 16:44:57,290 [INFO] root: Invoking grok-4.1-fast.
2026-04-07 16:44:57,291 [INFO] root: Invoking grok-4.1-fast.
2026-04-07 16:44:57,291 [INFO] root: Invoking grok-4.1-fast.
2026-04-07 16:44:57,292 [INFO] root: Invoking grok-4.1-fast.
2026-04-07 16:44:57,293 [INFO] root: Invoking grok-4.1-fast.
2026-04-07 16:44:57,294 [INFO] root: Invoking grok-4.1-fast.
2026-04-07 16:44:57,295 [INFO] root: Invoking grok-4.1-fast.
2026-04-07 16:44:57,295 [INFO] root: Invoking grok-4.1-fast.
2026-04-07 16:44:57,295 [INFO] root: Invoking grok-4.1-fast.
2026-04-07 16:44:57,296 [INFO] root: Invoking grok-4.1-fast.
2026-04-07 16:44:57,297 [INFO] root: Invoking grok-4.1-fast.
2026-04-07 16:44:57,299 [INFO] root: Invoking grok-4.1-fast.
2026-04-07 16:44:57,299 [INFO] root: Invoking grok-4.1-fast.
2026-04-07 16:44:57,300 [INFO] root: Invoking grok-4.1-fast.
2026-04-07 16:44:57,301 [INFO] root: Invoking grok-4.1-fast.
2026-04-07 16:44:57,302 [INFO] root: Invoking grok-4.1-fast.
2026-04-07 16:44:57,303 [INFO] root: Invoking grok-4.1-fast.
2026-04-07 16:44:57,304 [INFO] root: Invoking grok-4.1-fast.
2026-04-07 16:44:57,305 [INFO] root: Invoking grok-4.1-fast.
2026-04-07 16:44:57,305 [INFO] root: Invoking grok-4.1-fast.
2026-04-07 16:44:57,307 [INFO] root: Invoking grok-4.1-fast.
2026-04-07 16:44:57,309 [INFO] root: Invoking grok-4.1-fast.
2026-04-07 16:44:57,309 [INFO] root: Invoking grok-4.1-fast.
2026-04-07 16:44:57,310 [INFO] root: Invoking grok-4.1-fast.
2026-04-07 16:44:57,311 [INFO] root: Invoking grok-4.1-fast.
2026-04-07 16:44:57,313 [INFO] root: Invoking grok-4.1-fast.
2026-04-07 16:44:57,313 [INFO] root: Invoking grok-4.1-fast.
2026-04-07 16:44:57,315 [INFO] root: Invoking grok-4.1-fast.
2026-04-07 16:44:57,315 [INFO] root: Invoking grok-4.1-fast.
2026-04-07 16:44:57,316 [INFO] root: Invoking grok-4.1-fast.
2026-04-07 16:44:57,318 [INFO] root: Invoking grok-4.1-fast.
2026-04-07 16:44:57,318 [INFO] root: Invoking grok-4.1-fast.
2026-04-07 16:44:57,319 [INFO] root: Invoking grok-4.1-fast.
2026-04-07 16:44:57,320 [INFO] root: Invoking grok-4.1-fast.
2026-04-07 16:44:57,320 [INFO] root: Invoking grok-4.1-fast.
2026-04-07 16:44:57,322 [INFO] root: Invoking grok-4.1-fast.
2026-04-07 16:44:57,324 [INFO] root: Invoking grok-4.1-fast.
2026-04-07 16:44:57,324 [INFO] root: Invoking grok-4.1-fast.
2026-04-07 16:44:57,324 [INFO] root: Invoking grok-4.1-fast.
2026-04-07 16:44:57,325 [INFO] root: Invoking grok-4.1-fast.
2026-04-07 16:44:57,325 [INFO] root: Invoking grok-4.1-fast.
2026-04-07 16:44:57,326 [INFO] root: Invoking grok-4.1-fast.
2026-04-07 16:44:57,327 [INFO] root: Invoking grok-4.1-fast.
2026-04-07 16:44:57,327 [INFO] root: Invoking grok-4.1-fast.
2026-04-07 16:44:57,328 [INFO] root: Invoking grok-4.1-fast.
2026-04-07 16:44:57,329 [INFO] root: Invoking grok-4.1-fast.
2026-04-07 16:44:57,330 [INFO] root: Invoking grok-4.1-fast.
Preferences:  93%|█████████▎| 278/300 [00:00<00:00, 866.18it/s]2026-04-07 16:44:57,330 [INFO] root: Invoking grok-4.1-fast.
2026-04-07 16:44:57,331 [INFO] root: Invoking grok-4.1-fast.
2026-04-07 16:44:57,332 [INFO] root: Invoking grok-4.1-fast.
2026-04-07 16:44:57,332 [INFO] root: Invoking grok-4.1-fast.
2026-04-07 16:44:57,333 [INFO] root: Invoking grok-4.1-fast.
2026-04-07 16:44:57,334 [INFO] root: Invoking grok-4.1-fast.
2026-04-07 16:44:57,334 [INFO] root: Invoking grok-4.1-fast.
2026-04-07 16:44:57,337 [INFO] root: Invoking grok-4.1-fast.
2026-04-07 16:44:57,337 [INFO] root: Invoking grok-4.1-fast.
2026-04-07 16:44:57,338 [INFO] root: Invoking grok-4.1-fast.
2026-04-07 16:44:57,339 [INFO] root: Invoking grok-4.1-fast.
2026-04-07 16:44:57,340 [INFO] root: Invoking grok-4.1-fast.
2026-04-07 16:44:57,340 [INFO] root: Invoking grok-4.1-fast.
2026-04-07 16:44:57,341 [INFO] root: Invoking grok-4.1-fast.
2026-04-07 16:44:57,343 [INFO] root: Invoking grok-4.1-fast.
2026-04-07 16:44:57,343 [INFO] root: Invoking grok-4.1-fast.
2026-04-07 16:44:57,345 [INFO] root: Invoking grok-4.1-fast.
2026-04-07 16:44:57,346 [INFO] root: Invoking grok-4.1-fast.
2026-04-07 16:44:57,346 [INFO] root: Invoking grok-4.1-fast.
2026-04-07 16:44:57,349 [INFO] root: Invoking grok-4.1-fast.
Preferences: 100%|██████████| 300/300 [00:00<00:00, 729.41it/s]
2026-04-07 16:44:57,387 [INFO] root: Saved assay results to /home/harry/code/corporate-bias/data/assays/head-to-head/grok-4.1-fast.parquet.
