2026-07-11 13:08:33,359 [INFO] root: Running assay=listwise-ordinal-preference model=phi-4 
2026-07-11 13:08:33,370 [INFO] root: Invoking phi-4.
2026-07-11 13:08:33,371 [INFO] root: Invoking phi-4.
2026-07-11 13:08:33,371 [INFO] root: Invoking phi-4.
2026-07-11 13:08:33,371 [INFO] root: Invoking phi-4.
2026-07-11 13:08:33,372 [INFO] root: Invoking phi-4.
2026-07-11 13:08:33,373 [INFO] root: Invoking phi-4.
2026-07-11 13:08:33,374 [INFO] root: Invoking phi-4.
2026-07-11 13:08:33,374 [INFO] root: Invoking phi-4.
2026-07-11 13:08:33,375 [INFO] root: Invoking phi-4.
2026-07-11 13:08:33,378 [INFO] root: Invoking phi-4.
2026-07-11 13:08:33,379 [INFO] root: Invoking phi-4.
2026-07-11 13:08:33,380 [INFO] root: Invoking phi-4.
2026-07-11 13:08:33,382 [INFO] root: Invoking phi-4.
2026-07-11 13:08:33,384 [INFO] root: Invoking phi-4.
2026-07-11 13:08:33,385 [INFO] root: Invoking phi-4.
2026-07-11 13:08:33,387 [INFO] root: Invoking phi-4.
2026-07-11 13:08:33,388 [INFO] root: Invoking phi-4.
2026-07-11 13:08:33,389 [INFO] root: Invoking phi-4.
2026-07-11 13:08:33,390 [INFO] root: Invoking phi-4.
2026-07-11 13:08:33,391 [INFO] root: Invoking phi-4.
2026-07-11 13:08:33,392 [INFO] root: Invoking phi-4.
2026-07-11 13:08:33,394 [INFO] root: Invoking phi-4.
2026-07-11 13:08:33,399 [INFO] root: Invoking phi-4.
2026-07-11 13:08:33,400 [INFO] root: Invoking phi-4.
2026-07-11 13:08:33,400 [INFO] root: Invoking phi-4.
2026-07-11 13:08:33,402 [INFO] root: Invoking phi-4.
2026-07-11 13:08:33,408 [INFO] root: Invoking phi-4.
2026-07-11 13:08:33,409 [INFO] root: Invoking phi-4.
2026-07-11 13:08:33,409 [INFO] root: Invoking phi-4.
2026-07-11 13:08:33,410 [INFO] root: Invoking phi-4.
2026-07-11 13:08:33,411 [INFO] root: Invoking phi-4.
2026-07-11 13:08:33,412 [INFO] root: Invoking phi-4.
Queries:   0%|          | 0/42 [00:00<?, ?it/s]2026-07-11 13:08:33,412 [INFO] root: Invoking phi-4.
2026-07-11 13:08:33,416 [INFO] root: Invoking phi-4.
2026-07-11 13:08:33,417 [INFO] root: Invoking phi-4.
2026-07-11 13:08:33,418 [INFO] root: Invoking phi-4.
2026-07-11 13:08:33,419 [INFO] root: Invoking phi-4.
2026-07-11 13:08:33,419 [INFO] root: Invoking phi-4.
2026-07-11 13:08:33,420 [INFO] root: Invoking phi-4.
2026-07-11 13:08:33,423 [INFO] root: Invoking phi-4.
2026-07-11 13:08:33,423 [INFO] root: Invoking phi-4.
2026-07-11 13:08:33,425 [INFO] root: Invoking phi-4.
Queries: 100%|██████████| 42/42 [00:00<00:00, 1101.18it/s]
2026-07-11 13:08:33,476 [INFO] root: Saved assay results to /home/harry/code/corporate-bias/data/assays/listwise-ordinal-preference/phi-4.parquet.
