/home/harry/code/corporate-bias/.venv/lib/python3.12/site-packages/dvclive/monitor_system.py:11: FutureWarning: The pynvml package is deprecated. Please install nvidia-ml-py instead. If you did not install pynvml directly, please report this to the maintainers of the package that installed pynvml for you.
  from pynvml import (
/home/harry/code/corporate-bias/pipelines/run_assay.py:58: PolarsInefficientMapWarning: 
Expr.map_elements is significantly slower than the native expressions API.
Only use if you absolutely CANNOT implement your logic otherwise.
Replace this expression...
  - pl.col("instance_json").map_elements(json.loads)
with this one instead:
  + pl.col("instance_json").str.json_decode()

  .map_elements(json.loads, return_dtype=pl.Object)
2026-05-25 13:16:04,131 [INFO] root: Running assay=rank model=grok-4 num_samples_per_instance=3.
2026-05-25 13:16:04,165 [INFO] root: Invoking grok-4.
2026-05-25 13:16:04,167 [INFO] root: Invoking grok-4.
2026-05-25 13:16:04,168 [INFO] root: Invoking grok-4.
2026-05-25 13:16:04,170 [INFO] root: Invoking grok-4.
2026-05-25 13:16:04,171 [INFO] root: Invoking grok-4.
2026-05-25 13:16:04,175 [INFO] root: Invoking grok-4.
2026-05-25 13:16:04,178 [INFO] root: Invoking grok-4.
2026-05-25 13:16:04,181 [INFO] root: Invoking grok-4.
2026-05-25 13:16:04,184 [INFO] root: Invoking grok-4.
2026-05-25 13:16:04,187 [INFO] root: Invoking grok-4.
2026-05-25 13:16:04,192 [INFO] root: Invoking grok-4.
2026-05-25 13:16:04,194 [INFO] root: Invoking grok-4.
2026-05-25 13:16:04,196 [INFO] root: Invoking grok-4.
2026-05-25 13:16:04,198 [INFO] root: Invoking grok-4.
2026-05-25 13:16:04,201 [INFO] root: Invoking grok-4.
2026-05-25 13:16:04,207 [INFO] root: Invoking grok-4.
2026-05-25 13:16:04,209 [INFO] root: Invoking grok-4.
2026-05-25 13:16:04,212 [INFO] root: Invoking grok-4.
2026-05-25 13:16:04,214 [INFO] root: Invoking grok-4.
2026-05-25 13:16:04,216 [INFO] root: Invoking grok-4.
2026-05-25 13:16:04,221 [INFO] root: Invoking grok-4.
2026-05-25 13:16:04,224 [INFO] root: Invoking grok-4.
2026-05-25 13:16:04,232 [INFO] root: Invoking grok-4.
2026-05-25 13:16:04,235 [INFO] root: Invoking grok-4.
2026-05-25 13:16:04,242 [INFO] root: Invoking grok-4.
2026-05-25 13:16:04,247 [INFO] root: Invoking grok-4.
2026-05-25 13:16:04,252 [INFO] root: Invoking grok-4.
2026-05-25 13:16:04,264 [INFO] root: Invoking grok-4.
2026-05-25 13:16:04,268 [INFO] root: Invoking grok-4.
2026-05-25 13:16:04,274 [INFO] root: Invoking grok-4.
2026-05-25 13:16:04,277 [INFO] root: Invoking grok-4.
2026-05-25 13:16:04,281 [INFO] root: Invoking grok-4.
2026-05-25 13:16:04,286 [INFO] root: Invoking grok-4.
2026-05-25 13:16:04,288 [INFO] root: Invoking grok-4.
2026-05-25 13:16:04,294 [INFO] root: Invoking grok-4.
2026-05-25 13:16:04,303 [INFO] root: Invoking grok-4.
2026-05-25 13:16:04,308 [INFO] root: Invoking grok-4.
2026-05-25 13:16:04,313 [INFO] root: Invoking grok-4.
2026-05-25 13:16:04,320 [INFO] root: Invoking grok-4.
2026-05-25 13:16:04,324 [INFO] root: Invoking grok-4.
2026-05-25 13:16:04,326 [INFO] root: Invoking grok-4.
2026-05-25 13:16:04,330 [INFO] root: Invoking grok-4.
2026-05-25 13:16:04,335 [INFO] root: Invoking grok-4.
2026-05-25 13:16:04,338 [INFO] root: Invoking grok-4.
2026-05-25 13:16:04,346 [INFO] root: Invoking grok-4.
2026-05-25 13:16:04,356 [INFO] root: Invoking grok-4.
2026-05-25 13:16:04,359 [INFO] root: Invoking grok-4.
2026-05-25 13:16:04,362 [INFO] root: Invoking grok-4.
2026-05-25 13:16:04,365 [INFO] root: Invoking grok-4.
2026-05-25 13:16:04,367 [INFO] root: Invoking grok-4.
2026-05-25 13:16:04,370 [INFO] root: Invoking grok-4.
Rankings:   0%|          | 0/63 [00:00<?, ?it/s]2026-05-25 13:16:04,373 [INFO] root: Invoking grok-4.
2026-05-25 13:16:04,378 [INFO] root: Invoking grok-4.
2026-05-25 13:16:04,383 [INFO] root: Invoking grok-4.
2026-05-25 13:16:04,394 [INFO] root: Invoking grok-4.
2026-05-25 13:16:04,407 [INFO] root: Invoking grok-4.
2026-05-25 13:16:04,416 [INFO] root: Invoking grok-4.
2026-05-25 13:16:04,419 [INFO] root: Invoking grok-4.
2026-05-25 13:16:04,433 [INFO] root: Invoking grok-4.
2026-05-25 13:16:04,442 [INFO] root: Invoking grok-4.
2026-05-25 13:16:04,446 [INFO] root: Invoking grok-4.
2026-05-25 13:16:04,461 [INFO] root: Invoking grok-4.
2026-05-25 13:16:04,466 [INFO] root: Invoking grok-4.
Rankings:   2%|▏         | 1/63 [00:00<00:08,  6.99it/s]Rankings: 100%|██████████| 63/63 [00:00<00:00, 337.66it/s]
2026-05-25 13:16:04,724 [INFO] root: Saved assay results to /home/harry/code/corporate-bias/data/assays/rank/grok-4.parquet.
