2026-07-11 13:07:17,003 [INFO] root: Running assay=pairwise-comparative-preference model=hy3 
2026-07-11 13:07:17,017 [INFO] root: Invoking hy3.
2026-07-11 13:07:17,018 [INFO] root: Invoking hy3.
2026-07-11 13:07:17,018 [INFO] root: Invoking hy3.
2026-07-11 13:07:17,019 [INFO] root: Invoking hy3.
2026-07-11 13:07:17,020 [INFO] root: Invoking hy3.
2026-07-11 13:07:17,021 [INFO] root: Invoking hy3.
2026-07-11 13:07:17,021 [INFO] root: Invoking hy3.
2026-07-11 13:07:17,023 [INFO] root: Invoking hy3.
2026-07-11 13:07:17,025 [INFO] root: Invoking hy3.
2026-07-11 13:07:17,025 [INFO] root: Invoking hy3.
2026-07-11 13:07:17,028 [INFO] root: Invoking hy3.
2026-07-11 13:07:17,029 [INFO] root: Invoking hy3.
2026-07-11 13:07:17,032 [INFO] root: Invoking hy3.
2026-07-11 13:07:17,032 [INFO] root: Invoking hy3.
2026-07-11 13:07:17,033 [INFO] root: Invoking hy3.
2026-07-11 13:07:17,034 [INFO] root: Invoking hy3.
2026-07-11 13:07:17,035 [INFO] root: Invoking hy3.
2026-07-11 13:07:17,035 [INFO] root: Invoking hy3.
2026-07-11 13:07:17,037 [INFO] root: Invoking hy3.
2026-07-11 13:07:17,037 [INFO] root: Invoking hy3.
2026-07-11 13:07:17,038 [INFO] root: Invoking hy3.
2026-07-11 13:07:17,039 [INFO] root: Invoking hy3.
2026-07-11 13:07:17,040 [INFO] root: Invoking hy3.
2026-07-11 13:07:17,041 [INFO] root: Invoking hy3.
2026-07-11 13:07:17,042 [INFO] root: Invoking hy3.
2026-07-11 13:07:17,043 [INFO] root: Invoking hy3.
2026-07-11 13:07:17,044 [INFO] root: Invoking hy3.
2026-07-11 13:07:17,046 [INFO] root: Invoking hy3.
2026-07-11 13:07:17,047 [INFO] root: Invoking hy3.
2026-07-11 13:07:17,049 [INFO] root: Invoking hy3.
2026-07-11 13:07:17,050 [INFO] root: Invoking hy3.
2026-07-11 13:07:17,050 [INFO] root: Invoking hy3.
2026-07-11 13:07:17,052 [INFO] root: Invoking hy3.
2026-07-11 13:07:17,053 [INFO] root: Invoking hy3.
2026-07-11 13:07:17,054 [INFO] root: Invoking hy3.
2026-07-11 13:07:17,055 [INFO] root: Invoking hy3.
2026-07-11 13:07:17,055 [INFO] root: Invoking hy3.
2026-07-11 13:07:17,057 [INFO] root: Invoking hy3.
2026-07-11 13:07:17,058 [INFO] root: Invoking hy3.
2026-07-11 13:07:17,058 [INFO] root: Invoking hy3.
2026-07-11 13:07:17,059 [INFO] root: Invoking hy3.
2026-07-11 13:07:17,060 [INFO] root: Invoking hy3.
2026-07-11 13:07:17,062 [INFO] root: Invoking hy3.
2026-07-11 13:07:17,064 [INFO] root: Invoking hy3.
2026-07-11 13:07:17,064 [INFO] root: Invoking hy3.
2026-07-11 13:07:17,064 [INFO] root: Invoking hy3.
2026-07-11 13:07:17,066 [INFO] root: Invoking hy3.
2026-07-11 13:07:17,068 [INFO] root: Invoking hy3.
2026-07-11 13:07:17,069 [INFO] root: Invoking hy3.
2026-07-11 13:07:17,069 [INFO] root: Invoking hy3.
2026-07-11 13:07:17,071 [INFO] root: Invoking hy3.
2026-07-11 13:07:17,071 [INFO] root: Invoking hy3.
2026-07-11 13:07:17,072 [INFO] root: Invoking hy3.
2026-07-11 13:07:17,073 [INFO] root: Invoking hy3.
2026-07-11 13:07:17,074 [INFO] root: Invoking hy3.
2026-07-11 13:07:17,075 [INFO] root: Invoking hy3.
2026-07-11 13:07:17,075 [INFO] root: Invoking hy3.
2026-07-11 13:07:17,076 [INFO] root: Invoking hy3.
2026-07-11 13:07:17,078 [INFO] root: Invoking hy3.
2026-07-11 13:07:17,079 [INFO] root: Invoking hy3.
2026-07-11 13:07:17,079 [INFO] root: Invoking hy3.
2026-07-11 13:07:17,080 [INFO] root: Invoking hy3.
2026-07-11 13:07:17,080 [INFO] root: Invoking hy3.
2026-07-11 13:07:17,082 [INFO] root: Invoking hy3.
2026-07-11 13:07:17,082 [INFO] root: Invoking hy3.
2026-07-11 13:07:17,082 [INFO] root: Invoking hy3.
2026-07-11 13:07:17,083 [INFO] root: Invoking hy3.
2026-07-11 13:07:17,084 [INFO] root: Invoking hy3.
2026-07-11 13:07:17,086 [INFO] root: Invoking hy3.
2026-07-11 13:07:17,086 [INFO] root: Invoking hy3.
2026-07-11 13:07:17,087 [INFO] root: Invoking hy3.
2026-07-11 13:07:17,087 [INFO] root: Invoking hy3.
2026-07-11 13:07:17,088 [INFO] root: Invoking hy3.
2026-07-11 13:07:17,088 [INFO] root: Invoking hy3.
2026-07-11 13:07:17,089 [INFO] root: Invoking hy3.
2026-07-11 13:07:17,089 [INFO] root: Invoking hy3.
2026-07-11 13:07:17,090 [INFO] root: Invoking hy3.
2026-07-11 13:07:17,090 [INFO] root: Invoking hy3.
2026-07-11 13:07:17,091 [INFO] root: Invoking hy3.
2026-07-11 13:07:17,092 [INFO] root: Invoking hy3.
2026-07-11 13:07:17,093 [INFO] root: Invoking hy3.
2026-07-11 13:07:17,093 [INFO] root: Invoking hy3.
2026-07-11 13:07:17,093 [INFO] root: Invoking hy3.
2026-07-11 13:07:17,094 [INFO] root: Invoking hy3.
2026-07-11 13:07:17,094 [INFO] root: Invoking hy3.
2026-07-11 13:07:17,095 [INFO] root: Invoking hy3.
2026-07-11 13:07:17,096 [INFO] root: Invoking hy3.
2026-07-11 13:07:17,097 [INFO] root: Invoking hy3.
2026-07-11 13:07:17,097 [INFO] root: Invoking hy3.
2026-07-11 13:07:17,098 [INFO] root: Invoking hy3.
2026-07-11 13:07:17,098 [INFO] root: Invoking hy3.
2026-07-11 13:07:17,099 [INFO] root: Invoking hy3.
2026-07-11 13:07:17,099 [INFO] root: Invoking hy3.
2026-07-11 13:07:17,100 [INFO] root: Invoking hy3.
2026-07-11 13:07:17,100 [INFO] root: Invoking hy3.
2026-07-11 13:07:17,100 [INFO] root: Invoking hy3.
2026-07-11 13:07:17,101 [INFO] root: Invoking hy3.
2026-07-11 13:07:17,101 [INFO] root: Invoking hy3.
2026-07-11 13:07:17,102 [INFO] root: Invoking hy3.
2026-07-11 13:07:17,102 [INFO] root: Invoking hy3.
2026-07-11 13:07:17,102 [INFO] root: Invoking hy3.
2026-07-11 13:07:17,103 [INFO] root: Invoking hy3.
2026-07-11 13:07:17,103 [INFO] root: Invoking hy3.
2026-07-11 13:07:17,104 [INFO] root: Invoking hy3.
2026-07-11 13:07:17,104 [INFO] root: Invoking hy3.
Queries:   0%|          | 0/348 [00:00<?, ?it/s]2026-07-11 13:07:17,105 [INFO] root: Invoking hy3.
2026-07-11 13:07:17,105 [INFO] root: Invoking hy3.
2026-07-11 13:07:17,107 [INFO] root: Invoking hy3.
2026-07-11 13:07:17,107 [INFO] root: Invoking hy3.
2026-07-11 13:07:17,107 [INFO] root: Invoking hy3.
2026-07-11 13:07:17,108 [INFO] root: Invoking hy3.
2026-07-11 13:07:17,109 [INFO] root: Invoking hy3.
2026-07-11 13:07:17,110 [INFO] root: Invoking hy3.
2026-07-11 13:07:17,110 [INFO] root: Invoking hy3.
2026-07-11 13:07:17,112 [INFO] root: Invoking hy3.
2026-07-11 13:07:17,113 [INFO] root: Invoking hy3.
2026-07-11 13:07:17,114 [INFO] root: Invoking hy3.
2026-07-11 13:07:17,115 [INFO] root: Invoking hy3.
2026-07-11 13:07:17,117 [INFO] root: Invoking hy3.
2026-07-11 13:07:17,120 [INFO] root: Invoking hy3.
2026-07-11 13:07:17,122 [INFO] root: Invoking hy3.
2026-07-11 13:07:17,125 [INFO] root: Invoking hy3.
2026-07-11 13:07:17,127 [INFO] root: Invoking hy3.
2026-07-11 13:07:17,128 [INFO] root: Invoking hy3.
2026-07-11 13:07:17,128 [INFO] root: Invoking hy3.
2026-07-11 13:07:17,129 [INFO] root: Invoking hy3.
2026-07-11 13:07:17,129 [INFO] root: Invoking hy3.
2026-07-11 13:07:17,134 [INFO] root: Invoking hy3.
2026-07-11 13:07:17,138 [INFO] root: Invoking hy3.
2026-07-11 13:07:17,139 [INFO] root: Invoking hy3.
2026-07-11 13:07:17,141 [INFO] root: Invoking hy3.
2026-07-11 13:07:17,144 [INFO] root: Invoking hy3.
2026-07-11 13:07:17,146 [INFO] root: Invoking hy3.
2026-07-11 13:07:17,149 [INFO] root: Invoking hy3.
2026-07-11 13:07:17,150 [INFO] root: Invoking hy3.
2026-07-11 13:07:17,153 [INFO] root: Invoking hy3.
2026-07-11 13:07:17,154 [INFO] root: Invoking hy3.
2026-07-11 13:07:17,154 [INFO] root: Invoking hy3.
2026-07-11 13:07:17,156 [INFO] root: Invoking hy3.
2026-07-11 13:07:17,156 [INFO] root: Invoking hy3.
2026-07-11 13:07:17,157 [INFO] root: Invoking hy3.
2026-07-11 13:07:17,160 [INFO] root: Invoking hy3.
2026-07-11 13:07:17,163 [INFO] root: Invoking hy3.
2026-07-11 13:07:17,163 [INFO] root: Invoking hy3.
2026-07-11 13:07:17,164 [INFO] root: Invoking hy3.
2026-07-11 13:07:17,165 [INFO] root: Invoking hy3.
2026-07-11 13:07:17,165 [INFO] root: Invoking hy3.
2026-07-11 13:07:17,166 [INFO] root: Invoking hy3.
2026-07-11 13:07:17,167 [INFO] root: Invoking hy3.
2026-07-11 13:07:17,167 [INFO] root: Invoking hy3.
2026-07-11 13:07:17,244 [INFO] root: Invoking hy3.
2026-07-11 13:07:17,244 [INFO] root: Invoking hy3.
2026-07-11 13:07:17,245 [INFO] root: Invoking hy3.
2026-07-11 13:07:17,246 [INFO] root: Invoking hy3.
2026-07-11 13:07:17,247 [INFO] root: Invoking hy3.
2026-07-11 13:07:17,247 [INFO] root: Invoking hy3.
2026-07-11 13:07:17,248 [INFO] root: Invoking hy3.
2026-07-11 13:07:17,250 [INFO] root: Invoking hy3.
2026-07-11 13:07:17,250 [INFO] root: Invoking hy3.
2026-07-11 13:07:17,251 [INFO] root: Invoking hy3.
Queries:  44%|████▍     | 154/348 [00:00<00:00, 1530.23it/s]2026-07-11 13:07:17,253 [INFO] root: Invoking hy3.
2026-07-11 13:07:17,253 [INFO] root: Invoking hy3.
2026-07-11 13:07:17,254 [INFO] root: Invoking hy3.
2026-07-11 13:07:17,255 [INFO] root: Invoking hy3.
2026-07-11 13:07:17,255 [INFO] root: Invoking hy3.
2026-07-11 13:07:17,255 [INFO] root: Invoking hy3.
2026-07-11 13:07:17,256 [INFO] root: Invoking hy3.
2026-07-11 13:07:17,257 [INFO] root: Invoking hy3.
2026-07-11 13:07:17,257 [INFO] root: Invoking hy3.
2026-07-11 13:07:17,258 [INFO] root: Invoking hy3.
2026-07-11 13:07:17,259 [INFO] root: Invoking hy3.
2026-07-11 13:07:17,260 [INFO] root: Invoking hy3.
2026-07-11 13:07:17,261 [INFO] root: Invoking hy3.
2026-07-11 13:07:17,262 [INFO] root: Invoking hy3.
2026-07-11 13:07:17,262 [INFO] root: Invoking hy3.
2026-07-11 13:07:17,263 [INFO] root: Invoking hy3.
2026-07-11 13:07:17,264 [INFO] root: Invoking hy3.
2026-07-11 13:07:17,264 [INFO] root: Invoking hy3.
2026-07-11 13:07:17,265 [INFO] root: Invoking hy3.
2026-07-11 13:07:17,265 [INFO] root: Invoking hy3.
2026-07-11 13:07:17,266 [INFO] root: Invoking hy3.
2026-07-11 13:07:17,267 [INFO] root: Invoking hy3.
2026-07-11 13:07:17,268 [INFO] root: Invoking hy3.
2026-07-11 13:07:17,268 [INFO] root: Invoking hy3.
2026-07-11 13:07:17,269 [INFO] root: Invoking hy3.
2026-07-11 13:07:17,269 [INFO] root: Invoking hy3.
2026-07-11 13:07:17,270 [INFO] root: Invoking hy3.
2026-07-11 13:07:17,270 [INFO] root: Invoking hy3.
2026-07-11 13:07:17,271 [INFO] root: Invoking hy3.
2026-07-11 13:07:17,272 [INFO] root: Invoking hy3.
2026-07-11 13:07:17,272 [INFO] root: Invoking hy3.
2026-07-11 13:07:17,273 [INFO] root: Invoking hy3.
2026-07-11 13:07:17,273 [INFO] root: Invoking hy3.
2026-07-11 13:07:17,275 [INFO] root: Invoking hy3.
2026-07-11 13:07:17,275 [INFO] root: Invoking hy3.
2026-07-11 13:07:17,275 [INFO] root: Invoking hy3.
2026-07-11 13:07:17,275 [INFO] root: Invoking hy3.
2026-07-11 13:07:17,275 [INFO] root: Invoking hy3.
2026-07-11 13:07:17,276 [INFO] root: Invoking hy3.
2026-07-11 13:07:17,276 [INFO] root: Invoking hy3.
2026-07-11 13:07:17,277 [INFO] root: Invoking hy3.
2026-07-11 13:07:17,277 [INFO] root: Invoking hy3.
2026-07-11 13:07:17,277 [INFO] root: Invoking hy3.
2026-07-11 13:07:17,278 [INFO] root: Invoking hy3.
2026-07-11 13:07:17,278 [INFO] root: Invoking hy3.
2026-07-11 13:07:17,279 [INFO] root: Invoking hy3.
2026-07-11 13:07:17,279 [INFO] root: Invoking hy3.
2026-07-11 13:07:17,280 [INFO] root: Invoking hy3.
2026-07-11 13:07:17,280 [INFO] root: Invoking hy3.
2026-07-11 13:07:17,280 [INFO] root: Invoking hy3.
2026-07-11 13:07:17,281 [INFO] root: Invoking hy3.
2026-07-11 13:07:17,282 [INFO] root: Invoking hy3.
2026-07-11 13:07:17,282 [INFO] root: Invoking hy3.
2026-07-11 13:07:17,282 [INFO] root: Invoking hy3.
2026-07-11 13:07:17,283 [INFO] root: Invoking hy3.
2026-07-11 13:07:17,283 [INFO] root: Invoking hy3.
2026-07-11 13:07:17,284 [INFO] root: Invoking hy3.
2026-07-11 13:07:17,284 [INFO] root: Invoking hy3.
2026-07-11 13:07:17,284 [INFO] root: Invoking hy3.
2026-07-11 13:07:17,284 [INFO] root: Invoking hy3.
2026-07-11 13:07:17,284 [INFO] root: Invoking hy3.
2026-07-11 13:07:17,285 [INFO] root: Invoking hy3.
2026-07-11 13:07:17,285 [INFO] root: Invoking hy3.
2026-07-11 13:07:17,287 [INFO] root: Invoking hy3.
2026-07-11 13:07:17,288 [INFO] root: Invoking hy3.
2026-07-11 13:07:17,295 [INFO] root: Invoking hy3.
2026-07-11 13:07:17,303 [INFO] root: Invoking hy3.
2026-07-11 13:07:17,315 [INFO] root: Invoking hy3.
2026-07-11 13:07:17,321 [INFO] root: Invoking hy3.
2026-07-11 13:07:17,326 [INFO] root: Invoking hy3.
2026-07-11 13:07:17,328 [INFO] root: Invoking hy3.
2026-07-11 13:07:17,329 [INFO] root: Invoking hy3.
2026-07-11 13:07:17,330 [INFO] root: Invoking hy3.
2026-07-11 13:07:17,333 [INFO] root: Invoking hy3.
2026-07-11 13:07:17,333 [INFO] root: Invoking hy3.
2026-07-11 13:07:17,336 [INFO] root: Invoking hy3.
2026-07-11 13:07:17,336 [INFO] root: Invoking hy3.
2026-07-11 13:07:17,337 [INFO] root: Invoking hy3.
2026-07-11 13:07:17,337 [INFO] root: Invoking hy3.
2026-07-11 13:07:17,339 [INFO] root: Invoking hy3.
2026-07-11 13:07:17,340 [INFO] root: Invoking hy3.
2026-07-11 13:07:17,341 [INFO] root: Invoking hy3.
2026-07-11 13:07:17,342 [INFO] root: Invoking hy3.
2026-07-11 13:07:17,343 [INFO] root: Invoking hy3.
2026-07-11 13:07:17,343 [INFO] root: Invoking hy3.
2026-07-11 13:07:17,343 [INFO] root: Invoking hy3.
2026-07-11 13:07:17,343 [INFO] root: Invoking hy3.
2026-07-11 13:07:17,344 [INFO] root: Invoking hy3.
2026-07-11 13:07:17,345 [INFO] root: Invoking hy3.
2026-07-11 13:07:17,347 [INFO] root: Invoking hy3.
2026-07-11 13:07:17,348 [INFO] root: Invoking hy3.
2026-07-11 13:07:17,350 [INFO] root: Invoking hy3.
2026-07-11 13:07:17,350 [INFO] root: Invoking hy3.
2026-07-11 13:07:17,351 [INFO] root: Invoking hy3.
2026-07-11 13:07:17,351 [INFO] root: Invoking hy3.
2026-07-11 13:07:17,352 [INFO] root: Invoking hy3.
2026-07-11 13:07:17,353 [INFO] root: Invoking hy3.
2026-07-11 13:07:17,355 [INFO] root: Invoking hy3.
2026-07-11 13:07:17,356 [INFO] root: Invoking hy3.
2026-07-11 13:07:17,356 [INFO] root: Invoking hy3.
2026-07-11 13:07:17,359 [INFO] root: Invoking hy3.
2026-07-11 13:07:17,360 [INFO] root: Invoking hy3.
2026-07-11 13:07:17,361 [INFO] root: Invoking hy3.
2026-07-11 13:07:17,363 [INFO] root: Invoking hy3.
2026-07-11 13:07:17,363 [INFO] root: Invoking hy3.
2026-07-11 13:07:17,363 [INFO] root: Invoking hy3.
2026-07-11 13:07:17,365 [INFO] root: Invoking hy3.
2026-07-11 13:07:17,366 [INFO] root: Invoking hy3.
2026-07-11 13:07:17,366 [INFO] root: Invoking hy3.
2026-07-11 13:07:17,367 [INFO] root: Invoking hy3.
2026-07-11 13:07:17,370 [INFO] root: Invoking hy3.
2026-07-11 13:07:17,371 [INFO] root: Invoking hy3.
2026-07-11 13:07:17,371 [INFO] root: Invoking hy3.
2026-07-11 13:07:17,372 [INFO] root: Invoking hy3.
2026-07-11 13:07:17,373 [INFO] root: Invoking hy3.
2026-07-11 13:07:17,375 [INFO] root: Invoking hy3.
2026-07-11 13:07:17,376 [INFO] root: Invoking hy3.
2026-07-11 13:07:17,377 [INFO] root: Invoking hy3.
2026-07-11 13:07:17,377 [INFO] root: Invoking hy3.
2026-07-11 13:07:17,378 [INFO] root: Invoking hy3.
2026-07-11 13:07:17,379 [INFO] root: Invoking hy3.
2026-07-11 13:07:17,381 [INFO] root: Invoking hy3.
2026-07-11 13:07:17,384 [INFO] root: Invoking hy3.
2026-07-11 13:07:17,386 [INFO] root: Invoking hy3.
2026-07-11 13:07:17,387 [INFO] root: Invoking hy3.
2026-07-11 13:07:17,389 [INFO] root: Invoking hy3.
2026-07-11 13:07:17,390 [INFO] root: Invoking hy3.
2026-07-11 13:07:17,391 [INFO] root: Invoking hy3.
2026-07-11 13:07:17,392 [INFO] root: Invoking hy3.
2026-07-11 13:07:17,394 [INFO] root: Invoking hy3.
2026-07-11 13:07:17,395 [INFO] root: Invoking hy3.
2026-07-11 13:07:17,395 [INFO] root: Invoking hy3.
2026-07-11 13:07:17,397 [INFO] root: Invoking hy3.
2026-07-11 13:07:17,398 [INFO] root: Invoking hy3.
2026-07-11 13:07:17,401 [INFO] root: Invoking hy3.
2026-07-11 13:07:17,402 [INFO] root: Invoking hy3.
2026-07-11 13:07:17,403 [INFO] root: Invoking hy3.
2026-07-11 13:07:17,404 [INFO] root: Invoking hy3.
2026-07-11 13:07:17,405 [INFO] root: Invoking hy3.
2026-07-11 13:07:17,409 [INFO] root: Invoking hy3.
2026-07-11 13:07:17,410 [INFO] root: Invoking hy3.
2026-07-11 13:07:17,410 [INFO] root: Invoking hy3.
2026-07-11 13:07:17,412 [INFO] root: Invoking hy3.
2026-07-11 13:07:17,415 [INFO] root: Invoking hy3.
2026-07-11 13:07:17,417 [INFO] root: Invoking hy3.
2026-07-11 13:07:17,418 [INFO] root: Invoking hy3.
2026-07-11 13:07:17,418 [INFO] root: Invoking hy3.
2026-07-11 13:07:17,419 [INFO] root: Invoking hy3.
2026-07-11 13:07:17,423 [INFO] root: Invoking hy3.
Queries:  89%|████████▊ | 308/348 [00:00<00:00, 1155.64it/s]2026-07-11 13:07:17,424 [INFO] root: Invoking hy3.
2026-07-11 13:07:17,425 [INFO] root: Invoking hy3.
2026-07-11 13:07:17,426 [INFO] root: Invoking hy3.
2026-07-11 13:07:17,428 [INFO] root: Invoking hy3.
2026-07-11 13:07:17,429 [INFO] root: Invoking hy3.
2026-07-11 13:07:17,431 [INFO] root: Invoking hy3.
2026-07-11 13:07:17,432 [INFO] root: Invoking hy3.
2026-07-11 13:07:17,435 [INFO] root: Invoking hy3.
2026-07-11 13:07:17,438 [INFO] root: Invoking hy3.
2026-07-11 13:07:17,438 [INFO] root: Invoking hy3.
2026-07-11 13:07:17,439 [INFO] root: Invoking hy3.
2026-07-11 13:07:17,440 [INFO] root: Invoking hy3.
2026-07-11 13:07:17,444 [INFO] root: Invoking hy3.
2026-07-11 13:07:17,445 [INFO] root: Invoking hy3.
2026-07-11 13:07:17,445 [INFO] root: Invoking hy3.
2026-07-11 13:07:17,446 [INFO] root: Invoking hy3.
2026-07-11 13:07:17,449 [INFO] root: Invoking hy3.
2026-07-11 13:07:17,450 [INFO] root: Invoking hy3.
2026-07-11 13:07:17,453 [INFO] root: Invoking hy3.
2026-07-11 13:07:17,454 [INFO] root: Invoking hy3.
2026-07-11 13:07:17,454 [INFO] root: Invoking hy3.
2026-07-11 13:07:17,454 [INFO] root: Invoking hy3.
2026-07-11 13:07:17,457 [INFO] root: Invoking hy3.
2026-07-11 13:07:17,458 [INFO] root: Invoking hy3.
2026-07-11 13:07:17,458 [INFO] root: Invoking hy3.
2026-07-11 13:07:17,459 [INFO] root: Invoking hy3.
2026-07-11 13:07:17,459 [INFO] root: Invoking hy3.
2026-07-11 13:07:17,460 [INFO] root: Invoking hy3.
2026-07-11 13:07:17,461 [INFO] root: Invoking hy3.
2026-07-11 13:07:17,462 [INFO] root: Invoking hy3.
2026-07-11 13:07:17,462 [INFO] root: Invoking hy3.
2026-07-11 13:07:17,463 [INFO] root: Invoking hy3.
2026-07-11 13:07:17,463 [INFO] root: Invoking hy3.
2026-07-11 13:07:17,464 [INFO] root: Invoking hy3.
2026-07-11 13:07:17,465 [INFO] root: Invoking hy3.
2026-07-11 13:07:17,468 [INFO] root: Invoking hy3.
2026-07-11 13:07:17,468 [INFO] root: Invoking hy3.
2026-07-11 13:07:17,468 [INFO] root: Invoking hy3.
2026-07-11 13:07:17,469 [INFO] root: Invoking hy3.
Queries: 100%|██████████| 348/348 [00:00<00:00, 1254.10it/s]
2026-07-11 13:07:17,598 [INFO] root: Saved assay results to /home/harry/code/corporate-bias/data/assays/pairwise-comparative-preference/hy3.parquet.
