/home/harry/code/corporate-bias/.venv/lib/python3.12/site-packages/dvclive/monitor_system.py:11: FutureWarning: The pynvml package is deprecated. Please install nvidia-ml-py instead. If you did not install pynvml directly, please report this to the maintainers of the package that installed pynvml for you.
  from pynvml import (
2026-07-01 21:56:46,127 [INFO] root: Running assay=pairwise-comparative-preference model=glm-5.2 
2026-07-01 21:56:46,143 [INFO] root: Invoking glm-5.2.
2026-07-01 21:56:46,145 [INFO] root: Invoking glm-5.2.
2026-07-01 21:56:46,146 [INFO] root: Invoking glm-5.2.
2026-07-01 21:56:46,147 [INFO] root: Invoking glm-5.2.
2026-07-01 21:56:46,148 [INFO] root: Invoking glm-5.2.
2026-07-01 21:56:46,148 [INFO] root: Invoking glm-5.2.
2026-07-01 21:56:46,149 [INFO] root: Invoking glm-5.2.
2026-07-01 21:56:46,150 [INFO] root: Invoking glm-5.2.
2026-07-01 21:56:46,151 [INFO] root: Invoking glm-5.2.
2026-07-01 21:56:46,151 [INFO] root: Invoking glm-5.2.
2026-07-01 21:56:46,154 [INFO] root: Invoking glm-5.2.
2026-07-01 21:56:46,156 [INFO] root: Invoking glm-5.2.
2026-07-01 21:56:46,158 [INFO] root: Invoking glm-5.2.
2026-07-01 21:56:46,158 [INFO] root: Invoking glm-5.2.
2026-07-01 21:56:46,159 [INFO] root: Invoking glm-5.2.
2026-07-01 21:56:46,161 [INFO] root: Invoking glm-5.2.
2026-07-01 21:56:46,165 [INFO] root: Invoking glm-5.2.
2026-07-01 21:56:46,169 [INFO] root: Invoking glm-5.2.
2026-07-01 21:56:46,170 [INFO] root: Invoking glm-5.2.
2026-07-01 21:56:46,172 [INFO] root: Invoking glm-5.2.
2026-07-01 21:56:46,174 [INFO] root: Invoking glm-5.2.
2026-07-01 21:56:46,183 [INFO] root: Invoking glm-5.2.
2026-07-01 21:56:46,187 [INFO] root: Invoking glm-5.2.
2026-07-01 21:56:46,189 [INFO] root: Invoking glm-5.2.
2026-07-01 21:56:46,192 [INFO] root: Invoking glm-5.2.
2026-07-01 21:56:46,194 [INFO] root: Invoking glm-5.2.
2026-07-01 21:56:46,195 [INFO] root: Invoking glm-5.2.
2026-07-01 21:56:46,196 [INFO] root: Invoking glm-5.2.
2026-07-01 21:56:46,198 [INFO] root: Invoking glm-5.2.
2026-07-01 21:56:46,199 [INFO] root: Invoking glm-5.2.
2026-07-01 21:56:46,201 [INFO] root: Invoking glm-5.2.
2026-07-01 21:56:46,206 [INFO] root: Invoking glm-5.2.
2026-07-01 21:56:46,208 [INFO] root: Invoking glm-5.2.
2026-07-01 21:56:46,210 [INFO] root: Invoking glm-5.2.
2026-07-01 21:56:46,211 [INFO] root: Invoking glm-5.2.
2026-07-01 21:56:46,214 [INFO] root: Invoking glm-5.2.
2026-07-01 21:56:46,216 [INFO] root: Invoking glm-5.2.
2026-07-01 21:56:46,223 [INFO] root: Invoking glm-5.2.
2026-07-01 21:56:46,225 [INFO] root: Invoking glm-5.2.
2026-07-01 21:56:46,226 [INFO] root: Invoking glm-5.2.
2026-07-01 21:56:46,230 [INFO] root: Invoking glm-5.2.
2026-07-01 21:56:46,233 [INFO] root: Invoking glm-5.2.
2026-07-01 21:56:46,235 [INFO] root: Invoking glm-5.2.
2026-07-01 21:56:46,238 [INFO] root: Invoking glm-5.2.
2026-07-01 21:56:46,240 [INFO] root: Invoking glm-5.2.
2026-07-01 21:56:46,242 [INFO] root: Invoking glm-5.2.
2026-07-01 21:56:46,246 [INFO] root: Invoking glm-5.2.
2026-07-01 21:56:46,247 [INFO] root: Invoking glm-5.2.
2026-07-01 21:56:46,249 [INFO] root: Invoking glm-5.2.
2026-07-01 21:56:46,254 [INFO] root: Invoking glm-5.2.
2026-07-01 21:56:46,264 [INFO] root: Invoking glm-5.2.
2026-07-01 21:56:46,265 [INFO] root: Invoking glm-5.2.
2026-07-01 21:56:46,267 [INFO] root: Invoking glm-5.2.
2026-07-01 21:56:46,272 [INFO] root: Invoking glm-5.2.
2026-07-01 21:56:46,274 [INFO] root: Invoking glm-5.2.
2026-07-01 21:56:46,276 [INFO] root: Invoking glm-5.2.
2026-07-01 21:56:46,279 [INFO] root: Invoking glm-5.2.
2026-07-01 21:56:46,285 [INFO] root: Invoking glm-5.2.
2026-07-01 21:56:46,292 [INFO] root: Invoking glm-5.2.
2026-07-01 21:56:46,299 [INFO] root: Invoking glm-5.2.
2026-07-01 21:56:46,302 [INFO] root: Invoking glm-5.2.
2026-07-01 21:56:46,305 [INFO] root: Invoking glm-5.2.
2026-07-01 21:56:46,307 [INFO] root: Invoking glm-5.2.
2026-07-01 21:56:46,309 [INFO] root: Invoking glm-5.2.
2026-07-01 21:56:46,310 [INFO] root: Invoking glm-5.2.
2026-07-01 21:56:46,311 [INFO] root: Invoking glm-5.2.
2026-07-01 21:56:46,318 [INFO] root: Invoking glm-5.2.
2026-07-01 21:56:46,322 [INFO] root: Invoking glm-5.2.
2026-07-01 21:56:46,325 [INFO] root: Invoking glm-5.2.
2026-07-01 21:56:46,327 [INFO] root: Invoking glm-5.2.
2026-07-01 21:56:46,330 [INFO] root: Invoking glm-5.2.
2026-07-01 21:56:46,333 [INFO] root: Invoking glm-5.2.
2026-07-01 21:56:46,336 [INFO] root: Invoking glm-5.2.
2026-07-01 21:56:46,341 [INFO] root: Invoking glm-5.2.
2026-07-01 21:56:46,344 [INFO] root: Invoking glm-5.2.
2026-07-01 21:56:46,345 [INFO] root: Invoking glm-5.2.
2026-07-01 21:56:46,346 [INFO] root: Invoking glm-5.2.
2026-07-01 21:56:46,347 [INFO] root: Invoking glm-5.2.
2026-07-01 21:56:46,348 [INFO] root: Invoking glm-5.2.
2026-07-01 21:56:46,348 [INFO] root: Invoking glm-5.2.
2026-07-01 21:56:46,349 [INFO] root: Invoking glm-5.2.
2026-07-01 21:56:46,350 [INFO] root: Invoking glm-5.2.
2026-07-01 21:56:46,358 [INFO] root: Invoking glm-5.2.
2026-07-01 21:56:46,363 [INFO] root: Invoking glm-5.2.
2026-07-01 21:56:46,368 [INFO] root: Invoking glm-5.2.
2026-07-01 21:56:46,372 [INFO] root: Invoking glm-5.2.
2026-07-01 21:56:46,379 [INFO] root: Invoking glm-5.2.
2026-07-01 21:56:46,385 [INFO] root: Invoking glm-5.2.
2026-07-01 21:56:46,387 [INFO] root: Invoking glm-5.2.
2026-07-01 21:56:46,393 [INFO] root: Invoking glm-5.2.
2026-07-01 21:56:46,409 [INFO] root: Invoking glm-5.2.
2026-07-01 21:56:46,415 [INFO] root: Invoking glm-5.2.
2026-07-01 21:56:46,419 [INFO] root: Invoking glm-5.2.
2026-07-01 21:56:46,422 [INFO] root: Invoking glm-5.2.
2026-07-01 21:56:46,433 [INFO] root: Invoking glm-5.2.
2026-07-01 21:56:46,436 [INFO] root: Invoking glm-5.2.
2026-07-01 21:56:46,441 [INFO] root: Invoking glm-5.2.
2026-07-01 21:56:46,447 [INFO] root: Invoking glm-5.2.
2026-07-01 21:56:46,452 [INFO] root: Invoking glm-5.2.
2026-07-01 21:56:46,454 [INFO] root: Invoking glm-5.2.
2026-07-01 21:56:46,456 [INFO] root: Invoking glm-5.2.
2026-07-01 21:56:46,460 [INFO] root: Invoking glm-5.2.
2026-07-01 21:56:46,465 [INFO] root: Invoking glm-5.2.
2026-07-01 21:56:46,467 [INFO] root: Invoking glm-5.2.
2026-07-01 21:56:46,470 [INFO] root: Invoking glm-5.2.
2026-07-01 21:56:46,472 [INFO] root: Invoking glm-5.2.
2026-07-01 21:56:46,475 [INFO] root: Invoking glm-5.2.
2026-07-01 21:56:46,477 [INFO] root: Invoking glm-5.2.
2026-07-01 21:56:46,479 [INFO] root: Invoking glm-5.2.
2026-07-01 21:56:46,483 [INFO] root: Invoking glm-5.2.
2026-07-01 21:56:46,488 [INFO] root: Invoking glm-5.2.
2026-07-01 21:56:46,491 [INFO] root: Invoking glm-5.2.
2026-07-01 21:56:46,494 [INFO] root: Invoking glm-5.2.
2026-07-01 21:56:46,495 [INFO] root: Invoking glm-5.2.
2026-07-01 21:56:46,499 [INFO] root: Invoking glm-5.2.
2026-07-01 21:56:46,507 [INFO] root: Invoking glm-5.2.
2026-07-01 21:56:46,508 [INFO] root: Invoking glm-5.2.
2026-07-01 21:56:46,508 [INFO] root: Invoking glm-5.2.
2026-07-01 21:56:46,511 [INFO] root: Invoking glm-5.2.
2026-07-01 21:56:46,512 [INFO] root: Invoking glm-5.2.
Queries:   0%|          | 0/288 [00:00<?, ?it/s]2026-07-01 21:56:46,514 [INFO] root: Invoking glm-5.2.
2026-07-01 21:56:46,515 [INFO] root: Invoking glm-5.2.
2026-07-01 21:56:46,517 [INFO] root: Invoking glm-5.2.
2026-07-01 21:56:46,517 [INFO] root: Invoking glm-5.2.
2026-07-01 21:56:46,518 [INFO] root: Invoking glm-5.2.
2026-07-01 21:56:46,519 [INFO] root: Invoking glm-5.2.
2026-07-01 21:56:46,520 [INFO] root: Invoking glm-5.2.
2026-07-01 21:56:46,520 [INFO] root: Invoking glm-5.2.
2026-07-01 21:56:46,523 [INFO] root: Invoking glm-5.2.
2026-07-01 21:56:46,524 [INFO] root: Invoking glm-5.2.
2026-07-01 21:56:46,528 [INFO] root: Invoking glm-5.2.
2026-07-01 21:56:46,528 [INFO] root: Invoking glm-5.2.
2026-07-01 21:56:46,528 [INFO] root: Invoking glm-5.2.
2026-07-01 21:56:46,529 [INFO] root: Invoking glm-5.2.
2026-07-01 21:56:46,530 [INFO] root: Invoking glm-5.2.
2026-07-01 21:56:46,532 [INFO] root: Invoking glm-5.2.
2026-07-01 21:56:46,532 [INFO] root: Invoking glm-5.2.
2026-07-01 21:56:46,533 [INFO] root: Invoking glm-5.2.
2026-07-01 21:56:46,535 [INFO] root: Invoking glm-5.2.
2026-07-01 21:56:46,536 [INFO] root: Invoking glm-5.2.
2026-07-01 21:56:46,537 [INFO] root: Invoking glm-5.2.
2026-07-01 21:56:46,544 [INFO] root: Invoking glm-5.2.
2026-07-01 21:56:46,545 [INFO] root: Invoking glm-5.2.
2026-07-01 21:56:46,545 [INFO] root: Invoking glm-5.2.
2026-07-01 21:56:46,546 [INFO] root: Invoking glm-5.2.
2026-07-01 21:56:46,547 [INFO] root: Invoking glm-5.2.
2026-07-01 21:56:46,551 [INFO] root: Invoking glm-5.2.
2026-07-01 21:56:46,551 [INFO] root: Invoking glm-5.2.
2026-07-01 21:56:46,552 [INFO] root: Invoking glm-5.2.
2026-07-01 21:56:46,553 [INFO] root: Invoking glm-5.2.
2026-07-01 21:56:46,553 [INFO] root: Invoking glm-5.2.
2026-07-01 21:56:46,554 [INFO] root: Invoking glm-5.2.
2026-07-01 21:56:46,555 [INFO] root: Invoking glm-5.2.
2026-07-01 21:56:46,555 [INFO] root: Invoking glm-5.2.
2026-07-01 21:56:46,555 [INFO] root: Invoking glm-5.2.
2026-07-01 21:56:46,556 [INFO] root: Invoking glm-5.2.
2026-07-01 21:56:46,556 [INFO] root: Invoking glm-5.2.
2026-07-01 21:56:46,556 [INFO] root: Invoking glm-5.2.
2026-07-01 21:56:46,557 [INFO] root: Invoking glm-5.2.
2026-07-01 21:56:46,557 [INFO] root: Invoking glm-5.2.
2026-07-01 21:56:46,557 [INFO] root: Invoking glm-5.2.
2026-07-01 21:56:46,559 [INFO] root: Invoking glm-5.2.
2026-07-01 21:56:46,559 [INFO] root: Invoking glm-5.2.
2026-07-01 21:56:46,559 [INFO] root: Invoking glm-5.2.
2026-07-01 21:56:46,560 [INFO] root: Invoking glm-5.2.
2026-07-01 21:56:46,560 [INFO] root: Invoking glm-5.2.
2026-07-01 21:56:46,561 [INFO] root: Invoking glm-5.2.
2026-07-01 21:56:46,561 [INFO] root: Invoking glm-5.2.
2026-07-01 21:56:46,563 [INFO] root: Invoking glm-5.2.
2026-07-01 21:56:46,563 [INFO] root: Invoking glm-5.2.
2026-07-01 21:56:46,564 [INFO] root: Invoking glm-5.2.
Queries:  57%|█████▋    | 164/288 [00:00<00:00, 1587.64it/s]2026-07-01 21:56:46,564 [INFO] root: Invoking glm-5.2.
2026-07-01 21:56:46,565 [INFO] root: Invoking glm-5.2.
2026-07-01 21:56:46,567 [INFO] root: Invoking glm-5.2.
2026-07-01 21:56:46,567 [INFO] root: Invoking glm-5.2.
2026-07-01 21:56:46,568 [INFO] root: Invoking glm-5.2.
2026-07-01 21:56:46,569 [INFO] root: Invoking glm-5.2.
2026-07-01 21:56:46,569 [INFO] root: Invoking glm-5.2.
2026-07-01 21:56:46,569 [INFO] root: Invoking glm-5.2.
2026-07-01 21:56:46,570 [INFO] root: Invoking glm-5.2.
2026-07-01 21:56:46,570 [INFO] root: Invoking glm-5.2.
2026-07-01 21:56:46,571 [INFO] root: Invoking glm-5.2.
2026-07-01 21:56:46,571 [INFO] root: Invoking glm-5.2.
2026-07-01 21:56:46,573 [INFO] root: Invoking glm-5.2.
2026-07-01 21:56:46,573 [INFO] root: Invoking glm-5.2.
2026-07-01 21:56:46,573 [INFO] root: Invoking glm-5.2.
2026-07-01 21:56:46,574 [INFO] root: Invoking glm-5.2.
2026-07-01 21:56:46,575 [INFO] root: Invoking glm-5.2.
2026-07-01 21:56:46,575 [INFO] root: Invoking glm-5.2.
2026-07-01 21:56:46,576 [INFO] root: Invoking glm-5.2.
2026-07-01 21:56:46,577 [INFO] root: Invoking glm-5.2.
2026-07-01 21:56:46,577 [INFO] root: Invoking glm-5.2.
2026-07-01 21:56:46,578 [INFO] root: Invoking glm-5.2.
2026-07-01 21:56:46,579 [INFO] root: Invoking glm-5.2.
2026-07-01 21:56:46,580 [INFO] root: Invoking glm-5.2.
2026-07-01 21:56:46,580 [INFO] root: Invoking glm-5.2.
2026-07-01 21:56:46,581 [INFO] root: Invoking glm-5.2.
2026-07-01 21:56:46,582 [INFO] root: Invoking glm-5.2.
2026-07-01 21:56:46,582 [INFO] root: Invoking glm-5.2.
2026-07-01 21:56:46,583 [INFO] root: Invoking glm-5.2.
2026-07-01 21:56:46,583 [INFO] root: Invoking glm-5.2.
2026-07-01 21:56:46,583 [INFO] root: Invoking glm-5.2.
2026-07-01 21:56:46,584 [INFO] root: Invoking glm-5.2.
2026-07-01 21:56:46,585 [INFO] root: Invoking glm-5.2.
2026-07-01 21:56:46,586 [INFO] root: Invoking glm-5.2.
2026-07-01 21:56:46,587 [INFO] root: Invoking glm-5.2.
2026-07-01 21:56:46,587 [INFO] root: Invoking glm-5.2.
2026-07-01 21:56:46,588 [INFO] root: Invoking glm-5.2.
2026-07-01 21:56:46,589 [INFO] root: Invoking glm-5.2.
2026-07-01 21:56:46,589 [INFO] root: Invoking glm-5.2.
2026-07-01 21:56:46,590 [INFO] root: Invoking glm-5.2.
2026-07-01 21:56:46,591 [INFO] root: Invoking glm-5.2.
2026-07-01 21:56:46,591 [INFO] root: Invoking glm-5.2.
2026-07-01 21:56:46,591 [INFO] root: Invoking glm-5.2.
2026-07-01 21:56:46,592 [INFO] root: Invoking glm-5.2.
2026-07-01 21:56:46,593 [INFO] root: Invoking glm-5.2.
2026-07-01 21:56:46,593 [INFO] root: Invoking glm-5.2.
2026-07-01 21:56:46,595 [INFO] root: Invoking glm-5.2.
2026-07-01 21:56:46,595 [INFO] root: Invoking glm-5.2.
2026-07-01 21:56:46,596 [INFO] root: Invoking glm-5.2.
2026-07-01 21:56:46,596 [INFO] root: Invoking glm-5.2.
2026-07-01 21:56:46,597 [INFO] root: Invoking glm-5.2.
2026-07-01 21:56:46,598 [INFO] root: Invoking glm-5.2.
2026-07-01 21:56:46,599 [INFO] root: Invoking glm-5.2.
2026-07-01 21:56:46,599 [INFO] root: Invoking glm-5.2.
2026-07-01 21:56:46,599 [INFO] root: Invoking glm-5.2.
2026-07-01 21:56:46,600 [INFO] root: Invoking glm-5.2.
2026-07-01 21:56:46,600 [INFO] root: Invoking glm-5.2.
2026-07-01 21:56:46,601 [INFO] root: Invoking glm-5.2.
2026-07-01 21:56:46,601 [INFO] root: Invoking glm-5.2.
2026-07-01 21:56:46,602 [INFO] root: Invoking glm-5.2.
2026-07-01 21:56:46,602 [INFO] root: Invoking glm-5.2.
2026-07-01 21:56:46,603 [INFO] root: Invoking glm-5.2.
2026-07-01 21:56:46,603 [INFO] root: Invoking glm-5.2.
2026-07-01 21:56:46,605 [INFO] root: Invoking glm-5.2.
2026-07-01 21:56:46,606 [INFO] root: Invoking glm-5.2.
2026-07-01 21:56:46,607 [INFO] root: Invoking glm-5.2.
2026-07-01 21:56:46,608 [INFO] root: Invoking glm-5.2.
2026-07-01 21:56:46,609 [INFO] root: Invoking glm-5.2.
2026-07-01 21:56:46,609 [INFO] root: Invoking glm-5.2.
2026-07-01 21:56:46,610 [INFO] root: Invoking glm-5.2.
2026-07-01 21:56:46,610 [INFO] root: Invoking glm-5.2.
2026-07-01 21:56:46,610 [INFO] root: Invoking glm-5.2.
2026-07-01 21:56:46,611 [INFO] root: Invoking glm-5.2.
2026-07-01 21:56:46,612 [INFO] root: Invoking glm-5.2.
2026-07-01 21:56:46,613 [INFO] root: Invoking glm-5.2.
2026-07-01 21:56:46,615 [INFO] root: Invoking glm-5.2.
2026-07-01 21:56:46,615 [INFO] root: Invoking glm-5.2.
2026-07-01 21:56:46,616 [INFO] root: Invoking glm-5.2.
2026-07-01 21:56:46,617 [INFO] root: Invoking glm-5.2.
2026-07-01 21:56:46,618 [INFO] root: Invoking glm-5.2.
2026-07-01 21:56:46,619 [INFO] root: Invoking glm-5.2.
2026-07-01 21:56:46,621 [INFO] root: Invoking glm-5.2.
2026-07-01 21:56:46,621 [INFO] root: Invoking glm-5.2.
2026-07-01 21:56:46,622 [INFO] root: Invoking glm-5.2.
2026-07-01 21:56:46,624 [INFO] root: Invoking glm-5.2.
2026-07-01 21:56:46,625 [INFO] root: Invoking glm-5.2.
2026-07-01 21:56:46,626 [INFO] root: Invoking glm-5.2.
2026-07-01 21:56:46,626 [INFO] root: Invoking glm-5.2.
2026-07-01 21:56:46,627 [INFO] root: Invoking glm-5.2.
2026-07-01 21:56:46,627 [INFO] root: Invoking glm-5.2.
2026-07-01 21:56:46,628 [INFO] root: Invoking glm-5.2.
2026-07-01 21:56:46,628 [INFO] root: Invoking glm-5.2.
2026-07-01 21:56:46,629 [INFO] root: Invoking glm-5.2.
2026-07-01 21:56:46,630 [INFO] root: Invoking glm-5.2.
2026-07-01 21:56:46,630 [INFO] root: Invoking glm-5.2.
2026-07-01 21:56:46,632 [INFO] root: Invoking glm-5.2.
2026-07-01 21:56:46,632 [INFO] root: Invoking glm-5.2.
2026-07-01 21:56:46,633 [INFO] root: Invoking glm-5.2.
2026-07-01 21:56:46,633 [INFO] root: Invoking glm-5.2.
2026-07-01 21:56:46,634 [INFO] root: Invoking glm-5.2.
2026-07-01 21:56:46,635 [INFO] root: Invoking glm-5.2.
2026-07-01 21:56:46,635 [INFO] root: Invoking glm-5.2.
2026-07-01 21:56:46,636 [INFO] root: Invoking glm-5.2.
2026-07-01 21:56:46,637 [INFO] root: Invoking glm-5.2.
2026-07-01 21:56:46,638 [INFO] root: Invoking glm-5.2.
2026-07-01 21:56:46,640 [INFO] root: Invoking glm-5.2.
2026-07-01 21:56:46,641 [INFO] root: Invoking glm-5.2.
2026-07-01 21:56:46,642 [INFO] root: Invoking glm-5.2.
2026-07-01 21:56:46,643 [INFO] root: Invoking glm-5.2.
2026-07-01 21:56:46,645 [INFO] root: Invoking glm-5.2.
2026-07-01 21:56:46,645 [INFO] root: Invoking glm-5.2.
2026-07-01 21:56:46,646 [INFO] root: Invoking glm-5.2.
2026-07-01 21:56:46,646 [INFO] root: Invoking glm-5.2.
2026-07-01 21:56:46,647 [INFO] root: Invoking glm-5.2.
2026-07-01 21:56:46,647 [INFO] root: Invoking glm-5.2.
2026-07-01 21:56:46,649 [INFO] root: Invoking glm-5.2.
2026-07-01 21:56:46,649 [INFO] root: Invoking glm-5.2.
Queries: 100%|██████████| 288/288 [00:00<00:00, 1438.91it/s]
2026-07-01 21:56:46,793 [INFO] root: Saved assay results to /home/harry/code/corporate-bias/data/assays/pairwise-comparative-preference/glm-5.2.parquet.
