/home/harry/code/corporate-bias/.venv/lib/python3.12/site-packages/dvclive/monitor_system.py:11: FutureWarning: The pynvml package is deprecated. Please install nvidia-ml-py instead. If you did not install pynvml directly, please report this to the maintainers of the package that installed pynvml for you.
  from pynvml import (
/home/harry/code/corporate-bias/pipelines/run_assay.py:58: PolarsInefficientMapWarning: 
Expr.map_elements is significantly slower than the native expressions API.
Only use if you absolutely CANNOT implement your logic otherwise.
Replace this expression...
  - pl.col("instance_json").map_elements(json.loads)
with this one instead:
  + pl.col("instance_json").str.json_decode()

  .map_elements(json.loads, return_dtype=pl.Object)
2026-04-15 14:42:18,671 [INFO] root: Running assay=head-to-head model=phi-4 num_samples_per_instance=3.
2026-04-15 14:42:18,682 [INFO] root: Invoking phi-4.
2026-04-15 14:42:18,683 [INFO] root: Invoking phi-4.
2026-04-15 14:42:18,684 [INFO] root: Invoking phi-4.
2026-04-15 14:42:18,684 [INFO] root: Invoking phi-4.
2026-04-15 14:42:18,686 [INFO] root: Invoking phi-4.
2026-04-15 14:42:18,686 [INFO] root: Invoking phi-4.
2026-04-15 14:42:18,687 [INFO] root: Invoking phi-4.
2026-04-15 14:42:18,688 [INFO] root: Invoking phi-4.
2026-04-15 14:42:18,690 [INFO] root: Invoking phi-4.
2026-04-15 14:42:18,691 [INFO] root: Invoking phi-4.
2026-04-15 14:42:18,692 [INFO] root: Invoking phi-4.
2026-04-15 14:42:18,693 [INFO] root: Invoking phi-4.
2026-04-15 14:42:18,694 [INFO] root: Invoking phi-4.
2026-04-15 14:42:18,695 [INFO] root: Invoking phi-4.
2026-04-15 14:42:18,697 [INFO] root: Invoking phi-4.
2026-04-15 14:42:18,698 [INFO] root: Invoking phi-4.
2026-04-15 14:42:18,698 [INFO] root: Invoking phi-4.
2026-04-15 14:42:18,700 [INFO] root: Invoking phi-4.
2026-04-15 14:42:18,701 [INFO] root: Invoking phi-4.
2026-04-15 14:42:18,702 [INFO] root: Invoking phi-4.
2026-04-15 14:42:18,703 [INFO] root: Invoking phi-4.
2026-04-15 14:42:18,704 [INFO] root: Invoking phi-4.
2026-04-15 14:42:18,706 [INFO] root: Invoking phi-4.
2026-04-15 14:42:18,707 [INFO] root: Invoking phi-4.
2026-04-15 14:42:18,708 [INFO] root: Invoking phi-4.
2026-04-15 14:42:18,708 [INFO] root: Invoking phi-4.
2026-04-15 14:42:18,709 [INFO] root: Invoking phi-4.
2026-04-15 14:42:18,710 [INFO] root: Invoking phi-4.
2026-04-15 14:42:18,712 [INFO] root: Invoking phi-4.
2026-04-15 14:42:18,714 [INFO] root: Invoking phi-4.
2026-04-15 14:42:18,715 [INFO] root: Invoking phi-4.
2026-04-15 14:42:18,716 [INFO] root: Invoking phi-4.
2026-04-15 14:42:18,717 [INFO] root: Invoking phi-4.
2026-04-15 14:42:18,718 [INFO] root: Invoking phi-4.
2026-04-15 14:42:18,719 [INFO] root: Invoking phi-4.
2026-04-15 14:42:18,720 [INFO] root: Invoking phi-4.
2026-04-15 14:42:18,721 [INFO] root: Invoking phi-4.
2026-04-15 14:42:18,722 [INFO] root: Invoking phi-4.
2026-04-15 14:42:18,724 [INFO] root: Invoking phi-4.
2026-04-15 14:42:18,724 [INFO] root: Invoking phi-4.
2026-04-15 14:42:18,726 [INFO] root: Invoking phi-4.
2026-04-15 14:42:18,726 [INFO] root: Invoking phi-4.
2026-04-15 14:42:18,727 [INFO] root: Invoking phi-4.
2026-04-15 14:42:18,728 [INFO] root: Invoking phi-4.
2026-04-15 14:42:18,730 [INFO] root: Invoking phi-4.
2026-04-15 14:42:18,731 [INFO] root: Invoking phi-4.
2026-04-15 14:42:18,732 [INFO] root: Invoking phi-4.
2026-04-15 14:42:18,733 [INFO] root: Invoking phi-4.
2026-04-15 14:42:18,734 [INFO] root: Invoking phi-4.
2026-04-15 14:42:18,735 [INFO] root: Invoking phi-4.
2026-04-15 14:42:18,735 [INFO] root: Invoking phi-4.
2026-04-15 14:42:18,736 [INFO] root: Invoking phi-4.
2026-04-15 14:42:18,739 [INFO] root: Invoking phi-4.
2026-04-15 14:42:18,740 [INFO] root: Invoking phi-4.
2026-04-15 14:42:18,742 [INFO] root: Invoking phi-4.
2026-04-15 14:42:18,742 [INFO] root: Invoking phi-4.
2026-04-15 14:42:18,743 [INFO] root: Invoking phi-4.
2026-04-15 14:42:18,744 [INFO] root: Invoking phi-4.
2026-04-15 14:42:18,744 [INFO] root: Invoking phi-4.
2026-04-15 14:42:18,747 [INFO] root: Invoking phi-4.
2026-04-15 14:42:18,748 [INFO] root: Invoking phi-4.
2026-04-15 14:42:18,749 [INFO] root: Invoking phi-4.
2026-04-15 14:42:18,751 [INFO] root: Invoking phi-4.
2026-04-15 14:42:18,752 [INFO] root: Invoking phi-4.
2026-04-15 14:42:18,753 [INFO] root: Invoking phi-4.
2026-04-15 14:42:18,753 [INFO] root: Invoking phi-4.
2026-04-15 14:42:18,754 [INFO] root: Invoking phi-4.
2026-04-15 14:42:18,756 [INFO] root: Invoking phi-4.
2026-04-15 14:42:18,757 [INFO] root: Invoking phi-4.
2026-04-15 14:42:18,758 [INFO] root: Invoking phi-4.
2026-04-15 14:42:18,759 [INFO] root: Invoking phi-4.
2026-04-15 14:42:18,759 [INFO] root: Invoking phi-4.
2026-04-15 14:42:18,760 [INFO] root: Invoking phi-4.
2026-04-15 14:42:18,761 [INFO] root: Invoking phi-4.
2026-04-15 14:42:18,762 [INFO] root: Invoking phi-4.
2026-04-15 14:42:18,764 [INFO] root: Invoking phi-4.
2026-04-15 14:42:18,765 [INFO] root: Invoking phi-4.
2026-04-15 14:42:18,766 [INFO] root: Invoking phi-4.
2026-04-15 14:42:18,767 [INFO] root: Invoking phi-4.
2026-04-15 14:42:18,768 [INFO] root: Invoking phi-4.
2026-04-15 14:42:18,770 [INFO] root: Invoking phi-4.
2026-04-15 14:42:18,772 [INFO] root: Invoking phi-4.
2026-04-15 14:42:18,772 [INFO] root: Invoking phi-4.
2026-04-15 14:42:18,773 [INFO] root: Invoking phi-4.
2026-04-15 14:42:18,775 [INFO] root: Invoking phi-4.
2026-04-15 14:42:18,776 [INFO] root: Invoking phi-4.
2026-04-15 14:42:18,779 [INFO] root: Invoking phi-4.
2026-04-15 14:42:18,780 [INFO] root: Invoking phi-4.
2026-04-15 14:42:18,784 [INFO] root: Invoking phi-4.
2026-04-15 14:42:18,785 [INFO] root: Invoking phi-4.
2026-04-15 14:42:18,788 [INFO] root: Invoking phi-4.
2026-04-15 14:42:18,789 [INFO] root: Invoking phi-4.
2026-04-15 14:42:18,793 [INFO] root: Invoking phi-4.
2026-04-15 14:42:18,796 [INFO] root: Invoking phi-4.
2026-04-15 14:42:18,797 [INFO] root: Invoking phi-4.
2026-04-15 14:42:18,798 [INFO] root: Invoking phi-4.
2026-04-15 14:42:18,802 [INFO] root: Invoking phi-4.
2026-04-15 14:42:18,802 [INFO] root: Invoking phi-4.
2026-04-15 14:42:18,804 [INFO] root: Invoking phi-4.
2026-04-15 14:42:18,807 [INFO] root: Invoking phi-4.
2026-04-15 14:42:18,808 [INFO] root: Invoking phi-4.
2026-04-15 14:42:18,809 [INFO] root: Invoking phi-4.
2026-04-15 14:42:18,810 [INFO] root: Invoking phi-4.
2026-04-15 14:42:18,810 [INFO] root: Invoking phi-4.
2026-04-15 14:42:18,811 [INFO] root: Invoking phi-4.
2026-04-15 14:42:18,812 [INFO] root: Invoking phi-4.
2026-04-15 14:42:18,814 [INFO] root: Invoking phi-4.
2026-04-15 14:42:18,814 [INFO] root: Invoking phi-4.
2026-04-15 14:42:18,815 [INFO] root: Invoking phi-4.
2026-04-15 14:42:18,816 [INFO] root: Invoking phi-4.
2026-04-15 14:42:18,817 [INFO] root: Invoking phi-4.
2026-04-15 14:42:18,818 [INFO] root: Invoking phi-4.
2026-04-15 14:42:18,819 [INFO] root: Invoking phi-4.
2026-04-15 14:42:18,820 [INFO] root: Invoking phi-4.
2026-04-15 14:42:18,821 [INFO] root: Invoking phi-4.
2026-04-15 14:42:18,822 [INFO] root: Invoking phi-4.
2026-04-15 14:42:18,822 [INFO] root: Invoking phi-4.
2026-04-15 14:42:18,823 [INFO] root: Invoking phi-4.
2026-04-15 14:42:18,824 [INFO] root: Invoking phi-4.
2026-04-15 14:42:18,825 [INFO] root: Invoking phi-4.
2026-04-15 14:42:18,827 [INFO] root: Invoking phi-4.
2026-04-15 14:42:18,828 [INFO] root: Invoking phi-4.
2026-04-15 14:42:18,829 [INFO] root: Invoking phi-4.
2026-04-15 14:42:18,830 [INFO] root: Invoking phi-4.
2026-04-15 14:42:18,831 [INFO] root: Invoking phi-4.
Preferences:   0%|          | 0/1620 [00:00<?, ?it/s]2026-04-15 14:42:18,832 [INFO] root: Invoking phi-4.
2026-04-15 14:42:18,834 [INFO] root: Invoking phi-4.
2026-04-15 14:42:18,836 [INFO] root: Invoking phi-4.
2026-04-15 14:42:19,371 [INFO] root: Invoking phi-4.
Preferences:   0%|          | 1/1620 [00:00<11:57,  2.26it/s]2026-04-15 14:42:19,371 [INFO] root: Invoking phi-4.
2026-04-15 14:42:19,372 [INFO] root: Invoking phi-4.
2026-04-15 14:42:19,373 [INFO] root: Invoking phi-4.
2026-04-15 14:42:19,373 [INFO] root: Invoking phi-4.
2026-04-15 14:42:19,374 [INFO] root: Invoking phi-4.
2026-04-15 14:42:19,375 [INFO] root: Invoking phi-4.
2026-04-15 14:42:19,376 [INFO] root: Invoking phi-4.
2026-04-15 14:42:19,376 [INFO] root: Invoking phi-4.
2026-04-15 14:42:19,376 [INFO] root: Invoking phi-4.
2026-04-15 14:42:19,376 [INFO] root: Invoking phi-4.
2026-04-15 14:42:19,377 [INFO] root: Invoking phi-4.
2026-04-15 14:42:19,378 [INFO] root: Invoking phi-4.
2026-04-15 14:42:19,378 [INFO] root: Invoking phi-4.
2026-04-15 14:42:19,379 [INFO] root: Invoking phi-4.
2026-04-15 14:42:19,379 [INFO] root: Invoking phi-4.
2026-04-15 14:42:19,380 [INFO] root: Invoking phi-4.
2026-04-15 14:42:19,381 [INFO] root: Invoking phi-4.
2026-04-15 14:42:19,381 [INFO] root: Invoking phi-4.
2026-04-15 14:42:19,382 [INFO] root: Invoking phi-4.
2026-04-15 14:42:19,383 [INFO] root: Invoking phi-4.
2026-04-15 14:42:19,383 [INFO] root: Invoking phi-4.
2026-04-15 14:42:19,384 [INFO] root: Invoking phi-4.
2026-04-15 14:42:19,384 [INFO] root: Invoking phi-4.
2026-04-15 14:42:19,384 [INFO] root: Invoking phi-4.
2026-04-15 14:42:19,385 [INFO] root: Invoking phi-4.
2026-04-15 14:42:19,385 [INFO] root: Invoking phi-4.
2026-04-15 14:42:19,385 [INFO] root: Invoking phi-4.
2026-04-15 14:42:19,386 [INFO] root: Invoking phi-4.
2026-04-15 14:42:19,386 [INFO] root: Invoking phi-4.
2026-04-15 14:42:19,387 [INFO] root: Invoking phi-4.
2026-04-15 14:42:19,387 [INFO] root: Invoking phi-4.
2026-04-15 14:42:19,388 [INFO] root: Invoking phi-4.
2026-04-15 14:42:19,389 [INFO] root: Invoking phi-4.
2026-04-15 14:42:19,390 [INFO] root: Invoking phi-4.
2026-04-15 14:42:19,390 [INFO] root: Invoking phi-4.
2026-04-15 14:42:19,391 [INFO] root: Invoking phi-4.
2026-04-15 14:42:19,391 [INFO] root: Invoking phi-4.
2026-04-15 14:42:19,392 [INFO] root: Invoking phi-4.
2026-04-15 14:42:19,393 [INFO] root: Invoking phi-4.
2026-04-15 14:42:19,393 [INFO] root: Invoking phi-4.
2026-04-15 14:42:19,394 [INFO] root: Invoking phi-4.
2026-04-15 14:42:19,395 [INFO] root: Invoking phi-4.
2026-04-15 14:42:19,396 [INFO] root: Invoking phi-4.
2026-04-15 14:42:19,396 [INFO] root: Invoking phi-4.
2026-04-15 14:42:19,396 [INFO] root: Invoking phi-4.
2026-04-15 14:42:19,397 [INFO] root: Invoking phi-4.
2026-04-15 14:42:19,397 [INFO] root: Invoking phi-4.
2026-04-15 14:42:19,398 [INFO] root: Invoking phi-4.
2026-04-15 14:42:19,399 [INFO] root: Invoking phi-4.
2026-04-15 14:42:19,400 [INFO] root: Invoking phi-4.
2026-04-15 14:42:19,400 [INFO] root: Invoking phi-4.
2026-04-15 14:42:19,401 [INFO] root: Invoking phi-4.
2026-04-15 14:42:19,401 [INFO] root: Invoking phi-4.
2026-04-15 14:42:19,402 [INFO] root: Invoking phi-4.
2026-04-15 14:42:19,403 [INFO] root: Invoking phi-4.
2026-04-15 14:42:19,404 [INFO] root: Invoking phi-4.
2026-04-15 14:42:19,404 [INFO] root: Invoking phi-4.
2026-04-15 14:42:19,404 [INFO] root: Invoking phi-4.
2026-04-15 14:42:19,405 [INFO] root: Invoking phi-4.
2026-04-15 14:42:19,406 [INFO] root: Invoking phi-4.
2026-04-15 14:42:19,407 [INFO] root: Invoking phi-4.
2026-04-15 14:42:19,407 [INFO] root: Invoking phi-4.
2026-04-15 14:42:19,407 [INFO] root: Invoking phi-4.
2026-04-15 14:42:19,408 [INFO] root: Invoking phi-4.
2026-04-15 14:42:19,408 [INFO] root: Invoking phi-4.
Preferences:  10%|█         | 167/1620 [00:00<00:03, 405.40it/s]2026-04-15 14:42:19,409 [INFO] root: Invoking phi-4.
2026-04-15 14:42:19,409 [INFO] root: Invoking phi-4.
2026-04-15 14:42:19,409 [INFO] root: Invoking phi-4.
2026-04-15 14:42:19,410 [INFO] root: Invoking phi-4.
2026-04-15 14:42:19,410 [INFO] root: Invoking phi-4.
2026-04-15 14:42:19,410 [INFO] root: Invoking phi-4.
2026-04-15 14:42:19,411 [INFO] root: Invoking phi-4.
2026-04-15 14:42:19,411 [INFO] root: Invoking phi-4.
2026-04-15 14:42:19,412 [INFO] root: Invoking phi-4.
2026-04-15 14:42:19,412 [INFO] root: Invoking phi-4.
2026-04-15 14:42:19,412 [INFO] root: Invoking phi-4.
2026-04-15 14:42:19,413 [INFO] root: Invoking phi-4.
2026-04-15 14:42:19,414 [INFO] root: Invoking phi-4.
2026-04-15 14:42:19,416 [INFO] root: Invoking phi-4.
2026-04-15 14:42:19,416 [INFO] root: Invoking phi-4.
2026-04-15 14:42:19,417 [INFO] root: Invoking phi-4.
2026-04-15 14:42:19,418 [INFO] root: Invoking phi-4.
2026-04-15 14:42:19,419 [INFO] root: Invoking phi-4.
2026-04-15 14:42:19,420 [INFO] root: Invoking phi-4.
2026-04-15 14:42:19,420 [INFO] root: Invoking phi-4.
2026-04-15 14:42:19,421 [INFO] root: Invoking phi-4.
2026-04-15 14:42:19,421 [INFO] root: Invoking phi-4.
2026-04-15 14:42:19,422 [INFO] root: Invoking phi-4.
2026-04-15 14:42:19,422 [INFO] root: Invoking phi-4.
2026-04-15 14:42:19,423 [INFO] root: Invoking phi-4.
2026-04-15 14:42:19,423 [INFO] root: Invoking phi-4.
2026-04-15 14:42:19,424 [INFO] root: Invoking phi-4.
2026-04-15 14:42:19,424 [INFO] root: Invoking phi-4.
2026-04-15 14:42:19,426 [INFO] root: Invoking phi-4.
2026-04-15 14:42:19,426 [INFO] root: Invoking phi-4.
2026-04-15 14:42:19,427 [INFO] root: Invoking phi-4.
2026-04-15 14:42:19,428 [INFO] root: Invoking phi-4.
2026-04-15 14:42:19,429 [INFO] root: Invoking phi-4.
2026-04-15 14:42:19,429 [INFO] root: Invoking phi-4.
2026-04-15 14:42:19,430 [INFO] root: Invoking phi-4.
2026-04-15 14:42:19,431 [INFO] root: Invoking phi-4.
2026-04-15 14:42:19,432 [INFO] root: Invoking phi-4.
2026-04-15 14:42:19,432 [INFO] root: Invoking phi-4.
2026-04-15 14:42:19,432 [INFO] root: Invoking phi-4.
2026-04-15 14:42:19,433 [INFO] root: Invoking phi-4.
2026-04-15 14:42:19,434 [INFO] root: Invoking phi-4.
2026-04-15 14:42:19,434 [INFO] root: Invoking phi-4.
2026-04-15 14:42:19,435 [INFO] root: Invoking phi-4.
2026-04-15 14:42:19,435 [INFO] root: Invoking phi-4.
2026-04-15 14:42:19,435 [INFO] root: Invoking phi-4.
2026-04-15 14:42:19,436 [INFO] root: Invoking phi-4.
2026-04-15 14:42:19,436 [INFO] root: Invoking phi-4.
2026-04-15 14:42:19,436 [INFO] root: Invoking phi-4.
2026-04-15 14:42:19,437 [INFO] root: Invoking phi-4.
2026-04-15 14:42:19,439 [INFO] root: Invoking phi-4.
2026-04-15 14:42:19,439 [INFO] root: Invoking phi-4.
2026-04-15 14:42:19,440 [INFO] root: Invoking phi-4.
2026-04-15 14:42:19,442 [INFO] root: Invoking phi-4.
2026-04-15 14:42:19,442 [INFO] root: Invoking phi-4.
2026-04-15 14:42:19,443 [INFO] root: Invoking phi-4.
2026-04-15 14:42:19,443 [INFO] root: Invoking phi-4.
2026-04-15 14:42:19,444 [INFO] root: Invoking phi-4.
2026-04-15 14:42:19,445 [INFO] root: Invoking phi-4.
2026-04-15 14:42:19,447 [INFO] root: Invoking phi-4.
2026-04-15 14:42:19,447 [INFO] root: Invoking phi-4.
2026-04-15 14:42:19,448 [INFO] root: Invoking phi-4.
2026-04-15 14:42:19,449 [INFO] root: Invoking phi-4.
2026-04-15 14:42:19,449 [INFO] root: Invoking phi-4.
2026-04-15 14:42:19,449 [INFO] root: Invoking phi-4.
2026-04-15 14:42:19,450 [INFO] root: Invoking phi-4.
2026-04-15 14:42:19,451 [INFO] root: Invoking phi-4.
2026-04-15 14:42:19,451 [INFO] root: Invoking phi-4.
2026-04-15 14:42:19,452 [INFO] root: Invoking phi-4.
2026-04-15 14:42:19,452 [INFO] root: Invoking phi-4.
2026-04-15 14:42:19,452 [INFO] root: Invoking phi-4.
2026-04-15 14:42:19,454 [INFO] root: Invoking phi-4.
2026-04-15 14:42:19,455 [INFO] root: Invoking phi-4.
2026-04-15 14:42:19,455 [INFO] root: Invoking phi-4.
2026-04-15 14:42:19,455 [INFO] root: Invoking phi-4.
2026-04-15 14:42:19,456 [INFO] root: Invoking phi-4.
2026-04-15 14:42:19,456 [INFO] root: Invoking phi-4.
2026-04-15 14:42:19,456 [INFO] root: Invoking phi-4.
2026-04-15 14:42:19,457 [INFO] root: Invoking phi-4.
2026-04-15 14:42:19,458 [INFO] root: Invoking phi-4.
2026-04-15 14:42:19,459 [INFO] root: Invoking phi-4.
2026-04-15 14:42:19,459 [INFO] root: Invoking phi-4.
2026-04-15 14:42:19,460 [INFO] root: Invoking phi-4.
2026-04-15 14:42:19,461 [INFO] root: Invoking phi-4.
2026-04-15 14:42:19,461 [INFO] root: Invoking phi-4.
2026-04-15 14:42:19,462 [INFO] root: Invoking phi-4.
2026-04-15 14:42:19,462 [INFO] root: Invoking phi-4.
2026-04-15 14:42:19,463 [INFO] root: Invoking phi-4.
2026-04-15 14:42:19,464 [INFO] root: Invoking phi-4.
2026-04-15 14:42:19,464 [INFO] root: Invoking phi-4.
2026-04-15 14:42:19,465 [INFO] root: Invoking phi-4.
2026-04-15 14:42:19,465 [INFO] root: Invoking phi-4.
2026-04-15 14:42:19,465 [INFO] root: Invoking phi-4.
Preferences:  17%|█▋        | 282/1620 [00:00<00:02, 597.05it/s]2026-04-15 14:42:19,466 [INFO] root: Invoking phi-4.
2026-04-15 14:42:19,467 [INFO] root: Invoking phi-4.
2026-04-15 14:42:19,468 [INFO] root: Invoking phi-4.
2026-04-15 14:42:19,469 [INFO] root: Invoking phi-4.
2026-04-15 14:42:19,469 [INFO] root: Invoking phi-4.
2026-04-15 14:42:19,470 [INFO] root: Invoking phi-4.
2026-04-15 14:42:19,470 [INFO] root: Invoking phi-4.
2026-04-15 14:42:19,470 [INFO] root: Invoking phi-4.
2026-04-15 14:42:19,471 [INFO] root: Invoking phi-4.
2026-04-15 14:42:19,472 [INFO] root: Invoking phi-4.
2026-04-15 14:42:19,473 [INFO] root: Invoking phi-4.
2026-04-15 14:42:19,473 [INFO] root: Invoking phi-4.
2026-04-15 14:42:19,474 [INFO] root: Invoking phi-4.
2026-04-15 14:42:19,474 [INFO] root: Invoking phi-4.
2026-04-15 14:42:19,475 [INFO] root: Invoking phi-4.
2026-04-15 14:42:19,476 [INFO] root: Invoking phi-4.
2026-04-15 14:42:19,476 [INFO] root: Invoking phi-4.
2026-04-15 14:42:19,476 [INFO] root: Invoking phi-4.
2026-04-15 14:42:19,477 [INFO] root: Invoking phi-4.
2026-04-15 14:42:19,478 [INFO] root: Invoking phi-4.
2026-04-15 14:42:19,478 [INFO] root: Invoking phi-4.
2026-04-15 14:42:19,479 [INFO] root: Invoking phi-4.
2026-04-15 14:42:19,480 [INFO] root: Invoking phi-4.
2026-04-15 14:42:19,481 [INFO] root: Invoking phi-4.
2026-04-15 14:42:19,482 [INFO] root: Invoking phi-4.
2026-04-15 14:42:19,482 [INFO] root: Invoking phi-4.
2026-04-15 14:42:19,483 [INFO] root: Invoking phi-4.
2026-04-15 14:42:19,484 [INFO] root: Invoking phi-4.
2026-04-15 14:42:19,484 [INFO] root: Invoking phi-4.
2026-04-15 14:42:19,485 [INFO] root: Invoking phi-4.
2026-04-15 14:42:19,486 [INFO] root: Invoking phi-4.
2026-04-15 14:42:19,486 [INFO] root: Invoking phi-4.
2026-04-15 14:42:19,486 [INFO] root: Invoking phi-4.
2026-04-15 14:42:19,487 [INFO] root: Invoking phi-4.
2026-04-15 14:42:19,487 [INFO] root: Invoking phi-4.
2026-04-15 14:42:19,488 [INFO] root: Invoking phi-4.
2026-04-15 14:42:19,488 [INFO] root: Invoking phi-4.
2026-04-15 14:42:19,488 [INFO] root: Invoking phi-4.
2026-04-15 14:42:19,489 [INFO] root: Invoking phi-4.
2026-04-15 14:42:19,490 [INFO] root: Invoking phi-4.
2026-04-15 14:42:19,490 [INFO] root: Invoking phi-4.
2026-04-15 14:42:19,491 [INFO] root: Invoking phi-4.
2026-04-15 14:42:19,492 [INFO] root: Invoking phi-4.
2026-04-15 14:42:19,493 [INFO] root: Invoking phi-4.
2026-04-15 14:42:19,494 [INFO] root: Invoking phi-4.
2026-04-15 14:42:19,494 [INFO] root: Invoking phi-4.
2026-04-15 14:42:19,495 [INFO] root: Invoking phi-4.
2026-04-15 14:42:19,497 [INFO] root: Invoking phi-4.
2026-04-15 14:42:19,497 [INFO] root: Invoking phi-4.
2026-04-15 14:42:19,499 [INFO] root: Invoking phi-4.
2026-04-15 14:42:19,502 [INFO] root: Invoking phi-4.
2026-04-15 14:42:19,502 [INFO] root: Invoking phi-4.
2026-04-15 14:42:19,504 [INFO] root: Invoking phi-4.
2026-04-15 14:42:19,505 [INFO] root: Invoking phi-4.
2026-04-15 14:42:19,507 [INFO] root: Invoking phi-4.
2026-04-15 14:42:19,507 [INFO] root: Invoking phi-4.
2026-04-15 14:42:19,508 [INFO] root: Invoking phi-4.
2026-04-15 14:42:19,508 [INFO] root: Invoking phi-4.
2026-04-15 14:42:19,509 [INFO] root: Invoking phi-4.
2026-04-15 14:42:19,510 [INFO] root: Invoking phi-4.
2026-04-15 14:42:19,510 [INFO] root: Invoking phi-4.
2026-04-15 14:42:19,511 [INFO] root: Invoking phi-4.
2026-04-15 14:42:19,512 [INFO] root: Invoking phi-4.
2026-04-15 14:42:19,513 [INFO] root: Invoking phi-4.
2026-04-15 14:42:19,513 [INFO] root: Invoking phi-4.
2026-04-15 14:42:19,514 [INFO] root: Invoking phi-4.
2026-04-15 14:42:19,514 [INFO] root: Invoking phi-4.
2026-04-15 14:42:19,516 [INFO] root: Invoking phi-4.
2026-04-15 14:42:19,517 [INFO] root: Invoking phi-4.
2026-04-15 14:42:19,520 [INFO] root: Invoking phi-4.
2026-04-15 14:42:19,521 [INFO] root: Invoking phi-4.
2026-04-15 14:42:19,522 [INFO] root: Invoking phi-4.
2026-04-15 14:42:19,523 [INFO] root: Invoking phi-4.
2026-04-15 14:42:19,524 [INFO] root: Invoking phi-4.
2026-04-15 14:42:19,525 [INFO] root: Invoking phi-4.
2026-04-15 14:42:19,526 [INFO] root: Invoking phi-4.
2026-04-15 14:42:19,528 [INFO] root: Invoking phi-4.
2026-04-15 14:42:19,529 [INFO] root: Invoking phi-4.
2026-04-15 14:42:19,530 [INFO] root: Invoking phi-4.
2026-04-15 14:42:19,531 [INFO] root: Invoking phi-4.
2026-04-15 14:42:19,532 [INFO] root: Invoking phi-4.
2026-04-15 14:42:19,533 [INFO] root: Invoking phi-4.
2026-04-15 14:42:19,535 [INFO] root: Invoking phi-4.
2026-04-15 14:42:19,536 [INFO] root: Invoking phi-4.
2026-04-15 14:42:19,537 [INFO] root: Invoking phi-4.
2026-04-15 14:42:19,538 [INFO] root: Invoking phi-4.
2026-04-15 14:42:19,539 [INFO] root: Invoking phi-4.
2026-04-15 14:42:19,540 [INFO] root: Invoking phi-4.
2026-04-15 14:42:19,540 [INFO] root: Invoking phi-4.
2026-04-15 14:42:19,541 [INFO] root: Invoking phi-4.
2026-04-15 14:42:19,541 [INFO] root: Invoking phi-4.
2026-04-15 14:42:19,542 [INFO] root: Invoking phi-4.
2026-04-15 14:42:19,543 [INFO] root: Invoking phi-4.
2026-04-15 14:42:19,544 [INFO] root: Invoking phi-4.
2026-04-15 14:42:19,544 [INFO] root: Invoking phi-4.
2026-04-15 14:42:19,546 [INFO] root: Invoking phi-4.
2026-04-15 14:42:19,547 [INFO] root: Invoking phi-4.
2026-04-15 14:42:19,547 [INFO] root: Invoking phi-4.
2026-04-15 14:42:19,548 [INFO] root: Invoking phi-4.
2026-04-15 14:42:19,551 [INFO] root: Invoking phi-4.
2026-04-15 14:42:19,551 [INFO] root: Invoking phi-4.
2026-04-15 14:42:19,554 [INFO] root: Invoking phi-4.
2026-04-15 14:42:19,554 [INFO] root: Invoking phi-4.
2026-04-15 14:42:19,555 [INFO] root: Invoking phi-4.
2026-04-15 14:42:19,556 [INFO] root: Invoking phi-4.
2026-04-15 14:42:19,557 [INFO] root: Invoking phi-4.
2026-04-15 14:42:19,558 [INFO] root: Invoking phi-4.
2026-04-15 14:42:19,558 [INFO] root: Invoking phi-4.
2026-04-15 14:42:19,559 [INFO] root: Invoking phi-4.
2026-04-15 14:42:19,559 [INFO] root: Invoking phi-4.
2026-04-15 14:42:19,561 [INFO] root: Invoking phi-4.
2026-04-15 14:42:19,561 [INFO] root: Invoking phi-4.
2026-04-15 14:42:19,562 [INFO] root: Invoking phi-4.
2026-04-15 14:42:19,563 [INFO] root: Invoking phi-4.
2026-04-15 14:42:19,563 [INFO] root: Invoking phi-4.
2026-04-15 14:42:19,565 [INFO] root: Invoking phi-4.
2026-04-15 14:42:19,566 [INFO] root: Invoking phi-4.
2026-04-15 14:42:19,566 [INFO] root: Invoking phi-4.
2026-04-15 14:42:19,568 [INFO] root: Invoking phi-4.
2026-04-15 14:42:19,568 [INFO] root: Invoking phi-4.
Preferences:  25%|██▍       | 401/1620 [00:00<00:01, 756.56it/s]2026-04-15 14:42:19,568 [INFO] root: Invoking phi-4.
2026-04-15 14:42:19,570 [INFO] root: Invoking phi-4.
2026-04-15 14:42:19,570 [INFO] root: Invoking phi-4.
2026-04-15 14:42:19,571 [INFO] root: Invoking phi-4.
2026-04-15 14:42:19,572 [INFO] root: Invoking phi-4.
2026-04-15 14:42:19,573 [INFO] root: Invoking phi-4.
2026-04-15 14:42:19,573 [INFO] root: Invoking phi-4.
2026-04-15 14:42:19,574 [INFO] root: Invoking phi-4.
2026-04-15 14:42:19,575 [INFO] root: Invoking phi-4.
2026-04-15 14:42:19,576 [INFO] root: Invoking phi-4.
2026-04-15 14:42:19,576 [INFO] root: Invoking phi-4.
2026-04-15 14:42:19,577 [INFO] root: Invoking phi-4.
2026-04-15 14:42:19,578 [INFO] root: Invoking phi-4.
2026-04-15 14:42:19,579 [INFO] root: Invoking phi-4.
2026-04-15 14:42:19,581 [INFO] root: Invoking phi-4.
2026-04-15 14:42:19,582 [INFO] root: Invoking phi-4.
2026-04-15 14:42:19,583 [INFO] root: Invoking phi-4.
2026-04-15 14:42:19,584 [INFO] root: Invoking phi-4.
2026-04-15 14:42:19,584 [INFO] root: Invoking phi-4.
2026-04-15 14:42:19,585 [INFO] root: Invoking phi-4.
2026-04-15 14:42:19,586 [INFO] root: Invoking phi-4.
2026-04-15 14:42:19,586 [INFO] root: Invoking phi-4.
2026-04-15 14:42:19,588 [INFO] root: Invoking phi-4.
2026-04-15 14:42:19,588 [INFO] root: Invoking phi-4.
2026-04-15 14:42:19,588 [INFO] root: Invoking phi-4.
2026-04-15 14:42:19,590 [INFO] root: Invoking phi-4.
2026-04-15 14:42:19,591 [INFO] root: Invoking phi-4.
2026-04-15 14:42:19,592 [INFO] root: Invoking phi-4.
2026-04-15 14:42:19,593 [INFO] root: Invoking phi-4.
2026-04-15 14:42:19,594 [INFO] root: Invoking phi-4.
2026-04-15 14:42:19,595 [INFO] root: Invoking phi-4.
2026-04-15 14:42:19,595 [INFO] root: Invoking phi-4.
2026-04-15 14:42:19,596 [INFO] root: Invoking phi-4.
2026-04-15 14:42:19,599 [INFO] root: Invoking phi-4.
2026-04-15 14:42:19,601 [INFO] root: Invoking phi-4.
2026-04-15 14:42:19,602 [INFO] root: Invoking phi-4.
2026-04-15 14:42:19,603 [INFO] root: Invoking phi-4.
2026-04-15 14:42:19,604 [INFO] root: Invoking phi-4.
2026-04-15 14:42:19,605 [INFO] root: Invoking phi-4.
2026-04-15 14:42:19,606 [INFO] root: Invoking phi-4.
2026-04-15 14:42:19,607 [INFO] root: Invoking phi-4.
2026-04-15 14:42:19,607 [INFO] root: Invoking phi-4.
2026-04-15 14:42:19,607 [INFO] root: Invoking phi-4.
2026-04-15 14:42:19,608 [INFO] root: Invoking phi-4.
2026-04-15 14:42:19,608 [INFO] root: Invoking phi-4.
2026-04-15 14:42:19,609 [INFO] root: Invoking phi-4.
2026-04-15 14:42:19,610 [INFO] root: Invoking phi-4.
2026-04-15 14:42:19,611 [INFO] root: Invoking phi-4.
2026-04-15 14:42:19,612 [INFO] root: Invoking phi-4.
2026-04-15 14:42:19,614 [INFO] root: Invoking phi-4.
2026-04-15 14:42:19,615 [INFO] root: Invoking phi-4.
2026-04-15 14:42:19,616 [INFO] root: Invoking phi-4.
2026-04-15 14:42:19,618 [INFO] root: Invoking phi-4.
2026-04-15 14:42:19,618 [INFO] root: Invoking phi-4.
2026-04-15 14:42:19,619 [INFO] root: Invoking phi-4.
2026-04-15 14:42:19,619 [INFO] root: Invoking phi-4.
2026-04-15 14:42:19,620 [INFO] root: Invoking phi-4.
2026-04-15 14:42:19,620 [INFO] root: Invoking phi-4.
2026-04-15 14:42:19,622 [INFO] root: Invoking phi-4.
2026-04-15 14:42:19,623 [INFO] root: Invoking phi-4.
2026-04-15 14:42:19,623 [INFO] root: Invoking phi-4.
2026-04-15 14:42:19,624 [INFO] root: Invoking phi-4.
2026-04-15 14:42:19,625 [INFO] root: Invoking phi-4.
2026-04-15 14:42:19,626 [INFO] root: Invoking phi-4.
2026-04-15 14:42:19,630 [INFO] root: Invoking phi-4.
2026-04-15 14:42:19,630 [INFO] root: Invoking phi-4.
2026-04-15 14:42:19,631 [INFO] root: Invoking phi-4.
2026-04-15 14:42:19,632 [INFO] root: Invoking phi-4.
2026-04-15 14:42:19,633 [INFO] root: Invoking phi-4.
2026-04-15 14:42:19,635 [INFO] root: Invoking phi-4.
2026-04-15 14:42:19,636 [INFO] root: Invoking phi-4.
2026-04-15 14:42:19,636 [INFO] root: Invoking phi-4.
2026-04-15 14:42:19,637 [INFO] root: Invoking phi-4.
2026-04-15 14:42:19,638 [INFO] root: Invoking phi-4.
2026-04-15 14:42:19,640 [INFO] root: Invoking phi-4.
2026-04-15 14:42:19,640 [INFO] root: Invoking phi-4.
2026-04-15 14:42:19,641 [INFO] root: Invoking phi-4.
2026-04-15 14:42:19,642 [INFO] root: Invoking phi-4.
2026-04-15 14:42:19,642 [INFO] root: Invoking phi-4.
2026-04-15 14:42:19,643 [INFO] root: Invoking phi-4.
2026-04-15 14:42:19,644 [INFO] root: Invoking phi-4.
2026-04-15 14:42:19,644 [INFO] root: Invoking phi-4.
2026-04-15 14:42:19,645 [INFO] root: Invoking phi-4.
2026-04-15 14:42:19,646 [INFO] root: Invoking phi-4.
2026-04-15 14:42:19,646 [INFO] root: Invoking phi-4.
2026-04-15 14:42:19,647 [INFO] root: Invoking phi-4.
2026-04-15 14:42:19,648 [INFO] root: Invoking phi-4.
2026-04-15 14:42:19,648 [INFO] root: Invoking phi-4.
2026-04-15 14:42:19,649 [INFO] root: Invoking phi-4.
2026-04-15 14:42:19,650 [INFO] root: Invoking phi-4.
2026-04-15 14:42:19,651 [INFO] root: Invoking phi-4.
2026-04-15 14:42:19,651 [INFO] root: Invoking phi-4.
2026-04-15 14:42:19,652 [INFO] root: Invoking phi-4.
2026-04-15 14:42:19,652 [INFO] root: Invoking phi-4.
2026-04-15 14:42:19,653 [INFO] root: Invoking phi-4.
2026-04-15 14:42:19,654 [INFO] root: Invoking phi-4.
2026-04-15 14:42:19,654 [INFO] root: Invoking phi-4.
2026-04-15 14:42:19,656 [INFO] root: Invoking phi-4.
2026-04-15 14:42:19,657 [INFO] root: Invoking phi-4.
2026-04-15 14:42:19,657 [INFO] root: Invoking phi-4.
2026-04-15 14:42:19,658 [INFO] root: Invoking phi-4.
2026-04-15 14:42:19,658 [INFO] root: Invoking phi-4.
2026-04-15 14:42:19,659 [INFO] root: Invoking phi-4.
2026-04-15 14:42:19,659 [INFO] root: Invoking phi-4.
2026-04-15 14:42:19,660 [INFO] root: Invoking phi-4.
2026-04-15 14:42:19,661 [INFO] root: Invoking phi-4.
2026-04-15 14:42:19,661 [INFO] root: Invoking phi-4.
2026-04-15 14:42:19,662 [INFO] root: Invoking phi-4.
2026-04-15 14:42:19,662 [INFO] root: Invoking phi-4.
2026-04-15 14:42:19,662 [INFO] root: Invoking phi-4.
2026-04-15 14:42:19,664 [INFO] root: Invoking phi-4.
2026-04-15 14:42:19,664 [INFO] root: Invoking phi-4.
2026-04-15 14:42:19,664 [INFO] root: Invoking phi-4.
2026-04-15 14:42:19,665 [INFO] root: Invoking phi-4.
2026-04-15 14:42:19,665 [INFO] root: Invoking phi-4.
2026-04-15 14:42:19,666 [INFO] root: Invoking phi-4.
2026-04-15 14:42:19,667 [INFO] root: Invoking phi-4.
2026-04-15 14:42:19,667 [INFO] root: Invoking phi-4.
2026-04-15 14:42:19,668 [INFO] root: Invoking phi-4.
2026-04-15 14:42:19,668 [INFO] root: Invoking phi-4.
2026-04-15 14:42:19,669 [INFO] root: Invoking phi-4.
2026-04-15 14:42:19,670 [INFO] root: Invoking phi-4.
2026-04-15 14:42:19,671 [INFO] root: Invoking phi-4.
2026-04-15 14:42:19,671 [INFO] root: Invoking phi-4.
2026-04-15 14:42:19,672 [INFO] root: Invoking phi-4.
2026-04-15 14:42:19,673 [INFO] root: Invoking phi-4.
2026-04-15 14:42:19,673 [INFO] root: Invoking phi-4.
2026-04-15 14:42:19,674 [INFO] root: Invoking phi-4.
2026-04-15 14:42:19,674 [INFO] root: Invoking phi-4.
2026-04-15 14:42:19,675 [INFO] root: Invoking phi-4.
2026-04-15 14:42:19,676 [INFO] root: Invoking phi-4.
2026-04-15 14:42:19,676 [INFO] root: Invoking phi-4.
2026-04-15 14:42:19,677 [INFO] root: Invoking phi-4.
2026-04-15 14:42:19,678 [INFO] root: Invoking phi-4.
2026-04-15 14:42:19,678 [INFO] root: Invoking phi-4.
2026-04-15 14:42:19,679 [INFO] root: Invoking phi-4.
2026-04-15 14:42:19,682 [INFO] root: Invoking phi-4.
2026-04-15 14:42:19,682 [INFO] root: Invoking phi-4.
2026-04-15 14:42:19,682 [INFO] root: Invoking phi-4.
2026-04-15 14:42:19,682 [INFO] root: Invoking phi-4.
Preferences:  33%|███▎      | 542/1620 [00:00<00:01, 936.97it/s]2026-04-15 14:42:19,683 [INFO] root: Invoking phi-4.
2026-04-15 14:42:19,683 [INFO] root: Invoking phi-4.
2026-04-15 14:42:19,684 [INFO] root: Invoking phi-4.
2026-04-15 14:42:19,685 [INFO] root: Invoking phi-4.
2026-04-15 14:42:19,685 [INFO] root: Invoking phi-4.
2026-04-15 14:42:19,686 [INFO] root: Invoking phi-4.
2026-04-15 14:42:19,686 [INFO] root: Invoking phi-4.
2026-04-15 14:42:19,687 [INFO] root: Invoking phi-4.
2026-04-15 14:42:19,687 [INFO] root: Invoking phi-4.
2026-04-15 14:42:19,688 [INFO] root: Invoking phi-4.
2026-04-15 14:42:19,690 [INFO] root: Invoking phi-4.
2026-04-15 14:42:19,691 [INFO] root: Invoking phi-4.
2026-04-15 14:42:19,691 [INFO] root: Invoking phi-4.
2026-04-15 14:42:19,691 [INFO] root: Invoking phi-4.
2026-04-15 14:42:19,692 [INFO] root: Invoking phi-4.
2026-04-15 14:42:19,692 [INFO] root: Invoking phi-4.
2026-04-15 14:42:19,694 [INFO] root: Invoking phi-4.
2026-04-15 14:42:19,694 [INFO] root: Invoking phi-4.
2026-04-15 14:42:19,695 [INFO] root: Invoking phi-4.
2026-04-15 14:42:19,695 [INFO] root: Invoking phi-4.
2026-04-15 14:42:19,696 [INFO] root: Invoking phi-4.
2026-04-15 14:42:19,697 [INFO] root: Invoking phi-4.
2026-04-15 14:42:19,698 [INFO] root: Invoking phi-4.
2026-04-15 14:42:19,698 [INFO] root: Invoking phi-4.
2026-04-15 14:42:19,699 [INFO] root: Invoking phi-4.
2026-04-15 14:42:19,700 [INFO] root: Invoking phi-4.
2026-04-15 14:42:19,700 [INFO] root: Invoking phi-4.
2026-04-15 14:42:19,701 [INFO] root: Invoking phi-4.
2026-04-15 14:42:19,701 [INFO] root: Invoking phi-4.
2026-04-15 14:42:19,702 [INFO] root: Invoking phi-4.
2026-04-15 14:42:19,703 [INFO] root: Invoking phi-4.
2026-04-15 14:42:19,703 [INFO] root: Invoking phi-4.
2026-04-15 14:42:19,704 [INFO] root: Invoking phi-4.
2026-04-15 14:42:19,704 [INFO] root: Invoking phi-4.
2026-04-15 14:42:19,705 [INFO] root: Invoking phi-4.
2026-04-15 14:42:19,705 [INFO] root: Invoking phi-4.
2026-04-15 14:42:19,706 [INFO] root: Invoking phi-4.
2026-04-15 14:42:19,707 [INFO] root: Invoking phi-4.
2026-04-15 14:42:19,707 [INFO] root: Invoking phi-4.
2026-04-15 14:42:19,707 [INFO] root: Invoking phi-4.
2026-04-15 14:42:19,708 [INFO] root: Invoking phi-4.
2026-04-15 14:42:19,709 [INFO] root: Invoking phi-4.
2026-04-15 14:42:19,711 [INFO] root: Invoking phi-4.
2026-04-15 14:42:19,712 [INFO] root: Invoking phi-4.
2026-04-15 14:42:19,712 [INFO] root: Invoking phi-4.
2026-04-15 14:42:19,712 [INFO] root: Invoking phi-4.
2026-04-15 14:42:19,713 [INFO] root: Invoking phi-4.
2026-04-15 14:42:19,713 [INFO] root: Invoking phi-4.
2026-04-15 14:42:19,714 [INFO] root: Invoking phi-4.
2026-04-15 14:42:19,715 [INFO] root: Invoking phi-4.
2026-04-15 14:42:19,715 [INFO] root: Invoking phi-4.
2026-04-15 14:42:19,716 [INFO] root: Invoking phi-4.
2026-04-15 14:42:19,716 [INFO] root: Invoking phi-4.
2026-04-15 14:42:19,717 [INFO] root: Invoking phi-4.
2026-04-15 14:42:19,718 [INFO] root: Invoking phi-4.
2026-04-15 14:42:19,719 [INFO] root: Invoking phi-4.
2026-04-15 14:42:19,719 [INFO] root: Invoking phi-4.
2026-04-15 14:42:19,720 [INFO] root: Invoking phi-4.
2026-04-15 14:42:19,720 [INFO] root: Invoking phi-4.
2026-04-15 14:42:19,722 [INFO] root: Invoking phi-4.
2026-04-15 14:42:19,722 [INFO] root: Invoking phi-4.
2026-04-15 14:42:19,723 [INFO] root: Invoking phi-4.
2026-04-15 14:42:19,723 [INFO] root: Invoking phi-4.
2026-04-15 14:42:19,724 [INFO] root: Invoking phi-4.
2026-04-15 14:42:19,724 [INFO] root: Invoking phi-4.
2026-04-15 14:42:19,725 [INFO] root: Invoking phi-4.
2026-04-15 14:42:19,725 [INFO] root: Invoking phi-4.
2026-04-15 14:42:19,726 [INFO] root: Invoking phi-4.
2026-04-15 14:42:19,726 [INFO] root: Invoking phi-4.
2026-04-15 14:42:19,727 [INFO] root: Invoking phi-4.
2026-04-15 14:42:19,728 [INFO] root: Invoking phi-4.
2026-04-15 14:42:19,728 [INFO] root: Invoking phi-4.
2026-04-15 14:42:19,730 [INFO] root: Invoking phi-4.
2026-04-15 14:42:19,731 [INFO] root: Invoking phi-4.
2026-04-15 14:42:19,732 [INFO] root: Invoking phi-4.
2026-04-15 14:42:19,732 [INFO] root: Invoking phi-4.
2026-04-15 14:42:19,733 [INFO] root: Invoking phi-4.
2026-04-15 14:42:19,734 [INFO] root: Invoking phi-4.
2026-04-15 14:42:19,736 [INFO] root: Invoking phi-4.
2026-04-15 14:42:19,736 [INFO] root: Invoking phi-4.
2026-04-15 14:42:19,736 [INFO] root: Invoking phi-4.
2026-04-15 14:42:19,737 [INFO] root: Invoking phi-4.
2026-04-15 14:42:19,738 [INFO] root: Invoking phi-4.
2026-04-15 14:42:19,738 [INFO] root: Invoking phi-4.
2026-04-15 14:42:19,739 [INFO] root: Invoking phi-4.
2026-04-15 14:42:19,740 [INFO] root: Invoking phi-4.
2026-04-15 14:42:19,740 [INFO] root: Invoking phi-4.
2026-04-15 14:42:19,741 [INFO] root: Invoking phi-4.
2026-04-15 14:42:19,742 [INFO] root: Invoking phi-4.
2026-04-15 14:42:19,742 [INFO] root: Invoking phi-4.
2026-04-15 14:42:19,743 [INFO] root: Invoking phi-4.
2026-04-15 14:42:19,744 [INFO] root: Invoking phi-4.
2026-04-15 14:42:19,747 [INFO] root: Invoking phi-4.
2026-04-15 14:42:19,748 [INFO] root: Invoking phi-4.
2026-04-15 14:42:19,748 [INFO] root: Invoking phi-4.
2026-04-15 14:42:19,749 [INFO] root: Invoking phi-4.
2026-04-15 14:42:19,749 [INFO] root: Invoking phi-4.
2026-04-15 14:42:19,750 [INFO] root: Invoking phi-4.
2026-04-15 14:42:19,752 [INFO] root: Invoking phi-4.
2026-04-15 14:42:19,754 [INFO] root: Invoking phi-4.
2026-04-15 14:42:19,754 [INFO] root: Invoking phi-4.
2026-04-15 14:42:19,754 [INFO] root: Invoking phi-4.
2026-04-15 14:42:19,755 [INFO] root: Invoking phi-4.
2026-04-15 14:42:19,756 [INFO] root: Invoking phi-4.
2026-04-15 14:42:19,757 [INFO] root: Invoking phi-4.
2026-04-15 14:42:19,758 [INFO] root: Invoking phi-4.
2026-04-15 14:42:19,758 [INFO] root: Invoking phi-4.
2026-04-15 14:42:19,760 [INFO] root: Invoking phi-4.
2026-04-15 14:42:19,760 [INFO] root: Invoking phi-4.
2026-04-15 14:42:19,761 [INFO] root: Invoking phi-4.
2026-04-15 14:42:19,761 [INFO] root: Invoking phi-4.
2026-04-15 14:42:19,762 [INFO] root: Invoking phi-4.
2026-04-15 14:42:19,763 [INFO] root: Invoking phi-4.
2026-04-15 14:42:19,763 [INFO] root: Invoking phi-4.
2026-04-15 14:42:19,764 [INFO] root: Invoking phi-4.
2026-04-15 14:42:19,766 [INFO] root: Invoking phi-4.
2026-04-15 14:42:19,767 [INFO] root: Invoking phi-4.
2026-04-15 14:42:19,768 [INFO] root: Invoking phi-4.
2026-04-15 14:42:19,768 [INFO] root: Invoking phi-4.
2026-04-15 14:42:19,769 [INFO] root: Invoking phi-4.
Preferences:  41%|████      | 664/1620 [00:00<00:00, 1012.66it/s]2026-04-15 14:42:19,769 [INFO] root: Invoking phi-4.
2026-04-15 14:42:19,770 [INFO] root: Invoking phi-4.
2026-04-15 14:42:19,772 [INFO] root: Invoking phi-4.
2026-04-15 14:42:19,772 [INFO] root: Invoking phi-4.
2026-04-15 14:42:19,774 [INFO] root: Invoking phi-4.
2026-04-15 14:42:19,775 [INFO] root: Invoking phi-4.
2026-04-15 14:42:19,775 [INFO] root: Invoking phi-4.
2026-04-15 14:42:19,776 [INFO] root: Invoking phi-4.
2026-04-15 14:42:19,776 [INFO] root: Invoking phi-4.
2026-04-15 14:42:19,777 [INFO] root: Invoking phi-4.
2026-04-15 14:42:19,778 [INFO] root: Invoking phi-4.
2026-04-15 14:42:19,778 [INFO] root: Invoking phi-4.
2026-04-15 14:42:19,780 [INFO] root: Invoking phi-4.
2026-04-15 14:42:19,782 [INFO] root: Invoking phi-4.
2026-04-15 14:42:19,783 [INFO] root: Invoking phi-4.
2026-04-15 14:42:19,784 [INFO] root: Invoking phi-4.
2026-04-15 14:42:19,784 [INFO] root: Invoking phi-4.
2026-04-15 14:42:19,784 [INFO] root: Invoking phi-4.
2026-04-15 14:42:19,785 [INFO] root: Invoking phi-4.
2026-04-15 14:42:19,787 [INFO] root: Invoking phi-4.
2026-04-15 14:42:19,788 [INFO] root: Invoking phi-4.
2026-04-15 14:42:19,790 [INFO] root: Invoking phi-4.
2026-04-15 14:42:19,791 [INFO] root: Invoking phi-4.
2026-04-15 14:42:19,792 [INFO] root: Invoking phi-4.
2026-04-15 14:42:19,792 [INFO] root: Invoking phi-4.
2026-04-15 14:42:19,793 [INFO] root: Invoking phi-4.
2026-04-15 14:42:19,793 [INFO] root: Invoking phi-4.
2026-04-15 14:42:19,793 [INFO] root: Invoking phi-4.
2026-04-15 14:42:19,794 [INFO] root: Invoking phi-4.
2026-04-15 14:42:19,795 [INFO] root: Invoking phi-4.
2026-04-15 14:42:19,795 [INFO] root: Invoking phi-4.
2026-04-15 14:42:19,796 [INFO] root: Invoking phi-4.
2026-04-15 14:42:19,797 [INFO] root: Invoking phi-4.
2026-04-15 14:42:19,799 [INFO] root: Invoking phi-4.
2026-04-15 14:42:19,799 [INFO] root: Invoking phi-4.
2026-04-15 14:42:19,800 [INFO] root: Invoking phi-4.
2026-04-15 14:42:19,800 [INFO] root: Invoking phi-4.
2026-04-15 14:42:19,801 [INFO] root: Invoking phi-4.
2026-04-15 14:42:19,802 [INFO] root: Invoking phi-4.
2026-04-15 14:42:19,802 [INFO] root: Invoking phi-4.
2026-04-15 14:42:19,803 [INFO] root: Invoking phi-4.
2026-04-15 14:42:19,804 [INFO] root: Invoking phi-4.
2026-04-15 14:42:19,805 [INFO] root: Invoking phi-4.
2026-04-15 14:42:19,806 [INFO] root: Invoking phi-4.
2026-04-15 14:42:19,806 [INFO] root: Invoking phi-4.
2026-04-15 14:42:19,807 [INFO] root: Invoking phi-4.
2026-04-15 14:42:19,807 [INFO] root: Invoking phi-4.
2026-04-15 14:42:19,808 [INFO] root: Invoking phi-4.
2026-04-15 14:42:19,810 [INFO] root: Invoking phi-4.
2026-04-15 14:42:19,810 [INFO] root: Invoking phi-4.
2026-04-15 14:42:19,811 [INFO] root: Invoking phi-4.
2026-04-15 14:42:19,811 [INFO] root: Invoking phi-4.
2026-04-15 14:42:19,814 [INFO] root: Invoking phi-4.
2026-04-15 14:42:19,814 [INFO] root: Invoking phi-4.
2026-04-15 14:42:19,815 [INFO] root: Invoking phi-4.
2026-04-15 14:42:19,815 [INFO] root: Invoking phi-4.
2026-04-15 14:42:19,816 [INFO] root: Invoking phi-4.
2026-04-15 14:42:19,817 [INFO] root: Invoking phi-4.
2026-04-15 14:42:19,817 [INFO] root: Invoking phi-4.
2026-04-15 14:42:19,818 [INFO] root: Invoking phi-4.
2026-04-15 14:42:19,820 [INFO] root: Invoking phi-4.
2026-04-15 14:42:19,821 [INFO] root: Invoking phi-4.
2026-04-15 14:42:19,821 [INFO] root: Invoking phi-4.
2026-04-15 14:42:19,822 [INFO] root: Invoking phi-4.
2026-04-15 14:42:19,822 [INFO] root: Invoking phi-4.
2026-04-15 14:42:19,823 [INFO] root: Invoking phi-4.
2026-04-15 14:42:19,824 [INFO] root: Invoking phi-4.
2026-04-15 14:42:19,824 [INFO] root: Invoking phi-4.
2026-04-15 14:42:19,825 [INFO] root: Invoking phi-4.
2026-04-15 14:42:19,826 [INFO] root: Invoking phi-4.
2026-04-15 14:42:19,828 [INFO] root: Invoking phi-4.
2026-04-15 14:42:19,829 [INFO] root: Invoking phi-4.
2026-04-15 14:42:19,830 [INFO] root: Invoking phi-4.
2026-04-15 14:42:19,831 [INFO] root: Invoking phi-4.
2026-04-15 14:42:19,831 [INFO] root: Invoking phi-4.
2026-04-15 14:42:19,831 [INFO] root: Invoking phi-4.
2026-04-15 14:42:19,833 [INFO] root: Invoking phi-4.
2026-04-15 14:42:19,834 [INFO] root: Invoking phi-4.
2026-04-15 14:42:19,836 [INFO] root: Invoking phi-4.
2026-04-15 14:42:19,836 [INFO] root: Invoking phi-4.
2026-04-15 14:42:19,837 [INFO] root: Invoking phi-4.
2026-04-15 14:42:19,837 [INFO] root: Invoking phi-4.
2026-04-15 14:42:19,839 [INFO] root: Invoking phi-4.
2026-04-15 14:42:19,841 [INFO] root: Invoking phi-4.
2026-04-15 14:42:19,842 [INFO] root: Invoking phi-4.
2026-04-15 14:42:19,842 [INFO] root: Invoking phi-4.
2026-04-15 14:42:19,843 [INFO] root: Invoking phi-4.
2026-04-15 14:42:19,844 [INFO] root: Invoking phi-4.
2026-04-15 14:42:19,845 [INFO] root: Invoking phi-4.
2026-04-15 14:42:19,846 [INFO] root: Invoking phi-4.
2026-04-15 14:42:19,847 [INFO] root: Invoking phi-4.
2026-04-15 14:42:19,847 [INFO] root: Invoking phi-4.
2026-04-15 14:42:19,848 [INFO] root: Invoking phi-4.
2026-04-15 14:42:19,849 [INFO] root: Invoking phi-4.
2026-04-15 14:42:19,849 [INFO] root: Invoking phi-4.
2026-04-15 14:42:19,849 [INFO] root: Invoking phi-4.
2026-04-15 14:42:19,850 [INFO] root: Invoking phi-4.
2026-04-15 14:42:19,851 [INFO] root: Invoking phi-4.
2026-04-15 14:42:19,853 [INFO] root: Invoking phi-4.
2026-04-15 14:42:19,853 [INFO] root: Invoking phi-4.
2026-04-15 14:42:19,855 [INFO] root: Invoking phi-4.
2026-04-15 14:42:19,855 [INFO] root: Invoking phi-4.
2026-04-15 14:42:19,856 [INFO] root: Invoking phi-4.
2026-04-15 14:42:19,858 [INFO] root: Invoking phi-4.
2026-04-15 14:42:19,858 [INFO] root: Invoking phi-4.
2026-04-15 14:42:19,859 [INFO] root: Invoking phi-4.
2026-04-15 14:42:19,860 [INFO] root: Invoking phi-4.
2026-04-15 14:42:19,860 [INFO] root: Invoking phi-4.
2026-04-15 14:42:19,860 [INFO] root: Invoking phi-4.
2026-04-15 14:42:19,861 [INFO] root: Invoking phi-4.
2026-04-15 14:42:19,862 [INFO] root: Invoking phi-4.
2026-04-15 14:42:19,864 [INFO] root: Invoking phi-4.
2026-04-15 14:42:19,866 [INFO] root: Invoking phi-4.
2026-04-15 14:42:19,866 [INFO] root: Invoking phi-4.
2026-04-15 14:42:19,867 [INFO] root: Invoking phi-4.
2026-04-15 14:42:19,867 [INFO] root: Invoking phi-4.
2026-04-15 14:42:19,868 [INFO] root: Invoking phi-4.
2026-04-15 14:42:19,868 [INFO] root: Invoking phi-4.
2026-04-15 14:42:19,869 [INFO] root: Invoking phi-4.
2026-04-15 14:42:19,869 [INFO] root: Invoking phi-4.
2026-04-15 14:42:19,870 [INFO] root: Invoking phi-4.
2026-04-15 14:42:19,871 [INFO] root: Invoking phi-4.
2026-04-15 14:42:19,872 [INFO] root: Invoking phi-4.
2026-04-15 14:42:19,872 [INFO] root: Invoking phi-4.
2026-04-15 14:42:19,873 [INFO] root: Invoking phi-4.
2026-04-15 14:42:19,874 [INFO] root: Invoking phi-4.
2026-04-15 14:42:19,875 [INFO] root: Invoking phi-4.
2026-04-15 14:42:19,875 [INFO] root: Invoking phi-4.
2026-04-15 14:42:19,876 [INFO] root: Invoking phi-4.
2026-04-15 14:42:19,878 [INFO] root: Invoking phi-4.
2026-04-15 14:42:19,879 [INFO] root: Invoking phi-4.
2026-04-15 14:42:19,880 [INFO] root: Invoking phi-4.
2026-04-15 14:42:19,881 [INFO] root: Invoking phi-4.
2026-04-15 14:42:19,881 [INFO] root: Invoking phi-4.
2026-04-15 14:42:19,882 [INFO] root: Invoking phi-4.
2026-04-15 14:42:19,883 [INFO] root: Invoking phi-4.
2026-04-15 14:42:19,883 [INFO] root: Invoking phi-4.
2026-04-15 14:42:19,884 [INFO] root: Invoking phi-4.
2026-04-15 14:42:19,885 [INFO] root: Invoking phi-4.
2026-04-15 14:42:19,885 [INFO] root: Invoking phi-4.
2026-04-15 14:42:19,886 [INFO] root: Invoking phi-4.
2026-04-15 14:42:19,887 [INFO] root: Invoking phi-4.
2026-04-15 14:42:19,887 [INFO] root: Invoking phi-4.
2026-04-15 14:42:19,889 [INFO] root: Invoking phi-4.
Preferences:  50%|████▉     | 806/1620 [00:01<00:00, 1128.76it/s]2026-04-15 14:42:19,889 [INFO] root: Invoking phi-4.
2026-04-15 14:42:19,889 [INFO] root: Invoking phi-4.
2026-04-15 14:42:19,890 [INFO] root: Invoking phi-4.
2026-04-15 14:42:19,891 [INFO] root: Invoking phi-4.
2026-04-15 14:42:19,892 [INFO] root: Invoking phi-4.
2026-04-15 14:42:19,892 [INFO] root: Invoking phi-4.
2026-04-15 14:42:19,893 [INFO] root: Invoking phi-4.
2026-04-15 14:42:19,894 [INFO] root: Invoking phi-4.
2026-04-15 14:42:19,895 [INFO] root: Invoking phi-4.
2026-04-15 14:42:19,895 [INFO] root: Invoking phi-4.
2026-04-15 14:42:19,895 [INFO] root: Invoking phi-4.
2026-04-15 14:42:19,896 [INFO] root: Invoking phi-4.
2026-04-15 14:42:19,898 [INFO] root: Invoking phi-4.
2026-04-15 14:42:19,898 [INFO] root: Invoking phi-4.
2026-04-15 14:42:19,899 [INFO] root: Invoking phi-4.
2026-04-15 14:42:19,899 [INFO] root: Invoking phi-4.
2026-04-15 14:42:19,899 [INFO] root: Invoking phi-4.
2026-04-15 14:42:19,900 [INFO] root: Invoking phi-4.
2026-04-15 14:42:19,901 [INFO] root: Invoking phi-4.
2026-04-15 14:42:19,901 [INFO] root: Invoking phi-4.
2026-04-15 14:42:19,902 [INFO] root: Invoking phi-4.
2026-04-15 14:42:19,903 [INFO] root: Invoking phi-4.
2026-04-15 14:42:19,903 [INFO] root: Invoking phi-4.
2026-04-15 14:42:19,904 [INFO] root: Invoking phi-4.
2026-04-15 14:42:19,905 [INFO] root: Invoking phi-4.
2026-04-15 14:42:19,907 [INFO] root: Invoking phi-4.
2026-04-15 14:42:19,907 [INFO] root: Invoking phi-4.
2026-04-15 14:42:19,908 [INFO] root: Invoking phi-4.
2026-04-15 14:42:19,908 [INFO] root: Invoking phi-4.
2026-04-15 14:42:19,909 [INFO] root: Invoking phi-4.
2026-04-15 14:42:19,909 [INFO] root: Invoking phi-4.
2026-04-15 14:42:19,910 [INFO] root: Invoking phi-4.
2026-04-15 14:42:19,910 [INFO] root: Invoking phi-4.
2026-04-15 14:42:19,911 [INFO] root: Invoking phi-4.
2026-04-15 14:42:19,911 [INFO] root: Invoking phi-4.
2026-04-15 14:42:19,913 [INFO] root: Invoking phi-4.
2026-04-15 14:42:19,913 [INFO] root: Invoking phi-4.
2026-04-15 14:42:19,916 [INFO] root: Invoking phi-4.
2026-04-15 14:42:19,916 [INFO] root: Invoking phi-4.
2026-04-15 14:42:19,917 [INFO] root: Invoking phi-4.
2026-04-15 14:42:19,917 [INFO] root: Invoking phi-4.
2026-04-15 14:42:19,918 [INFO] root: Invoking phi-4.
2026-04-15 14:42:19,918 [INFO] root: Invoking phi-4.
2026-04-15 14:42:19,919 [INFO] root: Invoking phi-4.
2026-04-15 14:42:19,920 [INFO] root: Invoking phi-4.
2026-04-15 14:42:19,921 [INFO] root: Invoking phi-4.
2026-04-15 14:42:19,921 [INFO] root: Invoking phi-4.
2026-04-15 14:42:19,922 [INFO] root: Invoking phi-4.
2026-04-15 14:42:19,923 [INFO] root: Invoking phi-4.
2026-04-15 14:42:19,924 [INFO] root: Invoking phi-4.
2026-04-15 14:42:19,926 [INFO] root: Invoking phi-4.
2026-04-15 14:42:19,926 [INFO] root: Invoking phi-4.
2026-04-15 14:42:19,927 [INFO] root: Invoking phi-4.
2026-04-15 14:42:19,927 [INFO] root: Invoking phi-4.
2026-04-15 14:42:19,928 [INFO] root: Invoking phi-4.
2026-04-15 14:42:19,929 [INFO] root: Invoking phi-4.
2026-04-15 14:42:19,929 [INFO] root: Invoking phi-4.
2026-04-15 14:42:19,931 [INFO] root: Invoking phi-4.
2026-04-15 14:42:19,932 [INFO] root: Invoking phi-4.
2026-04-15 14:42:19,932 [INFO] root: Invoking phi-4.
2026-04-15 14:42:19,933 [INFO] root: Invoking phi-4.
2026-04-15 14:42:19,933 [INFO] root: Invoking phi-4.
2026-04-15 14:42:19,935 [INFO] root: Invoking phi-4.
2026-04-15 14:42:19,935 [INFO] root: Invoking phi-4.
2026-04-15 14:42:19,936 [INFO] root: Invoking phi-4.
2026-04-15 14:42:19,936 [INFO] root: Invoking phi-4.
2026-04-15 14:42:19,936 [INFO] root: Invoking phi-4.
2026-04-15 14:42:19,938 [INFO] root: Invoking phi-4.
2026-04-15 14:42:19,939 [INFO] root: Invoking phi-4.
2026-04-15 14:42:19,939 [INFO] root: Invoking phi-4.
2026-04-15 14:42:19,940 [INFO] root: Invoking phi-4.
2026-04-15 14:42:19,941 [INFO] root: Invoking phi-4.
2026-04-15 14:42:19,941 [INFO] root: Invoking phi-4.
2026-04-15 14:42:19,941 [INFO] root: Invoking phi-4.
2026-04-15 14:42:19,942 [INFO] root: Invoking phi-4.
2026-04-15 14:42:19,943 [INFO] root: Invoking phi-4.
2026-04-15 14:42:19,944 [INFO] root: Invoking phi-4.
2026-04-15 14:42:19,945 [INFO] root: Invoking phi-4.
2026-04-15 14:42:19,945 [INFO] root: Invoking phi-4.
2026-04-15 14:42:19,946 [INFO] root: Invoking phi-4.
2026-04-15 14:42:19,946 [INFO] root: Invoking phi-4.
2026-04-15 14:42:19,946 [INFO] root: Invoking phi-4.
2026-04-15 14:42:19,948 [INFO] root: Invoking phi-4.
2026-04-15 14:42:19,948 [INFO] root: Invoking phi-4.
2026-04-15 14:42:19,949 [INFO] root: Invoking phi-4.
2026-04-15 14:42:19,949 [INFO] root: Invoking phi-4.
2026-04-15 14:42:19,950 [INFO] root: Invoking phi-4.
2026-04-15 14:42:19,951 [INFO] root: Invoking phi-4.
2026-04-15 14:42:19,951 [INFO] root: Invoking phi-4.
2026-04-15 14:42:19,952 [INFO] root: Invoking phi-4.
2026-04-15 14:42:19,953 [INFO] root: Invoking phi-4.
2026-04-15 14:42:19,954 [INFO] root: Invoking phi-4.
2026-04-15 14:42:19,954 [INFO] root: Invoking phi-4.
2026-04-15 14:42:19,955 [INFO] root: Invoking phi-4.
2026-04-15 14:42:19,955 [INFO] root: Invoking phi-4.
2026-04-15 14:42:19,956 [INFO] root: Invoking phi-4.
2026-04-15 14:42:19,957 [INFO] root: Invoking phi-4.
2026-04-15 14:42:19,957 [INFO] root: Invoking phi-4.
2026-04-15 14:42:19,958 [INFO] root: Invoking phi-4.
2026-04-15 14:42:19,959 [INFO] root: Invoking phi-4.
2026-04-15 14:42:19,959 [INFO] root: Invoking phi-4.
2026-04-15 14:42:19,960 [INFO] root: Invoking phi-4.
2026-04-15 14:42:19,961 [INFO] root: Invoking phi-4.
2026-04-15 14:42:19,961 [INFO] root: Invoking phi-4.
2026-04-15 14:42:19,962 [INFO] root: Invoking phi-4.
2026-04-15 14:42:19,962 [INFO] root: Invoking phi-4.
2026-04-15 14:42:19,963 [INFO] root: Invoking phi-4.
2026-04-15 14:42:19,963 [INFO] root: Invoking phi-4.
2026-04-15 14:42:19,964 [INFO] root: Invoking phi-4.
2026-04-15 14:42:19,965 [INFO] root: Invoking phi-4.
2026-04-15 14:42:19,966 [INFO] root: Invoking phi-4.
2026-04-15 14:42:19,967 [INFO] root: Invoking phi-4.
2026-04-15 14:42:19,967 [INFO] root: Invoking phi-4.
2026-04-15 14:42:19,967 [INFO] root: Invoking phi-4.
2026-04-15 14:42:19,968 [INFO] root: Invoking phi-4.
2026-04-15 14:42:19,969 [INFO] root: Invoking phi-4.
2026-04-15 14:42:19,969 [INFO] root: Invoking phi-4.
2026-04-15 14:42:19,970 [INFO] root: Invoking phi-4.
2026-04-15 14:42:19,971 [INFO] root: Invoking phi-4.
2026-04-15 14:42:19,971 [INFO] root: Invoking phi-4.
2026-04-15 14:42:19,972 [INFO] root: Invoking phi-4.
2026-04-15 14:42:19,972 [INFO] root: Invoking phi-4.
2026-04-15 14:42:19,973 [INFO] root: Invoking phi-4.
2026-04-15 14:42:19,974 [INFO] root: Invoking phi-4.
2026-04-15 14:42:19,974 [INFO] root: Invoking phi-4.
2026-04-15 14:42:19,975 [INFO] root: Invoking phi-4.
2026-04-15 14:42:19,976 [INFO] root: Invoking phi-4.
2026-04-15 14:42:19,976 [INFO] root: Invoking phi-4.
2026-04-15 14:42:19,977 [INFO] root: Invoking phi-4.
2026-04-15 14:42:19,978 [INFO] root: Invoking phi-4.
2026-04-15 14:42:19,979 [INFO] root: Invoking phi-4.
2026-04-15 14:42:19,980 [INFO] root: Invoking phi-4.
2026-04-15 14:42:19,981 [INFO] root: Invoking phi-4.
2026-04-15 14:42:19,982 [INFO] root: Invoking phi-4.
2026-04-15 14:42:19,983 [INFO] root: Invoking phi-4.
2026-04-15 14:42:19,984 [INFO] root: Invoking phi-4.
2026-04-15 14:42:19,985 [INFO] root: Invoking phi-4.
2026-04-15 14:42:19,986 [INFO] root: Invoking phi-4.
2026-04-15 14:42:19,986 [INFO] root: Invoking phi-4.
2026-04-15 14:42:19,986 [INFO] root: Invoking phi-4.
2026-04-15 14:42:19,987 [INFO] root: Invoking phi-4.
2026-04-15 14:42:19,988 [INFO] root: Invoking phi-4.
2026-04-15 14:42:19,988 [INFO] root: Invoking phi-4.
2026-04-15 14:42:19,989 [INFO] root: Invoking phi-4.
2026-04-15 14:42:19,990 [INFO] root: Invoking phi-4.
2026-04-15 14:42:19,990 [INFO] root: Invoking phi-4.
Preferences:  59%|█████▉    | 953/1620 [00:01<00:00, 1224.48it/s]2026-04-15 14:42:19,991 [INFO] root: Invoking phi-4.
2026-04-15 14:42:19,991 [INFO] root: Invoking phi-4.
2026-04-15 14:42:19,992 [INFO] root: Invoking phi-4.
2026-04-15 14:42:19,993 [INFO] root: Invoking phi-4.
2026-04-15 14:42:19,994 [INFO] root: Invoking phi-4.
2026-04-15 14:42:19,995 [INFO] root: Invoking phi-4.
2026-04-15 14:42:19,995 [INFO] root: Invoking phi-4.
2026-04-15 14:42:19,996 [INFO] root: Invoking phi-4.
2026-04-15 14:42:19,996 [INFO] root: Invoking phi-4.
2026-04-15 14:42:19,997 [INFO] root: Invoking phi-4.
2026-04-15 14:42:19,997 [INFO] root: Invoking phi-4.
2026-04-15 14:42:19,998 [INFO] root: Invoking phi-4.
2026-04-15 14:42:19,999 [INFO] root: Invoking phi-4.
2026-04-15 14:42:20,000 [INFO] root: Invoking phi-4.
2026-04-15 14:42:20,000 [INFO] root: Invoking phi-4.
2026-04-15 14:42:20,001 [INFO] root: Invoking phi-4.
2026-04-15 14:42:20,001 [INFO] root: Invoking phi-4.
2026-04-15 14:42:20,003 [INFO] root: Invoking phi-4.
2026-04-15 14:42:20,003 [INFO] root: Invoking phi-4.
2026-04-15 14:42:20,004 [INFO] root: Invoking phi-4.
2026-04-15 14:42:20,005 [INFO] root: Invoking phi-4.
2026-04-15 14:42:20,005 [INFO] root: Invoking phi-4.
2026-04-15 14:42:20,006 [INFO] root: Invoking phi-4.
2026-04-15 14:42:20,006 [INFO] root: Invoking phi-4.
2026-04-15 14:42:20,007 [INFO] root: Invoking phi-4.
2026-04-15 14:42:20,008 [INFO] root: Invoking phi-4.
2026-04-15 14:42:20,009 [INFO] root: Invoking phi-4.
2026-04-15 14:42:20,009 [INFO] root: Invoking phi-4.
2026-04-15 14:42:20,010 [INFO] root: Invoking phi-4.
2026-04-15 14:42:20,011 [INFO] root: Invoking phi-4.
2026-04-15 14:42:20,011 [INFO] root: Invoking phi-4.
2026-04-15 14:42:20,012 [INFO] root: Invoking phi-4.
2026-04-15 14:42:20,013 [INFO] root: Invoking phi-4.
2026-04-15 14:42:20,015 [INFO] root: Invoking phi-4.
2026-04-15 14:42:20,015 [INFO] root: Invoking phi-4.
2026-04-15 14:42:20,016 [INFO] root: Invoking phi-4.
2026-04-15 14:42:20,016 [INFO] root: Invoking phi-4.
2026-04-15 14:42:20,017 [INFO] root: Invoking phi-4.
2026-04-15 14:42:20,017 [INFO] root: Invoking phi-4.
2026-04-15 14:42:20,019 [INFO] root: Invoking phi-4.
2026-04-15 14:42:20,019 [INFO] root: Invoking phi-4.
2026-04-15 14:42:20,020 [INFO] root: Invoking phi-4.
2026-04-15 14:42:20,020 [INFO] root: Invoking phi-4.
2026-04-15 14:42:20,020 [INFO] root: Invoking phi-4.
2026-04-15 14:42:20,021 [INFO] root: Invoking phi-4.
2026-04-15 14:42:20,021 [INFO] root: Invoking phi-4.
2026-04-15 14:42:20,022 [INFO] root: Invoking phi-4.
2026-04-15 14:42:20,023 [INFO] root: Invoking phi-4.
2026-04-15 14:42:20,024 [INFO] root: Invoking phi-4.
2026-04-15 14:42:20,024 [INFO] root: Invoking phi-4.
2026-04-15 14:42:20,025 [INFO] root: Invoking phi-4.
2026-04-15 14:42:20,025 [INFO] root: Invoking phi-4.
2026-04-15 14:42:20,026 [INFO] root: Invoking phi-4.
2026-04-15 14:42:20,026 [INFO] root: Invoking phi-4.
2026-04-15 14:42:20,027 [INFO] root: Invoking phi-4.
2026-04-15 14:42:20,027 [INFO] root: Invoking phi-4.
2026-04-15 14:42:20,029 [INFO] root: Invoking phi-4.
2026-04-15 14:42:20,030 [INFO] root: Invoking phi-4.
2026-04-15 14:42:20,030 [INFO] root: Invoking phi-4.
2026-04-15 14:42:20,031 [INFO] root: Invoking phi-4.
2026-04-15 14:42:20,031 [INFO] root: Invoking phi-4.
2026-04-15 14:42:20,032 [INFO] root: Invoking phi-4.
2026-04-15 14:42:20,033 [INFO] root: Invoking phi-4.
2026-04-15 14:42:20,033 [INFO] root: Invoking phi-4.
2026-04-15 14:42:20,034 [INFO] root: Invoking phi-4.
2026-04-15 14:42:20,034 [INFO] root: Invoking phi-4.
2026-04-15 14:42:20,035 [INFO] root: Invoking phi-4.
2026-04-15 14:42:20,036 [INFO] root: Invoking phi-4.
2026-04-15 14:42:20,036 [INFO] root: Invoking phi-4.
2026-04-15 14:42:20,037 [INFO] root: Invoking phi-4.
2026-04-15 14:42:20,038 [INFO] root: Invoking phi-4.
2026-04-15 14:42:20,039 [INFO] root: Invoking phi-4.
2026-04-15 14:42:20,040 [INFO] root: Invoking phi-4.
2026-04-15 14:42:20,040 [INFO] root: Invoking phi-4.
2026-04-15 14:42:20,041 [INFO] root: Invoking phi-4.
2026-04-15 14:42:20,041 [INFO] root: Invoking phi-4.
2026-04-15 14:42:20,042 [INFO] root: Invoking phi-4.
2026-04-15 14:42:20,042 [INFO] root: Invoking phi-4.
2026-04-15 14:42:20,043 [INFO] root: Invoking phi-4.
2026-04-15 14:42:20,044 [INFO] root: Invoking phi-4.
2026-04-15 14:42:20,045 [INFO] root: Invoking phi-4.
2026-04-15 14:42:20,046 [INFO] root: Invoking phi-4.
2026-04-15 14:42:20,046 [INFO] root: Invoking phi-4.
2026-04-15 14:42:20,047 [INFO] root: Invoking phi-4.
2026-04-15 14:42:20,048 [INFO] root: Invoking phi-4.
2026-04-15 14:42:20,048 [INFO] root: Invoking phi-4.
2026-04-15 14:42:20,049 [INFO] root: Invoking phi-4.
2026-04-15 14:42:20,049 [INFO] root: Invoking phi-4.
2026-04-15 14:42:20,050 [INFO] root: Invoking phi-4.
2026-04-15 14:42:20,051 [INFO] root: Invoking phi-4.
2026-04-15 14:42:20,052 [INFO] root: Invoking phi-4.
2026-04-15 14:42:20,053 [INFO] root: Invoking phi-4.
2026-04-15 14:42:20,053 [INFO] root: Invoking phi-4.
2026-04-15 14:42:20,054 [INFO] root: Invoking phi-4.
2026-04-15 14:42:20,055 [INFO] root: Invoking phi-4.
2026-04-15 14:42:20,055 [INFO] root: Invoking phi-4.
2026-04-15 14:42:20,055 [INFO] root: Invoking phi-4.
2026-04-15 14:42:20,057 [INFO] root: Invoking phi-4.
2026-04-15 14:42:20,057 [INFO] root: Invoking phi-4.
2026-04-15 14:42:20,058 [INFO] root: Invoking phi-4.
2026-04-15 14:42:20,059 [INFO] root: Invoking phi-4.
2026-04-15 14:42:20,060 [INFO] root: Invoking phi-4.
2026-04-15 14:42:20,060 [INFO] root: Invoking phi-4.
2026-04-15 14:42:20,061 [INFO] root: Invoking phi-4.
2026-04-15 14:42:20,062 [INFO] root: Invoking phi-4.
2026-04-15 14:42:20,062 [INFO] root: Invoking phi-4.
2026-04-15 14:42:20,063 [INFO] root: Invoking phi-4.
2026-04-15 14:42:20,063 [INFO] root: Invoking phi-4.
2026-04-15 14:42:20,065 [INFO] root: Invoking phi-4.
2026-04-15 14:42:20,065 [INFO] root: Invoking phi-4.
2026-04-15 14:42:20,065 [INFO] root: Invoking phi-4.
2026-04-15 14:42:20,066 [INFO] root: Invoking phi-4.
2026-04-15 14:42:20,067 [INFO] root: Invoking phi-4.
2026-04-15 14:42:20,067 [INFO] root: Invoking phi-4.
2026-04-15 14:42:20,068 [INFO] root: Invoking phi-4.
2026-04-15 14:42:20,069 [INFO] root: Invoking phi-4.
2026-04-15 14:42:20,069 [INFO] root: Invoking phi-4.
2026-04-15 14:42:20,070 [INFO] root: Invoking phi-4.
2026-04-15 14:42:20,071 [INFO] root: Invoking phi-4.
2026-04-15 14:42:20,071 [INFO] root: Invoking phi-4.
2026-04-15 14:42:20,072 [INFO] root: Invoking phi-4.
2026-04-15 14:42:20,073 [INFO] root: Invoking phi-4.
2026-04-15 14:42:20,073 [INFO] root: Invoking phi-4.
2026-04-15 14:42:20,074 [INFO] root: Invoking phi-4.
2026-04-15 14:42:20,075 [INFO] root: Invoking phi-4.
2026-04-15 14:42:20,076 [INFO] root: Invoking phi-4.
2026-04-15 14:42:20,076 [INFO] root: Invoking phi-4.
2026-04-15 14:42:20,077 [INFO] root: Invoking phi-4.
2026-04-15 14:42:20,078 [INFO] root: Invoking phi-4.
2026-04-15 14:42:20,078 [INFO] root: Invoking phi-4.
2026-04-15 14:42:20,079 [INFO] root: Invoking phi-4.
2026-04-15 14:42:20,079 [INFO] root: Invoking phi-4.
2026-04-15 14:42:20,080 [INFO] root: Invoking phi-4.
Preferences:  67%|██████▋   | 1087/1620 [00:01<00:00, 1135.76it/s]2026-04-15 14:42:20,081 [INFO] root: Invoking phi-4.
2026-04-15 14:42:20,081 [INFO] root: Invoking phi-4.
2026-04-15 14:42:20,082 [INFO] root: Invoking phi-4.
2026-04-15 14:42:20,083 [INFO] root: Invoking phi-4.
2026-04-15 14:42:20,083 [INFO] root: Invoking phi-4.
2026-04-15 14:42:20,084 [INFO] root: Invoking phi-4.
2026-04-15 14:42:20,085 [INFO] root: Invoking phi-4.
2026-04-15 14:42:20,085 [INFO] root: Invoking phi-4.
2026-04-15 14:42:20,086 [INFO] root: Invoking phi-4.
2026-04-15 14:42:20,086 [INFO] root: Invoking phi-4.
2026-04-15 14:42:20,087 [INFO] root: Invoking phi-4.
2026-04-15 14:42:20,087 [INFO] root: Invoking phi-4.
2026-04-15 14:42:20,089 [INFO] root: Invoking phi-4.
2026-04-15 14:42:20,089 [INFO] root: Invoking phi-4.
2026-04-15 14:42:20,090 [INFO] root: Invoking phi-4.
2026-04-15 14:42:20,091 [INFO] root: Invoking phi-4.
2026-04-15 14:42:20,092 [INFO] root: Invoking phi-4.
2026-04-15 14:42:20,093 [INFO] root: Invoking phi-4.
2026-04-15 14:42:20,093 [INFO] root: Invoking phi-4.
2026-04-15 14:42:20,094 [INFO] root: Invoking phi-4.
2026-04-15 14:42:20,096 [INFO] root: Invoking phi-4.
2026-04-15 14:42:20,096 [INFO] root: Invoking phi-4.
2026-04-15 14:42:20,097 [INFO] root: Invoking phi-4.
2026-04-15 14:42:20,097 [INFO] root: Invoking phi-4.
2026-04-15 14:42:20,098 [INFO] root: Invoking phi-4.
2026-04-15 14:42:20,100 [INFO] root: Invoking phi-4.
2026-04-15 14:42:20,103 [INFO] root: Invoking phi-4.
2026-04-15 14:42:20,103 [INFO] root: Invoking phi-4.
2026-04-15 14:42:20,107 [INFO] root: Invoking phi-4.
2026-04-15 14:42:20,107 [INFO] root: Invoking phi-4.
2026-04-15 14:42:20,108 [INFO] root: Invoking phi-4.
2026-04-15 14:42:20,108 [INFO] root: Invoking phi-4.
2026-04-15 14:42:20,109 [INFO] root: Invoking phi-4.
2026-04-15 14:42:20,110 [INFO] root: Invoking phi-4.
2026-04-15 14:42:20,112 [INFO] root: Invoking phi-4.
2026-04-15 14:42:20,113 [INFO] root: Invoking phi-4.
2026-04-15 14:42:20,114 [INFO] root: Invoking phi-4.
2026-04-15 14:42:20,115 [INFO] root: Invoking phi-4.
2026-04-15 14:42:20,115 [INFO] root: Invoking phi-4.
2026-04-15 14:42:20,117 [INFO] root: Invoking phi-4.
2026-04-15 14:42:20,118 [INFO] root: Invoking phi-4.
2026-04-15 14:42:20,118 [INFO] root: Invoking phi-4.
2026-04-15 14:42:20,119 [INFO] root: Invoking phi-4.
2026-04-15 14:42:20,120 [INFO] root: Invoking phi-4.
2026-04-15 14:42:20,121 [INFO] root: Invoking phi-4.
2026-04-15 14:42:20,122 [INFO] root: Invoking phi-4.
2026-04-15 14:42:20,122 [INFO] root: Invoking phi-4.
2026-04-15 14:42:20,124 [INFO] root: Invoking phi-4.
2026-04-15 14:42:20,126 [INFO] root: Invoking phi-4.
2026-04-15 14:42:20,129 [INFO] root: Invoking phi-4.
2026-04-15 14:42:20,130 [INFO] root: Invoking phi-4.
2026-04-15 14:42:20,130 [INFO] root: Invoking phi-4.
2026-04-15 14:42:20,131 [INFO] root: Invoking phi-4.
2026-04-15 14:42:20,132 [INFO] root: Invoking phi-4.
2026-04-15 14:42:20,132 [INFO] root: Invoking phi-4.
2026-04-15 14:42:20,134 [INFO] root: Invoking phi-4.
2026-04-15 14:42:20,138 [INFO] root: Invoking phi-4.
2026-04-15 14:42:20,138 [INFO] root: Invoking phi-4.
2026-04-15 14:42:20,139 [INFO] root: Invoking phi-4.
2026-04-15 14:42:20,141 [INFO] root: Invoking phi-4.
2026-04-15 14:42:20,142 [INFO] root: Invoking phi-4.
2026-04-15 14:42:20,142 [INFO] root: Invoking phi-4.
2026-04-15 14:42:20,143 [INFO] root: Invoking phi-4.
2026-04-15 14:42:20,144 [INFO] root: Invoking phi-4.
2026-04-15 14:42:20,144 [INFO] root: Invoking phi-4.
2026-04-15 14:42:20,146 [INFO] root: Invoking phi-4.
2026-04-15 14:42:20,146 [INFO] root: Invoking phi-4.
2026-04-15 14:42:20,148 [INFO] root: Invoking phi-4.
2026-04-15 14:42:20,149 [INFO] root: Invoking phi-4.
2026-04-15 14:42:20,149 [INFO] root: Invoking phi-4.
2026-04-15 14:42:20,149 [INFO] root: Invoking phi-4.
2026-04-15 14:42:20,150 [INFO] root: Invoking phi-4.
2026-04-15 14:42:20,152 [INFO] root: Invoking phi-4.
2026-04-15 14:42:20,153 [INFO] root: Invoking phi-4.
2026-04-15 14:42:20,154 [INFO] root: Invoking phi-4.
2026-04-15 14:42:20,155 [INFO] root: Invoking phi-4.
2026-04-15 14:42:20,157 [INFO] root: Invoking phi-4.
2026-04-15 14:42:20,159 [INFO] root: Invoking phi-4.
2026-04-15 14:42:20,159 [INFO] root: Invoking phi-4.
2026-04-15 14:42:20,161 [INFO] root: Invoking phi-4.
2026-04-15 14:42:20,163 [INFO] root: Invoking phi-4.
2026-04-15 14:42:20,164 [INFO] root: Invoking phi-4.
2026-04-15 14:42:20,165 [INFO] root: Invoking phi-4.
2026-04-15 14:42:20,166 [INFO] root: Invoking phi-4.
2026-04-15 14:42:20,167 [INFO] root: Invoking phi-4.
2026-04-15 14:42:20,169 [INFO] root: Invoking phi-4.
2026-04-15 14:42:20,169 [INFO] root: Invoking phi-4.
2026-04-15 14:42:20,172 [INFO] root: Invoking phi-4.
2026-04-15 14:42:20,173 [INFO] root: Invoking phi-4.
2026-04-15 14:42:20,174 [INFO] root: Invoking phi-4.
2026-04-15 14:42:20,175 [INFO] root: Invoking phi-4.
2026-04-15 14:42:20,176 [INFO] root: Invoking phi-4.
2026-04-15 14:42:20,176 [INFO] root: Invoking phi-4.
2026-04-15 14:42:20,177 [INFO] root: Invoking phi-4.
2026-04-15 14:42:20,178 [INFO] root: Invoking phi-4.
2026-04-15 14:42:20,178 [INFO] root: Invoking phi-4.
2026-04-15 14:42:20,179 [INFO] root: Invoking phi-4.
2026-04-15 14:42:20,180 [INFO] root: Invoking phi-4.
2026-04-15 14:42:20,181 [INFO] root: Invoking phi-4.
2026-04-15 14:42:20,181 [INFO] root: Invoking phi-4.
2026-04-15 14:42:20,182 [INFO] root: Invoking phi-4.
2026-04-15 14:42:20,184 [INFO] root: Invoking phi-4.
2026-04-15 14:42:20,185 [INFO] root: Invoking phi-4.
2026-04-15 14:42:20,187 [INFO] root: Invoking phi-4.
2026-04-15 14:42:20,188 [INFO] root: Invoking phi-4.
2026-04-15 14:42:20,188 [INFO] root: Invoking phi-4.
2026-04-15 14:42:20,189 [INFO] root: Invoking phi-4.
2026-04-15 14:42:20,192 [INFO] root: Invoking phi-4.
2026-04-15 14:42:20,193 [INFO] root: Invoking phi-4.
2026-04-15 14:42:20,193 [INFO] root: Invoking phi-4.
2026-04-15 14:42:20,195 [INFO] root: Invoking phi-4.
2026-04-15 14:42:20,197 [INFO] root: Invoking phi-4.
2026-04-15 14:42:20,197 [INFO] root: Invoking phi-4.
2026-04-15 14:42:20,198 [INFO] root: Invoking phi-4.
2026-04-15 14:42:20,199 [INFO] root: Invoking phi-4.
2026-04-15 14:42:20,200 [INFO] root: Invoking phi-4.
2026-04-15 14:42:20,202 [INFO] root: Invoking phi-4.
2026-04-15 14:42:20,202 [INFO] root: Invoking phi-4.
2026-04-15 14:42:20,205 [INFO] root: Invoking phi-4.
2026-04-15 14:42:20,206 [INFO] root: Invoking phi-4.
2026-04-15 14:42:20,207 [INFO] root: Invoking phi-4.
2026-04-15 14:42:20,208 [INFO] root: Invoking phi-4.
2026-04-15 14:42:20,209 [INFO] root: Invoking phi-4.
2026-04-15 14:42:20,211 [INFO] root: Invoking phi-4.
2026-04-15 14:42:20,212 [INFO] root: Invoking phi-4.
Preferences:  75%|███████▍  | 1210/1620 [00:01<00:00, 1060.64it/s]2026-04-15 14:42:20,212 [INFO] root: Invoking phi-4.
2026-04-15 14:42:20,214 [INFO] root: Invoking phi-4.
2026-04-15 14:42:20,215 [INFO] root: Invoking phi-4.
2026-04-15 14:42:20,216 [INFO] root: Invoking phi-4.
2026-04-15 14:42:20,218 [INFO] root: Invoking phi-4.
2026-04-15 14:42:20,219 [INFO] root: Invoking phi-4.
2026-04-15 14:42:20,219 [INFO] root: Invoking phi-4.
2026-04-15 14:42:20,219 [INFO] root: Invoking phi-4.
2026-04-15 14:42:20,356 [INFO] root: Invoking phi-4.
2026-04-15 14:42:20,221 [INFO] root: Invoking phi-4.
2026-04-15 14:42:20,225 [INFO] root: Invoking phi-4.
2026-04-15 14:42:20,225 [INFO] root: Invoking phi-4.
2026-04-15 14:42:20,226 [INFO] root: Invoking phi-4.
2026-04-15 14:42:20,227 [INFO] root: Invoking phi-4.
2026-04-15 14:42:20,229 [INFO] root: Invoking phi-4.
2026-04-15 14:42:20,230 [INFO] root: Invoking phi-4.
2026-04-15 14:42:20,230 [INFO] root: Invoking phi-4.
2026-04-15 14:42:20,231 [INFO] root: Invoking phi-4.
2026-04-15 14:42:20,232 [INFO] root: Invoking phi-4.
2026-04-15 14:42:20,232 [INFO] root: Invoking phi-4.
2026-04-15 14:42:20,234 [INFO] root: Invoking phi-4.
2026-04-15 14:42:20,235 [INFO] root: Invoking phi-4.
2026-04-15 14:42:20,237 [INFO] root: Invoking phi-4.
2026-04-15 14:42:20,237 [INFO] root: Invoking phi-4.
2026-04-15 14:42:20,238 [INFO] root: Invoking phi-4.
2026-04-15 14:42:20,239 [INFO] root: Invoking phi-4.
2026-04-15 14:42:20,239 [INFO] root: Invoking phi-4.
2026-04-15 14:42:20,240 [INFO] root: Invoking phi-4.
2026-04-15 14:42:20,241 [INFO] root: Invoking phi-4.
2026-04-15 14:42:20,242 [INFO] root: Invoking phi-4.
2026-04-15 14:42:20,243 [INFO] root: Invoking phi-4.
2026-04-15 14:42:20,245 [INFO] root: Invoking phi-4.
2026-04-15 14:42:20,245 [INFO] root: Invoking phi-4.
2026-04-15 14:42:20,247 [INFO] root: Invoking phi-4.
2026-04-15 14:42:20,248 [INFO] root: Invoking phi-4.
2026-04-15 14:42:20,248 [INFO] root: Invoking phi-4.
2026-04-15 14:42:20,252 [INFO] root: Invoking phi-4.
2026-04-15 14:42:20,252 [INFO] root: Invoking phi-4.
2026-04-15 14:42:20,253 [INFO] root: Invoking phi-4.
2026-04-15 14:42:20,253 [INFO] root: Invoking phi-4.
2026-04-15 14:42:20,254 [INFO] root: Invoking phi-4.
2026-04-15 14:42:20,255 [INFO] root: Invoking phi-4.
2026-04-15 14:42:20,258 [INFO] root: Invoking phi-4.
2026-04-15 14:42:20,259 [INFO] root: Invoking phi-4.
2026-04-15 14:42:20,260 [INFO] root: Invoking phi-4.
2026-04-15 14:42:20,260 [INFO] root: Invoking phi-4.
2026-04-15 14:42:20,261 [INFO] root: Invoking phi-4.
2026-04-15 14:42:20,262 [INFO] root: Invoking phi-4.
2026-04-15 14:42:20,264 [INFO] root: Invoking phi-4.
2026-04-15 14:42:20,264 [INFO] root: Invoking phi-4.
2026-04-15 14:42:20,266 [INFO] root: Invoking phi-4.
2026-04-15 14:42:20,267 [INFO] root: Invoking phi-4.
2026-04-15 14:42:20,268 [INFO] root: Invoking phi-4.
2026-04-15 14:42:20,268 [INFO] root: Invoking phi-4.
2026-04-15 14:42:20,270 [INFO] root: Invoking phi-4.
2026-04-15 14:42:20,270 [INFO] root: Invoking phi-4.
2026-04-15 14:42:20,270 [INFO] root: Invoking phi-4.
2026-04-15 14:42:20,272 [INFO] root: Invoking phi-4.
2026-04-15 14:42:20,272 [INFO] root: Invoking phi-4.
2026-04-15 14:42:20,274 [INFO] root: Invoking phi-4.
2026-04-15 14:42:20,275 [INFO] root: Invoking phi-4.
2026-04-15 14:42:20,276 [INFO] root: Invoking phi-4.
2026-04-15 14:42:20,277 [INFO] root: Invoking phi-4.
2026-04-15 14:42:20,280 [INFO] root: Invoking phi-4.
2026-04-15 14:42:20,280 [INFO] root: Invoking phi-4.
2026-04-15 14:42:20,282 [INFO] root: Invoking phi-4.
2026-04-15 14:42:20,282 [INFO] root: Invoking phi-4.
2026-04-15 14:42:20,283 [INFO] root: Invoking phi-4.
2026-04-15 14:42:20,284 [INFO] root: Invoking phi-4.
2026-04-15 14:42:20,285 [INFO] root: Invoking phi-4.
2026-04-15 14:42:20,285 [INFO] root: Invoking phi-4.
2026-04-15 14:42:20,286 [INFO] root: Invoking phi-4.
2026-04-15 14:42:20,288 [INFO] root: Invoking phi-4.
2026-04-15 14:42:20,290 [INFO] root: Invoking phi-4.
2026-04-15 14:42:20,290 [INFO] root: Invoking phi-4.
2026-04-15 14:42:20,290 [INFO] root: Invoking phi-4.
2026-04-15 14:42:20,291 [INFO] root: Invoking phi-4.
2026-04-15 14:42:20,293 [INFO] root: Invoking phi-4.
2026-04-15 14:42:20,294 [INFO] root: Invoking phi-4.
2026-04-15 14:42:20,294 [INFO] root: Invoking phi-4.
2026-04-15 14:42:20,295 [INFO] root: Invoking phi-4.
2026-04-15 14:42:20,296 [INFO] root: Invoking phi-4.
2026-04-15 14:42:20,297 [INFO] root: Invoking phi-4.
2026-04-15 14:42:20,298 [INFO] root: Invoking phi-4.
2026-04-15 14:42:20,299 [INFO] root: Invoking phi-4.
2026-04-15 14:42:20,300 [INFO] root: Invoking phi-4.
2026-04-15 14:42:20,302 [INFO] root: Invoking phi-4.
2026-04-15 14:42:20,303 [INFO] root: Invoking phi-4.
2026-04-15 14:42:20,306 [INFO] root: Invoking phi-4.
2026-04-15 14:42:20,307 [INFO] root: Invoking phi-4.
2026-04-15 14:42:20,308 [INFO] root: Invoking phi-4.
2026-04-15 14:42:20,308 [INFO] root: Invoking phi-4.
2026-04-15 14:42:20,309 [INFO] root: Invoking phi-4.
2026-04-15 14:42:20,311 [INFO] root: Invoking phi-4.
2026-04-15 14:42:20,311 [INFO] root: Invoking phi-4.
2026-04-15 14:42:20,313 [INFO] root: Invoking phi-4.
2026-04-15 14:42:20,314 [INFO] root: Invoking phi-4.
2026-04-15 14:42:20,315 [INFO] root: Invoking phi-4.
2026-04-15 14:42:20,316 [INFO] root: Invoking phi-4.
2026-04-15 14:42:20,318 [INFO] root: Invoking phi-4.
2026-04-15 14:42:20,319 [INFO] root: Invoking phi-4.
2026-04-15 14:42:20,321 [INFO] root: Invoking phi-4.
2026-04-15 14:42:20,321 [INFO] root: Invoking phi-4.
2026-04-15 14:42:20,322 [INFO] root: Invoking phi-4.
2026-04-15 14:42:20,323 [INFO] root: Invoking phi-4.
2026-04-15 14:42:20,324 [INFO] root: Invoking phi-4.
2026-04-15 14:42:20,325 [INFO] root: Invoking phi-4.
2026-04-15 14:42:20,326 [INFO] root: Invoking phi-4.
2026-04-15 14:42:20,328 [INFO] root: Invoking phi-4.
2026-04-15 14:42:20,329 [INFO] root: Invoking phi-4.
2026-04-15 14:42:20,331 [INFO] root: Invoking phi-4.
2026-04-15 14:42:20,332 [INFO] root: Invoking phi-4.
2026-04-15 14:42:20,334 [INFO] root: Invoking phi-4.
2026-04-15 14:42:20,335 [INFO] root: Invoking phi-4.
Preferences:  82%|████████▏ | 1323/1620 [00:01<00:00, 1057.78it/s]2026-04-15 14:42:20,335 [INFO] root: Invoking phi-4.
2026-04-15 14:42:20,338 [INFO] root: Invoking phi-4.
2026-04-15 14:42:20,339 [INFO] root: Invoking phi-4.
2026-04-15 14:42:20,341 [INFO] root: Invoking phi-4.
2026-04-15 14:42:20,342 [INFO] root: Invoking phi-4.
2026-04-15 14:42:20,343 [INFO] root: Invoking phi-4.
2026-04-15 14:42:20,344 [INFO] root: Invoking phi-4.
2026-04-15 14:42:20,345 [INFO] root: Invoking phi-4.
2026-04-15 14:42:20,345 [INFO] root: Invoking phi-4.
2026-04-15 14:42:20,345 [INFO] root: Invoking phi-4.
2026-04-15 14:42:20,347 [INFO] root: Invoking phi-4.
2026-04-15 14:42:20,348 [INFO] root: Invoking phi-4.
2026-04-15 14:42:20,349 [INFO] root: Invoking phi-4.
2026-04-15 14:42:20,349 [INFO] root: Invoking phi-4.
2026-04-15 14:42:20,351 [INFO] root: Invoking phi-4.
2026-04-15 14:42:20,352 [INFO] root: Invoking phi-4.
2026-04-15 14:42:20,354 [INFO] root: Invoking phi-4.
2026-04-15 14:42:20,354 [INFO] root: Invoking phi-4.
2026-04-15 14:42:20,355 [INFO] root: Invoking phi-4.
2026-04-15 14:42:20,220 [INFO] root: Invoking phi-4.
2026-04-15 14:42:20,362 [INFO] root: Invoking phi-4.
2026-04-15 14:42:20,363 [INFO] root: Invoking phi-4.
2026-04-15 14:42:20,365 [INFO] root: Invoking phi-4.
2026-04-15 14:42:20,367 [INFO] root: Invoking phi-4.
2026-04-15 14:42:20,367 [INFO] root: Invoking phi-4.
2026-04-15 14:42:20,368 [INFO] root: Invoking phi-4.
2026-04-15 14:42:20,369 [INFO] root: Invoking phi-4.
2026-04-15 14:42:20,370 [INFO] root: Invoking phi-4.
2026-04-15 14:42:20,370 [INFO] root: Invoking phi-4.
2026-04-15 14:42:20,371 [INFO] root: Invoking phi-4.
2026-04-15 14:42:20,373 [INFO] root: Invoking phi-4.
2026-04-15 14:42:20,374 [INFO] root: Invoking phi-4.
2026-04-15 14:42:20,375 [INFO] root: Invoking phi-4.
2026-04-15 14:42:20,376 [INFO] root: Invoking phi-4.
2026-04-15 14:42:20,377 [INFO] root: Invoking phi-4.
2026-04-15 14:42:20,377 [INFO] root: Invoking phi-4.
2026-04-15 14:42:20,377 [INFO] root: Invoking phi-4.
2026-04-15 14:42:20,380 [INFO] root: Invoking phi-4.
2026-04-15 14:42:20,381 [INFO] root: Invoking phi-4.
2026-04-15 14:42:20,382 [INFO] root: Invoking phi-4.
2026-04-15 14:42:20,382 [INFO] root: Invoking phi-4.
2026-04-15 14:42:20,384 [INFO] root: Invoking phi-4.
2026-04-15 14:42:20,385 [INFO] root: Invoking phi-4.
2026-04-15 14:42:20,386 [INFO] root: Invoking phi-4.
2026-04-15 14:42:20,387 [INFO] root: Invoking phi-4.
2026-04-15 14:42:20,388 [INFO] root: Invoking phi-4.
2026-04-15 14:42:20,390 [INFO] root: Invoking phi-4.
2026-04-15 14:42:20,392 [INFO] root: Invoking phi-4.
2026-04-15 14:42:20,394 [INFO] root: Invoking phi-4.
2026-04-15 14:42:20,394 [INFO] root: Invoking phi-4.
2026-04-15 14:42:20,395 [INFO] root: Invoking phi-4.
2026-04-15 14:42:20,395 [INFO] root: Invoking phi-4.
2026-04-15 14:42:20,396 [INFO] root: Invoking phi-4.
2026-04-15 14:42:20,398 [INFO] root: Invoking phi-4.
2026-04-15 14:42:20,399 [INFO] root: Invoking phi-4.
2026-04-15 14:42:20,400 [INFO] root: Invoking phi-4.
2026-04-15 14:42:20,400 [INFO] root: Invoking phi-4.
2026-04-15 14:42:20,401 [INFO] root: Invoking phi-4.
2026-04-15 14:42:20,404 [INFO] root: Invoking phi-4.
2026-04-15 14:42:20,404 [INFO] root: Invoking phi-4.
2026-04-15 14:42:20,405 [INFO] root: Invoking phi-4.
2026-04-15 14:42:20,406 [INFO] root: Invoking phi-4.
2026-04-15 14:42:20,407 [INFO] root: Invoking phi-4.
2026-04-15 14:42:20,408 [INFO] root: Invoking phi-4.
2026-04-15 14:42:20,409 [INFO] root: Invoking phi-4.
2026-04-15 14:42:20,409 [INFO] root: Invoking phi-4.
2026-04-15 14:42:20,410 [INFO] root: Invoking phi-4.
2026-04-15 14:42:20,411 [INFO] root: Invoking phi-4.
2026-04-15 14:42:20,411 [INFO] root: Invoking phi-4.
2026-04-15 14:42:20,412 [INFO] root: Invoking phi-4.
2026-04-15 14:42:20,412 [INFO] root: Invoking phi-4.
2026-04-15 14:42:20,413 [INFO] root: Invoking phi-4.
2026-04-15 14:42:20,415 [INFO] root: Invoking phi-4.
2026-04-15 14:42:20,417 [INFO] root: Invoking phi-4.
2026-04-15 14:42:20,417 [INFO] root: Invoking phi-4.
2026-04-15 14:42:20,418 [INFO] root: Invoking phi-4.
2026-04-15 14:42:20,419 [INFO] root: Invoking phi-4.
2026-04-15 14:42:20,420 [INFO] root: Invoking phi-4.
2026-04-15 14:42:20,421 [INFO] root: Invoking phi-4.
2026-04-15 14:42:20,421 [INFO] root: Invoking phi-4.
2026-04-15 14:42:20,422 [INFO] root: Invoking phi-4.
2026-04-15 14:42:20,423 [INFO] root: Invoking phi-4.
2026-04-15 14:42:20,424 [INFO] root: Invoking phi-4.
2026-04-15 14:42:20,425 [INFO] root: Invoking phi-4.
2026-04-15 14:42:20,425 [INFO] root: Invoking phi-4.
2026-04-15 14:42:20,428 [INFO] root: Invoking phi-4.
2026-04-15 14:42:20,428 [INFO] root: Invoking phi-4.
2026-04-15 14:42:20,429 [INFO] root: Invoking phi-4.
2026-04-15 14:42:20,429 [INFO] root: Invoking phi-4.
2026-04-15 14:42:20,430 [INFO] root: Invoking phi-4.
2026-04-15 14:42:20,432 [INFO] root: Invoking phi-4.
2026-04-15 14:42:20,432 [INFO] root: Invoking phi-4.
2026-04-15 14:42:20,433 [INFO] root: Invoking phi-4.
2026-04-15 14:42:20,433 [INFO] root: Invoking phi-4.
2026-04-15 14:42:20,434 [INFO] root: Invoking phi-4.
2026-04-15 14:42:20,434 [INFO] root: Invoking phi-4.
2026-04-15 14:42:20,435 [INFO] root: Invoking phi-4.
2026-04-15 14:42:20,436 [INFO] root: Invoking phi-4.
2026-04-15 14:42:20,437 [INFO] root: Invoking phi-4.
2026-04-15 14:42:20,437 [INFO] root: Invoking phi-4.
2026-04-15 14:42:20,438 [INFO] root: Invoking phi-4.
2026-04-15 14:42:20,439 [INFO] root: Invoking phi-4.
2026-04-15 14:42:20,439 [INFO] root: Invoking phi-4.
2026-04-15 14:42:20,440 [INFO] root: Invoking phi-4.
2026-04-15 14:42:20,440 [INFO] root: Invoking phi-4.
2026-04-15 14:42:20,441 [INFO] root: Invoking phi-4.
2026-04-15 14:42:20,442 [INFO] root: Invoking phi-4.
2026-04-15 14:42:20,443 [INFO] root: Invoking phi-4.
2026-04-15 14:42:20,443 [INFO] root: Invoking phi-4.
2026-04-15 14:42:20,444 [INFO] root: Invoking phi-4.
2026-04-15 14:42:20,444 [INFO] root: Invoking phi-4.
2026-04-15 14:42:20,445 [INFO] root: Invoking phi-4.
2026-04-15 14:42:20,447 [INFO] root: Invoking phi-4.
2026-04-15 14:42:20,447 [INFO] root: Invoking phi-4.
2026-04-15 14:42:20,448 [INFO] root: Invoking phi-4.
2026-04-15 14:42:20,448 [INFO] root: Invoking phi-4.
2026-04-15 14:42:20,449 [INFO] root: Invoking phi-4.
2026-04-15 14:42:20,450 [INFO] root: Invoking phi-4.
2026-04-15 14:42:20,450 [INFO] root: Invoking phi-4.
2026-04-15 14:42:20,451 [INFO] root: Invoking phi-4.
2026-04-15 14:42:20,451 [INFO] root: Invoking phi-4.
2026-04-15 14:42:20,453 [INFO] root: Invoking phi-4.
2026-04-15 14:42:20,454 [INFO] root: Invoking phi-4.
2026-04-15 14:42:20,455 [INFO] root: Invoking phi-4.
2026-04-15 14:42:20,456 [INFO] root: Invoking phi-4.
2026-04-15 14:42:20,457 [INFO] root: Invoking phi-4.
2026-04-15 14:42:20,457 [INFO] root: Invoking phi-4.
2026-04-15 14:42:20,457 [INFO] root: Invoking phi-4.
2026-04-15 14:42:20,458 [INFO] root: Invoking phi-4.
2026-04-15 14:42:20,459 [INFO] root: Invoking phi-4.
2026-04-15 14:42:20,459 [INFO] root: Invoking phi-4.
2026-04-15 14:42:20,460 [INFO] root: Invoking phi-4.
2026-04-15 14:42:20,461 [INFO] root: Invoking phi-4.
2026-04-15 14:42:20,462 [INFO] root: Invoking phi-4.
2026-04-15 14:42:20,462 [INFO] root: Invoking phi-4.
2026-04-15 14:42:20,462 [INFO] root: Invoking phi-4.
2026-04-15 14:42:20,463 [INFO] root: Invoking phi-4.
Preferences:  90%|█████████ | 1461/1620 [00:01<00:00, 1143.61it/s]2026-04-15 14:42:20,464 [INFO] root: Invoking phi-4.
2026-04-15 14:42:20,465 [INFO] root: Invoking phi-4.
2026-04-15 14:42:20,465 [INFO] root: Invoking phi-4.
2026-04-15 14:42:20,466 [INFO] root: Invoking phi-4.
2026-04-15 14:42:20,466 [INFO] root: Invoking phi-4.
2026-04-15 14:42:20,468 [INFO] root: Invoking phi-4.
2026-04-15 14:42:20,468 [INFO] root: Invoking phi-4.
2026-04-15 14:42:20,469 [INFO] root: Invoking phi-4.
2026-04-15 14:42:20,470 [INFO] root: Invoking phi-4.
2026-04-15 14:42:20,470 [INFO] root: Invoking phi-4.
2026-04-15 14:42:20,471 [INFO] root: Invoking phi-4.
2026-04-15 14:42:20,472 [INFO] root: Invoking phi-4.
2026-04-15 14:42:20,473 [INFO] root: Invoking phi-4.
2026-04-15 14:42:20,473 [INFO] root: Invoking phi-4.
2026-04-15 14:42:20,474 [INFO] root: Invoking phi-4.
2026-04-15 14:42:20,474 [INFO] root: Invoking phi-4.
2026-04-15 14:42:20,475 [INFO] root: Invoking phi-4.
2026-04-15 14:42:20,476 [INFO] root: Invoking phi-4.
2026-04-15 14:42:20,476 [INFO] root: Invoking phi-4.
2026-04-15 14:42:20,477 [INFO] root: Invoking phi-4.
2026-04-15 14:42:20,477 [INFO] root: Invoking phi-4.
2026-04-15 14:42:20,478 [INFO] root: Invoking phi-4.
2026-04-15 14:42:20,478 [INFO] root: Invoking phi-4.
2026-04-15 14:42:20,481 [INFO] root: Invoking phi-4.
2026-04-15 14:42:20,481 [INFO] root: Invoking phi-4.
2026-04-15 14:42:20,482 [INFO] root: Invoking phi-4.
2026-04-15 14:42:20,483 [INFO] root: Invoking phi-4.
2026-04-15 14:42:20,483 [INFO] root: Invoking phi-4.
2026-04-15 14:42:20,484 [INFO] root: Invoking phi-4.
2026-04-15 14:42:20,485 [INFO] root: Invoking phi-4.
2026-04-15 14:42:20,486 [INFO] root: Invoking phi-4.
2026-04-15 14:42:20,486 [INFO] root: Invoking phi-4.
2026-04-15 14:42:20,487 [INFO] root: Invoking phi-4.
2026-04-15 14:42:20,489 [INFO] root: Invoking phi-4.
2026-04-15 14:42:20,490 [INFO] root: Invoking phi-4.
2026-04-15 14:42:20,491 [INFO] root: Invoking phi-4.
2026-04-15 14:42:20,492 [INFO] root: Invoking phi-4.
2026-04-15 14:42:20,492 [INFO] root: Invoking phi-4.
2026-04-15 14:42:20,493 [INFO] root: Invoking phi-4.
2026-04-15 14:42:20,493 [INFO] root: Invoking phi-4.
2026-04-15 14:42:20,494 [INFO] root: Invoking phi-4.
2026-04-15 14:42:20,495 [INFO] root: Invoking phi-4.
2026-04-15 14:42:20,495 [INFO] root: Invoking phi-4.
2026-04-15 14:42:20,496 [INFO] root: Invoking phi-4.
2026-04-15 14:42:20,496 [INFO] root: Invoking phi-4.
2026-04-15 14:42:20,497 [INFO] root: Invoking phi-4.
2026-04-15 14:42:20,498 [INFO] root: Invoking phi-4.
2026-04-15 14:42:20,500 [INFO] root: Invoking phi-4.
2026-04-15 14:42:20,501 [INFO] root: Invoking phi-4.
2026-04-15 14:42:20,502 [INFO] root: Invoking phi-4.
2026-04-15 14:42:20,503 [INFO] root: Invoking phi-4.
2026-04-15 14:42:20,503 [INFO] root: Invoking phi-4.
2026-04-15 14:42:20,504 [INFO] root: Invoking phi-4.
2026-04-15 14:42:20,505 [INFO] root: Invoking phi-4.
2026-04-15 14:42:20,506 [INFO] root: Invoking phi-4.
2026-04-15 14:42:20,507 [INFO] root: Invoking phi-4.
2026-04-15 14:42:20,507 [INFO] root: Invoking phi-4.
2026-04-15 14:42:20,508 [INFO] root: Invoking phi-4.
2026-04-15 14:42:20,508 [INFO] root: Invoking phi-4.
2026-04-15 14:42:20,510 [INFO] root: Invoking phi-4.
2026-04-15 14:42:20,510 [INFO] root: Invoking phi-4.
2026-04-15 14:42:20,511 [INFO] root: Invoking phi-4.
2026-04-15 14:42:20,512 [INFO] root: Invoking phi-4.
2026-04-15 14:42:20,512 [INFO] root: Invoking phi-4.
2026-04-15 14:42:20,513 [INFO] root: Invoking phi-4.
2026-04-15 14:42:20,514 [INFO] root: Invoking phi-4.
2026-04-15 14:42:20,515 [INFO] root: Invoking phi-4.
2026-04-15 14:42:20,516 [INFO] root: Invoking phi-4.
2026-04-15 14:42:20,516 [INFO] root: Invoking phi-4.
2026-04-15 14:42:20,517 [INFO] root: Invoking phi-4.
2026-04-15 14:42:20,518 [INFO] root: Invoking phi-4.
2026-04-15 14:42:20,519 [INFO] root: Invoking phi-4.
2026-04-15 14:42:20,519 [INFO] root: Invoking phi-4.
2026-04-15 14:42:20,521 [INFO] root: Invoking phi-4.
2026-04-15 14:42:20,521 [INFO] root: Invoking phi-4.
2026-04-15 14:42:20,521 [INFO] root: Invoking phi-4.
2026-04-15 14:42:20,522 [INFO] root: Invoking phi-4.
2026-04-15 14:42:20,523 [INFO] root: Invoking phi-4.
2026-04-15 14:42:20,523 [INFO] root: Invoking phi-4.
2026-04-15 14:42:20,524 [INFO] root: Invoking phi-4.
2026-04-15 14:42:20,524 [INFO] root: Invoking phi-4.
2026-04-15 14:42:20,525 [INFO] root: Invoking phi-4.
2026-04-15 14:42:20,525 [INFO] root: Invoking phi-4.
2026-04-15 14:42:20,526 [INFO] root: Invoking phi-4.
2026-04-15 14:42:20,526 [INFO] root: Invoking phi-4.
2026-04-15 14:42:20,527 [INFO] root: Invoking phi-4.
2026-04-15 14:42:20,528 [INFO] root: Invoking phi-4.
2026-04-15 14:42:20,529 [INFO] root: Invoking phi-4.
2026-04-15 14:42:20,529 [INFO] root: Invoking phi-4.
2026-04-15 14:42:20,530 [INFO] root: Invoking phi-4.
2026-04-15 14:42:20,530 [INFO] root: Invoking phi-4.
2026-04-15 14:42:20,531 [INFO] root: Invoking phi-4.
2026-04-15 14:42:20,531 [INFO] root: Invoking phi-4.
2026-04-15 14:42:20,532 [INFO] root: Invoking phi-4.
2026-04-15 14:42:20,533 [INFO] root: Invoking phi-4.
2026-04-15 14:42:20,534 [INFO] root: Invoking phi-4.
2026-04-15 14:42:20,535 [INFO] root: Invoking phi-4.
2026-04-15 14:42:20,535 [INFO] root: Invoking phi-4.
2026-04-15 14:42:20,535 [INFO] root: Invoking phi-4.
2026-04-15 14:42:20,536 [INFO] root: Invoking phi-4.
2026-04-15 14:42:20,536 [INFO] root: Invoking phi-4.
2026-04-15 14:42:20,538 [INFO] root: Invoking phi-4.
2026-04-15 14:42:20,539 [INFO] root: Invoking phi-4.
2026-04-15 14:42:20,539 [INFO] root: Invoking phi-4.
2026-04-15 14:42:20,540 [INFO] root: Invoking phi-4.
2026-04-15 14:42:20,541 [INFO] root: Invoking phi-4.
2026-04-15 14:42:20,542 [INFO] root: Invoking phi-4.
2026-04-15 14:42:20,543 [INFO] root: Invoking phi-4.
2026-04-15 14:42:20,543 [INFO] root: Invoking phi-4.
2026-04-15 14:42:20,544 [INFO] root: Invoking phi-4.
2026-04-15 14:42:20,544 [INFO] root: Invoking phi-4.
2026-04-15 14:42:20,545 [INFO] root: Invoking phi-4.
2026-04-15 14:42:20,546 [INFO] root: Invoking phi-4.
2026-04-15 14:42:20,547 [INFO] root: Invoking phi-4.
2026-04-15 14:42:20,547 [INFO] root: Invoking phi-4.
2026-04-15 14:42:20,548 [INFO] root: Invoking phi-4.
2026-04-15 14:42:20,549 [INFO] root: Invoking phi-4.
2026-04-15 14:42:20,549 [INFO] root: Invoking phi-4.
2026-04-15 14:42:20,551 [INFO] root: Invoking phi-4.
2026-04-15 14:42:20,551 [INFO] root: Invoking phi-4.
2026-04-15 14:42:20,552 [INFO] root: Invoking phi-4.
2026-04-15 14:42:20,552 [INFO] root: Invoking phi-4.
2026-04-15 14:42:20,553 [INFO] root: Invoking phi-4.
2026-04-15 14:42:20,554 [INFO] root: Invoking phi-4.
2026-04-15 14:42:20,555 [INFO] root: Invoking phi-4.
2026-04-15 14:42:20,556 [INFO] root: Invoking phi-4.
2026-04-15 14:42:20,556 [INFO] root: Invoking phi-4.
2026-04-15 14:42:20,556 [INFO] root: Invoking phi-4.
2026-04-15 14:42:20,557 [INFO] root: Invoking phi-4.
2026-04-15 14:42:20,557 [INFO] root: Invoking phi-4.
2026-04-15 14:42:20,558 [INFO] root: Invoking phi-4.
2026-04-15 14:42:20,559 [INFO] root: Invoking phi-4.
2026-04-15 14:42:20,561 [INFO] root: Invoking phi-4.
2026-04-15 14:42:20,561 [INFO] root: Invoking phi-4.
2026-04-15 14:42:20,562 [INFO] root: Invoking phi-4.
2026-04-15 14:42:20,562 [INFO] root: Invoking phi-4.
2026-04-15 14:42:20,563 [INFO] root: Invoking phi-4.
2026-04-15 14:42:20,563 [INFO] root: Invoking phi-4.
2026-04-15 14:42:20,564 [INFO] root: Invoking phi-4.
2026-04-15 14:42:20,565 [INFO] root: Invoking phi-4.
2026-04-15 14:42:20,566 [INFO] root: Invoking phi-4.
2026-04-15 14:42:20,566 [INFO] root: Invoking phi-4.
2026-04-15 14:42:20,567 [INFO] root: Invoking phi-4.
2026-04-15 14:42:20,567 [INFO] root: Invoking phi-4.
2026-04-15 14:42:20,568 [INFO] root: Invoking phi-4.
2026-04-15 14:42:20,569 [INFO] root: Invoking phi-4.
2026-04-15 14:42:20,569 [INFO] root: Invoking phi-4.
Preferences:  99%|█████████▉| 1605/1620 [00:01<00:00, 1225.29it/s]2026-04-15 14:42:20,570 [INFO] root: Invoking phi-4.
2026-04-15 14:42:20,570 [INFO] root: Invoking phi-4.
2026-04-15 14:42:20,571 [INFO] root: Invoking phi-4.
2026-04-15 14:42:20,571 [INFO] root: Invoking phi-4.
2026-04-15 14:42:20,573 [INFO] root: Invoking phi-4.
2026-04-15 14:42:20,573 [INFO] root: Invoking phi-4.
2026-04-15 14:42:20,573 [INFO] root: Invoking phi-4.
2026-04-15 14:42:20,574 [INFO] root: Invoking phi-4.
Preferences: 100%|██████████| 1620/1620 [00:01<00:00, 933.07it/s] 
2026-04-15 14:42:20,703 [INFO] root: Saved assay results to /home/harry/code/corporate-bias/data/assays/head-to-head/phi-4.parquet.
