2026-07-11 13:08:45,403 [INFO] root: Running assay=listwise-ordinal-preference model=glm-4.5 
2026-07-11 13:08:45,414 [INFO] root: Invoking glm-4.5.
2026-07-11 13:08:45,415 [INFO] root: Invoking glm-4.5.
2026-07-11 13:08:45,415 [INFO] root: Invoking glm-4.5.
2026-07-11 13:08:45,417 [INFO] root: Invoking glm-4.5.
2026-07-11 13:08:45,417 [INFO] root: Invoking glm-4.5.
2026-07-11 13:08:45,419 [INFO] root: Invoking glm-4.5.
2026-07-11 13:08:45,420 [INFO] root: Invoking glm-4.5.
2026-07-11 13:08:45,421 [INFO] root: Invoking glm-4.5.
2026-07-11 13:08:45,422 [INFO] root: Invoking glm-4.5.
2026-07-11 13:08:45,423 [INFO] root: Invoking glm-4.5.
2026-07-11 13:08:45,424 [INFO] root: Invoking glm-4.5.
2026-07-11 13:08:45,425 [INFO] root: Invoking glm-4.5.
2026-07-11 13:08:45,426 [INFO] root: Invoking glm-4.5.
2026-07-11 13:08:45,427 [INFO] root: Invoking glm-4.5.
2026-07-11 13:08:45,428 [INFO] root: Invoking glm-4.5.
2026-07-11 13:08:45,429 [INFO] root: Invoking glm-4.5.
2026-07-11 13:08:45,430 [INFO] root: Invoking glm-4.5.
2026-07-11 13:08:45,431 [INFO] root: Invoking glm-4.5.
2026-07-11 13:08:45,432 [INFO] root: Invoking glm-4.5.
2026-07-11 13:08:45,434 [INFO] root: Invoking glm-4.5.
2026-07-11 13:08:45,435 [INFO] root: Invoking glm-4.5.
2026-07-11 13:08:45,437 [INFO] root: Invoking glm-4.5.
2026-07-11 13:08:45,441 [INFO] root: Invoking glm-4.5.
2026-07-11 13:08:45,443 [INFO] root: Invoking glm-4.5.
2026-07-11 13:08:45,445 [INFO] root: Invoking glm-4.5.
2026-07-11 13:08:45,446 [INFO] root: Invoking glm-4.5.
2026-07-11 13:08:45,446 [INFO] root: Invoking glm-4.5.
2026-07-11 13:08:45,448 [INFO] root: Invoking glm-4.5.
Queries:   0%|          | 0/42 [00:00<?, ?it/s]2026-07-11 13:08:45,448 [INFO] root: Invoking glm-4.5.
2026-07-11 13:08:45,449 [INFO] root: Invoking glm-4.5.
2026-07-11 13:08:45,450 [INFO] root: Invoking glm-4.5.
2026-07-11 13:08:45,450 [INFO] root: Invoking glm-4.5.
2026-07-11 13:08:45,452 [INFO] root: Invoking glm-4.5.
2026-07-11 13:08:45,453 [INFO] root: Invoking glm-4.5.
2026-07-11 13:08:45,455 [INFO] root: Invoking glm-4.5.
2026-07-11 13:08:45,455 [INFO] root: Invoking glm-4.5.
2026-07-11 13:08:45,456 [INFO] root: Invoking glm-4.5.
2026-07-11 13:08:45,456 [INFO] root: Invoking glm-4.5.
2026-07-11 13:08:45,457 [INFO] root: Invoking glm-4.5.
2026-07-11 13:08:45,457 [INFO] root: Invoking glm-4.5.
2026-07-11 13:08:45,458 [INFO] root: Invoking glm-4.5.
2026-07-11 13:08:45,459 [INFO] root: Invoking glm-4.5.
Queries: 100%|██████████| 42/42 [00:00<00:00, 990.74it/s]
2026-07-11 13:08:45,516 [INFO] root: Saved assay results to /home/harry/code/corporate-bias/data/assays/listwise-ordinal-preference/glm-4.5.parquet.
