/home/harry/code/corporate-bias/.venv/lib/python3.12/site-packages/dvclive/monitor_system.py:11: FutureWarning: The pynvml package is deprecated. Please install nvidia-ml-py instead. If you did not install pynvml directly, please report this to the maintainers of the package that installed pynvml for you.
  from pynvml import (
2026-07-06 10:51:12,400 [INFO] root: Running assay=pairwise-comparative-preference model=grok-4.20 
2026-07-06 10:51:12,415 [INFO] root: Invoking grok-4.20.
2026-07-06 10:51:12,415 [INFO] root: Invoking grok-4.20.
2026-07-06 10:51:12,416 [INFO] root: Invoking grok-4.20.
2026-07-06 10:51:12,416 [INFO] root: Invoking grok-4.20.
2026-07-06 10:51:12,417 [INFO] root: Invoking grok-4.20.
2026-07-06 10:51:12,418 [INFO] root: Invoking grok-4.20.
2026-07-06 10:51:12,419 [INFO] root: Invoking grok-4.20.
2026-07-06 10:51:12,420 [INFO] root: Invoking grok-4.20.
2026-07-06 10:51:12,421 [INFO] root: Invoking grok-4.20.
2026-07-06 10:51:12,422 [INFO] root: Invoking grok-4.20.
2026-07-06 10:51:12,423 [INFO] root: Invoking grok-4.20.
2026-07-06 10:51:12,425 [INFO] root: Invoking grok-4.20.
2026-07-06 10:51:12,426 [INFO] root: Invoking grok-4.20.
2026-07-06 10:51:12,427 [INFO] root: Invoking grok-4.20.
2026-07-06 10:51:12,428 [INFO] root: Invoking grok-4.20.
2026-07-06 10:51:12,431 [INFO] root: Invoking grok-4.20.
2026-07-06 10:51:12,432 [INFO] root: Invoking grok-4.20.
2026-07-06 10:51:12,436 [INFO] root: Invoking grok-4.20.
2026-07-06 10:51:12,439 [INFO] root: Invoking grok-4.20.
2026-07-06 10:51:12,441 [INFO] root: Invoking grok-4.20.
2026-07-06 10:51:12,442 [INFO] root: Invoking grok-4.20.
2026-07-06 10:51:12,443 [INFO] root: Invoking grok-4.20.
2026-07-06 10:51:12,444 [INFO] root: Invoking grok-4.20.
2026-07-06 10:51:12,447 [INFO] root: Invoking grok-4.20.
2026-07-06 10:51:12,449 [INFO] root: Invoking grok-4.20.
2026-07-06 10:51:12,451 [INFO] root: Invoking grok-4.20.
2026-07-06 10:51:12,453 [INFO] root: Invoking grok-4.20.
2026-07-06 10:51:12,455 [INFO] root: Invoking grok-4.20.
2026-07-06 10:51:12,457 [INFO] root: Invoking grok-4.20.
2026-07-06 10:51:12,460 [INFO] root: Invoking grok-4.20.
2026-07-06 10:51:12,463 [INFO] root: Invoking grok-4.20.
2026-07-06 10:51:12,465 [INFO] root: Invoking grok-4.20.
2026-07-06 10:51:12,467 [INFO] root: Invoking grok-4.20.
2026-07-06 10:51:12,470 [INFO] root: Invoking grok-4.20.
2026-07-06 10:51:12,472 [INFO] root: Invoking grok-4.20.
2026-07-06 10:51:12,476 [INFO] root: Invoking grok-4.20.
2026-07-06 10:51:12,477 [INFO] root: Invoking grok-4.20.
2026-07-06 10:51:12,480 [INFO] root: Invoking grok-4.20.
2026-07-06 10:51:12,482 [INFO] root: Invoking grok-4.20.
2026-07-06 10:51:12,483 [INFO] root: Invoking grok-4.20.
2026-07-06 10:51:12,484 [INFO] root: Invoking grok-4.20.
2026-07-06 10:51:12,484 [INFO] root: Invoking grok-4.20.
2026-07-06 10:51:12,485 [INFO] root: Invoking grok-4.20.
2026-07-06 10:51:12,488 [INFO] root: Invoking grok-4.20.
2026-07-06 10:51:12,489 [INFO] root: Invoking grok-4.20.
2026-07-06 10:51:12,489 [INFO] root: Invoking grok-4.20.
2026-07-06 10:51:12,491 [INFO] root: Invoking grok-4.20.
2026-07-06 10:51:12,491 [INFO] root: Invoking grok-4.20.
2026-07-06 10:51:12,491 [INFO] root: Invoking grok-4.20.
2026-07-06 10:51:12,492 [INFO] root: Invoking grok-4.20.
2026-07-06 10:51:12,492 [INFO] root: Invoking grok-4.20.
2026-07-06 10:51:12,492 [INFO] root: Invoking grok-4.20.
2026-07-06 10:51:12,493 [INFO] root: Invoking grok-4.20.
2026-07-06 10:51:12,493 [INFO] root: Invoking grok-4.20.
2026-07-06 10:51:12,493 [INFO] root: Invoking grok-4.20.
2026-07-06 10:51:12,494 [INFO] root: Invoking grok-4.20.
2026-07-06 10:51:12,494 [INFO] root: Invoking grok-4.20.
2026-07-06 10:51:12,494 [INFO] root: Invoking grok-4.20.
2026-07-06 10:51:12,495 [INFO] root: Invoking grok-4.20.
2026-07-06 10:51:12,496 [INFO] root: Invoking grok-4.20.
2026-07-06 10:51:12,497 [INFO] root: Invoking grok-4.20.
2026-07-06 10:51:12,497 [INFO] root: Invoking grok-4.20.
2026-07-06 10:51:12,498 [INFO] root: Invoking grok-4.20.
2026-07-06 10:51:12,499 [INFO] root: Invoking grok-4.20.
2026-07-06 10:51:12,499 [INFO] root: Invoking grok-4.20.
2026-07-06 10:51:12,500 [INFO] root: Invoking grok-4.20.
2026-07-06 10:51:12,500 [INFO] root: Invoking grok-4.20.
2026-07-06 10:51:12,500 [INFO] root: Invoking grok-4.20.
2026-07-06 10:51:12,501 [INFO] root: Invoking grok-4.20.
2026-07-06 10:51:12,502 [INFO] root: Invoking grok-4.20.
2026-07-06 10:51:12,506 [INFO] root: Invoking grok-4.20.
2026-07-06 10:51:12,510 [INFO] root: Invoking grok-4.20.
2026-07-06 10:51:12,512 [INFO] root: Invoking grok-4.20.
2026-07-06 10:51:12,516 [INFO] root: Invoking grok-4.20.
2026-07-06 10:51:12,517 [INFO] root: Invoking grok-4.20.
2026-07-06 10:51:12,529 [INFO] root: Invoking grok-4.20.
2026-07-06 10:51:12,537 [INFO] root: Invoking grok-4.20.
2026-07-06 10:51:12,542 [INFO] root: Invoking grok-4.20.
2026-07-06 10:51:12,547 [INFO] root: Invoking grok-4.20.
2026-07-06 10:51:12,551 [INFO] root: Invoking grok-4.20.
2026-07-06 10:51:12,553 [INFO] root: Invoking grok-4.20.
2026-07-06 10:51:12,555 [INFO] root: Invoking grok-4.20.
2026-07-06 10:51:12,560 [INFO] root: Invoking grok-4.20.
2026-07-06 10:51:12,568 [INFO] root: Invoking grok-4.20.
2026-07-06 10:51:12,573 [INFO] root: Invoking grok-4.20.
2026-07-06 10:51:12,575 [INFO] root: Invoking grok-4.20.
2026-07-06 10:51:12,581 [INFO] root: Invoking grok-4.20.
2026-07-06 10:51:12,584 [INFO] root: Invoking grok-4.20.
2026-07-06 10:51:12,587 [INFO] root: Invoking grok-4.20.
2026-07-06 10:51:12,593 [INFO] root: Invoking grok-4.20.
2026-07-06 10:51:12,595 [INFO] root: Invoking grok-4.20.
2026-07-06 10:51:12,600 [INFO] root: Invoking grok-4.20.
2026-07-06 10:51:12,604 [INFO] root: Invoking grok-4.20.
2026-07-06 10:51:12,608 [INFO] root: Invoking grok-4.20.
2026-07-06 10:51:12,611 [INFO] root: Invoking grok-4.20.
2026-07-06 10:51:12,614 [INFO] root: Invoking grok-4.20.
2026-07-06 10:51:12,618 [INFO] root: Invoking grok-4.20.
2026-07-06 10:51:12,619 [INFO] root: Invoking grok-4.20.
2026-07-06 10:51:12,623 [INFO] root: Invoking grok-4.20.
Queries:   0%|          | 0/288 [00:00<?, ?it/s]2026-07-06 10:51:12,625 [INFO] root: Invoking grok-4.20.
2026-07-06 10:51:12,628 [INFO] root: Invoking grok-4.20.
2026-07-06 10:51:12,629 [INFO] root: Invoking grok-4.20.
2026-07-06 10:51:12,633 [INFO] root: Invoking grok-4.20.
2026-07-06 10:51:12,635 [INFO] root: Invoking grok-4.20.
2026-07-06 10:51:12,637 [INFO] root: Invoking grok-4.20.
2026-07-06 10:51:12,640 [INFO] root: Invoking grok-4.20.
2026-07-06 10:51:12,643 [INFO] root: Invoking grok-4.20.
2026-07-06 10:51:12,644 [INFO] root: Invoking grok-4.20.
2026-07-06 10:51:12,647 [INFO] root: Invoking grok-4.20.
2026-07-06 10:51:12,649 [INFO] root: Invoking grok-4.20.
2026-07-06 10:51:12,649 [INFO] root: Invoking grok-4.20.
2026-07-06 10:51:12,653 [INFO] root: Invoking grok-4.20.
2026-07-06 10:51:12,654 [INFO] root: Invoking grok-4.20.
2026-07-06 10:51:12,655 [INFO] root: Invoking grok-4.20.
2026-07-06 10:51:12,658 [INFO] root: Invoking grok-4.20.
2026-07-06 10:51:12,660 [INFO] root: Invoking grok-4.20.
2026-07-06 10:51:12,663 [INFO] root: Invoking grok-4.20.
2026-07-06 10:51:12,668 [INFO] root: Invoking grok-4.20.
2026-07-06 10:51:12,669 [INFO] root: Invoking grok-4.20.
2026-07-06 10:51:12,670 [INFO] root: Invoking grok-4.20.
2026-07-06 10:51:12,674 [INFO] root: Invoking grok-4.20.
2026-07-06 10:51:12,676 [INFO] root: Invoking grok-4.20.
2026-07-06 10:51:12,677 [INFO] root: Invoking grok-4.20.
2026-07-06 10:51:12,678 [INFO] root: Invoking grok-4.20.
2026-07-06 10:51:12,680 [INFO] root: Invoking grok-4.20.
2026-07-06 10:51:12,681 [INFO] root: Invoking grok-4.20.
2026-07-06 10:51:12,683 [INFO] root: Invoking grok-4.20.
2026-07-06 10:51:12,684 [INFO] root: Invoking grok-4.20.
2026-07-06 10:51:12,713 [INFO] root: Invoking grok-4.20.
2026-07-06 10:51:12,714 [INFO] root: Invoking grok-4.20.
2026-07-06 10:51:12,714 [INFO] root: Invoking grok-4.20.
2026-07-06 10:51:12,715 [INFO] root: Invoking grok-4.20.
2026-07-06 10:51:12,716 [INFO] root: Invoking grok-4.20.
2026-07-06 10:51:12,717 [INFO] root: Invoking grok-4.20.
2026-07-06 10:51:12,717 [INFO] root: Invoking grok-4.20.
2026-07-06 10:51:12,718 [INFO] root: Invoking grok-4.20.
2026-07-06 10:51:12,718 [INFO] root: Invoking grok-4.20.
2026-07-06 10:51:12,719 [INFO] root: Invoking grok-4.20.
2026-07-06 10:51:12,720 [INFO] root: Invoking grok-4.20.
2026-07-06 10:51:12,720 [INFO] root: Invoking grok-4.20.
2026-07-06 10:51:12,722 [INFO] root: Invoking grok-4.20.
2026-07-06 10:51:12,724 [INFO] root: Invoking grok-4.20.
2026-07-06 10:51:12,725 [INFO] root: Invoking grok-4.20.
2026-07-06 10:51:12,725 [INFO] root: Invoking grok-4.20.
2026-07-06 10:51:12,725 [INFO] root: Invoking grok-4.20.
2026-07-06 10:51:12,726 [INFO] root: Invoking grok-4.20.
Queries:  36%|███▋      | 105/288 [00:00<00:00, 1046.19it/s]2026-07-06 10:51:12,726 [INFO] root: Invoking grok-4.20.
2026-07-06 10:51:12,727 [INFO] root: Invoking grok-4.20.
2026-07-06 10:51:12,728 [INFO] root: Invoking grok-4.20.
2026-07-06 10:51:12,729 [INFO] root: Invoking grok-4.20.
2026-07-06 10:51:12,730 [INFO] root: Invoking grok-4.20.
2026-07-06 10:51:12,731 [INFO] root: Invoking grok-4.20.
2026-07-06 10:51:12,732 [INFO] root: Invoking grok-4.20.
2026-07-06 10:51:12,732 [INFO] root: Invoking grok-4.20.
2026-07-06 10:51:12,732 [INFO] root: Invoking grok-4.20.
2026-07-06 10:51:12,735 [INFO] root: Invoking grok-4.20.
2026-07-06 10:51:12,737 [INFO] root: Invoking grok-4.20.
2026-07-06 10:51:12,738 [INFO] root: Invoking grok-4.20.
2026-07-06 10:51:12,738 [INFO] root: Invoking grok-4.20.
2026-07-06 10:51:12,739 [INFO] root: Invoking grok-4.20.
2026-07-06 10:51:12,739 [INFO] root: Invoking grok-4.20.
2026-07-06 10:51:12,740 [INFO] root: Invoking grok-4.20.
2026-07-06 10:51:12,740 [INFO] root: Invoking grok-4.20.
2026-07-06 10:51:12,741 [INFO] root: Invoking grok-4.20.
2026-07-06 10:51:12,742 [INFO] root: Invoking grok-4.20.
2026-07-06 10:51:12,744 [INFO] root: Invoking grok-4.20.
2026-07-06 10:51:12,745 [INFO] root: Invoking grok-4.20.
2026-07-06 10:51:12,746 [INFO] root: Invoking grok-4.20.
2026-07-06 10:51:12,746 [INFO] root: Invoking grok-4.20.
2026-07-06 10:51:12,747 [INFO] root: Invoking grok-4.20.
2026-07-06 10:51:12,748 [INFO] root: Invoking grok-4.20.
2026-07-06 10:51:12,748 [INFO] root: Invoking grok-4.20.
2026-07-06 10:51:12,749 [INFO] root: Invoking grok-4.20.
2026-07-06 10:51:12,750 [INFO] root: Invoking grok-4.20.
2026-07-06 10:51:12,751 [INFO] root: Invoking grok-4.20.
2026-07-06 10:51:12,752 [INFO] root: Invoking grok-4.20.
2026-07-06 10:51:12,753 [INFO] root: Invoking grok-4.20.
2026-07-06 10:51:12,754 [INFO] root: Invoking grok-4.20.
2026-07-06 10:51:12,755 [INFO] root: Invoking grok-4.20.
2026-07-06 10:51:12,756 [INFO] root: Invoking grok-4.20.
2026-07-06 10:51:12,757 [INFO] root: Invoking grok-4.20.
2026-07-06 10:51:12,758 [INFO] root: Invoking grok-4.20.
2026-07-06 10:51:12,758 [INFO] root: Invoking grok-4.20.
2026-07-06 10:51:12,759 [INFO] root: Invoking grok-4.20.
2026-07-06 10:51:12,759 [INFO] root: Invoking grok-4.20.
2026-07-06 10:51:12,760 [INFO] root: Invoking grok-4.20.
2026-07-06 10:51:12,760 [INFO] root: Invoking grok-4.20.
2026-07-06 10:51:12,761 [INFO] root: Invoking grok-4.20.
2026-07-06 10:51:12,761 [INFO] root: Invoking grok-4.20.
2026-07-06 10:51:12,762 [INFO] root: Invoking grok-4.20.
2026-07-06 10:51:12,763 [INFO] root: Invoking grok-4.20.
2026-07-06 10:51:12,763 [INFO] root: Invoking grok-4.20.
2026-07-06 10:51:12,763 [INFO] root: Invoking grok-4.20.
2026-07-06 10:51:12,764 [INFO] root: Invoking grok-4.20.
2026-07-06 10:51:12,764 [INFO] root: Invoking grok-4.20.
2026-07-06 10:51:12,765 [INFO] root: Invoking grok-4.20.
2026-07-06 10:51:12,765 [INFO] root: Invoking grok-4.20.
2026-07-06 10:51:12,766 [INFO] root: Invoking grok-4.20.
2026-07-06 10:51:12,766 [INFO] root: Invoking grok-4.20.
2026-07-06 10:51:12,767 [INFO] root: Invoking grok-4.20.
2026-07-06 10:51:12,767 [INFO] root: Invoking grok-4.20.
2026-07-06 10:51:12,767 [INFO] root: Invoking grok-4.20.
2026-07-06 10:51:12,768 [INFO] root: Invoking grok-4.20.
2026-07-06 10:51:12,768 [INFO] root: Invoking grok-4.20.
2026-07-06 10:51:12,769 [INFO] root: Invoking grok-4.20.
2026-07-06 10:51:12,769 [INFO] root: Invoking grok-4.20.
2026-07-06 10:51:12,770 [INFO] root: Invoking grok-4.20.
2026-07-06 10:51:12,770 [INFO] root: Invoking grok-4.20.
2026-07-06 10:51:12,771 [INFO] root: Invoking grok-4.20.
2026-07-06 10:51:12,771 [INFO] root: Invoking grok-4.20.
2026-07-06 10:51:12,771 [INFO] root: Invoking grok-4.20.
2026-07-06 10:51:12,772 [INFO] root: Invoking grok-4.20.
2026-07-06 10:51:12,774 [INFO] root: Invoking grok-4.20.
2026-07-06 10:51:12,774 [INFO] root: Invoking grok-4.20.
2026-07-06 10:51:12,775 [INFO] root: Invoking grok-4.20.
2026-07-06 10:51:12,775 [INFO] root: Invoking grok-4.20.
2026-07-06 10:51:12,776 [INFO] root: Invoking grok-4.20.
2026-07-06 10:51:12,778 [INFO] root: Invoking grok-4.20.
2026-07-06 10:51:12,778 [INFO] root: Invoking grok-4.20.
2026-07-06 10:51:12,779 [INFO] root: Invoking grok-4.20.
2026-07-06 10:51:12,779 [INFO] root: Invoking grok-4.20.
2026-07-06 10:51:12,780 [INFO] root: Invoking grok-4.20.
2026-07-06 10:51:12,782 [INFO] root: Invoking grok-4.20.
2026-07-06 10:51:12,783 [INFO] root: Invoking grok-4.20.
2026-07-06 10:51:12,784 [INFO] root: Invoking grok-4.20.
2026-07-06 10:51:12,785 [INFO] root: Invoking grok-4.20.
2026-07-06 10:51:12,786 [INFO] root: Invoking grok-4.20.
2026-07-06 10:51:12,788 [INFO] root: Invoking grok-4.20.
2026-07-06 10:51:12,788 [INFO] root: Invoking grok-4.20.
2026-07-06 10:51:12,789 [INFO] root: Invoking grok-4.20.
2026-07-06 10:51:12,791 [INFO] root: Invoking grok-4.20.
2026-07-06 10:51:12,791 [INFO] root: Invoking grok-4.20.
2026-07-06 10:51:12,792 [INFO] root: Invoking grok-4.20.
2026-07-06 10:51:12,792 [INFO] root: Invoking grok-4.20.
2026-07-06 10:51:12,794 [INFO] root: Invoking grok-4.20.
2026-07-06 10:51:12,795 [INFO] root: Invoking grok-4.20.
2026-07-06 10:51:12,796 [INFO] root: Invoking grok-4.20.
2026-07-06 10:51:12,797 [INFO] root: Invoking grok-4.20.
2026-07-06 10:51:12,798 [INFO] root: Invoking grok-4.20.
2026-07-06 10:51:12,799 [INFO] root: Invoking grok-4.20.
2026-07-06 10:51:12,800 [INFO] root: Invoking grok-4.20.
2026-07-06 10:51:12,801 [INFO] root: Invoking grok-4.20.
2026-07-06 10:51:12,802 [INFO] root: Invoking grok-4.20.
2026-07-06 10:51:12,802 [INFO] root: Invoking grok-4.20.
2026-07-06 10:51:12,804 [INFO] root: Invoking grok-4.20.
2026-07-06 10:51:12,805 [INFO] root: Invoking grok-4.20.
2026-07-06 10:51:12,805 [INFO] root: Invoking grok-4.20.
2026-07-06 10:51:12,806 [INFO] root: Invoking grok-4.20.
2026-07-06 10:51:12,806 [INFO] root: Invoking grok-4.20.
2026-07-06 10:51:12,806 [INFO] root: Invoking grok-4.20.
2026-07-06 10:51:12,806 [INFO] root: Invoking grok-4.20.
2026-07-06 10:51:12,807 [INFO] root: Invoking grok-4.20.
2026-07-06 10:51:12,807 [INFO] root: Invoking grok-4.20.
2026-07-06 10:51:12,808 [INFO] root: Invoking grok-4.20.
2026-07-06 10:51:12,808 [INFO] root: Invoking grok-4.20.
2026-07-06 10:51:12,808 [INFO] root: Invoking grok-4.20.
2026-07-06 10:51:12,808 [INFO] root: Invoking grok-4.20.
2026-07-06 10:51:12,809 [INFO] root: Invoking grok-4.20.
2026-07-06 10:51:12,809 [INFO] root: Invoking grok-4.20.
2026-07-06 10:51:12,809 [INFO] root: Invoking grok-4.20.
2026-07-06 10:51:12,810 [INFO] root: Invoking grok-4.20.
2026-07-06 10:51:12,811 [INFO] root: Invoking grok-4.20.
2026-07-06 10:51:12,811 [INFO] root: Invoking grok-4.20.
2026-07-06 10:51:12,811 [INFO] root: Invoking grok-4.20.
2026-07-06 10:51:12,812 [INFO] root: Invoking grok-4.20.
2026-07-06 10:51:12,812 [INFO] root: Invoking grok-4.20.
2026-07-06 10:51:12,812 [INFO] root: Invoking grok-4.20.
2026-07-06 10:51:12,813 [INFO] root: Invoking grok-4.20.
2026-07-06 10:51:12,813 [INFO] root: Invoking grok-4.20.
2026-07-06 10:51:12,813 [INFO] root: Invoking grok-4.20.
2026-07-06 10:51:12,814 [INFO] root: Invoking grok-4.20.
2026-07-06 10:51:12,814 [INFO] root: Invoking grok-4.20.
2026-07-06 10:51:12,815 [INFO] root: Invoking grok-4.20.
2026-07-06 10:51:12,816 [INFO] root: Invoking grok-4.20.
2026-07-06 10:51:12,816 [INFO] root: Invoking grok-4.20.
2026-07-06 10:51:12,816 [INFO] root: Invoking grok-4.20.
2026-07-06 10:51:12,816 [INFO] root: Invoking grok-4.20.
2026-07-06 10:51:12,817 [INFO] root: Invoking grok-4.20.
2026-07-06 10:51:12,817 [INFO] root: Invoking grok-4.20.
2026-07-06 10:51:12,818 [INFO] root: Invoking grok-4.20.
2026-07-06 10:51:12,818 [INFO] root: Invoking grok-4.20.
2026-07-06 10:51:12,818 [INFO] root: Invoking grok-4.20.
2026-07-06 10:51:12,819 [INFO] root: Invoking grok-4.20.
2026-07-06 10:51:12,819 [INFO] root: Invoking grok-4.20.
2026-07-06 10:51:12,819 [INFO] root: Invoking grok-4.20.
2026-07-06 10:51:12,820 [INFO] root: Invoking grok-4.20.
2026-07-06 10:51:12,820 [INFO] root: Invoking grok-4.20.
Queries:  99%|█████████▉| 285/288 [00:00<00:00, 1484.51it/s]2026-07-06 10:51:12,820 [INFO] root: Invoking grok-4.20.
Queries: 100%|██████████| 288/288 [00:00<00:00, 1427.24it/s]
2026-07-06 10:51:12,926 [INFO] root: Saved assay results to /home/harry/code/corporate-bias/data/assays/pairwise-comparative-preference/grok-4.20.parquet.
