2026-07-11 13:08:35,702 [INFO] root: Running assay=listwise-ordinal-preference model=hy3 
2026-07-11 13:08:35,713 [INFO] root: Invoking hy3.
2026-07-11 13:08:35,714 [INFO] root: Invoking hy3.
2026-07-11 13:08:35,714 [INFO] root: Invoking hy3.
2026-07-11 13:08:35,715 [INFO] root: Invoking hy3.
2026-07-11 13:08:35,715 [INFO] root: Invoking hy3.
2026-07-11 13:08:35,716 [INFO] root: Invoking hy3.
2026-07-11 13:08:35,716 [INFO] root: Invoking hy3.
2026-07-11 13:08:35,717 [INFO] root: Invoking hy3.
2026-07-11 13:08:35,718 [INFO] root: Invoking hy3.
2026-07-11 13:08:35,719 [INFO] root: Invoking hy3.
2026-07-11 13:08:35,720 [INFO] root: Invoking hy3.
2026-07-11 13:08:35,722 [INFO] root: Invoking hy3.
2026-07-11 13:08:35,724 [INFO] root: Invoking hy3.
2026-07-11 13:08:35,726 [INFO] root: Invoking hy3.
2026-07-11 13:08:35,728 [INFO] root: Invoking hy3.
2026-07-11 13:08:35,729 [INFO] root: Invoking hy3.
2026-07-11 13:08:35,731 [INFO] root: Invoking hy3.
2026-07-11 13:08:35,732 [INFO] root: Invoking hy3.
2026-07-11 13:08:35,733 [INFO] root: Invoking hy3.
2026-07-11 13:08:35,733 [INFO] root: Invoking hy3.
2026-07-11 13:08:35,734 [INFO] root: Invoking hy3.
2026-07-11 13:08:35,736 [INFO] root: Invoking hy3.
2026-07-11 13:08:35,738 [INFO] root: Invoking hy3.
2026-07-11 13:08:35,740 [INFO] root: Invoking hy3.
2026-07-11 13:08:35,741 [INFO] root: Invoking hy3.
2026-07-11 13:08:35,742 [INFO] root: Invoking hy3.
2026-07-11 13:08:35,746 [INFO] root: Invoking hy3.
2026-07-11 13:08:35,747 [INFO] root: Invoking hy3.
2026-07-11 13:08:35,747 [INFO] root: Invoking hy3.
2026-07-11 13:08:35,750 [INFO] root: Invoking hy3.
2026-07-11 13:08:35,750 [INFO] root: Invoking hy3.
2026-07-11 13:08:35,751 [INFO] root: Invoking hy3.
2026-07-11 13:08:35,754 [INFO] root: Invoking hy3.
2026-07-11 13:08:35,757 [INFO] root: Invoking hy3.
Queries:   0%|          | 0/42 [00:00<?, ?it/s]2026-07-11 13:08:35,758 [INFO] root: Invoking hy3.
2026-07-11 13:08:35,759 [INFO] root: Invoking hy3.
2026-07-11 13:08:35,760 [INFO] root: Invoking hy3.
2026-07-11 13:08:35,760 [INFO] root: Invoking hy3.
2026-07-11 13:08:35,761 [INFO] root: Invoking hy3.
2026-07-11 13:08:35,761 [INFO] root: Invoking hy3.
2026-07-11 13:08:35,764 [INFO] root: Invoking hy3.
2026-07-11 13:08:35,765 [INFO] root: Invoking hy3.
Queries: 100%|██████████| 42/42 [00:00<00:00, 1132.68it/s]
2026-07-11 13:08:35,818 [INFO] root: Saved assay results to /home/harry/code/corporate-bias/data/assays/listwise-ordinal-preference/hy3.parquet.
