WARNING:dvclive:Ignoring `save_dvc_exp` because `dvc repro` is running.
Use `dvc exp run` to save experiment.
2026-07-15 01:16:17,087 [WARNING] dvclive: Ignoring `save_dvc_exp` because `dvc repro` is running.
Use `dvc exp run` to save experiment.
2026-07-15 01:16:17,690 [INFO] root: Running assay=listwise-ordinal-preference model=mimo-v2.5-pro 
2026-07-15 01:16:17,705 [INFO] root: Invoking mimo-v2.5-pro.
2026-07-15 01:16:17,705 [INFO] root: Invoking mimo-v2.5-pro.
2026-07-15 01:16:17,706 [INFO] root: Invoking mimo-v2.5-pro.
2026-07-15 01:16:17,707 [INFO] root: Invoking mimo-v2.5-pro.
2026-07-15 01:16:17,708 [INFO] root: Invoking mimo-v2.5-pro.
2026-07-15 01:16:17,710 [INFO] root: Invoking mimo-v2.5-pro.
2026-07-15 01:16:17,711 [INFO] root: Invoking mimo-v2.5-pro.
2026-07-15 01:16:17,712 [INFO] root: Invoking mimo-v2.5-pro.
2026-07-15 01:16:17,713 [INFO] root: Invoking mimo-v2.5-pro.
2026-07-15 01:16:17,715 [INFO] root: Invoking mimo-v2.5-pro.
2026-07-15 01:16:17,717 [INFO] root: Invoking mimo-v2.5-pro.
2026-07-15 01:16:17,719 [INFO] root: Invoking mimo-v2.5-pro.
2026-07-15 01:16:17,720 [INFO] root: Invoking mimo-v2.5-pro.
2026-07-15 01:16:17,722 [INFO] root: Invoking mimo-v2.5-pro.
2026-07-15 01:16:17,724 [INFO] root: Invoking mimo-v2.5-pro.
2026-07-15 01:16:17,727 [INFO] root: Invoking mimo-v2.5-pro.
2026-07-15 01:16:17,730 [INFO] root: Invoking mimo-v2.5-pro.
2026-07-15 01:16:17,733 [INFO] root: Invoking mimo-v2.5-pro.
2026-07-15 01:16:17,734 [INFO] root: Invoking mimo-v2.5-pro.
2026-07-15 01:16:17,735 [INFO] root: Invoking mimo-v2.5-pro.
2026-07-15 01:16:17,737 [INFO] root: Invoking mimo-v2.5-pro.
2026-07-15 01:16:17,740 [INFO] root: Invoking mimo-v2.5-pro.
2026-07-15 01:16:17,741 [INFO] root: Invoking mimo-v2.5-pro.
2026-07-15 01:16:17,744 [INFO] root: Invoking mimo-v2.5-pro.
2026-07-15 01:16:17,744 [INFO] root: Invoking mimo-v2.5-pro.
2026-07-15 01:16:17,748 [INFO] root: Invoking mimo-v2.5-pro.
2026-07-15 01:16:17,749 [INFO] root: Invoking mimo-v2.5-pro.
2026-07-15 01:16:17,750 [INFO] root: Invoking mimo-v2.5-pro.
2026-07-15 01:16:17,752 [INFO] root: Invoking mimo-v2.5-pro.
2026-07-15 01:16:17,753 [INFO] root: Invoking mimo-v2.5-pro.
2026-07-15 01:16:17,753 [INFO] root: Invoking mimo-v2.5-pro.
2026-07-15 01:16:17,755 [INFO] root: Invoking mimo-v2.5-pro.
2026-07-15 01:16:17,756 [INFO] root: Invoking mimo-v2.5-pro.
2026-07-15 01:16:17,756 [INFO] root: Invoking mimo-v2.5-pro.
2026-07-15 01:16:17,758 [INFO] root: Invoking mimo-v2.5-pro.
2026-07-15 01:16:17,759 [INFO] root: Invoking mimo-v2.5-pro.
2026-07-15 01:16:17,763 [INFO] root: Invoking mimo-v2.5-pro.
2026-07-15 01:16:17,764 [INFO] root: Invoking mimo-v2.5-pro.
2026-07-15 01:16:17,765 [INFO] root: Invoking mimo-v2.5-pro.
2026-07-15 01:16:17,765 [INFO] root: Invoking mimo-v2.5-pro.
2026-07-15 01:16:17,766 [INFO] root: Invoking mimo-v2.5-pro.
2026-07-15 01:16:17,768 [INFO] root: Invoking mimo-v2.5-pro.
2026-07-15 01:16:17,769 [INFO] root: Invoking mimo-v2.5-pro.
2026-07-15 01:16:17,770 [INFO] root: Invoking mimo-v2.5-pro.
2026-07-15 01:16:17,771 [INFO] root: Invoking mimo-v2.5-pro.
2026-07-15 01:16:17,773 [INFO] root: Invoking mimo-v2.5-pro.
2026-07-15 01:16:17,774 [INFO] root: Invoking mimo-v2.5-pro.
2026-07-15 01:16:17,775 [INFO] root: Invoking mimo-v2.5-pro.
2026-07-15 01:16:17,777 [INFO] root: Invoking mimo-v2.5-pro.
2026-07-15 01:16:17,778 [INFO] root: Invoking mimo-v2.5-pro.
2026-07-15 01:16:17,780 [INFO] root: Invoking mimo-v2.5-pro.
2026-07-15 01:16:17,782 [INFO] root: Invoking mimo-v2.5-pro.
2026-07-15 01:16:17,783 [INFO] root: Invoking mimo-v2.5-pro.
2026-07-15 01:16:17,785 [INFO] root: Invoking mimo-v2.5-pro.
2026-07-15 01:16:17,785 [INFO] root: Invoking mimo-v2.5-pro.
2026-07-15 01:16:17,786 [INFO] root: Invoking mimo-v2.5-pro.
2026-07-15 01:16:17,788 [INFO] root: Invoking mimo-v2.5-pro.
2026-07-15 01:16:17,790 [INFO] root: Invoking mimo-v2.5-pro.
2026-07-15 01:16:17,790 [INFO] root: Invoking mimo-v2.5-pro.
2026-07-15 01:16:17,791 [INFO] root: Invoking mimo-v2.5-pro.
2026-07-15 01:16:17,792 [INFO] root: Invoking mimo-v2.5-pro.
2026-07-15 01:16:17,793 [INFO] root: Invoking mimo-v2.5-pro.
2026-07-15 01:16:17,794 [INFO] root: Invoking mimo-v2.5-pro.
2026-07-15 01:16:17,795 [INFO] root: Invoking mimo-v2.5-pro.
2026-07-15 01:16:17,795 [INFO] root: Invoking mimo-v2.5-pro.
2026-07-15 01:16:17,797 [INFO] root: Invoking mimo-v2.5-pro.
2026-07-15 01:16:17,798 [INFO] root: Invoking mimo-v2.5-pro.
2026-07-15 01:16:17,799 [INFO] root: Invoking mimo-v2.5-pro.
2026-07-15 01:16:17,800 [INFO] root: Invoking mimo-v2.5-pro.
2026-07-15 01:16:17,801 [INFO] root: Invoking mimo-v2.5-pro.
2026-07-15 01:16:17,803 [INFO] root: Invoking mimo-v2.5-pro.
2026-07-15 01:16:17,803 [INFO] root: Invoking mimo-v2.5-pro.
2026-07-15 01:16:17,805 [INFO] root: Invoking mimo-v2.5-pro.
2026-07-15 01:16:17,808 [INFO] root: Invoking mimo-v2.5-pro.
2026-07-15 01:16:17,809 [INFO] root: Invoking mimo-v2.5-pro.
2026-07-15 01:16:17,811 [INFO] root: Invoking mimo-v2.5-pro.
2026-07-15 01:16:17,813 [INFO] root: Invoking mimo-v2.5-pro.
2026-07-15 01:16:17,813 [INFO] root: Invoking mimo-v2.5-pro.
2026-07-15 01:16:17,817 [INFO] root: Invoking mimo-v2.5-pro.
2026-07-15 01:16:17,819 [INFO] root: Invoking mimo-v2.5-pro.
2026-07-15 01:16:17,819 [INFO] root: Invoking mimo-v2.5-pro.
2026-07-15 01:16:17,820 [INFO] root: Invoking mimo-v2.5-pro.
2026-07-15 01:16:17,821 [INFO] root: Invoking mimo-v2.5-pro.
2026-07-15 01:16:17,822 [INFO] root: Invoking mimo-v2.5-pro.
2026-07-15 01:16:17,822 [INFO] root: Invoking mimo-v2.5-pro.
2026-07-15 01:16:17,825 [INFO] root: Invoking mimo-v2.5-pro.
2026-07-15 01:16:17,826 [INFO] root: Invoking mimo-v2.5-pro.
2026-07-15 01:16:17,827 [INFO] root: Invoking mimo-v2.5-pro.
2026-07-15 01:16:17,828 [INFO] root: Invoking mimo-v2.5-pro.
2026-07-15 01:16:17,831 [INFO] root: Invoking mimo-v2.5-pro.
2026-07-15 01:16:17,832 [INFO] root: Invoking mimo-v2.5-pro.
2026-07-15 01:16:17,833 [INFO] root: Invoking mimo-v2.5-pro.
2026-07-15 01:16:17,835 [INFO] root: Invoking mimo-v2.5-pro.
2026-07-15 01:16:17,836 [INFO] root: Invoking mimo-v2.5-pro.
2026-07-15 01:16:17,837 [INFO] root: Invoking mimo-v2.5-pro.
2026-07-15 01:16:17,838 [INFO] root: Invoking mimo-v2.5-pro.
2026-07-15 01:16:17,838 [INFO] root: Invoking mimo-v2.5-pro.
2026-07-15 01:16:17,841 [INFO] root: Invoking mimo-v2.5-pro.
2026-07-15 01:16:17,841 [INFO] root: Invoking mimo-v2.5-pro.
2026-07-15 01:16:17,843 [INFO] root: Invoking mimo-v2.5-pro.
2026-07-15 01:16:17,843 [INFO] root: Invoking mimo-v2.5-pro.
2026-07-15 01:16:17,844 [INFO] root: Invoking mimo-v2.5-pro.
2026-07-15 01:16:17,845 [INFO] root: Invoking mimo-v2.5-pro.
2026-07-15 01:16:17,846 [INFO] root: Invoking mimo-v2.5-pro.
2026-07-15 01:16:17,846 [INFO] root: Invoking mimo-v2.5-pro.
2026-07-15 01:16:17,847 [INFO] root: Invoking mimo-v2.5-pro.
2026-07-15 01:16:17,848 [INFO] root: Invoking mimo-v2.5-pro.
2026-07-15 01:16:17,850 [INFO] root: Invoking mimo-v2.5-pro.
2026-07-15 01:16:17,851 [INFO] root: Invoking mimo-v2.5-pro.
2026-07-15 01:16:17,851 [INFO] root: Invoking mimo-v2.5-pro.
2026-07-15 01:16:17,852 [INFO] root: Invoking mimo-v2.5-pro.
2026-07-15 01:16:17,852 [INFO] root: Invoking mimo-v2.5-pro.
2026-07-15 01:16:17,854 [INFO] root: Invoking mimo-v2.5-pro.
2026-07-15 01:16:17,856 [INFO] root: Invoking mimo-v2.5-pro.
2026-07-15 01:16:17,857 [INFO] root: Invoking mimo-v2.5-pro.
2026-07-15 01:16:17,858 [INFO] root: Invoking mimo-v2.5-pro.
2026-07-15 01:16:17,860 [INFO] root: Invoking mimo-v2.5-pro.
2026-07-15 01:16:17,864 [INFO] root: Invoking mimo-v2.5-pro.
2026-07-15 01:16:17,864 [INFO] root: Invoking mimo-v2.5-pro.
2026-07-15 01:16:17,865 [INFO] root: Invoking mimo-v2.5-pro.
2026-07-15 01:16:17,866 [INFO] root: Invoking mimo-v2.5-pro.
2026-07-15 01:16:17,869 [INFO] root: Invoking mimo-v2.5-pro.
2026-07-15 01:16:17,870 [INFO] root: Invoking mimo-v2.5-pro.
Queries:   0%|          | 0/222 [00:00<?, ?it/s]2026-07-15 01:16:17,871 [INFO] root: Invoking mimo-v2.5-pro.
2026-07-15 01:16:17,872 [INFO] root: Invoking mimo-v2.5-pro.
2026-07-15 01:16:17,872 [INFO] root: Invoking mimo-v2.5-pro.
2026-07-15 01:16:17,873 [INFO] root: Invoking mimo-v2.5-pro.
2026-07-15 01:16:17,873 [INFO] root: Invoking mimo-v2.5-pro.
2026-07-15 01:16:17,874 [INFO] root: Invoking mimo-v2.5-pro.
2026-07-15 01:16:17,878 [INFO] root: Invoking mimo-v2.5-pro.
2026-07-15 01:16:17,878 [INFO] root: Invoking mimo-v2.5-pro.
2026-07-15 01:16:17,879 [INFO] root: Invoking mimo-v2.5-pro.
2026-07-15 01:16:17,880 [INFO] root: Invoking mimo-v2.5-pro.
2026-07-15 01:16:17,882 [INFO] root: Invoking mimo-v2.5-pro.
2026-07-15 01:16:17,882 [INFO] root: Invoking mimo-v2.5-pro.
2026-07-15 01:16:17,885 [INFO] root: Invoking mimo-v2.5-pro.
2026-07-15 01:16:17,886 [INFO] root: Invoking mimo-v2.5-pro.
2026-07-15 01:16:17,887 [INFO] root: Invoking mimo-v2.5-pro.
2026-07-15 01:16:17,888 [INFO] root: Invoking mimo-v2.5-pro.
2026-07-15 01:16:17,891 [INFO] root: Invoking mimo-v2.5-pro.
2026-07-15 01:16:17,892 [INFO] root: Invoking mimo-v2.5-pro.
2026-07-15 01:16:17,892 [INFO] root: Invoking mimo-v2.5-pro.
2026-07-15 01:16:17,892 [INFO] root: Invoking mimo-v2.5-pro.
2026-07-15 01:16:17,895 [INFO] root: Invoking mimo-v2.5-pro.
2026-07-15 01:16:17,897 [INFO] root: Invoking mimo-v2.5-pro.
2026-07-15 01:16:17,898 [INFO] root: Invoking mimo-v2.5-pro.
2026-07-15 01:16:17,898 [INFO] root: Invoking mimo-v2.5-pro.
2026-07-15 01:16:17,899 [INFO] root: Invoking mimo-v2.5-pro.
2026-07-15 01:16:17,902 [INFO] root: Invoking mimo-v2.5-pro.
2026-07-15 01:16:17,902 [INFO] root: Invoking mimo-v2.5-pro.
2026-07-15 01:16:17,903 [INFO] root: Invoking mimo-v2.5-pro.
2026-07-15 01:16:17,904 [INFO] root: Invoking mimo-v2.5-pro.
2026-07-15 01:16:17,904 [INFO] root: Invoking mimo-v2.5-pro.
2026-07-15 01:16:17,906 [INFO] root: Invoking mimo-v2.5-pro.
2026-07-15 01:16:17,906 [INFO] root: Invoking mimo-v2.5-pro.
2026-07-15 01:16:17,907 [INFO] root: Invoking mimo-v2.5-pro.
2026-07-15 01:16:17,910 [INFO] root: Invoking mimo-v2.5-pro.
2026-07-15 01:16:17,910 [INFO] root: Invoking mimo-v2.5-pro.
2026-07-15 01:16:17,912 [INFO] root: Invoking mimo-v2.5-pro.
2026-07-15 01:16:17,914 [INFO] root: Invoking mimo-v2.5-pro.
2026-07-15 01:16:17,915 [INFO] root: Invoking mimo-v2.5-pro.
2026-07-15 01:16:17,916 [INFO] root: Invoking mimo-v2.5-pro.
2026-07-15 01:16:17,917 [INFO] root: Invoking mimo-v2.5-pro.
2026-07-15 01:16:17,917 [INFO] root: Invoking mimo-v2.5-pro.
2026-07-15 01:16:17,918 [INFO] root: Invoking mimo-v2.5-pro.
2026-07-15 01:16:17,919 [INFO] root: Invoking mimo-v2.5-pro.
2026-07-15 01:16:17,924 [INFO] root: Invoking mimo-v2.5-pro.
2026-07-15 01:16:17,924 [INFO] root: Invoking mimo-v2.5-pro.
2026-07-15 01:16:17,924 [INFO] root: Invoking mimo-v2.5-pro.
2026-07-15 01:16:17,924 [INFO] root: Invoking mimo-v2.5-pro.
2026-07-15 01:16:17,926 [INFO] root: Invoking mimo-v2.5-pro.
2026-07-15 01:16:17,927 [INFO] root: Invoking mimo-v2.5-pro.
2026-07-15 01:16:17,927 [INFO] root: Invoking mimo-v2.5-pro.
2026-07-15 01:16:17,927 [INFO] root: Invoking mimo-v2.5-pro.
2026-07-15 01:16:17,930 [INFO] root: Invoking mimo-v2.5-pro.
2026-07-15 01:16:17,932 [INFO] root: Invoking mimo-v2.5-pro.
2026-07-15 01:16:17,933 [INFO] root: Invoking mimo-v2.5-pro.
2026-07-15 01:16:17,933 [INFO] root: Invoking mimo-v2.5-pro.
2026-07-15 01:16:17,934 [INFO] root: Invoking mimo-v2.5-pro.
2026-07-15 01:16:17,936 [INFO] root: Invoking mimo-v2.5-pro.
2026-07-15 01:16:17,936 [INFO] root: Invoking mimo-v2.5-pro.
2026-07-15 01:16:17,938 [INFO] root: Invoking mimo-v2.5-pro.
2026-07-15 01:16:17,940 [INFO] root: Invoking mimo-v2.5-pro.
2026-07-15 01:16:17,940 [INFO] root: Invoking mimo-v2.5-pro.
Queries:  78%|███████▊  | 174/222 [00:00<00:00, 1732.48it/s]2026-07-15 01:16:17,941 [INFO] root: Invoking mimo-v2.5-pro.
2026-07-15 01:16:17,941 [INFO] root: Invoking mimo-v2.5-pro.
2026-07-15 01:16:17,942 [INFO] root: Invoking mimo-v2.5-pro.
2026-07-15 01:16:17,943 [INFO] root: Invoking mimo-v2.5-pro.
2026-07-15 01:16:17,943 [INFO] root: Invoking mimo-v2.5-pro.
2026-07-15 01:16:17,944 [INFO] root: Invoking mimo-v2.5-pro.
2026-07-15 01:16:17,946 [INFO] root: Invoking mimo-v2.5-pro.
2026-07-15 01:16:17,948 [INFO] root: Invoking mimo-v2.5-pro.
2026-07-15 01:16:17,950 [INFO] root: Invoking mimo-v2.5-pro.
2026-07-15 01:16:17,951 [INFO] root: Invoking mimo-v2.5-pro.
2026-07-15 01:16:17,952 [INFO] root: Invoking mimo-v2.5-pro.
2026-07-15 01:16:17,954 [INFO] root: Invoking mimo-v2.5-pro.
2026-07-15 01:16:17,955 [INFO] root: Invoking mimo-v2.5-pro.
2026-07-15 01:16:17,955 [INFO] root: Invoking mimo-v2.5-pro.
2026-07-15 01:16:17,957 [INFO] root: Invoking mimo-v2.5-pro.
2026-07-15 01:16:17,958 [INFO] root: Invoking mimo-v2.5-pro.
2026-07-15 01:16:17,959 [INFO] root: Invoking mimo-v2.5-pro.
2026-07-15 01:16:17,962 [INFO] root: Invoking mimo-v2.5-pro.
2026-07-15 01:16:17,963 [INFO] root: Invoking mimo-v2.5-pro.
2026-07-15 01:16:17,963 [INFO] root: Invoking mimo-v2.5-pro.
2026-07-15 01:16:17,964 [INFO] root: Invoking mimo-v2.5-pro.
2026-07-15 01:16:17,964 [INFO] root: Invoking mimo-v2.5-pro.
2026-07-15 01:16:17,966 [INFO] root: Invoking mimo-v2.5-pro.
2026-07-15 01:16:17,969 [INFO] root: Invoking mimo-v2.5-pro.
2026-07-15 01:16:17,969 [INFO] root: Invoking mimo-v2.5-pro.
2026-07-15 01:16:17,970 [INFO] root: Invoking mimo-v2.5-pro.
2026-07-15 01:16:17,971 [INFO] root: Invoking mimo-v2.5-pro.
2026-07-15 01:16:17,971 [INFO] root: Invoking mimo-v2.5-pro.
2026-07-15 01:16:17,972 [INFO] root: Invoking mimo-v2.5-pro.
2026-07-15 01:16:17,977 [INFO] root: Invoking mimo-v2.5-pro.
2026-07-15 01:16:17,977 [INFO] root: Invoking mimo-v2.5-pro.
2026-07-15 01:16:17,978 [INFO] root: Invoking mimo-v2.5-pro.
2026-07-15 01:16:17,978 [INFO] root: Invoking mimo-v2.5-pro.
2026-07-15 01:16:17,979 [INFO] root: Invoking mimo-v2.5-pro.
2026-07-15 01:16:17,979 [INFO] root: Invoking mimo-v2.5-pro.
2026-07-15 01:16:17,980 [INFO] root: Invoking mimo-v2.5-pro.
2026-07-15 01:16:17,981 [INFO] root: Invoking mimo-v2.5-pro.
2026-07-15 01:16:17,981 [INFO] root: Invoking mimo-v2.5-pro.
Queries: 100%|██████████| 222/222 [00:00<00:00, 1228.67it/s]
2026-07-15 01:16:18,206 [INFO] root: Saved assay results to /home/harry/code/corporate-bias/data/assays/listwise-ordinal-preference/mimo-v2.5-pro.parquet.
