/home/harry/code/corporate-bias/.venv/lib/python3.12/site-packages/dvclive/monitor_system.py:11: FutureWarning: The pynvml package is deprecated. Please install nvidia-ml-py instead. If you did not install pynvml directly, please report this to the maintainers of the package that installed pynvml for you.
  from pynvml import (
/home/harry/code/corporate-bias/pipelines/run_assay.py:58: PolarsInefficientMapWarning: 
Expr.map_elements is significantly slower than the native expressions API.
Only use if you absolutely CANNOT implement your logic otherwise.
Replace this expression...
  - pl.col("instance_json").map_elements(json.loads)
with this one instead:
  + pl.col("instance_json").str.json_decode()

  .map_elements(json.loads, return_dtype=pl.Object)
2026-05-25 13:16:59,899 [INFO] root: Running assay=rank model=nemotron-3-super-120b-a12b num_samples_per_instance=3.
2026-05-25 13:16:59,935 [INFO] root: Invoking nemotron-3-super-120b-a12b.
2026-05-25 13:16:59,937 [INFO] root: Invoking nemotron-3-super-120b-a12b.
2026-05-25 13:16:59,938 [INFO] root: Invoking nemotron-3-super-120b-a12b.
2026-05-25 13:16:59,940 [INFO] root: Invoking nemotron-3-super-120b-a12b.
2026-05-25 13:16:59,941 [INFO] root: Invoking nemotron-3-super-120b-a12b.
2026-05-25 13:16:59,943 [INFO] root: Invoking nemotron-3-super-120b-a12b.
2026-05-25 13:16:59,947 [INFO] root: Invoking nemotron-3-super-120b-a12b.
2026-05-25 13:16:59,948 [INFO] root: Invoking nemotron-3-super-120b-a12b.
2026-05-25 13:16:59,950 [INFO] root: Invoking nemotron-3-super-120b-a12b.
2026-05-25 13:16:59,952 [INFO] root: Invoking nemotron-3-super-120b-a12b.
2026-05-25 13:16:59,956 [INFO] root: Invoking nemotron-3-super-120b-a12b.
2026-05-25 13:16:59,961 [INFO] root: Invoking nemotron-3-super-120b-a12b.
2026-05-25 13:16:59,966 [INFO] root: Invoking nemotron-3-super-120b-a12b.
2026-05-25 13:16:59,969 [INFO] root: Invoking nemotron-3-super-120b-a12b.
2026-05-25 13:16:59,972 [INFO] root: Invoking nemotron-3-super-120b-a12b.
2026-05-25 13:16:59,976 [INFO] root: Invoking nemotron-3-super-120b-a12b.
2026-05-25 13:16:59,981 [INFO] root: Invoking nemotron-3-super-120b-a12b.
2026-05-25 13:16:59,991 [INFO] root: Invoking nemotron-3-super-120b-a12b.
2026-05-25 13:16:59,994 [INFO] root: Invoking nemotron-3-super-120b-a12b.
2026-05-25 13:17:00,004 [INFO] root: Invoking nemotron-3-super-120b-a12b.
2026-05-25 13:17:00,010 [INFO] root: Invoking nemotron-3-super-120b-a12b.
2026-05-25 13:17:00,013 [INFO] root: Invoking nemotron-3-super-120b-a12b.
2026-05-25 13:17:00,020 [INFO] root: Invoking nemotron-3-super-120b-a12b.
2026-05-25 13:17:00,026 [INFO] root: Invoking nemotron-3-super-120b-a12b.
2026-05-25 13:17:00,029 [INFO] root: Invoking nemotron-3-super-120b-a12b.
2026-05-25 13:17:00,032 [INFO] root: Invoking nemotron-3-super-120b-a12b.
2026-05-25 13:17:00,040 [INFO] root: Invoking nemotron-3-super-120b-a12b.
2026-05-25 13:17:00,051 [INFO] root: Invoking nemotron-3-super-120b-a12b.
2026-05-25 13:17:00,055 [INFO] root: Invoking nemotron-3-super-120b-a12b.
2026-05-25 13:17:00,058 [INFO] root: Invoking nemotron-3-super-120b-a12b.
2026-05-25 13:17:00,067 [INFO] root: Invoking nemotron-3-super-120b-a12b.
2026-05-25 13:17:00,075 [INFO] root: Invoking nemotron-3-super-120b-a12b.
2026-05-25 13:17:00,078 [INFO] root: Invoking nemotron-3-super-120b-a12b.
2026-05-25 13:17:00,084 [INFO] root: Invoking nemotron-3-super-120b-a12b.
2026-05-25 13:17:00,093 [INFO] root: Invoking nemotron-3-super-120b-a12b.
2026-05-25 13:17:00,099 [INFO] root: Invoking nemotron-3-super-120b-a12b.
2026-05-25 13:17:00,102 [INFO] root: Invoking nemotron-3-super-120b-a12b.
2026-05-25 13:17:00,104 [INFO] root: Invoking nemotron-3-super-120b-a12b.
2026-05-25 13:17:00,111 [INFO] root: Invoking nemotron-3-super-120b-a12b.
2026-05-25 13:17:00,122 [INFO] root: Invoking nemotron-3-super-120b-a12b.
2026-05-25 13:17:00,126 [INFO] root: Invoking nemotron-3-super-120b-a12b.
2026-05-25 13:17:00,134 [INFO] root: Invoking nemotron-3-super-120b-a12b.
2026-05-25 13:17:00,137 [INFO] root: Invoking nemotron-3-super-120b-a12b.
2026-05-25 13:17:00,147 [INFO] root: Invoking nemotron-3-super-120b-a12b.
2026-05-25 13:17:00,158 [INFO] root: Invoking nemotron-3-super-120b-a12b.
2026-05-25 13:17:00,169 [INFO] root: Invoking nemotron-3-super-120b-a12b.
2026-05-25 13:17:00,172 [INFO] root: Invoking nemotron-3-super-120b-a12b.
2026-05-25 13:17:00,194 [INFO] root: Invoking nemotron-3-super-120b-a12b.
2026-05-25 13:17:00,199 [INFO] root: Invoking nemotron-3-super-120b-a12b.
2026-05-25 13:17:00,204 [INFO] root: Invoking nemotron-3-super-120b-a12b.
2026-05-25 13:17:00,211 [INFO] root: Invoking nemotron-3-super-120b-a12b.
2026-05-25 13:17:00,233 [INFO] root: Invoking nemotron-3-super-120b-a12b.
2026-05-25 13:17:00,245 [INFO] root: Invoking nemotron-3-super-120b-a12b.
2026-05-25 13:17:00,250 [INFO] root: Invoking nemotron-3-super-120b-a12b.
2026-05-25 13:17:00,260 [INFO] root: Invoking nemotron-3-super-120b-a12b.
2026-05-25 13:17:00,270 [INFO] root: Invoking nemotron-3-super-120b-a12b.
2026-05-25 13:17:00,287 [INFO] root: Invoking nemotron-3-super-120b-a12b.
2026-05-25 13:17:00,296 [INFO] root: Invoking nemotron-3-super-120b-a12b.
2026-05-25 13:17:00,305 [INFO] root: Invoking nemotron-3-super-120b-a12b.
2026-05-25 13:17:00,312 [INFO] root: Invoking nemotron-3-super-120b-a12b.
2026-05-25 13:17:00,321 [INFO] root: Invoking nemotron-3-super-120b-a12b.
2026-05-25 13:17:00,327 [INFO] root: Invoking nemotron-3-super-120b-a12b.
2026-05-25 13:17:00,330 [INFO] root: Invoking nemotron-3-super-120b-a12b.
Rankings:   0%|          | 0/63 [00:00<?, ?it/s]Rankings:  33%|███▎      | 21/63 [00:00<00:00, 209.98it/s]Rankings: 100%|██████████| 63/63 [00:00<00:00, 494.53it/s]
2026-05-25 13:17:00,512 [INFO] root: Saved assay results to /home/harry/code/corporate-bias/data/assays/rank/nemotron-3-super-120b-a12b.parquet.
