2026-07-14 21:39:12,905 [INFO] root: Running assay=listwise-ordinal-preference model=nemotron-3-ultra-550b-a55b 
2026-07-14 21:39:12,918 [INFO] root: Invoking nemotron-3-ultra-550b-a55b.
2026-07-14 21:39:12,918 [INFO] root: Invoking nemotron-3-ultra-550b-a55b.
2026-07-14 21:39:12,919 [INFO] root: Invoking nemotron-3-ultra-550b-a55b.
2026-07-14 21:39:12,919 [INFO] root: Invoking nemotron-3-ultra-550b-a55b.
2026-07-14 21:39:12,920 [INFO] root: Invoking nemotron-3-ultra-550b-a55b.
2026-07-14 21:39:12,921 [INFO] root: Invoking nemotron-3-ultra-550b-a55b.
2026-07-14 21:39:12,921 [INFO] root: Invoking nemotron-3-ultra-550b-a55b.
2026-07-14 21:39:12,924 [INFO] root: Invoking nemotron-3-ultra-550b-a55b.
2026-07-14 21:39:12,925 [INFO] root: Invoking nemotron-3-ultra-550b-a55b.
2026-07-14 21:39:12,928 [INFO] root: Invoking nemotron-3-ultra-550b-a55b.
2026-07-14 21:39:12,930 [INFO] root: Invoking nemotron-3-ultra-550b-a55b.
2026-07-14 21:39:12,932 [INFO] root: Invoking nemotron-3-ultra-550b-a55b.
2026-07-14 21:39:12,934 [INFO] root: Invoking nemotron-3-ultra-550b-a55b.
2026-07-14 21:39:12,935 [INFO] root: Invoking nemotron-3-ultra-550b-a55b.
2026-07-14 21:39:12,936 [INFO] root: Invoking nemotron-3-ultra-550b-a55b.
2026-07-14 21:39:12,939 [INFO] root: Invoking nemotron-3-ultra-550b-a55b.
2026-07-14 21:39:12,941 [INFO] root: Invoking nemotron-3-ultra-550b-a55b.
2026-07-14 21:39:12,942 [INFO] root: Invoking nemotron-3-ultra-550b-a55b.
2026-07-14 21:39:12,943 [INFO] root: Invoking nemotron-3-ultra-550b-a55b.
2026-07-14 21:39:12,944 [INFO] root: Invoking nemotron-3-ultra-550b-a55b.
2026-07-14 21:39:12,946 [INFO] root: Invoking nemotron-3-ultra-550b-a55b.
2026-07-14 21:39:12,947 [INFO] root: Invoking nemotron-3-ultra-550b-a55b.
2026-07-14 21:39:12,947 [INFO] root: Invoking nemotron-3-ultra-550b-a55b.
2026-07-14 21:39:12,948 [INFO] root: Invoking nemotron-3-ultra-550b-a55b.
2026-07-14 21:39:12,949 [INFO] root: Invoking nemotron-3-ultra-550b-a55b.
2026-07-14 21:39:12,950 [INFO] root: Invoking nemotron-3-ultra-550b-a55b.
2026-07-14 21:39:12,952 [INFO] root: Invoking nemotron-3-ultra-550b-a55b.
2026-07-14 21:39:12,952 [INFO] root: Invoking nemotron-3-ultra-550b-a55b.
2026-07-14 21:39:12,953 [INFO] root: Invoking nemotron-3-ultra-550b-a55b.
2026-07-14 21:39:12,956 [INFO] root: Invoking nemotron-3-ultra-550b-a55b.
2026-07-14 21:39:12,957 [INFO] root: Invoking nemotron-3-ultra-550b-a55b.
2026-07-14 21:39:12,957 [INFO] root: Invoking nemotron-3-ultra-550b-a55b.
2026-07-14 21:39:12,960 [INFO] root: Invoking nemotron-3-ultra-550b-a55b.
2026-07-14 21:39:12,960 [INFO] root: Invoking nemotron-3-ultra-550b-a55b.
2026-07-14 21:39:12,961 [INFO] root: Invoking nemotron-3-ultra-550b-a55b.
2026-07-14 21:39:12,963 [INFO] root: Invoking nemotron-3-ultra-550b-a55b.
2026-07-14 21:39:12,964 [INFO] root: Invoking nemotron-3-ultra-550b-a55b.
2026-07-14 21:39:12,965 [INFO] root: Invoking nemotron-3-ultra-550b-a55b.
2026-07-14 21:39:12,966 [INFO] root: Invoking nemotron-3-ultra-550b-a55b.
2026-07-14 21:39:12,966 [INFO] root: Invoking nemotron-3-ultra-550b-a55b.
2026-07-14 21:39:12,967 [INFO] root: Invoking nemotron-3-ultra-550b-a55b.
2026-07-14 21:39:12,968 [INFO] root: Invoking nemotron-3-ultra-550b-a55b.
2026-07-14 21:39:12,969 [INFO] root: Invoking nemotron-3-ultra-550b-a55b.
2026-07-14 21:39:12,969 [INFO] root: Invoking nemotron-3-ultra-550b-a55b.
2026-07-14 21:39:12,970 [INFO] root: Invoking nemotron-3-ultra-550b-a55b.
2026-07-14 21:39:12,972 [INFO] root: Invoking nemotron-3-ultra-550b-a55b.
2026-07-14 21:39:12,973 [INFO] root: Invoking nemotron-3-ultra-550b-a55b.
2026-07-14 21:39:12,973 [INFO] root: Invoking nemotron-3-ultra-550b-a55b.
2026-07-14 21:39:12,974 [INFO] root: Invoking nemotron-3-ultra-550b-a55b.
2026-07-14 21:39:12,975 [INFO] root: Invoking nemotron-3-ultra-550b-a55b.
2026-07-14 21:39:12,977 [INFO] root: Invoking nemotron-3-ultra-550b-a55b.
2026-07-14 21:39:12,978 [INFO] root: Invoking nemotron-3-ultra-550b-a55b.
2026-07-14 21:39:12,979 [INFO] root: Invoking nemotron-3-ultra-550b-a55b.
2026-07-14 21:39:12,979 [INFO] root: Invoking nemotron-3-ultra-550b-a55b.
2026-07-14 21:39:12,980 [INFO] root: Invoking nemotron-3-ultra-550b-a55b.
2026-07-14 21:39:12,980 [INFO] root: Invoking nemotron-3-ultra-550b-a55b.
2026-07-14 21:39:12,981 [INFO] root: Invoking nemotron-3-ultra-550b-a55b.
2026-07-14 21:39:12,981 [INFO] root: Invoking nemotron-3-ultra-550b-a55b.
2026-07-14 21:39:12,985 [INFO] root: Invoking nemotron-3-ultra-550b-a55b.
2026-07-14 21:39:12,985 [INFO] root: Invoking nemotron-3-ultra-550b-a55b.
2026-07-14 21:39:12,985 [INFO] root: Invoking nemotron-3-ultra-550b-a55b.
2026-07-14 21:39:12,987 [INFO] root: Invoking nemotron-3-ultra-550b-a55b.
2026-07-14 21:39:12,989 [INFO] root: Invoking nemotron-3-ultra-550b-a55b.
2026-07-14 21:39:12,989 [INFO] root: Invoking nemotron-3-ultra-550b-a55b.
2026-07-14 21:39:12,989 [INFO] root: Invoking nemotron-3-ultra-550b-a55b.
2026-07-14 21:39:12,990 [INFO] root: Invoking nemotron-3-ultra-550b-a55b.
2026-07-14 21:39:12,991 [INFO] root: Invoking nemotron-3-ultra-550b-a55b.
2026-07-14 21:39:12,991 [INFO] root: Invoking nemotron-3-ultra-550b-a55b.
2026-07-14 21:39:12,993 [INFO] root: Invoking nemotron-3-ultra-550b-a55b.
2026-07-14 21:39:12,993 [INFO] root: Invoking nemotron-3-ultra-550b-a55b.
2026-07-14 21:39:12,994 [INFO] root: Invoking nemotron-3-ultra-550b-a55b.
2026-07-14 21:39:12,994 [INFO] root: Invoking nemotron-3-ultra-550b-a55b.
2026-07-14 21:39:12,995 [INFO] root: Invoking nemotron-3-ultra-550b-a55b.
2026-07-14 21:39:12,996 [INFO] root: Invoking nemotron-3-ultra-550b-a55b.
2026-07-14 21:39:12,996 [INFO] root: Invoking nemotron-3-ultra-550b-a55b.
2026-07-14 21:39:12,999 [INFO] root: Invoking nemotron-3-ultra-550b-a55b.
2026-07-14 21:39:13,000 [INFO] root: Invoking nemotron-3-ultra-550b-a55b.
2026-07-14 21:39:13,000 [INFO] root: Invoking nemotron-3-ultra-550b-a55b.
2026-07-14 21:39:13,000 [INFO] root: Invoking nemotron-3-ultra-550b-a55b.
2026-07-14 21:39:13,001 [INFO] root: Invoking nemotron-3-ultra-550b-a55b.
2026-07-14 21:39:13,001 [INFO] root: Invoking nemotron-3-ultra-550b-a55b.
2026-07-14 21:39:13,002 [INFO] root: Invoking nemotron-3-ultra-550b-a55b.
2026-07-14 21:39:13,002 [INFO] root: Invoking nemotron-3-ultra-550b-a55b.
2026-07-14 21:39:13,004 [INFO] root: Invoking nemotron-3-ultra-550b-a55b.
2026-07-14 21:39:13,004 [INFO] root: Invoking nemotron-3-ultra-550b-a55b.
2026-07-14 21:39:13,005 [INFO] root: Invoking nemotron-3-ultra-550b-a55b.
2026-07-14 21:39:13,005 [INFO] root: Invoking nemotron-3-ultra-550b-a55b.
2026-07-14 21:39:13,005 [INFO] root: Invoking nemotron-3-ultra-550b-a55b.
2026-07-14 21:39:13,006 [INFO] root: Invoking nemotron-3-ultra-550b-a55b.
2026-07-14 21:39:13,006 [INFO] root: Invoking nemotron-3-ultra-550b-a55b.
2026-07-14 21:39:13,007 [INFO] root: Invoking nemotron-3-ultra-550b-a55b.
2026-07-14 21:39:13,007 [INFO] root: Invoking nemotron-3-ultra-550b-a55b.
2026-07-14 21:39:13,008 [INFO] root: Invoking nemotron-3-ultra-550b-a55b.
2026-07-14 21:39:13,009 [INFO] root: Invoking nemotron-3-ultra-550b-a55b.
2026-07-14 21:39:13,010 [INFO] root: Invoking nemotron-3-ultra-550b-a55b.
2026-07-14 21:39:13,010 [INFO] root: Invoking nemotron-3-ultra-550b-a55b.
2026-07-14 21:39:13,010 [INFO] root: Invoking nemotron-3-ultra-550b-a55b.
2026-07-14 21:39:13,011 [INFO] root: Invoking nemotron-3-ultra-550b-a55b.
2026-07-14 21:39:13,011 [INFO] root: Invoking nemotron-3-ultra-550b-a55b.
2026-07-14 21:39:13,012 [INFO] root: Invoking nemotron-3-ultra-550b-a55b.
2026-07-14 21:39:13,013 [INFO] root: Invoking nemotron-3-ultra-550b-a55b.
2026-07-14 21:39:13,014 [INFO] root: Invoking nemotron-3-ultra-550b-a55b.
2026-07-14 21:39:13,014 [INFO] root: Invoking nemotron-3-ultra-550b-a55b.
2026-07-14 21:39:13,015 [INFO] root: Invoking nemotron-3-ultra-550b-a55b.
2026-07-14 21:39:13,015 [INFO] root: Invoking nemotron-3-ultra-550b-a55b.
2026-07-14 21:39:13,015 [INFO] root: Invoking nemotron-3-ultra-550b-a55b.
2026-07-14 21:39:13,016 [INFO] root: Invoking nemotron-3-ultra-550b-a55b.
2026-07-14 21:39:13,017 [INFO] root: Invoking nemotron-3-ultra-550b-a55b.
2026-07-14 21:39:13,018 [INFO] root: Invoking nemotron-3-ultra-550b-a55b.
2026-07-14 21:39:13,019 [INFO] root: Invoking nemotron-3-ultra-550b-a55b.
2026-07-14 21:39:13,024 [INFO] root: Invoking nemotron-3-ultra-550b-a55b.
2026-07-14 21:39:13,025 [INFO] root: Invoking nemotron-3-ultra-550b-a55b.
2026-07-14 21:39:13,026 [INFO] root: Invoking nemotron-3-ultra-550b-a55b.
2026-07-14 21:39:13,027 [INFO] root: Invoking nemotron-3-ultra-550b-a55b.
2026-07-14 21:39:13,036 [INFO] root: Invoking nemotron-3-ultra-550b-a55b.
2026-07-14 21:39:13,037 [INFO] root: Invoking nemotron-3-ultra-550b-a55b.
2026-07-14 21:39:13,038 [INFO] root: Invoking nemotron-3-ultra-550b-a55b.
2026-07-14 21:39:13,040 [INFO] root: Invoking nemotron-3-ultra-550b-a55b.
2026-07-14 21:39:13,043 [INFO] root: Invoking nemotron-3-ultra-550b-a55b.
2026-07-14 21:39:13,045 [INFO] root: Invoking nemotron-3-ultra-550b-a55b.
Queries:   0%|          | 0/222 [00:00<?, ?it/s]2026-07-14 21:39:13,047 [INFO] root: Invoking nemotron-3-ultra-550b-a55b.
2026-07-14 21:39:13,050 [INFO] root: Invoking nemotron-3-ultra-550b-a55b.
2026-07-14 21:39:13,051 [INFO] root: Invoking nemotron-3-ultra-550b-a55b.
2026-07-14 21:39:13,052 [INFO] root: Invoking nemotron-3-ultra-550b-a55b.
2026-07-14 21:39:13,053 [INFO] root: Invoking nemotron-3-ultra-550b-a55b.
2026-07-14 21:39:13,055 [INFO] root: Invoking nemotron-3-ultra-550b-a55b.
2026-07-14 21:39:13,058 [INFO] root: Invoking nemotron-3-ultra-550b-a55b.
2026-07-14 21:39:13,058 [INFO] root: Invoking nemotron-3-ultra-550b-a55b.
2026-07-14 21:39:13,059 [INFO] root: Invoking nemotron-3-ultra-550b-a55b.
2026-07-14 21:39:13,060 [INFO] root: Invoking nemotron-3-ultra-550b-a55b.
2026-07-14 21:39:13,062 [INFO] root: Invoking nemotron-3-ultra-550b-a55b.
2026-07-14 21:39:13,065 [INFO] root: Invoking nemotron-3-ultra-550b-a55b.
2026-07-14 21:39:13,066 [INFO] root: Invoking nemotron-3-ultra-550b-a55b.
2026-07-14 21:39:13,067 [INFO] root: Invoking nemotron-3-ultra-550b-a55b.
2026-07-14 21:39:13,068 [INFO] root: Invoking nemotron-3-ultra-550b-a55b.
2026-07-14 21:39:13,068 [INFO] root: Invoking nemotron-3-ultra-550b-a55b.
2026-07-14 21:39:13,069 [INFO] root: Invoking nemotron-3-ultra-550b-a55b.
2026-07-14 21:39:13,070 [INFO] root: Invoking nemotron-3-ultra-550b-a55b.
2026-07-14 21:39:13,073 [INFO] root: Invoking nemotron-3-ultra-550b-a55b.
2026-07-14 21:39:13,074 [INFO] root: Invoking nemotron-3-ultra-550b-a55b.
2026-07-14 21:39:13,078 [INFO] root: Invoking nemotron-3-ultra-550b-a55b.
2026-07-14 21:39:13,079 [INFO] root: Invoking nemotron-3-ultra-550b-a55b.
2026-07-14 21:39:13,079 [INFO] root: Invoking nemotron-3-ultra-550b-a55b.
2026-07-14 21:39:13,080 [INFO] root: Invoking nemotron-3-ultra-550b-a55b.
2026-07-14 21:39:13,080 [INFO] root: Invoking nemotron-3-ultra-550b-a55b.
2026-07-14 21:39:13,081 [INFO] root: Invoking nemotron-3-ultra-550b-a55b.
2026-07-14 21:39:13,083 [INFO] root: Invoking nemotron-3-ultra-550b-a55b.
2026-07-14 21:39:13,085 [INFO] root: Invoking nemotron-3-ultra-550b-a55b.
2026-07-14 21:39:13,086 [INFO] root: Invoking nemotron-3-ultra-550b-a55b.
2026-07-14 21:39:13,086 [INFO] root: Invoking nemotron-3-ultra-550b-a55b.
2026-07-14 21:39:13,087 [INFO] root: Invoking nemotron-3-ultra-550b-a55b.
2026-07-14 21:39:13,089 [INFO] root: Invoking nemotron-3-ultra-550b-a55b.
2026-07-14 21:39:13,089 [INFO] root: Invoking nemotron-3-ultra-550b-a55b.
2026-07-14 21:39:13,089 [INFO] root: Invoking nemotron-3-ultra-550b-a55b.
2026-07-14 21:39:13,092 [INFO] root: Invoking nemotron-3-ultra-550b-a55b.
2026-07-14 21:39:13,094 [INFO] root: Invoking nemotron-3-ultra-550b-a55b.
2026-07-14 21:39:13,095 [INFO] root: Invoking nemotron-3-ultra-550b-a55b.
2026-07-14 21:39:13,097 [INFO] root: Invoking nemotron-3-ultra-550b-a55b.
2026-07-14 21:39:13,099 [INFO] root: Invoking nemotron-3-ultra-550b-a55b.
2026-07-14 21:39:13,099 [INFO] root: Invoking nemotron-3-ultra-550b-a55b.
2026-07-14 21:39:13,101 [INFO] root: Invoking nemotron-3-ultra-550b-a55b.
2026-07-14 21:39:13,102 [INFO] root: Invoking nemotron-3-ultra-550b-a55b.
2026-07-14 21:39:13,104 [INFO] root: Invoking nemotron-3-ultra-550b-a55b.
2026-07-14 21:39:13,105 [INFO] root: Invoking nemotron-3-ultra-550b-a55b.
2026-07-14 21:39:13,107 [INFO] root: Invoking nemotron-3-ultra-550b-a55b.
2026-07-14 21:39:13,109 [INFO] root: Invoking nemotron-3-ultra-550b-a55b.
Queries:  71%|███████   | 157/222 [00:00<00:00, 1536.35it/s]2026-07-14 21:39:13,110 [INFO] root: Invoking nemotron-3-ultra-550b-a55b.
2026-07-14 21:39:13,111 [INFO] root: Invoking nemotron-3-ultra-550b-a55b.
2026-07-14 21:39:13,111 [INFO] root: Invoking nemotron-3-ultra-550b-a55b.
2026-07-14 21:39:13,114 [INFO] root: Invoking nemotron-3-ultra-550b-a55b.
2026-07-14 21:39:13,115 [INFO] root: Invoking nemotron-3-ultra-550b-a55b.
2026-07-14 21:39:13,119 [INFO] root: Invoking nemotron-3-ultra-550b-a55b.
2026-07-14 21:39:13,119 [INFO] root: Invoking nemotron-3-ultra-550b-a55b.
2026-07-14 21:39:13,119 [INFO] root: Invoking nemotron-3-ultra-550b-a55b.
2026-07-14 21:39:13,121 [INFO] root: Invoking nemotron-3-ultra-550b-a55b.
2026-07-14 21:39:13,122 [INFO] root: Invoking nemotron-3-ultra-550b-a55b.
2026-07-14 21:39:13,127 [INFO] root: Invoking nemotron-3-ultra-550b-a55b.
2026-07-14 21:39:13,127 [INFO] root: Invoking nemotron-3-ultra-550b-a55b.
2026-07-14 21:39:13,127 [INFO] root: Invoking nemotron-3-ultra-550b-a55b.
2026-07-14 21:39:13,128 [INFO] root: Invoking nemotron-3-ultra-550b-a55b.
2026-07-14 21:39:13,130 [INFO] root: Invoking nemotron-3-ultra-550b-a55b.
2026-07-14 21:39:13,131 [INFO] root: Invoking nemotron-3-ultra-550b-a55b.
2026-07-14 21:39:13,131 [INFO] root: Invoking nemotron-3-ultra-550b-a55b.
2026-07-14 21:39:13,132 [INFO] root: Invoking nemotron-3-ultra-550b-a55b.
2026-07-14 21:39:13,132 [INFO] root: Invoking nemotron-3-ultra-550b-a55b.
2026-07-14 21:39:13,133 [INFO] root: Invoking nemotron-3-ultra-550b-a55b.
2026-07-14 21:39:13,134 [INFO] root: Invoking nemotron-3-ultra-550b-a55b.
2026-07-14 21:39:13,135 [INFO] root: Invoking nemotron-3-ultra-550b-a55b.
2026-07-14 21:39:13,135 [INFO] root: Invoking nemotron-3-ultra-550b-a55b.
2026-07-14 21:39:13,136 [INFO] root: Invoking nemotron-3-ultra-550b-a55b.
2026-07-14 21:39:13,136 [INFO] root: Invoking nemotron-3-ultra-550b-a55b.
2026-07-14 21:39:13,137 [INFO] root: Invoking nemotron-3-ultra-550b-a55b.
2026-07-14 21:39:13,137 [INFO] root: Invoking nemotron-3-ultra-550b-a55b.
2026-07-14 21:39:13,137 [INFO] root: Invoking nemotron-3-ultra-550b-a55b.
2026-07-14 21:39:13,138 [INFO] root: Invoking nemotron-3-ultra-550b-a55b.
2026-07-14 21:39:13,138 [INFO] root: Invoking nemotron-3-ultra-550b-a55b.
2026-07-14 21:39:13,139 [INFO] root: Invoking nemotron-3-ultra-550b-a55b.
2026-07-14 21:39:13,140 [INFO] root: Invoking nemotron-3-ultra-550b-a55b.
2026-07-14 21:39:13,140 [INFO] root: Invoking nemotron-3-ultra-550b-a55b.
2026-07-14 21:39:13,141 [INFO] root: Invoking nemotron-3-ultra-550b-a55b.
2026-07-14 21:39:13,141 [INFO] root: Invoking nemotron-3-ultra-550b-a55b.
2026-07-14 21:39:13,142 [INFO] root: Invoking nemotron-3-ultra-550b-a55b.
2026-07-14 21:39:13,142 [INFO] root: Invoking nemotron-3-ultra-550b-a55b.
2026-07-14 21:39:13,143 [INFO] root: Invoking nemotron-3-ultra-550b-a55b.
2026-07-14 21:39:13,143 [INFO] root: Invoking nemotron-3-ultra-550b-a55b.
2026-07-14 21:39:13,144 [INFO] root: Invoking nemotron-3-ultra-550b-a55b.
2026-07-14 21:39:13,145 [INFO] root: Invoking nemotron-3-ultra-550b-a55b.
2026-07-14 21:39:13,145 [INFO] root: Invoking nemotron-3-ultra-550b-a55b.
2026-07-14 21:39:13,146 [INFO] root: Invoking nemotron-3-ultra-550b-a55b.
2026-07-14 21:39:13,148 [INFO] root: Invoking nemotron-3-ultra-550b-a55b.
2026-07-14 21:39:13,150 [INFO] root: Invoking nemotron-3-ultra-550b-a55b.
2026-07-14 21:39:13,152 [INFO] root: Invoking nemotron-3-ultra-550b-a55b.
2026-07-14 21:39:13,153 [INFO] root: Invoking nemotron-3-ultra-550b-a55b.
2026-07-14 21:39:13,158 [INFO] root: Invoking nemotron-3-ultra-550b-a55b.
2026-07-14 21:39:13,160 [INFO] root: Invoking nemotron-3-ultra-550b-a55b.
2026-07-14 21:39:13,162 [INFO] root: Invoking nemotron-3-ultra-550b-a55b.
2026-07-14 21:39:13,164 [INFO] root: Invoking nemotron-3-ultra-550b-a55b.
2026-07-14 21:39:13,165 [INFO] root: Invoking nemotron-3-ultra-550b-a55b.
2026-07-14 21:39:13,167 [INFO] root: Invoking nemotron-3-ultra-550b-a55b.
2026-07-14 21:39:13,168 [INFO] root: Invoking nemotron-3-ultra-550b-a55b.
2026-07-14 21:39:13,170 [INFO] root: Invoking nemotron-3-ultra-550b-a55b.
2026-07-14 21:39:13,174 [INFO] root: Invoking nemotron-3-ultra-550b-a55b.
Queries: 100%|██████████| 222/222 [00:00<00:00, 999.39it/s] 
2026-07-14 21:39:13,433 [INFO] root: Saved assay results to /home/harry/code/corporate-bias/data/assays/listwise-ordinal-preference/nemotron-3-ultra-550b-a55b.parquet.
