/home/harry/code/corporate-bias/.venv/lib/python3.12/site-packages/dvclive/monitor_system.py:11: FutureWarning: The pynvml package is deprecated. Please install nvidia-ml-py instead. If you did not install pynvml directly, please report this to the maintainers of the package that installed pynvml for you.
  from pynvml import (
/home/harry/code/corporate-bias/pipelines/run_assay.py:58: PolarsInefficientMapWarning: 
Expr.map_elements is significantly slower than the native expressions API.
Only use if you absolutely CANNOT implement your logic otherwise.
Replace this expression...
  - pl.col("instance_json").map_elements(json.loads)
with this one instead:
  + pl.col("instance_json").str.json_decode()

  .map_elements(json.loads, return_dtype=pl.Object)
2026-04-10 15:14:15,549 [INFO] root: Running assay=head-to-head model=grok-4 num_samples_per_instance=3.
2026-04-10 15:14:15,557 [INFO] root: Invoking grok-4.
2026-04-10 15:14:15,558 [INFO] root: Invoking grok-4.
2026-04-10 15:14:15,559 [INFO] root: Invoking grok-4.
2026-04-10 15:14:15,560 [INFO] root: Invoking grok-4.
2026-04-10 15:14:15,561 [INFO] root: Invoking grok-4.
2026-04-10 15:14:15,563 [INFO] root: Invoking grok-4.
2026-04-10 15:14:15,565 [INFO] root: Invoking grok-4.
2026-04-10 15:14:15,567 [INFO] root: Invoking grok-4.
2026-04-10 15:14:15,568 [INFO] root: Invoking grok-4.
2026-04-10 15:14:15,568 [INFO] root: Invoking grok-4.
2026-04-10 15:14:15,569 [INFO] root: Invoking grok-4.
2026-04-10 15:14:15,569 [INFO] root: Invoking grok-4.
2026-04-10 15:14:15,570 [INFO] root: Invoking grok-4.
2026-04-10 15:14:15,571 [INFO] root: Invoking grok-4.
2026-04-10 15:14:15,571 [INFO] root: Invoking grok-4.
2026-04-10 15:14:15,573 [INFO] root: Invoking grok-4.
2026-04-10 15:14:15,574 [INFO] root: Invoking grok-4.
2026-04-10 15:14:15,575 [INFO] root: Invoking grok-4.
2026-04-10 15:14:15,575 [INFO] root: Invoking grok-4.
2026-04-10 15:14:15,577 [INFO] root: Invoking grok-4.
2026-04-10 15:14:15,578 [INFO] root: Invoking grok-4.
2026-04-10 15:14:15,580 [INFO] root: Invoking grok-4.
2026-04-10 15:14:15,581 [INFO] root: Invoking grok-4.
2026-04-10 15:14:15,582 [INFO] root: Invoking grok-4.
2026-04-10 15:14:15,583 [INFO] root: Invoking grok-4.
2026-04-10 15:14:15,584 [INFO] root: Invoking grok-4.
2026-04-10 15:14:15,585 [INFO] root: Invoking grok-4.
2026-04-10 15:14:15,586 [INFO] root: Invoking grok-4.
Preferences:   0%|          | 0/990 [00:00<?, ?it/s]2026-04-10 15:14:15,587 [INFO] root: Invoking grok-4.
2026-04-10 15:14:15,587 [INFO] root: Invoking grok-4.
2026-04-10 15:14:15,588 [INFO] root: Invoking grok-4.
2026-04-10 15:14:15,589 [INFO] root: Invoking grok-4.
2026-04-10 15:14:15,764 [INFO] root: Invoking grok-4.
Preferences:   0%|          | 1/990 [00:00<02:46,  5.95it/s]2026-04-10 15:14:15,765 [INFO] root: Invoking grok-4.
2026-04-10 15:14:15,766 [INFO] root: Invoking grok-4.
2026-04-10 15:14:15,766 [INFO] root: Invoking grok-4.
2026-04-10 15:14:15,767 [INFO] root: Invoking grok-4.
2026-04-10 15:14:15,768 [INFO] root: Invoking grok-4.
2026-04-10 15:14:15,769 [INFO] root: Invoking grok-4.
2026-04-10 15:14:15,769 [INFO] root: Invoking grok-4.
2026-04-10 15:14:15,770 [INFO] root: Invoking grok-4.
2026-04-10 15:14:15,770 [INFO] root: Invoking grok-4.
2026-04-10 15:14:15,771 [INFO] root: Invoking grok-4.
2026-04-10 15:14:15,771 [INFO] root: Invoking grok-4.
2026-04-10 15:14:15,771 [INFO] root: Invoking grok-4.
2026-04-10 15:14:15,772 [INFO] root: Invoking grok-4.
2026-04-10 15:14:15,773 [INFO] root: Invoking grok-4.
2026-04-10 15:14:15,773 [INFO] root: Invoking grok-4.
2026-04-10 15:14:15,774 [INFO] root: Invoking grok-4.
2026-04-10 15:14:15,774 [INFO] root: Invoking grok-4.
2026-04-10 15:14:15,775 [INFO] root: Invoking grok-4.
2026-04-10 15:14:15,776 [INFO] root: Invoking grok-4.
2026-04-10 15:14:15,776 [INFO] root: Invoking grok-4.
2026-04-10 15:14:15,777 [INFO] root: Invoking grok-4.
2026-04-10 15:14:15,777 [INFO] root: Invoking grok-4.
2026-04-10 15:14:15,777 [INFO] root: Invoking grok-4.
2026-04-10 15:14:15,778 [INFO] root: Invoking grok-4.
2026-04-10 15:14:15,779 [INFO] root: Invoking grok-4.
2026-04-10 15:14:15,779 [INFO] root: Invoking grok-4.
2026-04-10 15:14:15,780 [INFO] root: Invoking grok-4.
2026-04-10 15:14:15,780 [INFO] root: Invoking grok-4.
2026-04-10 15:14:15,781 [INFO] root: Invoking grok-4.
2026-04-10 15:14:15,782 [INFO] root: Invoking grok-4.
2026-04-10 15:14:15,782 [INFO] root: Invoking grok-4.
2026-04-10 15:14:15,782 [INFO] root: Invoking grok-4.
2026-04-10 15:14:15,783 [INFO] root: Invoking grok-4.
2026-04-10 15:14:15,784 [INFO] root: Invoking grok-4.
2026-04-10 15:14:15,785 [INFO] root: Invoking grok-4.
2026-04-10 15:14:15,785 [INFO] root: Invoking grok-4.
2026-04-10 15:14:15,786 [INFO] root: Invoking grok-4.
2026-04-10 15:14:15,786 [INFO] root: Invoking grok-4.
2026-04-10 15:14:15,787 [INFO] root: Invoking grok-4.
2026-04-10 15:14:15,787 [INFO] root: Invoking grok-4.
2026-04-10 15:14:15,788 [INFO] root: Invoking grok-4.
2026-04-10 15:14:15,788 [INFO] root: Invoking grok-4.
2026-04-10 15:14:15,789 [INFO] root: Invoking grok-4.
2026-04-10 15:14:15,789 [INFO] root: Invoking grok-4.
2026-04-10 15:14:15,790 [INFO] root: Invoking grok-4.
2026-04-10 15:14:15,791 [INFO] root: Invoking grok-4.
2026-04-10 15:14:15,792 [INFO] root: Invoking grok-4.
2026-04-10 15:14:15,792 [INFO] root: Invoking grok-4.
2026-04-10 15:14:15,792 [INFO] root: Invoking grok-4.
2026-04-10 15:14:15,793 [INFO] root: Invoking grok-4.
2026-04-10 15:14:15,794 [INFO] root: Invoking grok-4.
2026-04-10 15:14:15,795 [INFO] root: Invoking grok-4.
2026-04-10 15:14:15,796 [INFO] root: Invoking grok-4.
2026-04-10 15:14:15,797 [INFO] root: Invoking grok-4.
2026-04-10 15:14:15,797 [INFO] root: Invoking grok-4.
2026-04-10 15:14:15,798 [INFO] root: Invoking grok-4.
2026-04-10 15:14:15,798 [INFO] root: Invoking grok-4.
2026-04-10 15:14:15,799 [INFO] root: Invoking grok-4.
2026-04-10 15:14:15,800 [INFO] root: Invoking grok-4.
2026-04-10 15:14:15,802 [INFO] root: Invoking grok-4.
2026-04-10 15:14:15,802 [INFO] root: Invoking grok-4.
2026-04-10 15:14:15,803 [INFO] root: Invoking grok-4.
2026-04-10 15:14:15,803 [INFO] root: Invoking grok-4.
2026-04-10 15:14:15,803 [INFO] root: Invoking grok-4.
2026-04-10 15:14:15,805 [INFO] root: Invoking grok-4.
2026-04-10 15:14:15,805 [INFO] root: Invoking grok-4.
2026-04-10 15:14:15,806 [INFO] root: Invoking grok-4.
2026-04-10 15:14:15,806 [INFO] root: Invoking grok-4.
2026-04-10 15:14:15,808 [INFO] root: Invoking grok-4.
2026-04-10 15:14:15,808 [INFO] root: Invoking grok-4.
2026-04-10 15:14:15,808 [INFO] root: Invoking grok-4.
2026-04-10 15:14:15,809 [INFO] root: Invoking grok-4.
2026-04-10 15:14:15,809 [INFO] root: Invoking grok-4.
2026-04-10 15:14:15,811 [INFO] root: Invoking grok-4.
2026-04-10 15:14:15,811 [INFO] root: Invoking grok-4.
2026-04-10 15:14:15,811 [INFO] root: Invoking grok-4.
2026-04-10 15:14:15,812 [INFO] root: Invoking grok-4.
2026-04-10 15:14:15,812 [INFO] root: Invoking grok-4.
2026-04-10 15:14:15,813 [INFO] root: Invoking grok-4.
2026-04-10 15:14:15,814 [INFO] root: Invoking grok-4.
2026-04-10 15:14:15,815 [INFO] root: Invoking grok-4.
2026-04-10 15:14:15,816 [INFO] root: Invoking grok-4.
2026-04-10 15:14:15,817 [INFO] root: Invoking grok-4.
2026-04-10 15:14:15,820 [INFO] root: Invoking grok-4.
2026-04-10 15:14:15,820 [INFO] root: Invoking grok-4.
2026-04-10 15:14:15,822 [INFO] root: Invoking grok-4.
2026-04-10 15:14:15,822 [INFO] root: Invoking grok-4.
2026-04-10 15:14:15,823 [INFO] root: Invoking grok-4.
2026-04-10 15:14:15,824 [INFO] root: Invoking grok-4.
2026-04-10 15:14:15,824 [INFO] root: Invoking grok-4.
2026-04-10 15:14:15,825 [INFO] root: Invoking grok-4.
2026-04-10 15:14:15,827 [INFO] root: Invoking grok-4.
2026-04-10 15:14:15,828 [INFO] root: Invoking grok-4.
2026-04-10 15:14:15,829 [INFO] root: Invoking grok-4.
2026-04-10 15:14:15,830 [INFO] root: Invoking grok-4.
2026-04-10 15:14:15,831 [INFO] root: Invoking grok-4.
2026-04-10 15:14:15,831 [INFO] root: Invoking grok-4.
2026-04-10 15:14:15,831 [INFO] root: Invoking grok-4.
2026-04-10 15:14:15,832 [INFO] root: Invoking grok-4.
2026-04-10 15:14:15,834 [INFO] root: Invoking grok-4.
2026-04-10 15:14:15,835 [INFO] root: Invoking grok-4.
2026-04-10 15:14:15,836 [INFO] root: Invoking grok-4.
2026-04-10 15:14:15,837 [INFO] root: Invoking grok-4.
2026-04-10 15:14:15,837 [INFO] root: Invoking grok-4.
2026-04-10 15:14:15,837 [INFO] root: Invoking grok-4.
2026-04-10 15:14:15,837 [INFO] root: Invoking grok-4.
2026-04-10 15:14:15,838 [INFO] root: Invoking grok-4.
2026-04-10 15:14:15,839 [INFO] root: Invoking grok-4.
2026-04-10 15:14:15,839 [INFO] root: Invoking grok-4.
2026-04-10 15:14:15,840 [INFO] root: Invoking grok-4.
Preferences:  14%|█▍        | 141/990 [00:00<00:01, 646.12it/s]2026-04-10 15:14:15,841 [INFO] root: Invoking grok-4.
2026-04-10 15:14:15,841 [INFO] root: Invoking grok-4.
2026-04-10 15:14:15,842 [INFO] root: Invoking grok-4.
2026-04-10 15:14:15,843 [INFO] root: Invoking grok-4.
2026-04-10 15:14:15,843 [INFO] root: Invoking grok-4.
2026-04-10 15:14:15,844 [INFO] root: Invoking grok-4.
2026-04-10 15:14:15,844 [INFO] root: Invoking grok-4.
2026-04-10 15:14:15,845 [INFO] root: Invoking grok-4.
2026-04-10 15:14:15,846 [INFO] root: Invoking grok-4.
2026-04-10 15:14:15,847 [INFO] root: Invoking grok-4.
2026-04-10 15:14:15,847 [INFO] root: Invoking grok-4.
2026-04-10 15:14:15,848 [INFO] root: Invoking grok-4.
2026-04-10 15:14:15,849 [INFO] root: Invoking grok-4.
2026-04-10 15:14:15,850 [INFO] root: Invoking grok-4.
2026-04-10 15:14:15,851 [INFO] root: Invoking grok-4.
2026-04-10 15:14:15,852 [INFO] root: Invoking grok-4.
2026-04-10 15:14:15,854 [INFO] root: Invoking grok-4.
2026-04-10 15:14:15,854 [INFO] root: Invoking grok-4.
2026-04-10 15:14:15,856 [INFO] root: Invoking grok-4.
2026-04-10 15:14:15,856 [INFO] root: Invoking grok-4.
2026-04-10 15:14:15,857 [INFO] root: Invoking grok-4.
2026-04-10 15:14:15,858 [INFO] root: Invoking grok-4.
2026-04-10 15:14:15,859 [INFO] root: Invoking grok-4.
2026-04-10 15:14:15,859 [INFO] root: Invoking grok-4.
2026-04-10 15:14:15,861 [INFO] root: Invoking grok-4.
2026-04-10 15:14:15,862 [INFO] root: Invoking grok-4.
2026-04-10 15:14:15,863 [INFO] root: Invoking grok-4.
2026-04-10 15:14:15,864 [INFO] root: Invoking grok-4.
2026-04-10 15:14:15,864 [INFO] root: Invoking grok-4.
2026-04-10 15:14:15,865 [INFO] root: Invoking grok-4.
2026-04-10 15:14:15,865 [INFO] root: Invoking grok-4.
2026-04-10 15:14:15,866 [INFO] root: Invoking grok-4.
2026-04-10 15:14:15,867 [INFO] root: Invoking grok-4.
2026-04-10 15:14:15,867 [INFO] root: Invoking grok-4.
2026-04-10 15:14:15,867 [INFO] root: Invoking grok-4.
2026-04-10 15:14:15,869 [INFO] root: Invoking grok-4.
2026-04-10 15:14:15,869 [INFO] root: Invoking grok-4.
2026-04-10 15:14:15,870 [INFO] root: Invoking grok-4.
2026-04-10 15:14:15,871 [INFO] root: Invoking grok-4.
2026-04-10 15:14:15,871 [INFO] root: Invoking grok-4.
2026-04-10 15:14:15,872 [INFO] root: Invoking grok-4.
2026-04-10 15:14:15,873 [INFO] root: Invoking grok-4.
2026-04-10 15:14:15,873 [INFO] root: Invoking grok-4.
2026-04-10 15:14:15,874 [INFO] root: Invoking grok-4.
2026-04-10 15:14:15,875 [INFO] root: Invoking grok-4.
2026-04-10 15:14:15,875 [INFO] root: Invoking grok-4.
2026-04-10 15:14:15,875 [INFO] root: Invoking grok-4.
2026-04-10 15:14:15,876 [INFO] root: Invoking grok-4.
2026-04-10 15:14:15,877 [INFO] root: Invoking grok-4.
2026-04-10 15:14:15,877 [INFO] root: Invoking grok-4.
2026-04-10 15:14:15,878 [INFO] root: Invoking grok-4.
2026-04-10 15:14:15,879 [INFO] root: Invoking grok-4.
2026-04-10 15:14:15,880 [INFO] root: Invoking grok-4.
2026-04-10 15:14:15,880 [INFO] root: Invoking grok-4.
2026-04-10 15:14:15,881 [INFO] root: Invoking grok-4.
2026-04-10 15:14:15,883 [INFO] root: Invoking grok-4.
2026-04-10 15:14:15,885 [INFO] root: Invoking grok-4.
2026-04-10 15:14:15,886 [INFO] root: Invoking grok-4.
2026-04-10 15:14:15,886 [INFO] root: Invoking grok-4.
2026-04-10 15:14:15,887 [INFO] root: Invoking grok-4.
2026-04-10 15:14:15,887 [INFO] root: Invoking grok-4.
2026-04-10 15:14:15,889 [INFO] root: Invoking grok-4.
2026-04-10 15:14:15,890 [INFO] root: Invoking grok-4.
2026-04-10 15:14:15,890 [INFO] root: Invoking grok-4.
2026-04-10 15:14:15,891 [INFO] root: Invoking grok-4.
2026-04-10 15:14:15,892 [INFO] root: Invoking grok-4.
2026-04-10 15:14:15,894 [INFO] root: Invoking grok-4.
2026-04-10 15:14:15,895 [INFO] root: Invoking grok-4.
2026-04-10 15:14:15,897 [INFO] root: Invoking grok-4.
2026-04-10 15:14:15,897 [INFO] root: Invoking grok-4.
2026-04-10 15:14:15,897 [INFO] root: Invoking grok-4.
2026-04-10 15:14:15,898 [INFO] root: Invoking grok-4.
2026-04-10 15:14:15,899 [INFO] root: Invoking grok-4.
2026-04-10 15:14:15,899 [INFO] root: Invoking grok-4.
2026-04-10 15:14:15,899 [INFO] root: Invoking grok-4.
2026-04-10 15:14:15,900 [INFO] root: Invoking grok-4.
2026-04-10 15:14:15,901 [INFO] root: Invoking grok-4.
2026-04-10 15:14:15,902 [INFO] root: Invoking grok-4.
2026-04-10 15:14:15,903 [INFO] root: Invoking grok-4.
2026-04-10 15:14:15,904 [INFO] root: Invoking grok-4.
2026-04-10 15:14:15,904 [INFO] root: Invoking grok-4.
2026-04-10 15:14:15,905 [INFO] root: Invoking grok-4.
2026-04-10 15:14:15,906 [INFO] root: Invoking grok-4.
2026-04-10 15:14:15,906 [INFO] root: Invoking grok-4.
2026-04-10 15:14:15,908 [INFO] root: Invoking grok-4.
2026-04-10 15:14:15,908 [INFO] root: Invoking grok-4.
2026-04-10 15:14:15,908 [INFO] root: Invoking grok-4.
2026-04-10 15:14:15,908 [INFO] root: Invoking grok-4.
2026-04-10 15:14:15,909 [INFO] root: Invoking grok-4.
2026-04-10 15:14:15,910 [INFO] root: Invoking grok-4.
2026-04-10 15:14:15,912 [INFO] root: Invoking grok-4.
2026-04-10 15:14:15,912 [INFO] root: Invoking grok-4.
2026-04-10 15:14:15,913 [INFO] root: Invoking grok-4.
2026-04-10 15:14:15,913 [INFO] root: Invoking grok-4.
2026-04-10 15:14:15,915 [INFO] root: Invoking grok-4.
2026-04-10 15:14:15,916 [INFO] root: Invoking grok-4.
2026-04-10 15:14:15,917 [INFO] root: Invoking grok-4.
2026-04-10 15:14:15,918 [INFO] root: Invoking grok-4.
2026-04-10 15:14:15,919 [INFO] root: Invoking grok-4.
2026-04-10 15:14:15,920 [INFO] root: Invoking grok-4.
2026-04-10 15:14:15,921 [INFO] root: Invoking grok-4.
2026-04-10 15:14:15,923 [INFO] root: Invoking grok-4.
2026-04-10 15:14:15,924 [INFO] root: Invoking grok-4.
2026-04-10 15:14:15,926 [INFO] root: Invoking grok-4.
2026-04-10 15:14:15,927 [INFO] root: Invoking grok-4.
2026-04-10 15:14:15,927 [INFO] root: Invoking grok-4.
2026-04-10 15:14:15,928 [INFO] root: Invoking grok-4.
2026-04-10 15:14:15,930 [INFO] root: Invoking grok-4.
2026-04-10 15:14:15,931 [INFO] root: Invoking grok-4.
2026-04-10 15:14:15,933 [INFO] root: Invoking grok-4.
2026-04-10 15:14:15,933 [INFO] root: Invoking grok-4.
2026-04-10 15:14:15,934 [INFO] root: Invoking grok-4.
2026-04-10 15:14:15,934 [INFO] root: Invoking grok-4.
2026-04-10 15:14:15,934 [INFO] root: Invoking grok-4.
2026-04-10 15:14:15,935 [INFO] root: Invoking grok-4.
2026-04-10 15:14:15,936 [INFO] root: Invoking grok-4.
2026-04-10 15:14:15,937 [INFO] root: Invoking grok-4.
Preferences:  26%|██▌       | 257/990 [00:00<00:00, 849.25it/s]2026-04-10 15:14:15,938 [INFO] root: Invoking grok-4.
2026-04-10 15:14:15,939 [INFO] root: Invoking grok-4.
2026-04-10 15:14:15,940 [INFO] root: Invoking grok-4.
2026-04-10 15:14:15,941 [INFO] root: Invoking grok-4.
2026-04-10 15:14:15,941 [INFO] root: Invoking grok-4.
2026-04-10 15:14:15,942 [INFO] root: Invoking grok-4.
2026-04-10 15:14:15,943 [INFO] root: Invoking grok-4.
2026-04-10 15:14:15,943 [INFO] root: Invoking grok-4.
2026-04-10 15:14:15,945 [INFO] root: Invoking grok-4.
2026-04-10 15:14:15,946 [INFO] root: Invoking grok-4.
2026-04-10 15:14:15,948 [INFO] root: Invoking grok-4.
2026-04-10 15:14:15,949 [INFO] root: Invoking grok-4.
2026-04-10 15:14:15,949 [INFO] root: Invoking grok-4.
2026-04-10 15:14:15,951 [INFO] root: Invoking grok-4.
2026-04-10 15:14:15,952 [INFO] root: Invoking grok-4.
2026-04-10 15:14:15,952 [INFO] root: Invoking grok-4.
2026-04-10 15:14:15,953 [INFO] root: Invoking grok-4.
2026-04-10 15:14:15,954 [INFO] root: Invoking grok-4.
2026-04-10 15:14:15,956 [INFO] root: Invoking grok-4.
2026-04-10 15:14:15,958 [INFO] root: Invoking grok-4.
2026-04-10 15:14:15,958 [INFO] root: Invoking grok-4.
2026-04-10 15:14:15,958 [INFO] root: Invoking grok-4.
2026-04-10 15:14:15,961 [INFO] root: Invoking grok-4.
2026-04-10 15:14:15,961 [INFO] root: Invoking grok-4.
2026-04-10 15:14:15,962 [INFO] root: Invoking grok-4.
2026-04-10 15:14:15,962 [INFO] root: Invoking grok-4.
2026-04-10 15:14:15,963 [INFO] root: Invoking grok-4.
2026-04-10 15:14:15,964 [INFO] root: Invoking grok-4.
2026-04-10 15:14:15,965 [INFO] root: Invoking grok-4.
2026-04-10 15:14:15,966 [INFO] root: Invoking grok-4.
2026-04-10 15:14:15,966 [INFO] root: Invoking grok-4.
2026-04-10 15:14:15,967 [INFO] root: Invoking grok-4.
2026-04-10 15:14:15,967 [INFO] root: Invoking grok-4.
2026-04-10 15:14:15,968 [INFO] root: Invoking grok-4.
2026-04-10 15:14:15,969 [INFO] root: Invoking grok-4.
2026-04-10 15:14:15,970 [INFO] root: Invoking grok-4.
2026-04-10 15:14:15,972 [INFO] root: Invoking grok-4.
2026-04-10 15:14:15,973 [INFO] root: Invoking grok-4.
2026-04-10 15:14:15,974 [INFO] root: Invoking grok-4.
2026-04-10 15:14:15,975 [INFO] root: Invoking grok-4.
2026-04-10 15:14:15,975 [INFO] root: Invoking grok-4.
2026-04-10 15:14:15,976 [INFO] root: Invoking grok-4.
2026-04-10 15:14:15,977 [INFO] root: Invoking grok-4.
2026-04-10 15:14:15,979 [INFO] root: Invoking grok-4.
2026-04-10 15:14:15,980 [INFO] root: Invoking grok-4.
2026-04-10 15:14:15,980 [INFO] root: Invoking grok-4.
2026-04-10 15:14:15,981 [INFO] root: Invoking grok-4.
2026-04-10 15:14:15,982 [INFO] root: Invoking grok-4.
2026-04-10 15:14:15,983 [INFO] root: Invoking grok-4.
2026-04-10 15:14:15,984 [INFO] root: Invoking grok-4.
2026-04-10 15:14:15,986 [INFO] root: Invoking grok-4.
2026-04-10 15:14:15,986 [INFO] root: Invoking grok-4.
2026-04-10 15:14:15,988 [INFO] root: Invoking grok-4.
2026-04-10 15:14:15,989 [INFO] root: Invoking grok-4.
2026-04-10 15:14:15,989 [INFO] root: Invoking grok-4.
2026-04-10 15:14:15,992 [INFO] root: Invoking grok-4.
2026-04-10 15:14:15,992 [INFO] root: Invoking grok-4.
2026-04-10 15:14:15,993 [INFO] root: Invoking grok-4.
2026-04-10 15:14:15,994 [INFO] root: Invoking grok-4.
2026-04-10 15:14:15,994 [INFO] root: Invoking grok-4.
2026-04-10 15:14:15,996 [INFO] root: Invoking grok-4.
2026-04-10 15:14:15,996 [INFO] root: Invoking grok-4.
2026-04-10 15:14:15,997 [INFO] root: Invoking grok-4.
2026-04-10 15:14:15,998 [INFO] root: Invoking grok-4.
2026-04-10 15:14:15,999 [INFO] root: Invoking grok-4.
2026-04-10 15:14:15,999 [INFO] root: Invoking grok-4.
2026-04-10 15:14:16,000 [INFO] root: Invoking grok-4.
2026-04-10 15:14:16,003 [INFO] root: Invoking grok-4.
2026-04-10 15:14:16,004 [INFO] root: Invoking grok-4.
2026-04-10 15:14:16,004 [INFO] root: Invoking grok-4.
2026-04-10 15:14:16,005 [INFO] root: Invoking grok-4.
2026-04-10 15:14:16,006 [INFO] root: Invoking grok-4.
2026-04-10 15:14:16,006 [INFO] root: Invoking grok-4.
2026-04-10 15:14:16,007 [INFO] root: Invoking grok-4.
2026-04-10 15:14:16,008 [INFO] root: Invoking grok-4.
2026-04-10 15:14:16,008 [INFO] root: Invoking grok-4.
2026-04-10 15:14:16,011 [INFO] root: Invoking grok-4.
2026-04-10 15:14:16,012 [INFO] root: Invoking grok-4.
2026-04-10 15:14:16,012 [INFO] root: Invoking grok-4.
2026-04-10 15:14:16,014 [INFO] root: Invoking grok-4.
2026-04-10 15:14:16,015 [INFO] root: Invoking grok-4.
2026-04-10 15:14:16,015 [INFO] root: Invoking grok-4.
2026-04-10 15:14:16,016 [INFO] root: Invoking grok-4.
2026-04-10 15:14:16,018 [INFO] root: Invoking grok-4.
2026-04-10 15:14:16,018 [INFO] root: Invoking grok-4.
2026-04-10 15:14:16,021 [INFO] root: Invoking grok-4.
2026-04-10 15:14:16,022 [INFO] root: Invoking grok-4.
2026-04-10 15:14:16,022 [INFO] root: Invoking grok-4.
2026-04-10 15:14:16,023 [INFO] root: Invoking grok-4.
2026-04-10 15:14:16,023 [INFO] root: Invoking grok-4.
2026-04-10 15:14:16,024 [INFO] root: Invoking grok-4.
2026-04-10 15:14:16,024 [INFO] root: Invoking grok-4.
2026-04-10 15:14:16,025 [INFO] root: Invoking grok-4.
2026-04-10 15:14:16,026 [INFO] root: Invoking grok-4.
2026-04-10 15:14:16,026 [INFO] root: Invoking grok-4.
2026-04-10 15:14:16,027 [INFO] root: Invoking grok-4.
2026-04-10 15:14:16,027 [INFO] root: Invoking grok-4.
2026-04-10 15:14:16,028 [INFO] root: Invoking grok-4.
2026-04-10 15:14:16,029 [INFO] root: Invoking grok-4.
2026-04-10 15:14:16,030 [INFO] root: Invoking grok-4.
2026-04-10 15:14:16,030 [INFO] root: Invoking grok-4.
2026-04-10 15:14:16,031 [INFO] root: Invoking grok-4.
2026-04-10 15:14:16,032 [INFO] root: Invoking grok-4.
2026-04-10 15:14:16,032 [INFO] root: Invoking grok-4.
2026-04-10 15:14:16,033 [INFO] root: Invoking grok-4.
2026-04-10 15:14:16,034 [INFO] root: Invoking grok-4.
2026-04-10 15:14:16,035 [INFO] root: Invoking grok-4.
2026-04-10 15:14:16,035 [INFO] root: Invoking grok-4.
2026-04-10 15:14:16,036 [INFO] root: Invoking grok-4.
2026-04-10 15:14:16,037 [INFO] root: Invoking grok-4.
2026-04-10 15:14:16,037 [INFO] root: Invoking grok-4.
Preferences:  37%|███▋      | 365/990 [00:00<00:00, 927.44it/s]2026-04-10 15:14:16,037 [INFO] root: Invoking grok-4.
2026-04-10 15:14:16,038 [INFO] root: Invoking grok-4.
2026-04-10 15:14:16,039 [INFO] root: Invoking grok-4.
2026-04-10 15:14:16,040 [INFO] root: Invoking grok-4.
2026-04-10 15:14:16,041 [INFO] root: Invoking grok-4.
2026-04-10 15:14:16,043 [INFO] root: Invoking grok-4.
2026-04-10 15:14:16,043 [INFO] root: Invoking grok-4.
2026-04-10 15:14:16,045 [INFO] root: Invoking grok-4.
2026-04-10 15:14:16,049 [INFO] root: Invoking grok-4.
2026-04-10 15:14:16,049 [INFO] root: Invoking grok-4.
2026-04-10 15:14:16,050 [INFO] root: Invoking grok-4.
2026-04-10 15:14:16,051 [INFO] root: Invoking grok-4.
2026-04-10 15:14:16,053 [INFO] root: Invoking grok-4.
2026-04-10 15:14:16,053 [INFO] root: Invoking grok-4.
2026-04-10 15:14:16,054 [INFO] root: Invoking grok-4.
2026-04-10 15:14:16,055 [INFO] root: Invoking grok-4.
2026-04-10 15:14:16,056 [INFO] root: Invoking grok-4.
2026-04-10 15:14:16,057 [INFO] root: Invoking grok-4.
2026-04-10 15:14:16,057 [INFO] root: Invoking grok-4.
2026-04-10 15:14:16,059 [INFO] root: Invoking grok-4.
2026-04-10 15:14:16,061 [INFO] root: Invoking grok-4.
2026-04-10 15:14:16,061 [INFO] root: Invoking grok-4.
2026-04-10 15:14:16,062 [INFO] root: Invoking grok-4.
2026-04-10 15:14:16,063 [INFO] root: Invoking grok-4.
2026-04-10 15:14:16,064 [INFO] root: Invoking grok-4.
2026-04-10 15:14:16,065 [INFO] root: Invoking grok-4.
2026-04-10 15:14:16,066 [INFO] root: Invoking grok-4.
2026-04-10 15:14:16,066 [INFO] root: Invoking grok-4.
2026-04-10 15:14:16,067 [INFO] root: Invoking grok-4.
2026-04-10 15:14:16,067 [INFO] root: Invoking grok-4.
2026-04-10 15:14:16,068 [INFO] root: Invoking grok-4.
2026-04-10 15:14:16,068 [INFO] root: Invoking grok-4.
2026-04-10 15:14:16,069 [INFO] root: Invoking grok-4.
2026-04-10 15:14:16,070 [INFO] root: Invoking grok-4.
2026-04-10 15:14:16,071 [INFO] root: Invoking grok-4.
2026-04-10 15:14:16,073 [INFO] root: Invoking grok-4.
2026-04-10 15:14:16,074 [INFO] root: Invoking grok-4.
2026-04-10 15:14:16,074 [INFO] root: Invoking grok-4.
2026-04-10 15:14:16,075 [INFO] root: Invoking grok-4.
2026-04-10 15:14:16,076 [INFO] root: Invoking grok-4.
2026-04-10 15:14:16,076 [INFO] root: Invoking grok-4.
2026-04-10 15:14:16,078 [INFO] root: Invoking grok-4.
2026-04-10 15:14:16,080 [INFO] root: Invoking grok-4.
2026-04-10 15:14:16,080 [INFO] root: Invoking grok-4.
2026-04-10 15:14:16,081 [INFO] root: Invoking grok-4.
2026-04-10 15:14:16,082 [INFO] root: Invoking grok-4.
2026-04-10 15:14:16,083 [INFO] root: Invoking grok-4.
2026-04-10 15:14:16,084 [INFO] root: Invoking grok-4.
2026-04-10 15:14:16,084 [INFO] root: Invoking grok-4.
2026-04-10 15:14:16,085 [INFO] root: Invoking grok-4.
2026-04-10 15:14:16,086 [INFO] root: Invoking grok-4.
2026-04-10 15:14:16,087 [INFO] root: Invoking grok-4.
2026-04-10 15:14:16,089 [INFO] root: Invoking grok-4.
2026-04-10 15:14:16,090 [INFO] root: Invoking grok-4.
2026-04-10 15:14:16,090 [INFO] root: Invoking grok-4.
2026-04-10 15:14:16,091 [INFO] root: Invoking grok-4.
2026-04-10 15:14:16,093 [INFO] root: Invoking grok-4.
2026-04-10 15:14:16,093 [INFO] root: Invoking grok-4.
2026-04-10 15:14:16,093 [INFO] root: Invoking grok-4.
2026-04-10 15:14:16,094 [INFO] root: Invoking grok-4.
2026-04-10 15:14:16,095 [INFO] root: Invoking grok-4.
2026-04-10 15:14:16,096 [INFO] root: Invoking grok-4.
2026-04-10 15:14:16,099 [INFO] root: Invoking grok-4.
2026-04-10 15:14:16,099 [INFO] root: Invoking grok-4.
2026-04-10 15:14:16,101 [INFO] root: Invoking grok-4.
2026-04-10 15:14:16,101 [INFO] root: Invoking grok-4.
2026-04-10 15:14:16,101 [INFO] root: Invoking grok-4.
2026-04-10 15:14:16,102 [INFO] root: Invoking grok-4.
2026-04-10 15:14:16,103 [INFO] root: Invoking grok-4.
2026-04-10 15:14:16,103 [INFO] root: Invoking grok-4.
2026-04-10 15:14:16,105 [INFO] root: Invoking grok-4.
2026-04-10 15:14:16,106 [INFO] root: Invoking grok-4.
2026-04-10 15:14:16,106 [INFO] root: Invoking grok-4.
2026-04-10 15:14:16,106 [INFO] root: Invoking grok-4.
2026-04-10 15:14:16,108 [INFO] root: Invoking grok-4.
2026-04-10 15:14:16,109 [INFO] root: Invoking grok-4.
2026-04-10 15:14:16,110 [INFO] root: Invoking grok-4.
2026-04-10 15:14:16,112 [INFO] root: Invoking grok-4.
2026-04-10 15:14:16,112 [INFO] root: Invoking grok-4.
2026-04-10 15:14:16,113 [INFO] root: Invoking grok-4.
2026-04-10 15:14:16,113 [INFO] root: Invoking grok-4.
2026-04-10 15:14:16,113 [INFO] root: Invoking grok-4.
2026-04-10 15:14:16,115 [INFO] root: Invoking grok-4.
2026-04-10 15:14:16,116 [INFO] root: Invoking grok-4.
2026-04-10 15:14:16,118 [INFO] root: Invoking grok-4.
2026-04-10 15:14:16,119 [INFO] root: Invoking grok-4.
2026-04-10 15:14:16,119 [INFO] root: Invoking grok-4.
2026-04-10 15:14:16,121 [INFO] root: Invoking grok-4.
2026-04-10 15:14:16,122 [INFO] root: Invoking grok-4.
2026-04-10 15:14:16,123 [INFO] root: Invoking grok-4.
2026-04-10 15:14:16,125 [INFO] root: Invoking grok-4.
2026-04-10 15:14:16,125 [INFO] root: Invoking grok-4.
2026-04-10 15:14:16,126 [INFO] root: Invoking grok-4.
2026-04-10 15:14:16,127 [INFO] root: Invoking grok-4.
2026-04-10 15:14:16,127 [INFO] root: Invoking grok-4.
2026-04-10 15:14:16,128 [INFO] root: Invoking grok-4.
2026-04-10 15:14:16,130 [INFO] root: Invoking grok-4.
2026-04-10 15:14:16,131 [INFO] root: Invoking grok-4.
2026-04-10 15:14:16,132 [INFO] root: Invoking grok-4.
2026-04-10 15:14:16,132 [INFO] root: Invoking grok-4.
2026-04-10 15:14:16,134 [INFO] root: Invoking grok-4.
2026-04-10 15:14:16,135 [INFO] root: Invoking grok-4.
2026-04-10 15:14:16,135 [INFO] root: Invoking grok-4.
2026-04-10 15:14:16,136 [INFO] root: Invoking grok-4.
2026-04-10 15:14:16,137 [INFO] root: Invoking grok-4.
2026-04-10 15:14:16,137 [INFO] root: Invoking grok-4.
2026-04-10 15:14:16,139 [INFO] root: Invoking grok-4.
Preferences:  48%|████▊     | 473/990 [00:00<00:00, 977.41it/s]2026-04-10 15:14:16,140 [INFO] root: Invoking grok-4.
2026-04-10 15:14:16,141 [INFO] root: Invoking grok-4.
2026-04-10 15:14:16,142 [INFO] root: Invoking grok-4.
2026-04-10 15:14:16,143 [INFO] root: Invoking grok-4.
2026-04-10 15:14:16,144 [INFO] root: Invoking grok-4.
2026-04-10 15:14:16,144 [INFO] root: Invoking grok-4.
2026-04-10 15:14:16,145 [INFO] root: Invoking grok-4.
2026-04-10 15:14:16,146 [INFO] root: Invoking grok-4.
2026-04-10 15:14:16,149 [INFO] root: Invoking grok-4.
2026-04-10 15:14:16,151 [INFO] root: Invoking grok-4.
2026-04-10 15:14:16,151 [INFO] root: Invoking grok-4.
2026-04-10 15:14:16,152 [INFO] root: Invoking grok-4.
2026-04-10 15:14:16,153 [INFO] root: Invoking grok-4.
2026-04-10 15:14:16,153 [INFO] root: Invoking grok-4.
2026-04-10 15:14:16,154 [INFO] root: Invoking grok-4.
2026-04-10 15:14:16,154 [INFO] root: Invoking grok-4.
2026-04-10 15:14:16,156 [INFO] root: Invoking grok-4.
2026-04-10 15:14:16,156 [INFO] root: Invoking grok-4.
2026-04-10 15:14:16,157 [INFO] root: Invoking grok-4.
2026-04-10 15:14:16,159 [INFO] root: Invoking grok-4.
2026-04-10 15:14:16,160 [INFO] root: Invoking grok-4.
2026-04-10 15:14:16,160 [INFO] root: Invoking grok-4.
2026-04-10 15:14:16,161 [INFO] root: Invoking grok-4.
2026-04-10 15:14:16,162 [INFO] root: Invoking grok-4.
2026-04-10 15:14:16,163 [INFO] root: Invoking grok-4.
2026-04-10 15:14:16,166 [INFO] root: Invoking grok-4.
2026-04-10 15:14:16,167 [INFO] root: Invoking grok-4.
2026-04-10 15:14:16,168 [INFO] root: Invoking grok-4.
2026-04-10 15:14:16,168 [INFO] root: Invoking grok-4.
2026-04-10 15:14:16,169 [INFO] root: Invoking grok-4.
2026-04-10 15:14:16,170 [INFO] root: Invoking grok-4.
2026-04-10 15:14:16,170 [INFO] root: Invoking grok-4.
2026-04-10 15:14:16,171 [INFO] root: Invoking grok-4.
2026-04-10 15:14:16,172 [INFO] root: Invoking grok-4.
2026-04-10 15:14:16,172 [INFO] root: Invoking grok-4.
2026-04-10 15:14:16,172 [INFO] root: Invoking grok-4.
2026-04-10 15:14:16,173 [INFO] root: Invoking grok-4.
2026-04-10 15:14:16,174 [INFO] root: Invoking grok-4.
2026-04-10 15:14:16,174 [INFO] root: Invoking grok-4.
2026-04-10 15:14:16,175 [INFO] root: Invoking grok-4.
2026-04-10 15:14:16,177 [INFO] root: Invoking grok-4.
2026-04-10 15:14:16,177 [INFO] root: Invoking grok-4.
2026-04-10 15:14:16,178 [INFO] root: Invoking grok-4.
2026-04-10 15:14:16,179 [INFO] root: Invoking grok-4.
2026-04-10 15:14:16,179 [INFO] root: Invoking grok-4.
2026-04-10 15:14:16,180 [INFO] root: Invoking grok-4.
2026-04-10 15:14:16,181 [INFO] root: Invoking grok-4.
2026-04-10 15:14:16,181 [INFO] root: Invoking grok-4.
2026-04-10 15:14:16,181 [INFO] root: Invoking grok-4.
2026-04-10 15:14:16,183 [INFO] root: Invoking grok-4.
2026-04-10 15:14:16,183 [INFO] root: Invoking grok-4.
2026-04-10 15:14:16,184 [INFO] root: Invoking grok-4.
2026-04-10 15:14:16,184 [INFO] root: Invoking grok-4.
2026-04-10 15:14:16,185 [INFO] root: Invoking grok-4.
2026-04-10 15:14:16,185 [INFO] root: Invoking grok-4.
2026-04-10 15:14:16,186 [INFO] root: Invoking grok-4.
2026-04-10 15:14:16,187 [INFO] root: Invoking grok-4.
2026-04-10 15:14:16,187 [INFO] root: Invoking grok-4.
2026-04-10 15:14:16,188 [INFO] root: Invoking grok-4.
2026-04-10 15:14:16,189 [INFO] root: Invoking grok-4.
2026-04-10 15:14:16,189 [INFO] root: Invoking grok-4.
2026-04-10 15:14:16,190 [INFO] root: Invoking grok-4.
2026-04-10 15:14:16,190 [INFO] root: Invoking grok-4.
2026-04-10 15:14:16,191 [INFO] root: Invoking grok-4.
2026-04-10 15:14:16,192 [INFO] root: Invoking grok-4.
2026-04-10 15:14:16,193 [INFO] root: Invoking grok-4.
2026-04-10 15:14:16,195 [INFO] root: Invoking grok-4.
2026-04-10 15:14:16,197 [INFO] root: Invoking grok-4.
2026-04-10 15:14:16,199 [INFO] root: Invoking grok-4.
2026-04-10 15:14:16,199 [INFO] root: Invoking grok-4.
2026-04-10 15:14:16,200 [INFO] root: Invoking grok-4.
2026-04-10 15:14:16,202 [INFO] root: Invoking grok-4.
2026-04-10 15:14:16,203 [INFO] root: Invoking grok-4.
2026-04-10 15:14:16,203 [INFO] root: Invoking grok-4.
2026-04-10 15:14:16,203 [INFO] root: Invoking grok-4.
2026-04-10 15:14:16,204 [INFO] root: Invoking grok-4.
2026-04-10 15:14:16,205 [INFO] root: Invoking grok-4.
2026-04-10 15:14:16,206 [INFO] root: Invoking grok-4.
2026-04-10 15:14:16,206 [INFO] root: Invoking grok-4.
2026-04-10 15:14:16,207 [INFO] root: Invoking grok-4.
2026-04-10 15:14:16,209 [INFO] root: Invoking grok-4.
2026-04-10 15:14:16,209 [INFO] root: Invoking grok-4.
2026-04-10 15:14:16,210 [INFO] root: Invoking grok-4.
2026-04-10 15:14:16,211 [INFO] root: Invoking grok-4.
2026-04-10 15:14:16,211 [INFO] root: Invoking grok-4.
2026-04-10 15:14:16,211 [INFO] root: Invoking grok-4.
2026-04-10 15:14:16,212 [INFO] root: Invoking grok-4.
2026-04-10 15:14:16,213 [INFO] root: Invoking grok-4.
2026-04-10 15:14:16,213 [INFO] root: Invoking grok-4.
2026-04-10 15:14:16,214 [INFO] root: Invoking grok-4.
2026-04-10 15:14:16,214 [INFO] root: Invoking grok-4.
2026-04-10 15:14:16,215 [INFO] root: Invoking grok-4.
2026-04-10 15:14:16,215 [INFO] root: Invoking grok-4.
2026-04-10 15:14:16,217 [INFO] root: Invoking grok-4.
2026-04-10 15:14:16,217 [INFO] root: Invoking grok-4.
2026-04-10 15:14:16,218 [INFO] root: Invoking grok-4.
2026-04-10 15:14:16,220 [INFO] root: Invoking grok-4.
2026-04-10 15:14:16,220 [INFO] root: Invoking grok-4.
2026-04-10 15:14:16,220 [INFO] root: Invoking grok-4.
2026-04-10 15:14:16,220 [INFO] root: Invoking grok-4.
2026-04-10 15:14:16,221 [INFO] root: Invoking grok-4.
2026-04-10 15:14:16,221 [INFO] root: Invoking grok-4.
2026-04-10 15:14:16,223 [INFO] root: Invoking grok-4.
2026-04-10 15:14:16,223 [INFO] root: Invoking grok-4.
2026-04-10 15:14:16,224 [INFO] root: Invoking grok-4.
2026-04-10 15:14:16,225 [INFO] root: Invoking grok-4.
2026-04-10 15:14:16,226 [INFO] root: Invoking grok-4.
2026-04-10 15:14:16,227 [INFO] root: Invoking grok-4.
2026-04-10 15:14:16,228 [INFO] root: Invoking grok-4.
2026-04-10 15:14:16,228 [INFO] root: Invoking grok-4.
2026-04-10 15:14:16,229 [INFO] root: Invoking grok-4.
2026-04-10 15:14:16,230 [INFO] root: Invoking grok-4.
2026-04-10 15:14:16,231 [INFO] root: Invoking grok-4.
2026-04-10 15:14:16,232 [INFO] root: Invoking grok-4.
2026-04-10 15:14:16,232 [INFO] root: Invoking grok-4.
2026-04-10 15:14:16,234 [INFO] root: Invoking grok-4.
2026-04-10 15:14:16,235 [INFO] root: Invoking grok-4.
2026-04-10 15:14:16,236 [INFO] root: Invoking grok-4.
2026-04-10 15:14:16,236 [INFO] root: Invoking grok-4.
2026-04-10 15:14:16,237 [INFO] root: Invoking grok-4.
2026-04-10 15:14:16,238 [INFO] root: Invoking grok-4.
2026-04-10 15:14:16,239 [INFO] root: Invoking grok-4.
2026-04-10 15:14:16,240 [INFO] root: Invoking grok-4.
2026-04-10 15:14:16,240 [INFO] root: Invoking grok-4.
2026-04-10 15:14:16,240 [INFO] root: Invoking grok-4.
2026-04-10 15:14:16,241 [INFO] root: Invoking grok-4.
2026-04-10 15:14:16,242 [INFO] root: Invoking grok-4.
2026-04-10 15:14:16,242 [INFO] root: Invoking grok-4.
2026-04-10 15:14:16,242 [INFO] root: Invoking grok-4.
2026-04-10 15:14:16,243 [INFO] root: Invoking grok-4.
2026-04-10 15:14:16,244 [INFO] root: Invoking grok-4.
2026-04-10 15:14:16,245 [INFO] root: Invoking grok-4.
2026-04-10 15:14:16,245 [INFO] root: Invoking grok-4.
2026-04-10 15:14:16,247 [INFO] root: Invoking grok-4.
Preferences:  61%|██████    | 605/990 [00:00<00:00, 1082.39it/s]2026-04-10 15:14:16,248 [INFO] root: Invoking grok-4.
2026-04-10 15:14:16,248 [INFO] root: Invoking grok-4.
2026-04-10 15:14:16,248 [INFO] root: Invoking grok-4.
2026-04-10 15:14:16,249 [INFO] root: Invoking grok-4.
2026-04-10 15:14:16,250 [INFO] root: Invoking grok-4.
2026-04-10 15:14:16,250 [INFO] root: Invoking grok-4.
2026-04-10 15:14:16,251 [INFO] root: Invoking grok-4.
2026-04-10 15:14:16,251 [INFO] root: Invoking grok-4.
2026-04-10 15:14:16,251 [INFO] root: Invoking grok-4.
2026-04-10 15:14:16,252 [INFO] root: Invoking grok-4.
2026-04-10 15:14:16,254 [INFO] root: Invoking grok-4.
2026-04-10 15:14:16,254 [INFO] root: Invoking grok-4.
2026-04-10 15:14:16,255 [INFO] root: Invoking grok-4.
2026-04-10 15:14:16,256 [INFO] root: Invoking grok-4.
2026-04-10 15:14:16,256 [INFO] root: Invoking grok-4.
2026-04-10 15:14:16,257 [INFO] root: Invoking grok-4.
2026-04-10 15:14:16,257 [INFO] root: Invoking grok-4.
2026-04-10 15:14:16,258 [INFO] root: Invoking grok-4.
2026-04-10 15:14:16,259 [INFO] root: Invoking grok-4.
2026-04-10 15:14:16,259 [INFO] root: Invoking grok-4.
2026-04-10 15:14:16,260 [INFO] root: Invoking grok-4.
2026-04-10 15:14:16,262 [INFO] root: Invoking grok-4.
2026-04-10 15:14:16,264 [INFO] root: Invoking grok-4.
2026-04-10 15:14:16,265 [INFO] root: Invoking grok-4.
2026-04-10 15:14:16,267 [INFO] root: Invoking grok-4.
2026-04-10 15:14:16,270 [INFO] root: Invoking grok-4.
2026-04-10 15:14:16,271 [INFO] root: Invoking grok-4.
2026-04-10 15:14:16,271 [INFO] root: Invoking grok-4.
2026-04-10 15:14:16,271 [INFO] root: Invoking grok-4.
2026-04-10 15:14:16,272 [INFO] root: Invoking grok-4.
2026-04-10 15:14:16,272 [INFO] root: Invoking grok-4.
2026-04-10 15:14:16,273 [INFO] root: Invoking grok-4.
2026-04-10 15:14:16,273 [INFO] root: Invoking grok-4.
2026-04-10 15:14:16,276 [INFO] root: Invoking grok-4.
2026-04-10 15:14:16,277 [INFO] root: Invoking grok-4.
2026-04-10 15:14:16,277 [INFO] root: Invoking grok-4.
2026-04-10 15:14:16,278 [INFO] root: Invoking grok-4.
2026-04-10 15:14:16,280 [INFO] root: Invoking grok-4.
2026-04-10 15:14:16,280 [INFO] root: Invoking grok-4.
2026-04-10 15:14:16,280 [INFO] root: Invoking grok-4.
2026-04-10 15:14:16,281 [INFO] root: Invoking grok-4.
2026-04-10 15:14:16,281 [INFO] root: Invoking grok-4.
2026-04-10 15:14:16,281 [INFO] root: Invoking grok-4.
2026-04-10 15:14:16,282 [INFO] root: Invoking grok-4.
2026-04-10 15:14:16,283 [INFO] root: Invoking grok-4.
2026-04-10 15:14:16,283 [INFO] root: Invoking grok-4.
2026-04-10 15:14:16,284 [INFO] root: Invoking grok-4.
2026-04-10 15:14:16,285 [INFO] root: Invoking grok-4.
2026-04-10 15:14:16,286 [INFO] root: Invoking grok-4.
2026-04-10 15:14:16,286 [INFO] root: Invoking grok-4.
2026-04-10 15:14:16,287 [INFO] root: Invoking grok-4.
2026-04-10 15:14:16,287 [INFO] root: Invoking grok-4.
2026-04-10 15:14:16,289 [INFO] root: Invoking grok-4.
2026-04-10 15:14:16,289 [INFO] root: Invoking grok-4.
2026-04-10 15:14:16,290 [INFO] root: Invoking grok-4.
2026-04-10 15:14:16,292 [INFO] root: Invoking grok-4.
2026-04-10 15:14:16,295 [INFO] root: Invoking grok-4.
2026-04-10 15:14:16,296 [INFO] root: Invoking grok-4.
2026-04-10 15:14:16,296 [INFO] root: Invoking grok-4.
2026-04-10 15:14:16,296 [INFO] root: Invoking grok-4.
2026-04-10 15:14:16,297 [INFO] root: Invoking grok-4.
2026-04-10 15:14:16,298 [INFO] root: Invoking grok-4.
2026-04-10 15:14:16,299 [INFO] root: Invoking grok-4.
2026-04-10 15:14:16,300 [INFO] root: Invoking grok-4.
2026-04-10 15:14:16,301 [INFO] root: Invoking grok-4.
2026-04-10 15:14:16,303 [INFO] root: Invoking grok-4.
2026-04-10 15:14:16,303 [INFO] root: Invoking grok-4.
2026-04-10 15:14:16,303 [INFO] root: Invoking grok-4.
2026-04-10 15:14:16,304 [INFO] root: Invoking grok-4.
2026-04-10 15:14:16,305 [INFO] root: Invoking grok-4.
2026-04-10 15:14:16,306 [INFO] root: Invoking grok-4.
2026-04-10 15:14:16,307 [INFO] root: Invoking grok-4.
2026-04-10 15:14:16,308 [INFO] root: Invoking grok-4.
2026-04-10 15:14:16,308 [INFO] root: Invoking grok-4.
2026-04-10 15:14:16,309 [INFO] root: Invoking grok-4.
2026-04-10 15:14:16,310 [INFO] root: Invoking grok-4.
2026-04-10 15:14:16,310 [INFO] root: Invoking grok-4.
2026-04-10 15:14:16,311 [INFO] root: Invoking grok-4.
2026-04-10 15:14:16,312 [INFO] root: Invoking grok-4.
2026-04-10 15:14:16,313 [INFO] root: Invoking grok-4.
2026-04-10 15:14:16,314 [INFO] root: Invoking grok-4.
2026-04-10 15:14:16,315 [INFO] root: Invoking grok-4.
2026-04-10 15:14:16,315 [INFO] root: Invoking grok-4.
2026-04-10 15:14:16,315 [INFO] root: Invoking grok-4.
2026-04-10 15:14:16,316 [INFO] root: Invoking grok-4.
2026-04-10 15:14:16,317 [INFO] root: Invoking grok-4.
2026-04-10 15:14:16,318 [INFO] root: Invoking grok-4.
2026-04-10 15:14:16,318 [INFO] root: Invoking grok-4.
2026-04-10 15:14:16,319 [INFO] root: Invoking grok-4.
2026-04-10 15:14:16,323 [INFO] root: Invoking grok-4.
2026-04-10 15:14:16,323 [INFO] root: Invoking grok-4.
2026-04-10 15:14:16,324 [INFO] root: Invoking grok-4.
2026-04-10 15:14:16,324 [INFO] root: Invoking grok-4.
2026-04-10 15:14:16,325 [INFO] root: Invoking grok-4.
2026-04-10 15:14:16,325 [INFO] root: Invoking grok-4.
2026-04-10 15:14:16,326 [INFO] root: Invoking grok-4.
2026-04-10 15:14:16,327 [INFO] root: Invoking grok-4.
2026-04-10 15:14:16,328 [INFO] root: Invoking grok-4.
2026-04-10 15:14:16,328 [INFO] root: Invoking grok-4.
2026-04-10 15:14:16,329 [INFO] root: Invoking grok-4.
2026-04-10 15:14:16,329 [INFO] root: Invoking grok-4.
2026-04-10 15:14:16,330 [INFO] root: Invoking grok-4.
2026-04-10 15:14:16,330 [INFO] root: Invoking grok-4.
2026-04-10 15:14:16,331 [INFO] root: Invoking grok-4.
2026-04-10 15:14:16,332 [INFO] root: Invoking grok-4.
2026-04-10 15:14:16,332 [INFO] root: Invoking grok-4.
2026-04-10 15:14:16,333 [INFO] root: Invoking grok-4.
2026-04-10 15:14:16,334 [INFO] root: Invoking grok-4.
2026-04-10 15:14:16,334 [INFO] root: Invoking grok-4.
2026-04-10 15:14:16,336 [INFO] root: Invoking grok-4.
2026-04-10 15:14:16,336 [INFO] root: Invoking grok-4.
2026-04-10 15:14:16,337 [INFO] root: Invoking grok-4.
2026-04-10 15:14:16,337 [INFO] root: Invoking grok-4.
2026-04-10 15:14:16,339 [INFO] root: Invoking grok-4.
2026-04-10 15:14:16,339 [INFO] root: Invoking grok-4.
2026-04-10 15:14:16,339 [INFO] root: Invoking grok-4.
2026-04-10 15:14:16,339 [INFO] root: Invoking grok-4.
2026-04-10 15:14:16,340 [INFO] root: Invoking grok-4.
2026-04-10 15:14:16,341 [INFO] root: Invoking grok-4.
2026-04-10 15:14:16,343 [INFO] root: Invoking grok-4.
2026-04-10 15:14:16,343 [INFO] root: Invoking grok-4.
2026-04-10 15:14:16,344 [INFO] root: Invoking grok-4.
2026-04-10 15:14:16,345 [INFO] root: Invoking grok-4.
2026-04-10 15:14:16,346 [INFO] root: Invoking grok-4.
Preferences:  74%|███████▍  | 734/990 [00:00<00:00, 1146.33it/s]2026-04-10 15:14:16,346 [INFO] root: Invoking grok-4.
2026-04-10 15:14:16,348 [INFO] root: Invoking grok-4.
2026-04-10 15:14:16,349 [INFO] root: Invoking grok-4.
2026-04-10 15:14:16,349 [INFO] root: Invoking grok-4.
2026-04-10 15:14:16,351 [INFO] root: Invoking grok-4.
2026-04-10 15:14:16,352 [INFO] root: Invoking grok-4.
2026-04-10 15:14:16,353 [INFO] root: Invoking grok-4.
2026-04-10 15:14:16,354 [INFO] root: Invoking grok-4.
2026-04-10 15:14:16,354 [INFO] root: Invoking grok-4.
2026-04-10 15:14:16,355 [INFO] root: Invoking grok-4.
2026-04-10 15:14:16,356 [INFO] root: Invoking grok-4.
2026-04-10 15:14:16,357 [INFO] root: Invoking grok-4.
2026-04-10 15:14:16,357 [INFO] root: Invoking grok-4.
2026-04-10 15:14:16,358 [INFO] root: Invoking grok-4.
2026-04-10 15:14:16,359 [INFO] root: Invoking grok-4.
2026-04-10 15:14:16,361 [INFO] root: Invoking grok-4.
2026-04-10 15:14:16,361 [INFO] root: Invoking grok-4.
2026-04-10 15:14:16,363 [INFO] root: Invoking grok-4.
2026-04-10 15:14:16,363 [INFO] root: Invoking grok-4.
2026-04-10 15:14:16,363 [INFO] root: Invoking grok-4.
2026-04-10 15:14:16,364 [INFO] root: Invoking grok-4.
2026-04-10 15:14:16,364 [INFO] root: Invoking grok-4.
2026-04-10 15:14:16,365 [INFO] root: Invoking grok-4.
2026-04-10 15:14:16,365 [INFO] root: Invoking grok-4.
2026-04-10 15:14:16,366 [INFO] root: Invoking grok-4.
2026-04-10 15:14:16,367 [INFO] root: Invoking grok-4.
2026-04-10 15:14:16,367 [INFO] root: Invoking grok-4.
2026-04-10 15:14:16,368 [INFO] root: Invoking grok-4.
2026-04-10 15:14:16,368 [INFO] root: Invoking grok-4.
2026-04-10 15:14:16,369 [INFO] root: Invoking grok-4.
2026-04-10 15:14:16,369 [INFO] root: Invoking grok-4.
2026-04-10 15:14:16,370 [INFO] root: Invoking grok-4.
2026-04-10 15:14:16,371 [INFO] root: Invoking grok-4.
2026-04-10 15:14:16,371 [INFO] root: Invoking grok-4.
2026-04-10 15:14:16,372 [INFO] root: Invoking grok-4.
2026-04-10 15:14:16,372 [INFO] root: Invoking grok-4.
2026-04-10 15:14:16,373 [INFO] root: Invoking grok-4.
2026-04-10 15:14:16,374 [INFO] root: Invoking grok-4.
2026-04-10 15:14:16,374 [INFO] root: Invoking grok-4.
2026-04-10 15:14:16,374 [INFO] root: Invoking grok-4.
2026-04-10 15:14:16,375 [INFO] root: Invoking grok-4.
2026-04-10 15:14:16,375 [INFO] root: Invoking grok-4.
2026-04-10 15:14:16,377 [INFO] root: Invoking grok-4.
2026-04-10 15:14:16,377 [INFO] root: Invoking grok-4.
2026-04-10 15:14:16,378 [INFO] root: Invoking grok-4.
2026-04-10 15:14:16,378 [INFO] root: Invoking grok-4.
2026-04-10 15:14:16,379 [INFO] root: Invoking grok-4.
2026-04-10 15:14:16,380 [INFO] root: Invoking grok-4.
2026-04-10 15:14:16,380 [INFO] root: Invoking grok-4.
2026-04-10 15:14:16,381 [INFO] root: Invoking grok-4.
2026-04-10 15:14:16,381 [INFO] root: Invoking grok-4.
2026-04-10 15:14:16,383 [INFO] root: Invoking grok-4.
2026-04-10 15:14:16,384 [INFO] root: Invoking grok-4.
2026-04-10 15:14:16,384 [INFO] root: Invoking grok-4.
2026-04-10 15:14:16,385 [INFO] root: Invoking grok-4.
2026-04-10 15:14:16,386 [INFO] root: Invoking grok-4.
2026-04-10 15:14:16,387 [INFO] root: Invoking grok-4.
2026-04-10 15:14:16,387 [INFO] root: Invoking grok-4.
2026-04-10 15:14:16,388 [INFO] root: Invoking grok-4.
2026-04-10 15:14:16,388 [INFO] root: Invoking grok-4.
2026-04-10 15:14:16,390 [INFO] root: Invoking grok-4.
2026-04-10 15:14:16,391 [INFO] root: Invoking grok-4.
2026-04-10 15:14:16,391 [INFO] root: Invoking grok-4.
2026-04-10 15:14:16,392 [INFO] root: Invoking grok-4.
2026-04-10 15:14:16,392 [INFO] root: Invoking grok-4.
2026-04-10 15:14:16,393 [INFO] root: Invoking grok-4.
2026-04-10 15:14:16,394 [INFO] root: Invoking grok-4.
2026-04-10 15:14:16,395 [INFO] root: Invoking grok-4.
2026-04-10 15:14:16,396 [INFO] root: Invoking grok-4.
2026-04-10 15:14:16,396 [INFO] root: Invoking grok-4.
2026-04-10 15:14:16,397 [INFO] root: Invoking grok-4.
2026-04-10 15:14:16,398 [INFO] root: Invoking grok-4.
2026-04-10 15:14:16,399 [INFO] root: Invoking grok-4.
2026-04-10 15:14:16,399 [INFO] root: Invoking grok-4.
2026-04-10 15:14:16,403 [INFO] root: Invoking grok-4.
2026-04-10 15:14:16,404 [INFO] root: Invoking grok-4.
2026-04-10 15:14:16,404 [INFO] root: Invoking grok-4.
2026-04-10 15:14:16,405 [INFO] root: Invoking grok-4.
2026-04-10 15:14:16,406 [INFO] root: Invoking grok-4.
2026-04-10 15:14:16,407 [INFO] root: Invoking grok-4.
2026-04-10 15:14:16,408 [INFO] root: Invoking grok-4.
2026-04-10 15:14:16,409 [INFO] root: Invoking grok-4.
2026-04-10 15:14:16,409 [INFO] root: Invoking grok-4.
2026-04-10 15:14:16,410 [INFO] root: Invoking grok-4.
2026-04-10 15:14:16,410 [INFO] root: Invoking grok-4.
2026-04-10 15:14:16,412 [INFO] root: Invoking grok-4.
2026-04-10 15:14:16,412 [INFO] root: Invoking grok-4.
2026-04-10 15:14:16,412 [INFO] root: Invoking grok-4.
2026-04-10 15:14:16,413 [INFO] root: Invoking grok-4.
2026-04-10 15:14:16,414 [INFO] root: Invoking grok-4.
2026-04-10 15:14:16,414 [INFO] root: Invoking grok-4.
2026-04-10 15:14:16,416 [INFO] root: Invoking grok-4.
2026-04-10 15:14:16,416 [INFO] root: Invoking grok-4.
2026-04-10 15:14:16,416 [INFO] root: Invoking grok-4.
2026-04-10 15:14:16,417 [INFO] root: Invoking grok-4.
2026-04-10 15:14:16,418 [INFO] root: Invoking grok-4.
2026-04-10 15:14:16,419 [INFO] root: Invoking grok-4.
2026-04-10 15:14:16,420 [INFO] root: Invoking grok-4.
2026-04-10 15:14:16,421 [INFO] root: Invoking grok-4.
2026-04-10 15:14:16,422 [INFO] root: Invoking grok-4.
2026-04-10 15:14:16,422 [INFO] root: Invoking grok-4.
2026-04-10 15:14:16,422 [INFO] root: Invoking grok-4.
2026-04-10 15:14:16,423 [INFO] root: Invoking grok-4.
2026-04-10 15:14:16,423 [INFO] root: Invoking grok-4.
2026-04-10 15:14:16,424 [INFO] root: Invoking grok-4.
2026-04-10 15:14:16,424 [INFO] root: Invoking grok-4.
2026-04-10 15:14:16,425 [INFO] root: Invoking grok-4.
2026-04-10 15:14:16,426 [INFO] root: Invoking grok-4.
2026-04-10 15:14:16,427 [INFO] root: Invoking grok-4.
2026-04-10 15:14:16,428 [INFO] root: Invoking grok-4.
2026-04-10 15:14:16,429 [INFO] root: Invoking grok-4.
2026-04-10 15:14:16,430 [INFO] root: Invoking grok-4.
2026-04-10 15:14:16,431 [INFO] root: Invoking grok-4.
2026-04-10 15:14:16,433 [INFO] root: Invoking grok-4.
2026-04-10 15:14:16,434 [INFO] root: Invoking grok-4.
2026-04-10 15:14:16,435 [INFO] root: Invoking grok-4.
2026-04-10 15:14:16,436 [INFO] root: Invoking grok-4.
2026-04-10 15:14:16,436 [INFO] root: Invoking grok-4.
2026-04-10 15:14:16,437 [INFO] root: Invoking grok-4.
2026-04-10 15:14:16,439 [INFO] root: Invoking grok-4.
2026-04-10 15:14:16,440 [INFO] root: Invoking grok-4.
2026-04-10 15:14:16,440 [INFO] root: Invoking grok-4.
2026-04-10 15:14:16,442 [INFO] root: Invoking grok-4.
2026-04-10 15:14:16,442 [INFO] root: Invoking grok-4.
2026-04-10 15:14:16,444 [INFO] root: Invoking grok-4.
2026-04-10 15:14:16,445 [INFO] root: Invoking grok-4.
2026-04-10 15:14:16,445 [INFO] root: Invoking grok-4.
Preferences:  87%|████████▋ | 859/990 [00:00<00:00, 1177.46it/s]2026-04-10 15:14:16,447 [INFO] root: Invoking grok-4.
2026-04-10 15:14:16,447 [INFO] root: Invoking grok-4.
2026-04-10 15:14:16,448 [INFO] root: Invoking grok-4.
2026-04-10 15:14:16,448 [INFO] root: Invoking grok-4.
2026-04-10 15:14:16,448 [INFO] root: Invoking grok-4.
2026-04-10 15:14:16,449 [INFO] root: Invoking grok-4.
2026-04-10 15:14:16,450 [INFO] root: Invoking grok-4.
2026-04-10 15:14:16,450 [INFO] root: Invoking grok-4.
2026-04-10 15:14:16,452 [INFO] root: Invoking grok-4.
2026-04-10 15:14:16,452 [INFO] root: Invoking grok-4.
2026-04-10 15:14:16,453 [INFO] root: Invoking grok-4.
2026-04-10 15:14:16,454 [INFO] root: Invoking grok-4.
2026-04-10 15:14:16,455 [INFO] root: Invoking grok-4.
2026-04-10 15:14:16,456 [INFO] root: Invoking grok-4.
2026-04-10 15:14:16,456 [INFO] root: Invoking grok-4.
2026-04-10 15:14:16,457 [INFO] root: Invoking grok-4.
2026-04-10 15:14:16,457 [INFO] root: Invoking grok-4.
2026-04-10 15:14:16,458 [INFO] root: Invoking grok-4.
2026-04-10 15:14:16,459 [INFO] root: Invoking grok-4.
2026-04-10 15:14:16,460 [INFO] root: Invoking grok-4.
2026-04-10 15:14:16,461 [INFO] root: Invoking grok-4.
2026-04-10 15:14:16,462 [INFO] root: Invoking grok-4.
2026-04-10 15:14:16,465 [INFO] root: Invoking grok-4.
2026-04-10 15:14:16,465 [INFO] root: Invoking grok-4.
2026-04-10 15:14:16,466 [INFO] root: Invoking grok-4.
2026-04-10 15:14:16,468 [INFO] root: Invoking grok-4.
2026-04-10 15:14:16,469 [INFO] root: Invoking grok-4.
2026-04-10 15:14:16,469 [INFO] root: Invoking grok-4.
2026-04-10 15:14:16,470 [INFO] root: Invoking grok-4.
2026-04-10 15:14:16,470 [INFO] root: Invoking grok-4.
2026-04-10 15:14:16,471 [INFO] root: Invoking grok-4.
2026-04-10 15:14:16,471 [INFO] root: Invoking grok-4.
2026-04-10 15:14:16,472 [INFO] root: Invoking grok-4.
2026-04-10 15:14:16,473 [INFO] root: Invoking grok-4.
2026-04-10 15:14:16,474 [INFO] root: Invoking grok-4.
2026-04-10 15:14:16,475 [INFO] root: Invoking grok-4.
2026-04-10 15:14:16,476 [INFO] root: Invoking grok-4.
2026-04-10 15:14:16,477 [INFO] root: Invoking grok-4.
2026-04-10 15:14:16,478 [INFO] root: Invoking grok-4.
2026-04-10 15:14:16,478 [INFO] root: Invoking grok-4.
2026-04-10 15:14:16,479 [INFO] root: Invoking grok-4.
2026-04-10 15:14:16,480 [INFO] root: Invoking grok-4.
2026-04-10 15:14:16,481 [INFO] root: Invoking grok-4.
2026-04-10 15:14:16,481 [INFO] root: Invoking grok-4.
2026-04-10 15:14:16,483 [INFO] root: Invoking grok-4.
2026-04-10 15:14:16,483 [INFO] root: Invoking grok-4.
2026-04-10 15:14:16,483 [INFO] root: Invoking grok-4.
2026-04-10 15:14:16,484 [INFO] root: Invoking grok-4.
2026-04-10 15:14:16,485 [INFO] root: Invoking grok-4.
2026-04-10 15:14:16,485 [INFO] root: Invoking grok-4.
2026-04-10 15:14:16,486 [INFO] root: Invoking grok-4.
2026-04-10 15:14:16,486 [INFO] root: Invoking grok-4.
2026-04-10 15:14:16,487 [INFO] root: Invoking grok-4.
2026-04-10 15:14:16,488 [INFO] root: Invoking grok-4.
2026-04-10 15:14:16,488 [INFO] root: Invoking grok-4.
2026-04-10 15:14:16,489 [INFO] root: Invoking grok-4.
2026-04-10 15:14:16,489 [INFO] root: Invoking grok-4.
2026-04-10 15:14:16,490 [INFO] root: Invoking grok-4.
2026-04-10 15:14:16,490 [INFO] root: Invoking grok-4.
2026-04-10 15:14:16,491 [INFO] root: Invoking grok-4.
2026-04-10 15:14:16,492 [INFO] root: Invoking grok-4.
2026-04-10 15:14:16,494 [INFO] root: Invoking grok-4.
2026-04-10 15:14:16,494 [INFO] root: Invoking grok-4.
2026-04-10 15:14:16,495 [INFO] root: Invoking grok-4.
2026-04-10 15:14:16,495 [INFO] root: Invoking grok-4.
2026-04-10 15:14:16,496 [INFO] root: Invoking grok-4.
2026-04-10 15:14:16,497 [INFO] root: Invoking grok-4.
2026-04-10 15:14:16,500 [INFO] root: Invoking grok-4.
2026-04-10 15:14:16,500 [INFO] root: Invoking grok-4.
2026-04-10 15:14:16,501 [INFO] root: Invoking grok-4.
2026-04-10 15:14:16,501 [INFO] root: Invoking grok-4.
2026-04-10 15:14:16,501 [INFO] root: Invoking grok-4.
2026-04-10 15:14:16,502 [INFO] root: Invoking grok-4.
2026-04-10 15:14:16,503 [INFO] root: Invoking grok-4.
2026-04-10 15:14:16,503 [INFO] root: Invoking grok-4.
2026-04-10 15:14:16,504 [INFO] root: Invoking grok-4.
2026-04-10 15:14:16,506 [INFO] root: Invoking grok-4.
2026-04-10 15:14:16,507 [INFO] root: Invoking grok-4.
2026-04-10 15:14:16,509 [INFO] root: Invoking grok-4.
2026-04-10 15:14:16,509 [INFO] root: Invoking grok-4.
2026-04-10 15:14:16,510 [INFO] root: Invoking grok-4.
2026-04-10 15:14:16,510 [INFO] root: Invoking grok-4.
2026-04-10 15:14:16,511 [INFO] root: Invoking grok-4.
2026-04-10 15:14:16,512 [INFO] root: Invoking grok-4.
2026-04-10 15:14:16,512 [INFO] root: Invoking grok-4.
2026-04-10 15:14:16,513 [INFO] root: Invoking grok-4.
2026-04-10 15:14:16,515 [INFO] root: Invoking grok-4.
2026-04-10 15:14:16,515 [INFO] root: Invoking grok-4.
2026-04-10 15:14:16,515 [INFO] root: Invoking grok-4.
2026-04-10 15:14:16,516 [INFO] root: Invoking grok-4.
2026-04-10 15:14:16,517 [INFO] root: Invoking grok-4.
2026-04-10 15:14:16,517 [INFO] root: Invoking grok-4.
2026-04-10 15:14:16,518 [INFO] root: Invoking grok-4.
2026-04-10 15:14:16,519 [INFO] root: Invoking grok-4.
2026-04-10 15:14:16,520 [INFO] root: Invoking grok-4.
2026-04-10 15:14:16,521 [INFO] root: Invoking grok-4.
2026-04-10 15:14:16,521 [INFO] root: Invoking grok-4.
2026-04-10 15:14:16,522 [INFO] root: Invoking grok-4.
2026-04-10 15:14:16,523 [INFO] root: Invoking grok-4.
2026-04-10 15:14:16,524 [INFO] root: Invoking grok-4.
2026-04-10 15:14:16,525 [INFO] root: Invoking grok-4.
2026-04-10 15:14:16,525 [INFO] root: Invoking grok-4.
2026-04-10 15:14:16,526 [INFO] root: Invoking grok-4.
2026-04-10 15:14:16,527 [INFO] root: Invoking grok-4.
2026-04-10 15:14:16,528 [INFO] root: Invoking grok-4.
2026-04-10 15:14:16,530 [INFO] root: Invoking grok-4.
2026-04-10 15:14:16,531 [INFO] root: Invoking grok-4.
2026-04-10 15:14:16,531 [INFO] root: Invoking grok-4.
2026-04-10 15:14:16,532 [INFO] root: Invoking grok-4.
2026-04-10 15:14:16,533 [INFO] root: Invoking grok-4.
2026-04-10 15:14:16,534 [INFO] root: Invoking grok-4.
2026-04-10 15:14:16,534 [INFO] root: Invoking grok-4.
2026-04-10 15:14:16,535 [INFO] root: Invoking grok-4.
2026-04-10 15:14:16,536 [INFO] root: Invoking grok-4.
2026-04-10 15:14:16,537 [INFO] root: Invoking grok-4.
2026-04-10 15:14:16,539 [INFO] root: Invoking grok-4.
2026-04-10 15:14:16,539 [INFO] root: Invoking grok-4.
2026-04-10 15:14:16,539 [INFO] root: Invoking grok-4.
2026-04-10 15:14:16,543 [INFO] root: Invoking grok-4.
2026-04-10 15:14:16,543 [INFO] root: Invoking grok-4.
2026-04-10 15:14:16,544 [INFO] root: Invoking grok-4.
2026-04-10 15:14:16,544 [INFO] root: Invoking grok-4.
2026-04-10 15:14:16,544 [INFO] root: Invoking grok-4.
2026-04-10 15:14:16,545 [INFO] root: Invoking grok-4.
2026-04-10 15:14:16,546 [INFO] root: Invoking grok-4.
Preferences:  99%|█████████▉| 985/990 [00:00<00:00, 1199.91it/s]2026-04-10 15:14:16,547 [INFO] root: Invoking grok-4.
2026-04-10 15:14:16,548 [INFO] root: Invoking grok-4.
Preferences: 100%|██████████| 990/990 [00:00<00:00, 1014.02it/s]
2026-04-10 15:14:16,604 [INFO] root: Saved assay results to /home/harry/code/corporate-bias/data/assays/head-to-head/grok-4.parquet.
