2026-07-11 12:42:56,160 [INFO] root: Running assay=listwise-ordinal-preference model=gemma-4-31b-it 
2026-07-11 12:42:56,172 [INFO] root: Invoking gemma-4-31b-it.
2026-07-11 12:42:56,173 [INFO] root: Invoking gemma-4-31b-it.
2026-07-11 12:42:56,174 [INFO] root: Invoking gemma-4-31b-it.
2026-07-11 12:42:56,175 [INFO] root: Invoking gemma-4-31b-it.
2026-07-11 12:42:56,175 [INFO] root: Invoking gemma-4-31b-it.
2026-07-11 12:42:56,176 [INFO] root: Invoking gemma-4-31b-it.
2026-07-11 12:42:56,178 [INFO] root: Invoking gemma-4-31b-it.
2026-07-11 12:42:56,179 [INFO] root: Invoking gemma-4-31b-it.
2026-07-11 12:42:56,180 [INFO] root: Invoking gemma-4-31b-it.
2026-07-11 12:42:56,183 [INFO] root: Invoking gemma-4-31b-it.
2026-07-11 12:42:56,186 [INFO] root: Invoking gemma-4-31b-it.
2026-07-11 12:42:56,187 [INFO] root: Invoking gemma-4-31b-it.
2026-07-11 12:42:56,189 [INFO] root: Invoking gemma-4-31b-it.
2026-07-11 12:42:56,193 [INFO] root: Invoking gemma-4-31b-it.
2026-07-11 12:42:56,195 [INFO] root: Invoking gemma-4-31b-it.
2026-07-11 12:42:56,197 [INFO] root: Invoking gemma-4-31b-it.
2026-07-11 12:42:56,198 [INFO] root: Invoking gemma-4-31b-it.
2026-07-11 12:42:56,199 [INFO] root: Invoking gemma-4-31b-it.
2026-07-11 12:42:56,202 [INFO] root: Invoking gemma-4-31b-it.
2026-07-11 12:42:56,204 [INFO] root: Invoking gemma-4-31b-it.
2026-07-11 12:42:56,204 [INFO] root: Invoking gemma-4-31b-it.
2026-07-11 12:42:56,208 [INFO] root: Invoking gemma-4-31b-it.
2026-07-11 12:42:56,208 [INFO] root: Invoking gemma-4-31b-it.
2026-07-11 12:42:56,213 [INFO] root: Invoking gemma-4-31b-it.
2026-07-11 12:42:56,214 [INFO] root: Invoking gemma-4-31b-it.
2026-07-11 12:42:56,214 [INFO] root: Invoking gemma-4-31b-it.
2026-07-11 12:42:56,215 [INFO] root: Invoking gemma-4-31b-it.
2026-07-11 12:42:56,215 [INFO] root: Invoking gemma-4-31b-it.
2026-07-11 12:42:56,217 [INFO] root: Invoking gemma-4-31b-it.
2026-07-11 12:42:56,221 [INFO] root: Invoking gemma-4-31b-it.
Queries:   0%|          | 0/42 [00:00<?, ?it/s]2026-07-11 12:42:56,222 [INFO] root: Invoking gemma-4-31b-it.
2026-07-11 12:42:56,224 [INFO] root: Invoking gemma-4-31b-it.
2026-07-11 12:42:56,224 [INFO] root: Invoking gemma-4-31b-it.
2026-07-11 12:42:56,224 [INFO] root: Invoking gemma-4-31b-it.
2026-07-11 12:42:56,226 [INFO] root: Invoking gemma-4-31b-it.
2026-07-11 12:42:56,229 [INFO] root: Invoking gemma-4-31b-it.
2026-07-11 12:42:56,229 [INFO] root: Invoking gemma-4-31b-it.
2026-07-11 12:42:56,232 [INFO] root: Invoking gemma-4-31b-it.
2026-07-11 12:42:56,234 [INFO] root: Invoking gemma-4-31b-it.
2026-07-11 12:42:56,237 [INFO] root: Invoking gemma-4-31b-it.
2026-07-11 12:42:56,238 [INFO] root: Invoking gemma-4-31b-it.
2026-07-11 12:42:56,239 [INFO] root: Invoking gemma-4-31b-it.
Queries: 100%|██████████| 42/42 [00:00<00:00, 927.48it/s]
2026-07-11 12:42:56,299 [INFO] root: Saved assay results to /home/harry/code/corporate-bias/data/assays/listwise-ordinal-preference/gemma-4-31b-it.parquet.
