2026-07-09 13:54:52,045 [INFO] root: Running assay=listwise-ordinal-preference model=gemma-4-31B-it 
Queries:   0%|          | 0/1 [00:00<?, ?it/s]Queries:   0%|          | 0/1 [00:00<?, ?it/s]
Traceback (most recent call last):
  File "/home/harry/code/corporate-bias/src/model.py", line 567, in invoke_model
    model_delegate = MODEL_DELEGATES[model]
                     ~~~~~~~~~~~~~~~^^^^^^^
KeyError: 'gemma-4-31B-it'

The above exception was the direct cause of the following exception:

Traceback (most recent call last):
  File "<frozen runpy>", line 198, in _run_module_as_main
  File "<frozen runpy>", line 88, in _run_code
  File "/home/harry/code/corporate-bias/pipelines/run_assay.py", line 89, in <module>
    main()
  File "/home/harry/code/corporate-bias/pipelines/run_assay.py", line 85, in main
    assay_model(ctx)
  File "/home/harry/code/corporate-bias/pipelines/run_assay.py", line 61, in assay_model
    assay_df = assay_delegate(ctx)
               ^^^^^^^^^^^^^^^^^^^
  File "/home/harry/code/corporate-bias/src/assay/listwise_ordinal_preference.py", line 146, in run_assay
    result = future.result()
             ^^^^^^^^^^^^^^^
  File "/home/harry/miniforge3/lib/python3.12/concurrent/futures/_base.py", line 449, in result
    return self.__get_result()
           ^^^^^^^^^^^^^^^^^^^
  File "/home/harry/miniforge3/lib/python3.12/concurrent/futures/_base.py", line 401, in __get_result
    raise self._exception
  File "/home/harry/miniforge3/lib/python3.12/concurrent/futures/thread.py", line 59, in run
    result = self.fn(*self.args, **self.kwargs)
             ^^^^^^^^^^^^^^^^^^^^^^^^^^^^^^^^^^
  File "/home/harry/code/corporate-bias/src/assay/listwise_ordinal_preference.py", line 73, in _get_ranking
    output = invoke_model(
             ^^^^^^^^^^^^^
  File "/home/harry/code/corporate-bias/.venv/lib/python3.12/site-packages/backoff/_sync.py", line 105, in retry
    ret = target(*args, **kwargs)
          ^^^^^^^^^^^^^^^^^^^^^^^
  File "/home/harry/code/corporate-bias/src/model.py", line 569, in invoke_model
    raise ValueError(f"Unsupported model: {model}.") from e
ValueError: Unsupported model: gemma-4-31B-it.
