2026-07-11 18:33:26,326 [INFO] root: Running assay=pairwise-comparative-preference model=grok-4.3 
2026-07-11 18:33:26,343 [INFO] root: Invoking grok-4.3.
2026-07-11 18:33:26,344 [INFO] root: Invoking grok-4.3.
2026-07-11 18:33:26,345 [INFO] root: Invoking grok-4.3.
2026-07-11 18:33:26,345 [INFO] root: Invoking grok-4.3.
2026-07-11 18:33:26,346 [INFO] root: Invoking grok-4.3.
2026-07-11 18:33:26,348 [INFO] root: Invoking grok-4.3.
2026-07-11 18:33:26,348 [INFO] root: Invoking grok-4.3.
2026-07-11 18:33:26,349 [INFO] root: Invoking grok-4.3.
2026-07-11 18:33:26,350 [INFO] root: Invoking grok-4.3.
2026-07-11 18:33:26,351 [INFO] root: Invoking grok-4.3.
2026-07-11 18:33:26,352 [INFO] root: Invoking grok-4.3.
2026-07-11 18:33:26,352 [INFO] root: Invoking grok-4.3.
2026-07-11 18:33:26,354 [INFO] root: Invoking grok-4.3.
2026-07-11 18:33:26,356 [INFO] root: Invoking grok-4.3.
2026-07-11 18:33:26,356 [INFO] root: Invoking grok-4.3.
2026-07-11 18:33:26,359 [INFO] root: Invoking grok-4.3.
2026-07-11 18:33:26,359 [INFO] root: Invoking grok-4.3.
2026-07-11 18:33:26,360 [INFO] root: Invoking grok-4.3.
2026-07-11 18:33:26,361 [INFO] root: Invoking grok-4.3.
2026-07-11 18:33:26,362 [INFO] root: Invoking grok-4.3.
2026-07-11 18:33:26,363 [INFO] root: Invoking grok-4.3.
2026-07-11 18:33:26,364 [INFO] root: Invoking grok-4.3.
2026-07-11 18:33:26,364 [INFO] root: Invoking grok-4.3.
2026-07-11 18:33:26,366 [INFO] root: Invoking grok-4.3.
2026-07-11 18:33:26,369 [INFO] root: Invoking grok-4.3.
2026-07-11 18:33:26,371 [INFO] root: Invoking grok-4.3.
2026-07-11 18:33:26,373 [INFO] root: Invoking grok-4.3.
2026-07-11 18:33:26,374 [INFO] root: Invoking grok-4.3.
2026-07-11 18:33:26,375 [INFO] root: Invoking grok-4.3.
2026-07-11 18:33:26,375 [INFO] root: Invoking grok-4.3.
2026-07-11 18:33:26,378 [INFO] root: Invoking grok-4.3.
2026-07-11 18:33:26,379 [INFO] root: Invoking grok-4.3.
2026-07-11 18:33:26,380 [INFO] root: Invoking grok-4.3.
2026-07-11 18:33:26,383 [INFO] root: Invoking grok-4.3.
2026-07-11 18:33:26,385 [INFO] root: Invoking grok-4.3.
2026-07-11 18:33:26,385 [INFO] root: Invoking grok-4.3.
2026-07-11 18:33:26,386 [INFO] root: Invoking grok-4.3.
2026-07-11 18:33:26,388 [INFO] root: Invoking grok-4.3.
2026-07-11 18:33:26,390 [INFO] root: Invoking grok-4.3.
2026-07-11 18:33:26,390 [INFO] root: Invoking grok-4.3.
2026-07-11 18:33:26,391 [INFO] root: Invoking grok-4.3.
2026-07-11 18:33:26,393 [INFO] root: Invoking grok-4.3.
2026-07-11 18:33:26,393 [INFO] root: Invoking grok-4.3.
2026-07-11 18:33:26,395 [INFO] root: Invoking grok-4.3.
2026-07-11 18:33:26,398 [INFO] root: Invoking grok-4.3.
2026-07-11 18:33:26,399 [INFO] root: Invoking grok-4.3.
2026-07-11 18:33:26,400 [INFO] root: Invoking grok-4.3.
2026-07-11 18:33:26,401 [INFO] root: Invoking grok-4.3.
2026-07-11 18:33:26,405 [INFO] root: Invoking grok-4.3.
2026-07-11 18:33:26,406 [INFO] root: Invoking grok-4.3.
2026-07-11 18:33:26,407 [INFO] root: Invoking grok-4.3.
2026-07-11 18:33:26,408 [INFO] root: Invoking grok-4.3.
2026-07-11 18:33:26,409 [INFO] root: Invoking grok-4.3.
2026-07-11 18:33:26,410 [INFO] root: Invoking grok-4.3.
2026-07-11 18:33:26,413 [INFO] root: Invoking grok-4.3.
2026-07-11 18:33:26,416 [INFO] root: Invoking grok-4.3.
2026-07-11 18:33:26,417 [INFO] root: Invoking grok-4.3.
2026-07-11 18:33:26,418 [INFO] root: Invoking grok-4.3.
2026-07-11 18:33:26,419 [INFO] root: Invoking grok-4.3.
2026-07-11 18:33:26,420 [INFO] root: Invoking grok-4.3.
2026-07-11 18:33:26,422 [INFO] root: Invoking grok-4.3.
2026-07-11 18:33:26,425 [INFO] root: Invoking grok-4.3.
2026-07-11 18:33:26,426 [INFO] root: Invoking grok-4.3.
2026-07-11 18:33:26,429 [INFO] root: Invoking grok-4.3.
2026-07-11 18:33:26,430 [INFO] root: Invoking grok-4.3.
2026-07-11 18:33:26,430 [INFO] root: Invoking grok-4.3.
2026-07-11 18:33:26,433 [INFO] root: Invoking grok-4.3.
2026-07-11 18:33:26,434 [INFO] root: Invoking grok-4.3.
2026-07-11 18:33:26,435 [INFO] root: Invoking grok-4.3.
2026-07-11 18:33:26,437 [INFO] root: Invoking grok-4.3.
2026-07-11 18:33:26,438 [INFO] root: Invoking grok-4.3.
2026-07-11 18:33:26,439 [INFO] root: Invoking grok-4.3.
2026-07-11 18:33:26,440 [INFO] root: Invoking grok-4.3.
2026-07-11 18:33:26,440 [INFO] root: Invoking grok-4.3.
2026-07-11 18:33:26,441 [INFO] root: Invoking grok-4.3.
2026-07-11 18:33:26,441 [INFO] root: Invoking grok-4.3.
2026-07-11 18:33:26,442 [INFO] root: Invoking grok-4.3.
2026-07-11 18:33:26,442 [INFO] root: Invoking grok-4.3.
2026-07-11 18:33:26,443 [INFO] root: Invoking grok-4.3.
2026-07-11 18:33:26,445 [INFO] root: Invoking grok-4.3.
2026-07-11 18:33:26,445 [INFO] root: Invoking grok-4.3.
2026-07-11 18:33:26,446 [INFO] root: Invoking grok-4.3.
2026-07-11 18:33:26,446 [INFO] root: Invoking grok-4.3.
2026-07-11 18:33:26,447 [INFO] root: Invoking grok-4.3.
2026-07-11 18:33:26,448 [INFO] root: Invoking grok-4.3.
2026-07-11 18:33:26,449 [INFO] root: Invoking grok-4.3.
2026-07-11 18:33:26,450 [INFO] root: Invoking grok-4.3.
2026-07-11 18:33:26,450 [INFO] root: Invoking grok-4.3.
2026-07-11 18:33:26,451 [INFO] root: Invoking grok-4.3.
2026-07-11 18:33:26,451 [INFO] root: Invoking grok-4.3.
2026-07-11 18:33:26,452 [INFO] root: Invoking grok-4.3.
2026-07-11 18:33:26,454 [INFO] root: Invoking grok-4.3.
2026-07-11 18:33:26,454 [INFO] root: Invoking grok-4.3.
2026-07-11 18:33:26,454 [INFO] root: Invoking grok-4.3.
2026-07-11 18:33:26,455 [INFO] root: Invoking grok-4.3.
2026-07-11 18:33:26,456 [INFO] root: Invoking grok-4.3.
2026-07-11 18:33:26,457 [INFO] root: Invoking grok-4.3.
2026-07-11 18:33:26,458 [INFO] root: Invoking grok-4.3.
2026-07-11 18:33:26,458 [INFO] root: Invoking grok-4.3.
2026-07-11 18:33:26,458 [INFO] root: Invoking grok-4.3.
2026-07-11 18:33:26,459 [INFO] root: Invoking grok-4.3.
2026-07-11 18:33:26,461 [INFO] root: Invoking grok-4.3.
2026-07-11 18:33:26,461 [INFO] root: Invoking grok-4.3.
2026-07-11 18:33:26,462 [INFO] root: Invoking grok-4.3.
2026-07-11 18:33:26,465 [INFO] root: Invoking grok-4.3.
2026-07-11 18:33:26,469 [INFO] root: Invoking grok-4.3.
2026-07-11 18:33:26,470 [INFO] root: Invoking grok-4.3.
2026-07-11 18:33:26,471 [INFO] root: Invoking grok-4.3.
Queries:   0%|          | 0/678 [00:00<?, ?it/s]2026-07-11 18:33:26,472 [INFO] root: Invoking grok-4.3.
2026-07-11 18:33:26,476 [INFO] root: Invoking grok-4.3.
2026-07-11 18:33:26,477 [INFO] root: Invoking grok-4.3.
2026-07-11 18:33:26,480 [INFO] root: Invoking grok-4.3.
2026-07-11 18:33:26,480 [INFO] root: Invoking grok-4.3.
2026-07-11 18:33:26,483 [INFO] root: Invoking grok-4.3.
2026-07-11 18:33:26,489 [INFO] root: Invoking grok-4.3.
2026-07-11 18:33:26,490 [INFO] root: Invoking grok-4.3.
2026-07-11 18:33:26,494 [INFO] root: Invoking grok-4.3.
2026-07-11 18:33:26,496 [INFO] root: Invoking grok-4.3.
2026-07-11 18:33:26,498 [INFO] root: Invoking grok-4.3.
2026-07-11 18:33:26,500 [INFO] root: Invoking grok-4.3.
2026-07-11 18:33:26,502 [INFO] root: Invoking grok-4.3.
2026-07-11 18:33:26,504 [INFO] root: Invoking grok-4.3.
2026-07-11 18:33:26,505 [INFO] root: Invoking grok-4.3.
2026-07-11 18:33:26,515 [INFO] root: Invoking grok-4.3.
2026-07-11 18:33:26,516 [INFO] root: Invoking grok-4.3.
2026-07-11 18:33:26,517 [INFO] root: Invoking grok-4.3.
2026-07-11 18:33:26,520 [INFO] root: Invoking grok-4.3.
2026-07-11 18:33:26,522 [INFO] root: Invoking grok-4.3.
2026-07-11 18:33:26,522 [INFO] root: Invoking grok-4.3.
2026-07-11 18:33:26,525 [INFO] root: Invoking grok-4.3.
2026-07-11 18:33:26,525 [INFO] root: Invoking grok-4.3.
2026-07-11 18:33:26,526 [INFO] root: Invoking grok-4.3.
2026-07-11 18:33:26,527 [INFO] root: Invoking grok-4.3.
2026-07-11 18:33:26,528 [INFO] root: Invoking grok-4.3.
2026-07-11 18:33:26,529 [INFO] root: Invoking grok-4.3.
2026-07-11 18:33:26,534 [INFO] root: Invoking grok-4.3.
2026-07-11 18:33:26,618 [INFO] root: Invoking grok-4.3.
2026-07-11 18:33:26,618 [INFO] root: Invoking grok-4.3.
2026-07-11 18:33:26,619 [INFO] root: Invoking grok-4.3.
2026-07-11 18:33:26,620 [INFO] root: Invoking grok-4.3.
2026-07-11 18:33:26,620 [INFO] root: Invoking grok-4.3.
2026-07-11 18:33:26,621 [INFO] root: Invoking grok-4.3.
2026-07-11 18:33:26,621 [INFO] root: Invoking grok-4.3.
2026-07-11 18:33:26,623 [INFO] root: Invoking grok-4.3.
2026-07-11 18:33:26,623 [INFO] root: Invoking grok-4.3.
2026-07-11 18:33:26,623 [INFO] root: Invoking grok-4.3.
Queries:  19%|█▉        | 128/678 [00:00<00:00, 1276.46it/s]2026-07-11 18:33:26,624 [INFO] root: Invoking grok-4.3.
2026-07-11 18:33:26,624 [INFO] root: Invoking grok-4.3.
2026-07-11 18:33:26,625 [INFO] root: Invoking grok-4.3.
2026-07-11 18:33:26,626 [INFO] root: Invoking grok-4.3.
2026-07-11 18:33:26,627 [INFO] root: Invoking grok-4.3.
2026-07-11 18:33:26,630 [INFO] root: Invoking grok-4.3.
2026-07-11 18:33:26,630 [INFO] root: Invoking grok-4.3.
2026-07-11 18:33:26,632 [INFO] root: Invoking grok-4.3.
2026-07-11 18:33:26,632 [INFO] root: Invoking grok-4.3.
2026-07-11 18:33:26,632 [INFO] root: Invoking grok-4.3.
2026-07-11 18:33:26,633 [INFO] root: Invoking grok-4.3.
2026-07-11 18:33:26,633 [INFO] root: Invoking grok-4.3.
2026-07-11 18:33:26,634 [INFO] root: Invoking grok-4.3.
2026-07-11 18:33:26,635 [INFO] root: Invoking grok-4.3.
2026-07-11 18:33:26,636 [INFO] root: Invoking grok-4.3.
2026-07-11 18:33:26,637 [INFO] root: Invoking grok-4.3.
2026-07-11 18:33:26,639 [INFO] root: Invoking grok-4.3.
2026-07-11 18:33:26,640 [INFO] root: Invoking grok-4.3.
2026-07-11 18:33:26,640 [INFO] root: Invoking grok-4.3.
2026-07-11 18:33:26,641 [INFO] root: Invoking grok-4.3.
2026-07-11 18:33:26,641 [INFO] root: Invoking grok-4.3.
2026-07-11 18:33:26,643 [INFO] root: Invoking grok-4.3.
2026-07-11 18:33:26,645 [INFO] root: Invoking grok-4.3.
2026-07-11 18:33:26,648 [INFO] root: Invoking grok-4.3.
2026-07-11 18:33:26,649 [INFO] root: Invoking grok-4.3.
2026-07-11 18:33:26,650 [INFO] root: Invoking grok-4.3.
2026-07-11 18:33:26,652 [INFO] root: Invoking grok-4.3.
2026-07-11 18:33:26,654 [INFO] root: Invoking grok-4.3.
2026-07-11 18:33:26,655 [INFO] root: Invoking grok-4.3.
2026-07-11 18:33:26,655 [INFO] root: Invoking grok-4.3.
2026-07-11 18:33:26,655 [INFO] root: Invoking grok-4.3.
2026-07-11 18:33:26,656 [INFO] root: Invoking grok-4.3.
2026-07-11 18:33:26,657 [INFO] root: Invoking grok-4.3.
2026-07-11 18:33:26,658 [INFO] root: Invoking grok-4.3.
2026-07-11 18:33:26,661 [INFO] root: Invoking grok-4.3.
2026-07-11 18:33:26,662 [INFO] root: Invoking grok-4.3.
2026-07-11 18:33:26,663 [INFO] root: Invoking grok-4.3.
2026-07-11 18:33:26,663 [INFO] root: Invoking grok-4.3.
2026-07-11 18:33:26,665 [INFO] root: Invoking grok-4.3.
2026-07-11 18:33:26,668 [INFO] root: Invoking grok-4.3.
2026-07-11 18:33:26,671 [INFO] root: Invoking grok-4.3.
2026-07-11 18:33:26,671 [INFO] root: Invoking grok-4.3.
2026-07-11 18:33:26,673 [INFO] root: Invoking grok-4.3.
2026-07-11 18:33:26,673 [INFO] root: Invoking grok-4.3.
2026-07-11 18:33:26,674 [INFO] root: Invoking grok-4.3.
2026-07-11 18:33:26,676 [INFO] root: Invoking grok-4.3.
2026-07-11 18:33:26,677 [INFO] root: Invoking grok-4.3.
2026-07-11 18:33:26,678 [INFO] root: Invoking grok-4.3.
2026-07-11 18:33:26,680 [INFO] root: Invoking grok-4.3.
2026-07-11 18:33:26,681 [INFO] root: Invoking grok-4.3.
2026-07-11 18:33:26,682 [INFO] root: Invoking grok-4.3.
2026-07-11 18:33:26,682 [INFO] root: Invoking grok-4.3.
2026-07-11 18:33:26,684 [INFO] root: Invoking grok-4.3.
2026-07-11 18:33:26,686 [INFO] root: Invoking grok-4.3.
2026-07-11 18:33:26,687 [INFO] root: Invoking grok-4.3.
2026-07-11 18:33:26,688 [INFO] root: Invoking grok-4.3.
2026-07-11 18:33:26,689 [INFO] root: Invoking grok-4.3.
2026-07-11 18:33:26,690 [INFO] root: Invoking grok-4.3.
2026-07-11 18:33:26,691 [INFO] root: Invoking grok-4.3.
2026-07-11 18:33:26,691 [INFO] root: Invoking grok-4.3.
2026-07-11 18:33:26,691 [INFO] root: Invoking grok-4.3.
2026-07-11 18:33:26,692 [INFO] root: Invoking grok-4.3.
2026-07-11 18:33:26,693 [INFO] root: Invoking grok-4.3.
2026-07-11 18:33:26,693 [INFO] root: Invoking grok-4.3.
2026-07-11 18:33:26,695 [INFO] root: Invoking grok-4.3.
2026-07-11 18:33:26,698 [INFO] root: Invoking grok-4.3.
2026-07-11 18:33:26,699 [INFO] root: Invoking grok-4.3.
2026-07-11 18:33:26,699 [INFO] root: Invoking grok-4.3.
2026-07-11 18:33:26,700 [INFO] root: Invoking grok-4.3.
2026-07-11 18:33:26,702 [INFO] root: Invoking grok-4.3.
2026-07-11 18:33:26,702 [INFO] root: Invoking grok-4.3.
2026-07-11 18:33:26,703 [INFO] root: Invoking grok-4.3.
2026-07-11 18:33:26,703 [INFO] root: Invoking grok-4.3.
2026-07-11 18:33:26,704 [INFO] root: Invoking grok-4.3.
2026-07-11 18:33:26,704 [INFO] root: Invoking grok-4.3.
2026-07-11 18:33:26,705 [INFO] root: Invoking grok-4.3.
2026-07-11 18:33:26,705 [INFO] root: Invoking grok-4.3.
2026-07-11 18:33:26,705 [INFO] root: Invoking grok-4.3.
2026-07-11 18:33:26,707 [INFO] root: Invoking grok-4.3.
2026-07-11 18:33:26,708 [INFO] root: Invoking grok-4.3.
2026-07-11 18:33:26,712 [INFO] root: Invoking grok-4.3.
2026-07-11 18:33:26,713 [INFO] root: Invoking grok-4.3.
2026-07-11 18:33:26,722 [INFO] root: Invoking grok-4.3.
2026-07-11 18:33:26,731 [INFO] root: Invoking grok-4.3.
2026-07-11 18:33:26,743 [INFO] root: Invoking grok-4.3.
2026-07-11 18:33:26,751 [INFO] root: Invoking grok-4.3.
2026-07-11 18:33:26,752 [INFO] root: Invoking grok-4.3.
2026-07-11 18:33:26,753 [INFO] root: Invoking grok-4.3.
2026-07-11 18:33:26,760 [INFO] root: Invoking grok-4.3.
2026-07-11 18:33:26,765 [INFO] root: Invoking grok-4.3.
2026-07-11 18:33:26,765 [INFO] root: Invoking grok-4.3.
2026-07-11 18:33:26,768 [INFO] root: Invoking grok-4.3.
2026-07-11 18:33:26,775 [INFO] root: Invoking grok-4.3.
2026-07-11 18:33:26,779 [INFO] root: Invoking grok-4.3.
2026-07-11 18:33:26,779 [INFO] root: Invoking grok-4.3.
2026-07-11 18:33:26,782 [INFO] root: Invoking grok-4.3.
2026-07-11 18:33:26,784 [INFO] root: Invoking grok-4.3.
2026-07-11 18:33:26,786 [INFO] root: Invoking grok-4.3.
2026-07-11 18:33:26,787 [INFO] root: Invoking grok-4.3.
2026-07-11 18:33:26,788 [INFO] root: Invoking grok-4.3.
2026-07-11 18:33:26,789 [INFO] root: Invoking grok-4.3.
2026-07-11 18:33:26,790 [INFO] root: Invoking grok-4.3.
2026-07-11 18:33:26,791 [INFO] root: Invoking grok-4.3.
2026-07-11 18:33:26,792 [INFO] root: Invoking grok-4.3.
2026-07-11 18:33:26,792 [INFO] root: Invoking grok-4.3.
2026-07-11 18:33:26,793 [INFO] root: Invoking grok-4.3.
2026-07-11 18:33:26,794 [INFO] root: Invoking grok-4.3.
2026-07-11 18:33:26,795 [INFO] root: Invoking grok-4.3.
2026-07-11 18:33:26,795 [INFO] root: Invoking grok-4.3.
2026-07-11 18:33:26,797 [INFO] root: Invoking grok-4.3.
2026-07-11 18:33:26,798 [INFO] root: Invoking grok-4.3.
2026-07-11 18:33:26,799 [INFO] root: Invoking grok-4.3.
2026-07-11 18:33:26,801 [INFO] root: Invoking grok-4.3.
2026-07-11 18:33:26,802 [INFO] root: Invoking grok-4.3.
Queries:  38%|███▊      | 256/678 [00:00<00:00, 715.81it/s] 2026-07-11 18:33:26,804 [INFO] root: Invoking grok-4.3.
2026-07-11 18:33:26,805 [INFO] root: Invoking grok-4.3.
2026-07-11 18:33:26,806 [INFO] root: Invoking grok-4.3.
2026-07-11 18:33:26,807 [INFO] root: Invoking grok-4.3.
2026-07-11 18:33:26,808 [INFO] root: Invoking grok-4.3.
2026-07-11 18:33:26,809 [INFO] root: Invoking grok-4.3.
2026-07-11 18:33:26,810 [INFO] root: Invoking grok-4.3.
2026-07-11 18:33:26,812 [INFO] root: Invoking grok-4.3.
2026-07-11 18:33:26,815 [INFO] root: Invoking grok-4.3.
2026-07-11 18:33:26,817 [INFO] root: Invoking grok-4.3.
2026-07-11 18:33:26,819 [INFO] root: Invoking grok-4.3.
2026-07-11 18:33:26,821 [INFO] root: Invoking grok-4.3.
2026-07-11 18:33:26,826 [INFO] root: Invoking grok-4.3.
2026-07-11 18:33:26,829 [INFO] root: Invoking grok-4.3.
2026-07-11 18:33:26,832 [INFO] root: Invoking grok-4.3.
2026-07-11 18:33:26,835 [INFO] root: Invoking grok-4.3.
2026-07-11 18:33:26,836 [INFO] root: Invoking grok-4.3.
2026-07-11 18:33:26,838 [INFO] root: Invoking grok-4.3.
2026-07-11 18:33:26,840 [INFO] root: Invoking grok-4.3.
2026-07-11 18:33:26,841 [INFO] root: Invoking grok-4.3.
2026-07-11 18:33:26,843 [INFO] root: Invoking grok-4.3.
2026-07-11 18:33:26,847 [INFO] root: Invoking grok-4.3.
2026-07-11 18:33:26,848 [INFO] root: Invoking grok-4.3.
2026-07-11 18:33:26,849 [INFO] root: Invoking grok-4.3.
2026-07-11 18:33:26,849 [INFO] root: Invoking grok-4.3.
2026-07-11 18:33:26,853 [INFO] root: Invoking grok-4.3.
2026-07-11 18:33:26,854 [INFO] root: Invoking grok-4.3.
2026-07-11 18:33:26,856 [INFO] root: Invoking grok-4.3.
2026-07-11 18:33:26,857 [INFO] root: Invoking grok-4.3.
2026-07-11 18:33:26,867 [INFO] root: Invoking grok-4.3.
2026-07-11 18:33:26,868 [INFO] root: Invoking grok-4.3.
2026-07-11 18:33:26,872 [INFO] root: Invoking grok-4.3.
2026-07-11 18:33:26,881 [INFO] root: Invoking grok-4.3.
2026-07-11 18:33:26,881 [INFO] root: Invoking grok-4.3.
2026-07-11 18:33:26,882 [INFO] root: Invoking grok-4.3.
2026-07-11 18:33:26,885 [INFO] root: Invoking grok-4.3.
2026-07-11 18:33:26,890 [INFO] root: Invoking grok-4.3.
2026-07-11 18:33:26,890 [INFO] root: Invoking grok-4.3.
2026-07-11 18:33:26,891 [INFO] root: Invoking grok-4.3.
2026-07-11 18:33:26,893 [INFO] root: Invoking grok-4.3.
2026-07-11 18:33:26,901 [INFO] root: Invoking grok-4.3.
2026-07-11 18:33:26,903 [INFO] root: Invoking grok-4.3.
2026-07-11 18:33:26,905 [INFO] root: Invoking grok-4.3.
2026-07-11 18:33:26,905 [INFO] root: Invoking grok-4.3.
2026-07-11 18:33:26,906 [INFO] root: Invoking grok-4.3.
2026-07-11 18:33:26,911 [INFO] root: Invoking grok-4.3.
2026-07-11 18:33:26,912 [INFO] root: Invoking grok-4.3.
2026-07-11 18:33:26,914 [INFO] root: Invoking grok-4.3.
2026-07-11 18:33:26,917 [INFO] root: Invoking grok-4.3.
2026-07-11 18:33:26,918 [INFO] root: Invoking grok-4.3.
2026-07-11 18:33:26,918 [INFO] root: Invoking grok-4.3.
2026-07-11 18:33:26,920 [INFO] root: Invoking grok-4.3.
2026-07-11 18:33:26,924 [INFO] root: Invoking grok-4.3.
2026-07-11 18:33:26,926 [INFO] root: Invoking grok-4.3.
2026-07-11 18:33:26,927 [INFO] root: Invoking grok-4.3.
2026-07-11 18:33:26,929 [INFO] root: Invoking grok-4.3.
2026-07-11 18:33:26,934 [INFO] root: Invoking grok-4.3.
2026-07-11 18:33:26,935 [INFO] root: Invoking grok-4.3.
2026-07-11 18:33:26,936 [INFO] root: Invoking grok-4.3.
2026-07-11 18:33:26,938 [INFO] root: Invoking grok-4.3.
2026-07-11 18:33:26,941 [INFO] root: Invoking grok-4.3.
2026-07-11 18:33:26,941 [INFO] root: Invoking grok-4.3.
2026-07-11 18:33:26,944 [INFO] root: Invoking grok-4.3.
2026-07-11 18:33:26,945 [INFO] root: Invoking grok-4.3.
2026-07-11 18:33:26,947 [INFO] root: Invoking grok-4.3.
2026-07-11 18:33:26,948 [INFO] root: Invoking grok-4.3.
2026-07-11 18:33:26,949 [INFO] root: Invoking grok-4.3.
2026-07-11 18:33:26,953 [INFO] root: Invoking grok-4.3.
2026-07-11 18:33:26,954 [INFO] root: Invoking grok-4.3.
2026-07-11 18:33:26,956 [INFO] root: Invoking grok-4.3.
2026-07-11 18:33:26,957 [INFO] root: Invoking grok-4.3.
2026-07-11 18:33:26,958 [INFO] root: Invoking grok-4.3.
2026-07-11 18:33:26,960 [INFO] root: Invoking grok-4.3.
2026-07-11 18:33:26,961 [INFO] root: Invoking grok-4.3.
2026-07-11 18:33:26,961 [INFO] root: Invoking grok-4.3.
2026-07-11 18:33:26,962 [INFO] root: Invoking grok-4.3.
2026-07-11 18:33:26,963 [INFO] root: Invoking grok-4.3.
2026-07-11 18:33:26,964 [INFO] root: Invoking grok-4.3.
2026-07-11 18:33:26,965 [INFO] root: Invoking grok-4.3.
2026-07-11 18:33:26,966 [INFO] root: Invoking grok-4.3.
2026-07-11 18:33:26,966 [INFO] root: Invoking grok-4.3.
2026-07-11 18:33:26,967 [INFO] root: Invoking grok-4.3.
2026-07-11 18:33:26,968 [INFO] root: Invoking grok-4.3.
2026-07-11 18:33:26,969 [INFO] root: Invoking grok-4.3.
2026-07-11 18:33:26,975 [INFO] root: Invoking grok-4.3.
2026-07-11 18:33:26,975 [INFO] root: Invoking grok-4.3.
2026-07-11 18:33:26,976 [INFO] root: Invoking grok-4.3.
2026-07-11 18:33:26,976 [INFO] root: Invoking grok-4.3.
2026-07-11 18:33:26,977 [INFO] root: Invoking grok-4.3.
2026-07-11 18:33:26,978 [INFO] root: Invoking grok-4.3.
2026-07-11 18:33:26,981 [INFO] root: Invoking grok-4.3.
2026-07-11 18:33:26,982 [INFO] root: Invoking grok-4.3.
2026-07-11 18:33:26,983 [INFO] root: Invoking grok-4.3.
2026-07-11 18:33:26,985 [INFO] root: Invoking grok-4.3.
2026-07-11 18:33:26,990 [INFO] root: Invoking grok-4.3.
2026-07-11 18:33:26,997 [INFO] root: Invoking grok-4.3.
2026-07-11 18:33:26,999 [INFO] root: Invoking grok-4.3.
Queries:  52%|█████▏    | 354/678 [00:00<00:00, 797.91it/s]2026-07-11 18:33:27,005 [INFO] root: Invoking grok-4.3.
2026-07-11 18:33:27,007 [INFO] root: Invoking grok-4.3.
2026-07-11 18:33:27,008 [INFO] root: Invoking grok-4.3.
2026-07-11 18:33:27,010 [INFO] root: Invoking grok-4.3.
2026-07-11 18:33:27,011 [INFO] root: Invoking grok-4.3.
2026-07-11 18:33:27,012 [INFO] root: Invoking grok-4.3.
2026-07-11 18:33:27,013 [INFO] root: Invoking grok-4.3.
2026-07-11 18:33:27,014 [INFO] root: Invoking grok-4.3.
2026-07-11 18:33:27,014 [INFO] root: Invoking grok-4.3.
2026-07-11 18:33:27,018 [INFO] root: Invoking grok-4.3.
2026-07-11 18:33:27,019 [INFO] root: Invoking grok-4.3.
2026-07-11 18:33:27,019 [INFO] root: Invoking grok-4.3.
2026-07-11 18:33:27,019 [INFO] root: Invoking grok-4.3.
2026-07-11 18:33:27,020 [INFO] root: Invoking grok-4.3.
2026-07-11 18:33:27,021 [INFO] root: Invoking grok-4.3.
2026-07-11 18:33:27,021 [INFO] root: Invoking grok-4.3.
2026-07-11 18:33:27,022 [INFO] root: Invoking grok-4.3.
2026-07-11 18:33:27,023 [INFO] root: Invoking grok-4.3.
2026-07-11 18:33:27,024 [INFO] root: Invoking grok-4.3.
2026-07-11 18:33:27,028 [INFO] root: Invoking grok-4.3.
2026-07-11 18:33:27,028 [INFO] root: Invoking grok-4.3.
2026-07-11 18:33:27,029 [INFO] root: Invoking grok-4.3.
2026-07-11 18:33:27,029 [INFO] root: Invoking grok-4.3.
2026-07-11 18:33:27,030 [INFO] root: Invoking grok-4.3.
2026-07-11 18:33:27,030 [INFO] root: Invoking grok-4.3.
2026-07-11 18:33:27,032 [INFO] root: Invoking grok-4.3.
2026-07-11 18:33:27,034 [INFO] root: Invoking grok-4.3.
2026-07-11 18:33:27,035 [INFO] root: Invoking grok-4.3.
2026-07-11 18:33:27,036 [INFO] root: Invoking grok-4.3.
2026-07-11 18:33:27,037 [INFO] root: Invoking grok-4.3.
2026-07-11 18:33:27,037 [INFO] root: Invoking grok-4.3.
2026-07-11 18:33:27,041 [INFO] root: Invoking grok-4.3.
2026-07-11 18:33:27,042 [INFO] root: Invoking grok-4.3.
2026-07-11 18:33:27,043 [INFO] root: Invoking grok-4.3.
2026-07-11 18:33:27,045 [INFO] root: Invoking grok-4.3.
2026-07-11 18:33:27,046 [INFO] root: Invoking grok-4.3.
2026-07-11 18:33:27,047 [INFO] root: Invoking grok-4.3.
2026-07-11 18:33:27,047 [INFO] root: Invoking grok-4.3.
2026-07-11 18:33:27,049 [INFO] root: Invoking grok-4.3.
2026-07-11 18:33:27,051 [INFO] root: Invoking grok-4.3.
2026-07-11 18:33:27,052 [INFO] root: Invoking grok-4.3.
2026-07-11 18:33:27,052 [INFO] root: Invoking grok-4.3.
2026-07-11 18:33:27,053 [INFO] root: Invoking grok-4.3.
2026-07-11 18:33:27,054 [INFO] root: Invoking grok-4.3.
2026-07-11 18:33:27,055 [INFO] root: Invoking grok-4.3.
2026-07-11 18:33:27,057 [INFO] root: Invoking grok-4.3.
2026-07-11 18:33:27,058 [INFO] root: Invoking grok-4.3.
2026-07-11 18:33:27,059 [INFO] root: Invoking grok-4.3.
2026-07-11 18:33:27,060 [INFO] root: Invoking grok-4.3.
2026-07-11 18:33:27,061 [INFO] root: Invoking grok-4.3.
2026-07-11 18:33:27,062 [INFO] root: Invoking grok-4.3.
2026-07-11 18:33:27,063 [INFO] root: Invoking grok-4.3.
2026-07-11 18:33:27,064 [INFO] root: Invoking grok-4.3.
2026-07-11 18:33:27,064 [INFO] root: Invoking grok-4.3.
2026-07-11 18:33:27,066 [INFO] root: Invoking grok-4.3.
2026-07-11 18:33:27,067 [INFO] root: Invoking grok-4.3.
2026-07-11 18:33:27,068 [INFO] root: Invoking grok-4.3.
2026-07-11 18:33:27,068 [INFO] root: Invoking grok-4.3.
2026-07-11 18:33:27,069 [INFO] root: Invoking grok-4.3.
2026-07-11 18:33:27,070 [INFO] root: Invoking grok-4.3.
2026-07-11 18:33:27,071 [INFO] root: Invoking grok-4.3.
2026-07-11 18:33:27,074 [INFO] root: Invoking grok-4.3.
2026-07-11 18:33:27,076 [INFO] root: Invoking grok-4.3.
2026-07-11 18:33:27,077 [INFO] root: Invoking grok-4.3.
2026-07-11 18:33:27,078 [INFO] root: Invoking grok-4.3.
2026-07-11 18:33:27,078 [INFO] root: Invoking grok-4.3.
2026-07-11 18:33:27,079 [INFO] root: Invoking grok-4.3.
2026-07-11 18:33:27,080 [INFO] root: Invoking grok-4.3.
2026-07-11 18:33:27,082 [INFO] root: Invoking grok-4.3.
2026-07-11 18:33:27,082 [INFO] root: Invoking grok-4.3.
2026-07-11 18:33:27,083 [INFO] root: Invoking grok-4.3.
2026-07-11 18:33:27,083 [INFO] root: Invoking grok-4.3.
2026-07-11 18:33:27,084 [INFO] root: Invoking grok-4.3.
2026-07-11 18:33:27,086 [INFO] root: Invoking grok-4.3.
2026-07-11 18:33:27,088 [INFO] root: Invoking grok-4.3.
2026-07-11 18:33:27,089 [INFO] root: Invoking grok-4.3.
2026-07-11 18:33:27,091 [INFO] root: Invoking grok-4.3.
2026-07-11 18:33:27,092 [INFO] root: Invoking grok-4.3.
2026-07-11 18:33:27,093 [INFO] root: Invoking grok-4.3.
2026-07-11 18:33:27,094 [INFO] root: Invoking grok-4.3.
2026-07-11 18:33:27,094 [INFO] root: Invoking grok-4.3.
2026-07-11 18:33:27,094 [INFO] root: Invoking grok-4.3.
2026-07-11 18:33:27,095 [INFO] root: Invoking grok-4.3.
2026-07-11 18:33:27,096 [INFO] root: Invoking grok-4.3.
2026-07-11 18:33:27,097 [INFO] root: Invoking grok-4.3.
2026-07-11 18:33:27,098 [INFO] root: Invoking grok-4.3.
2026-07-11 18:33:27,099 [INFO] root: Invoking grok-4.3.
2026-07-11 18:33:27,100 [INFO] root: Invoking grok-4.3.
2026-07-11 18:33:27,102 [INFO] root: Invoking grok-4.3.
2026-07-11 18:33:27,103 [INFO] root: Invoking grok-4.3.
2026-07-11 18:33:27,104 [INFO] root: Invoking grok-4.3.
2026-07-11 18:33:27,105 [INFO] root: Invoking grok-4.3.
Queries:  66%|██████▌   | 446/678 [00:00<00:00, 835.23it/s]2026-07-11 18:33:27,105 [INFO] root: Invoking grok-4.3.
2026-07-11 18:33:27,106 [INFO] root: Invoking grok-4.3.
2026-07-11 18:33:27,106 [INFO] root: Invoking grok-4.3.
2026-07-11 18:33:27,108 [INFO] root: Invoking grok-4.3.
2026-07-11 18:33:27,108 [INFO] root: Invoking grok-4.3.
2026-07-11 18:33:27,109 [INFO] root: Invoking grok-4.3.
2026-07-11 18:33:27,110 [INFO] root: Invoking grok-4.3.
2026-07-11 18:33:27,112 [INFO] root: Invoking grok-4.3.
2026-07-11 18:33:27,113 [INFO] root: Invoking grok-4.3.
2026-07-11 18:33:27,116 [INFO] root: Invoking grok-4.3.
2026-07-11 18:33:27,116 [INFO] root: Invoking grok-4.3.
2026-07-11 18:33:27,117 [INFO] root: Invoking grok-4.3.
2026-07-11 18:33:27,117 [INFO] root: Invoking grok-4.3.
2026-07-11 18:33:27,118 [INFO] root: Invoking grok-4.3.
2026-07-11 18:33:27,119 [INFO] root: Invoking grok-4.3.
2026-07-11 18:33:27,119 [INFO] root: Invoking grok-4.3.
2026-07-11 18:33:27,120 [INFO] root: Invoking grok-4.3.
2026-07-11 18:33:27,120 [INFO] root: Invoking grok-4.3.
2026-07-11 18:33:27,121 [INFO] root: Invoking grok-4.3.
2026-07-11 18:33:27,122 [INFO] root: Invoking grok-4.3.
2026-07-11 18:33:27,125 [INFO] root: Invoking grok-4.3.
2026-07-11 18:33:27,126 [INFO] root: Invoking grok-4.3.
2026-07-11 18:33:27,127 [INFO] root: Invoking grok-4.3.
2026-07-11 18:33:27,128 [INFO] root: Invoking grok-4.3.
2026-07-11 18:33:27,129 [INFO] root: Invoking grok-4.3.
2026-07-11 18:33:27,129 [INFO] root: Invoking grok-4.3.
2026-07-11 18:33:27,130 [INFO] root: Invoking grok-4.3.
2026-07-11 18:33:27,130 [INFO] root: Invoking grok-4.3.
2026-07-11 18:33:27,131 [INFO] root: Invoking grok-4.3.
2026-07-11 18:33:27,132 [INFO] root: Invoking grok-4.3.
2026-07-11 18:33:27,132 [INFO] root: Invoking grok-4.3.
2026-07-11 18:33:27,134 [INFO] root: Invoking grok-4.3.
2026-07-11 18:33:27,135 [INFO] root: Invoking grok-4.3.
2026-07-11 18:33:27,137 [INFO] root: Invoking grok-4.3.
2026-07-11 18:33:27,138 [INFO] root: Invoking grok-4.3.
2026-07-11 18:33:27,139 [INFO] root: Invoking grok-4.3.
2026-07-11 18:33:27,140 [INFO] root: Invoking grok-4.3.
2026-07-11 18:33:27,141 [INFO] root: Invoking grok-4.3.
2026-07-11 18:33:27,143 [INFO] root: Invoking grok-4.3.
2026-07-11 18:33:27,144 [INFO] root: Invoking grok-4.3.
2026-07-11 18:33:27,145 [INFO] root: Invoking grok-4.3.
2026-07-11 18:33:27,146 [INFO] root: Invoking grok-4.3.
2026-07-11 18:33:27,147 [INFO] root: Invoking grok-4.3.
2026-07-11 18:33:27,148 [INFO] root: Invoking grok-4.3.
2026-07-11 18:33:27,150 [INFO] root: Invoking grok-4.3.
2026-07-11 18:33:27,151 [INFO] root: Invoking grok-4.3.
2026-07-11 18:33:27,152 [INFO] root: Invoking grok-4.3.
2026-07-11 18:33:27,153 [INFO] root: Invoking grok-4.3.
2026-07-11 18:33:27,154 [INFO] root: Invoking grok-4.3.
2026-07-11 18:33:27,154 [INFO] root: Invoking grok-4.3.
2026-07-11 18:33:27,154 [INFO] root: Invoking grok-4.3.
2026-07-11 18:33:27,156 [INFO] root: Invoking grok-4.3.
2026-07-11 18:33:27,157 [INFO] root: Invoking grok-4.3.
2026-07-11 18:33:27,158 [INFO] root: Invoking grok-4.3.
2026-07-11 18:33:27,158 [INFO] root: Invoking grok-4.3.
2026-07-11 18:33:27,159 [INFO] root: Invoking grok-4.3.
2026-07-11 18:33:27,162 [INFO] root: Invoking grok-4.3.
2026-07-11 18:33:27,163 [INFO] root: Invoking grok-4.3.
2026-07-11 18:33:27,165 [INFO] root: Invoking grok-4.3.
2026-07-11 18:33:27,165 [INFO] root: Invoking grok-4.3.
2026-07-11 18:33:27,166 [INFO] root: Invoking grok-4.3.
2026-07-11 18:33:27,166 [INFO] root: Invoking grok-4.3.
2026-07-11 18:33:27,167 [INFO] root: Invoking grok-4.3.
2026-07-11 18:33:27,169 [INFO] root: Invoking grok-4.3.
2026-07-11 18:33:27,171 [INFO] root: Invoking grok-4.3.
2026-07-11 18:33:27,171 [INFO] root: Invoking grok-4.3.
2026-07-11 18:33:27,178 [INFO] root: Invoking grok-4.3.
2026-07-11 18:33:27,178 [INFO] root: Invoking grok-4.3.
2026-07-11 18:33:27,180 [INFO] root: Invoking grok-4.3.
2026-07-11 18:33:27,180 [INFO] root: Invoking grok-4.3.
2026-07-11 18:33:27,181 [INFO] root: Invoking grok-4.3.
2026-07-11 18:33:27,182 [INFO] root: Invoking grok-4.3.
2026-07-11 18:33:27,182 [INFO] root: Invoking grok-4.3.
2026-07-11 18:33:27,183 [INFO] root: Invoking grok-4.3.
2026-07-11 18:33:27,185 [INFO] root: Invoking grok-4.3.
2026-07-11 18:33:27,186 [INFO] root: Invoking grok-4.3.
2026-07-11 18:33:27,189 [INFO] root: Invoking grok-4.3.
2026-07-11 18:33:27,191 [INFO] root: Invoking grok-4.3.
2026-07-11 18:33:27,192 [INFO] root: Invoking grok-4.3.
2026-07-11 18:33:27,193 [INFO] root: Invoking grok-4.3.
2026-07-11 18:33:27,193 [INFO] root: Invoking grok-4.3.
2026-07-11 18:33:27,193 [INFO] root: Invoking grok-4.3.
2026-07-11 18:33:27,195 [INFO] root: Invoking grok-4.3.
2026-07-11 18:33:27,195 [INFO] root: Invoking grok-4.3.
2026-07-11 18:33:27,196 [INFO] root: Invoking grok-4.3.
2026-07-11 18:33:27,197 [INFO] root: Invoking grok-4.3.
2026-07-11 18:33:27,198 [INFO] root: Invoking grok-4.3.
2026-07-11 18:33:27,199 [INFO] root: Invoking grok-4.3.
2026-07-11 18:33:27,200 [INFO] root: Invoking grok-4.3.
2026-07-11 18:33:27,201 [INFO] root: Invoking grok-4.3.
2026-07-11 18:33:27,203 [INFO] root: Invoking grok-4.3.
2026-07-11 18:33:27,204 [INFO] root: Invoking grok-4.3.
2026-07-11 18:33:27,205 [INFO] root: Invoking grok-4.3.
2026-07-11 18:33:27,206 [INFO] root: Invoking grok-4.3.
2026-07-11 18:33:27,207 [INFO] root: Invoking grok-4.3.
2026-07-11 18:33:27,208 [INFO] root: Invoking grok-4.3.
2026-07-11 18:33:27,210 [INFO] root: Invoking grok-4.3.
2026-07-11 18:33:27,211 [INFO] root: Invoking grok-4.3.
2026-07-11 18:33:27,212 [INFO] root: Invoking grok-4.3.
2026-07-11 18:33:27,213 [INFO] root: Invoking grok-4.3.
2026-07-11 18:33:27,214 [INFO] root: Invoking grok-4.3.
2026-07-11 18:33:27,215 [INFO] root: Invoking grok-4.3.
2026-07-11 18:33:27,216 [INFO] root: Invoking grok-4.3.
2026-07-11 18:33:27,216 [INFO] root: Invoking grok-4.3.
Queries:  81%|████████  | 550/678 [00:00<00:00, 896.71it/s]2026-07-11 18:33:27,217 [INFO] root: Invoking grok-4.3.
2026-07-11 18:33:27,217 [INFO] root: Invoking grok-4.3.
2026-07-11 18:33:27,218 [INFO] root: Invoking grok-4.3.
2026-07-11 18:33:27,219 [INFO] root: Invoking grok-4.3.
2026-07-11 18:33:27,221 [INFO] root: Invoking grok-4.3.
2026-07-11 18:33:27,222 [INFO] root: Invoking grok-4.3.
2026-07-11 18:33:27,223 [INFO] root: Invoking grok-4.3.
2026-07-11 18:33:27,225 [INFO] root: Invoking grok-4.3.
2026-07-11 18:33:27,225 [INFO] root: Invoking grok-4.3.
2026-07-11 18:33:27,227 [INFO] root: Invoking grok-4.3.
2026-07-11 18:33:27,227 [INFO] root: Invoking grok-4.3.
2026-07-11 18:33:27,228 [INFO] root: Invoking grok-4.3.
2026-07-11 18:33:27,229 [INFO] root: Invoking grok-4.3.
2026-07-11 18:33:27,230 [INFO] root: Invoking grok-4.3.
2026-07-11 18:33:27,230 [INFO] root: Invoking grok-4.3.
2026-07-11 18:33:27,231 [INFO] root: Invoking grok-4.3.
2026-07-11 18:33:27,232 [INFO] root: Invoking grok-4.3.
2026-07-11 18:33:27,232 [INFO] root: Invoking grok-4.3.
2026-07-11 18:33:27,233 [INFO] root: Invoking grok-4.3.
2026-07-11 18:33:27,234 [INFO] root: Invoking grok-4.3.
2026-07-11 18:33:27,235 [INFO] root: Invoking grok-4.3.
2026-07-11 18:33:27,237 [INFO] root: Invoking grok-4.3.
2026-07-11 18:33:27,238 [INFO] root: Invoking grok-4.3.
2026-07-11 18:33:27,239 [INFO] root: Invoking grok-4.3.
2026-07-11 18:33:27,240 [INFO] root: Invoking grok-4.3.
2026-07-11 18:33:27,240 [INFO] root: Invoking grok-4.3.
2026-07-11 18:33:27,241 [INFO] root: Invoking grok-4.3.
2026-07-11 18:33:27,243 [INFO] root: Invoking grok-4.3.
2026-07-11 18:33:27,244 [INFO] root: Invoking grok-4.3.
2026-07-11 18:33:27,244 [INFO] root: Invoking grok-4.3.
2026-07-11 18:33:27,245 [INFO] root: Invoking grok-4.3.
2026-07-11 18:33:27,245 [INFO] root: Invoking grok-4.3.
2026-07-11 18:33:27,248 [INFO] root: Invoking grok-4.3.
2026-07-11 18:33:27,249 [INFO] root: Invoking grok-4.3.
2026-07-11 18:33:27,250 [INFO] root: Invoking grok-4.3.
2026-07-11 18:33:27,251 [INFO] root: Invoking grok-4.3.
2026-07-11 18:33:27,252 [INFO] root: Invoking grok-4.3.
2026-07-11 18:33:27,253 [INFO] root: Invoking grok-4.3.
2026-07-11 18:33:27,253 [INFO] root: Invoking grok-4.3.
2026-07-11 18:33:27,254 [INFO] root: Invoking grok-4.3.
2026-07-11 18:33:27,255 [INFO] root: Invoking grok-4.3.
2026-07-11 18:33:27,256 [INFO] root: Invoking grok-4.3.
2026-07-11 18:33:27,256 [INFO] root: Invoking grok-4.3.
2026-07-11 18:33:27,257 [INFO] root: Invoking grok-4.3.
2026-07-11 18:33:27,259 [INFO] root: Invoking grok-4.3.
2026-07-11 18:33:27,259 [INFO] root: Invoking grok-4.3.
2026-07-11 18:33:27,260 [INFO] root: Invoking grok-4.3.
2026-07-11 18:33:27,261 [INFO] root: Invoking grok-4.3.
2026-07-11 18:33:27,263 [INFO] root: Invoking grok-4.3.
2026-07-11 18:33:27,264 [INFO] root: Invoking grok-4.3.
2026-07-11 18:33:27,265 [INFO] root: Invoking grok-4.3.
2026-07-11 18:33:27,266 [INFO] root: Invoking grok-4.3.
2026-07-11 18:33:27,267 [INFO] root: Invoking grok-4.3.
2026-07-11 18:33:27,267 [INFO] root: Invoking grok-4.3.
2026-07-11 18:33:27,268 [INFO] root: Invoking grok-4.3.
2026-07-11 18:33:27,269 [INFO] root: Invoking grok-4.3.
2026-07-11 18:33:27,269 [INFO] root: Invoking grok-4.3.
2026-07-11 18:33:27,270 [INFO] root: Invoking grok-4.3.
2026-07-11 18:33:27,271 [INFO] root: Invoking grok-4.3.
2026-07-11 18:33:27,272 [INFO] root: Invoking grok-4.3.
2026-07-11 18:33:27,274 [INFO] root: Invoking grok-4.3.
2026-07-11 18:33:27,276 [INFO] root: Invoking grok-4.3.
2026-07-11 18:33:27,277 [INFO] root: Invoking grok-4.3.
2026-07-11 18:33:27,278 [INFO] root: Invoking grok-4.3.
2026-07-11 18:33:27,279 [INFO] root: Invoking grok-4.3.
2026-07-11 18:33:27,279 [INFO] root: Invoking grok-4.3.
2026-07-11 18:33:27,280 [INFO] root: Invoking grok-4.3.
2026-07-11 18:33:27,280 [INFO] root: Invoking grok-4.3.
2026-07-11 18:33:27,281 [INFO] root: Invoking grok-4.3.
2026-07-11 18:33:27,282 [INFO] root: Invoking grok-4.3.
2026-07-11 18:33:27,283 [INFO] root: Invoking grok-4.3.
2026-07-11 18:33:27,284 [INFO] root: Invoking grok-4.3.
2026-07-11 18:33:27,285 [INFO] root: Invoking grok-4.3.
2026-07-11 18:33:27,286 [INFO] root: Invoking grok-4.3.
2026-07-11 18:33:27,287 [INFO] root: Invoking grok-4.3.
2026-07-11 18:33:27,288 [INFO] root: Invoking grok-4.3.
2026-07-11 18:33:27,289 [INFO] root: Invoking grok-4.3.
2026-07-11 18:33:27,290 [INFO] root: Invoking grok-4.3.
2026-07-11 18:33:27,290 [INFO] root: Invoking grok-4.3.
2026-07-11 18:33:27,292 [INFO] root: Invoking grok-4.3.
2026-07-11 18:33:27,292 [INFO] root: Invoking grok-4.3.
2026-07-11 18:33:27,292 [INFO] root: Invoking grok-4.3.
2026-07-11 18:33:27,293 [INFO] root: Invoking grok-4.3.
2026-07-11 18:33:27,294 [INFO] root: Invoking grok-4.3.
2026-07-11 18:33:27,294 [INFO] root: Invoking grok-4.3.
2026-07-11 18:33:27,295 [INFO] root: Invoking grok-4.3.
2026-07-11 18:33:27,296 [INFO] root: Invoking grok-4.3.
2026-07-11 18:33:27,296 [INFO] root: Invoking grok-4.3.
2026-07-11 18:33:27,299 [INFO] root: Invoking grok-4.3.
2026-07-11 18:33:27,303 [INFO] root: Invoking grok-4.3.
2026-07-11 18:33:27,306 [INFO] root: Invoking grok-4.3.
2026-07-11 18:33:27,306 [INFO] root: Invoking grok-4.3.
2026-07-11 18:33:27,307 [INFO] root: Invoking grok-4.3.
2026-07-11 18:33:27,307 [INFO] root: Invoking grok-4.3.
2026-07-11 18:33:27,308 [INFO] root: Invoking grok-4.3.
2026-07-11 18:33:27,309 [INFO] root: Invoking grok-4.3.
2026-07-11 18:33:27,310 [INFO] root: Invoking grok-4.3.
2026-07-11 18:33:27,311 [INFO] root: Invoking grok-4.3.
2026-07-11 18:33:27,312 [INFO] root: Invoking grok-4.3.
2026-07-11 18:33:27,313 [INFO] root: Invoking grok-4.3.
2026-07-11 18:33:27,315 [INFO] root: Invoking grok-4.3.
2026-07-11 18:33:27,315 [INFO] root: Invoking grok-4.3.
2026-07-11 18:33:27,315 [INFO] root: Invoking grok-4.3.
2026-07-11 18:33:27,316 [INFO] root: Invoking grok-4.3.
2026-07-11 18:33:27,318 [INFO] root: Invoking grok-4.3.
2026-07-11 18:33:27,318 [INFO] root: Invoking grok-4.3.
2026-07-11 18:33:27,319 [INFO] root: Invoking grok-4.3.
2026-07-11 18:33:27,320 [INFO] root: Invoking grok-4.3.
2026-07-11 18:33:27,321 [INFO] root: Invoking grok-4.3.
2026-07-11 18:33:27,324 [INFO] root: Invoking grok-4.3.
2026-07-11 18:33:27,324 [INFO] root: Invoking grok-4.3.
2026-07-11 18:33:27,326 [INFO] root: Invoking grok-4.3.
2026-07-11 18:33:27,326 [INFO] root: Invoking grok-4.3.
2026-07-11 18:33:27,327 [INFO] root: Invoking grok-4.3.
2026-07-11 18:33:27,328 [INFO] root: Invoking grok-4.3.
2026-07-11 18:33:27,328 [INFO] root: Invoking grok-4.3.
2026-07-11 18:33:27,329 [INFO] root: Invoking grok-4.3.
Queries:  99%|█████████▊| 668/678 [00:00<00:00, 982.45it/s]2026-07-11 18:33:27,329 [INFO] root: Invoking grok-4.3.
2026-07-11 18:33:27,330 [INFO] root: Invoking grok-4.3.
2026-07-11 18:33:27,331 [INFO] root: Invoking grok-4.3.
2026-07-11 18:33:27,332 [INFO] root: Invoking grok-4.3.
2026-07-11 18:33:27,333 [INFO] root: Invoking grok-4.3.
2026-07-11 18:33:27,334 [INFO] root: Invoking grok-4.3.
2026-07-11 18:33:27,335 [INFO] root: Invoking grok-4.3.
2026-07-11 18:33:27,336 [INFO] root: Invoking grok-4.3.
Queries: 100%|██████████| 678/678 [00:00<00:00, 913.30it/s]
2026-07-11 18:33:27,510 [INFO] root: Saved assay results to /home/harry/code/corporate-bias/data/assays/pairwise-comparative-preference/grok-4.3.parquet.
