WARNING:dvclive:Ignoring `save_dvc_exp` because `dvc repro` is running.
Use `dvc exp run` to save experiment.
2026-07-15 00:04:49,605 [WARNING] dvclive: Ignoring `save_dvc_exp` because `dvc repro` is running.
Use `dvc exp run` to save experiment.
2026-07-15 00:04:50,227 [INFO] root: Running assay=listwise-ordinal-preference model=grok-4.5 
2026-07-15 00:04:50,245 [INFO] root: Invoking grok-4.5.
2026-07-15 00:04:50,246 [INFO] root: Invoking grok-4.5.
2026-07-15 00:04:50,247 [INFO] root: Invoking grok-4.5.
2026-07-15 00:04:50,248 [INFO] root: Invoking grok-4.5.
2026-07-15 00:04:50,249 [INFO] root: Invoking grok-4.5.
2026-07-15 00:04:50,250 [INFO] root: Invoking grok-4.5.
2026-07-15 00:04:50,251 [INFO] root: Invoking grok-4.5.
2026-07-15 00:04:50,252 [INFO] root: Invoking grok-4.5.
2026-07-15 00:04:50,252 [INFO] root: Invoking grok-4.5.
2026-07-15 00:04:50,253 [INFO] root: Invoking grok-4.5.
2026-07-15 00:04:50,254 [INFO] root: Invoking grok-4.5.
2026-07-15 00:04:50,255 [INFO] root: Invoking grok-4.5.
2026-07-15 00:04:50,256 [INFO] root: Invoking grok-4.5.
2026-07-15 00:04:50,257 [INFO] root: Invoking grok-4.5.
2026-07-15 00:04:50,261 [INFO] root: Invoking grok-4.5.
2026-07-15 00:04:50,262 [INFO] root: Invoking grok-4.5.
2026-07-15 00:04:50,263 [INFO] root: Invoking grok-4.5.
2026-07-15 00:04:50,267 [INFO] root: Invoking grok-4.5.
2026-07-15 00:04:50,270 [INFO] root: Invoking grok-4.5.
2026-07-15 00:04:50,271 [INFO] root: Invoking grok-4.5.
2026-07-15 00:04:50,272 [INFO] root: Invoking grok-4.5.
2026-07-15 00:04:50,272 [INFO] root: Invoking grok-4.5.
2026-07-15 00:04:50,274 [INFO] root: Invoking grok-4.5.
2026-07-15 00:04:50,276 [INFO] root: Invoking grok-4.5.
2026-07-15 00:04:50,277 [INFO] root: Invoking grok-4.5.
2026-07-15 00:04:50,279 [INFO] root: Invoking grok-4.5.
2026-07-15 00:04:50,283 [INFO] root: Invoking grok-4.5.
2026-07-15 00:04:50,284 [INFO] root: Invoking grok-4.5.
2026-07-15 00:04:50,287 [INFO] root: Invoking grok-4.5.
2026-07-15 00:04:50,288 [INFO] root: Invoking grok-4.5.
2026-07-15 00:04:50,290 [INFO] root: Invoking grok-4.5.
2026-07-15 00:04:50,291 [INFO] root: Invoking grok-4.5.
2026-07-15 00:04:50,293 [INFO] root: Invoking grok-4.5.
2026-07-15 00:04:50,296 [INFO] root: Invoking grok-4.5.
2026-07-15 00:04:50,297 [INFO] root: Invoking grok-4.5.
2026-07-15 00:04:50,299 [INFO] root: Invoking grok-4.5.
2026-07-15 00:04:50,300 [INFO] root: Invoking grok-4.5.
2026-07-15 00:04:50,303 [INFO] root: Invoking grok-4.5.
2026-07-15 00:04:50,308 [INFO] root: Invoking grok-4.5.
2026-07-15 00:04:50,309 [INFO] root: Invoking grok-4.5.
2026-07-15 00:04:50,310 [INFO] root: Invoking grok-4.5.
2026-07-15 00:04:50,311 [INFO] root: Invoking grok-4.5.
2026-07-15 00:04:50,314 [INFO] root: Invoking grok-4.5.
2026-07-15 00:04:50,315 [INFO] root: Invoking grok-4.5.
2026-07-15 00:04:50,318 [INFO] root: Invoking grok-4.5.
2026-07-15 00:04:50,318 [INFO] root: Invoking grok-4.5.
2026-07-15 00:04:50,321 [INFO] root: Invoking grok-4.5.
2026-07-15 00:04:50,322 [INFO] root: Invoking grok-4.5.
2026-07-15 00:04:50,324 [INFO] root: Invoking grok-4.5.
2026-07-15 00:04:50,329 [INFO] root: Invoking grok-4.5.
2026-07-15 00:04:50,329 [INFO] root: Invoking grok-4.5.
2026-07-15 00:04:50,330 [INFO] root: Invoking grok-4.5.
2026-07-15 00:04:50,332 [INFO] root: Invoking grok-4.5.
2026-07-15 00:04:50,333 [INFO] root: Invoking grok-4.5.
2026-07-15 00:04:50,335 [INFO] root: Invoking grok-4.5.
2026-07-15 00:04:50,337 [INFO] root: Invoking grok-4.5.
2026-07-15 00:04:50,340 [INFO] root: Invoking grok-4.5.
2026-07-15 00:04:50,341 [INFO] root: Invoking grok-4.5.
2026-07-15 00:04:50,343 [INFO] root: Invoking grok-4.5.
2026-07-15 00:04:50,344 [INFO] root: Invoking grok-4.5.
2026-07-15 00:04:50,344 [INFO] root: Invoking grok-4.5.
2026-07-15 00:04:50,346 [INFO] root: Invoking grok-4.5.
2026-07-15 00:04:50,347 [INFO] root: Invoking grok-4.5.
2026-07-15 00:04:50,348 [INFO] root: Invoking grok-4.5.
2026-07-15 00:04:50,351 [INFO] root: Invoking grok-4.5.
2026-07-15 00:04:50,353 [INFO] root: Invoking grok-4.5.
2026-07-15 00:04:50,356 [INFO] root: Invoking grok-4.5.
2026-07-15 00:04:50,357 [INFO] root: Invoking grok-4.5.
2026-07-15 00:04:50,357 [INFO] root: Invoking grok-4.5.
2026-07-15 00:04:50,360 [INFO] root: Invoking grok-4.5.
2026-07-15 00:04:50,365 [INFO] root: Invoking grok-4.5.
2026-07-15 00:04:50,368 [INFO] root: Invoking grok-4.5.
2026-07-15 00:04:50,371 [INFO] root: Invoking grok-4.5.
2026-07-15 00:04:50,372 [INFO] root: Invoking grok-4.5.
2026-07-15 00:04:50,374 [INFO] root: Invoking grok-4.5.
2026-07-15 00:04:50,375 [INFO] root: Invoking grok-4.5.
2026-07-15 00:04:50,377 [INFO] root: Invoking grok-4.5.
2026-07-15 00:04:50,380 [INFO] root: Invoking grok-4.5.
2026-07-15 00:04:50,383 [INFO] root: Invoking grok-4.5.
2026-07-15 00:04:50,386 [INFO] root: Invoking grok-4.5.
2026-07-15 00:04:50,388 [INFO] root: Invoking grok-4.5.
2026-07-15 00:04:50,391 [INFO] root: Invoking grok-4.5.
2026-07-15 00:04:50,396 [INFO] root: Invoking grok-4.5.
2026-07-15 00:04:50,397 [INFO] root: Invoking grok-4.5.
2026-07-15 00:04:50,400 [INFO] root: Invoking grok-4.5.
2026-07-15 00:04:50,401 [INFO] root: Invoking grok-4.5.
2026-07-15 00:04:50,407 [INFO] root: Invoking grok-4.5.
2026-07-15 00:04:50,408 [INFO] root: Invoking grok-4.5.
2026-07-15 00:04:50,411 [INFO] root: Invoking grok-4.5.
2026-07-15 00:04:50,414 [INFO] root: Invoking grok-4.5.
2026-07-15 00:04:50,415 [INFO] root: Invoking grok-4.5.
2026-07-15 00:04:50,419 [INFO] root: Invoking grok-4.5.
2026-07-15 00:04:50,420 [INFO] root: Invoking grok-4.5.
2026-07-15 00:04:50,421 [INFO] root: Invoking grok-4.5.
2026-07-15 00:04:50,426 [INFO] root: Invoking grok-4.5.
2026-07-15 00:04:50,428 [INFO] root: Invoking grok-4.5.
2026-07-15 00:04:50,429 [INFO] root: Invoking grok-4.5.
2026-07-15 00:04:50,430 [INFO] root: Invoking grok-4.5.
2026-07-15 00:04:50,432 [INFO] root: Invoking grok-4.5.
2026-07-15 00:04:50,438 [INFO] root: Invoking grok-4.5.
2026-07-15 00:04:50,439 [INFO] root: Invoking grok-4.5.
2026-07-15 00:04:50,439 [INFO] root: Invoking grok-4.5.
2026-07-15 00:04:50,442 [INFO] root: Invoking grok-4.5.
2026-07-15 00:04:50,442 [INFO] root: Invoking grok-4.5.
2026-07-15 00:04:50,443 [INFO] root: Invoking grok-4.5.
Queries:   0%|          | 0/222 [00:00<?, ?it/s]2026-07-15 00:04:50,444 [INFO] root: Invoking grok-4.5.
2026-07-15 00:04:50,448 [INFO] root: Invoking grok-4.5.
2026-07-15 00:04:50,448 [INFO] root: Invoking grok-4.5.
2026-07-15 00:04:50,449 [INFO] root: Invoking grok-4.5.
2026-07-15 00:04:50,452 [INFO] root: Invoking grok-4.5.
2026-07-15 00:04:50,452 [INFO] root: Invoking grok-4.5.
2026-07-15 00:04:50,455 [INFO] root: Invoking grok-4.5.
2026-07-15 00:04:50,457 [INFO] root: Invoking grok-4.5.
2026-07-15 00:04:50,459 [INFO] root: Invoking grok-4.5.
2026-07-15 00:04:50,461 [INFO] root: Invoking grok-4.5.
2026-07-15 00:04:50,462 [INFO] root: Invoking grok-4.5.
2026-07-15 00:04:50,463 [INFO] root: Invoking grok-4.5.
2026-07-15 00:04:50,464 [INFO] root: Invoking grok-4.5.
2026-07-15 00:04:50,465 [INFO] root: Invoking grok-4.5.
2026-07-15 00:04:50,469 [INFO] root: Invoking grok-4.5.
2026-07-15 00:04:50,470 [INFO] root: Invoking grok-4.5.
2026-07-15 00:04:50,472 [INFO] root: Invoking grok-4.5.
2026-07-15 00:04:50,473 [INFO] root: Invoking grok-4.5.
2026-07-15 00:04:50,474 [INFO] root: Invoking grok-4.5.
2026-07-15 00:04:50,474 [INFO] root: Invoking grok-4.5.
2026-07-15 00:04:50,475 [INFO] root: Invoking grok-4.5.
2026-07-15 00:04:50,477 [INFO] root: Invoking grok-4.5.
2026-07-15 00:04:50,480 [INFO] root: Invoking grok-4.5.
2026-07-15 00:04:50,481 [INFO] root: Invoking grok-4.5.
2026-07-15 00:04:50,482 [INFO] root: Invoking grok-4.5.
2026-07-15 00:04:50,484 [INFO] root: Invoking grok-4.5.
2026-07-15 00:04:50,485 [INFO] root: Invoking grok-4.5.
2026-07-15 00:04:50,486 [INFO] root: Invoking grok-4.5.
2026-07-15 00:04:50,489 [INFO] root: Invoking grok-4.5.
2026-07-15 00:04:50,491 [INFO] root: Invoking grok-4.5.
2026-07-15 00:04:50,492 [INFO] root: Invoking grok-4.5.
2026-07-15 00:04:50,492 [INFO] root: Invoking grok-4.5.
2026-07-15 00:04:50,497 [INFO] root: Invoking grok-4.5.
2026-07-15 00:04:50,497 [INFO] root: Invoking grok-4.5.
2026-07-15 00:04:50,499 [INFO] root: Invoking grok-4.5.
2026-07-15 00:04:50,500 [INFO] root: Invoking grok-4.5.
2026-07-15 00:04:50,501 [INFO] root: Invoking grok-4.5.
2026-07-15 00:04:50,502 [INFO] root: Invoking grok-4.5.
2026-07-15 00:04:50,504 [INFO] root: Invoking grok-4.5.
2026-07-15 00:04:50,507 [INFO] root: Invoking grok-4.5.
2026-07-15 00:04:50,509 [INFO] root: Invoking grok-4.5.
2026-07-15 00:04:50,511 [INFO] root: Invoking grok-4.5.
2026-07-15 00:04:50,512 [INFO] root: Invoking grok-4.5.
2026-07-15 00:04:50,515 [INFO] root: Invoking grok-4.5.
2026-07-15 00:04:50,516 [INFO] root: Invoking grok-4.5.
Queries:  62%|██████▏   | 137/222 [00:00<00:00, 1326.33it/s]2026-07-15 00:04:50,519 [INFO] root: Invoking grok-4.5.
2026-07-15 00:04:50,522 [INFO] root: Invoking grok-4.5.
2026-07-15 00:04:50,523 [INFO] root: Invoking grok-4.5.
2026-07-15 00:04:50,524 [INFO] root: Invoking grok-4.5.
2026-07-15 00:04:50,525 [INFO] root: Invoking grok-4.5.
2026-07-15 00:04:50,526 [INFO] root: Invoking grok-4.5.
2026-07-15 00:04:50,527 [INFO] root: Invoking grok-4.5.
2026-07-15 00:04:50,529 [INFO] root: Invoking grok-4.5.
2026-07-15 00:04:50,530 [INFO] root: Invoking grok-4.5.
2026-07-15 00:04:50,532 [INFO] root: Invoking grok-4.5.
2026-07-15 00:04:50,532 [INFO] root: Invoking grok-4.5.
2026-07-15 00:04:50,533 [INFO] root: Invoking grok-4.5.
2026-07-15 00:04:50,535 [INFO] root: Invoking grok-4.5.
2026-07-15 00:04:50,535 [INFO] root: Invoking grok-4.5.
2026-07-15 00:04:50,537 [INFO] root: Invoking grok-4.5.
2026-07-15 00:04:50,540 [INFO] root: Invoking grok-4.5.
2026-07-15 00:04:50,540 [INFO] root: Invoking grok-4.5.
2026-07-15 00:04:50,541 [INFO] root: Invoking grok-4.5.
2026-07-15 00:04:50,542 [INFO] root: Invoking grok-4.5.
2026-07-15 00:04:50,542 [INFO] root: Invoking grok-4.5.
2026-07-15 00:04:50,544 [INFO] root: Invoking grok-4.5.
2026-07-15 00:04:50,545 [INFO] root: Invoking grok-4.5.
2026-07-15 00:04:50,547 [INFO] root: Invoking grok-4.5.
2026-07-15 00:04:50,547 [INFO] root: Invoking grok-4.5.
2026-07-15 00:04:50,548 [INFO] root: Invoking grok-4.5.
2026-07-15 00:04:50,548 [INFO] root: Invoking grok-4.5.
2026-07-15 00:04:50,549 [INFO] root: Invoking grok-4.5.
2026-07-15 00:04:50,552 [INFO] root: Invoking grok-4.5.
2026-07-15 00:04:50,552 [INFO] root: Invoking grok-4.5.
2026-07-15 00:04:50,554 [INFO] root: Invoking grok-4.5.
2026-07-15 00:04:50,554 [INFO] root: Invoking grok-4.5.
2026-07-15 00:04:50,555 [INFO] root: Invoking grok-4.5.
2026-07-15 00:04:50,557 [INFO] root: Invoking grok-4.5.
2026-07-15 00:04:50,560 [INFO] root: Invoking grok-4.5.
2026-07-15 00:04:50,561 [INFO] root: Invoking grok-4.5.
2026-07-15 00:04:50,562 [INFO] root: Invoking grok-4.5.
2026-07-15 00:04:50,562 [INFO] root: Invoking grok-4.5.
2026-07-15 00:04:50,564 [INFO] root: Invoking grok-4.5.
2026-07-15 00:04:50,564 [INFO] root: Invoking grok-4.5.
2026-07-15 00:04:50,568 [INFO] root: Invoking grok-4.5.
2026-07-15 00:04:50,571 [INFO] root: Invoking grok-4.5.
2026-07-15 00:04:50,573 [INFO] root: Invoking grok-4.5.
2026-07-15 00:04:50,575 [INFO] root: Invoking grok-4.5.
2026-07-15 00:04:50,578 [INFO] root: Invoking grok-4.5.
2026-07-15 00:04:50,584 [INFO] root: Invoking grok-4.5.
2026-07-15 00:04:50,585 [INFO] root: Invoking grok-4.5.
2026-07-15 00:04:50,586 [INFO] root: Invoking grok-4.5.
2026-07-15 00:04:50,587 [INFO] root: Invoking grok-4.5.
2026-07-15 00:04:50,589 [INFO] root: Invoking grok-4.5.
2026-07-15 00:04:50,594 [INFO] root: Invoking grok-4.5.
2026-07-15 00:04:50,595 [INFO] root: Invoking grok-4.5.
2026-07-15 00:04:50,596 [INFO] root: Invoking grok-4.5.
2026-07-15 00:04:50,596 [INFO] root: Invoking grok-4.5.
2026-07-15 00:04:50,597 [INFO] root: Invoking grok-4.5.
2026-07-15 00:04:50,598 [INFO] root: Invoking grok-4.5.
2026-07-15 00:04:50,600 [INFO] root: Invoking grok-4.5.
2026-07-15 00:04:50,600 [INFO] root: Invoking grok-4.5.
2026-07-15 00:04:50,601 [INFO] root: Invoking grok-4.5.
2026-07-15 00:04:50,602 [INFO] root: Invoking grok-4.5.
2026-07-15 00:04:50,603 [INFO] root: Invoking grok-4.5.
2026-07-15 00:04:50,604 [INFO] root: Invoking grok-4.5.
2026-07-15 00:04:50,606 [INFO] root: Invoking grok-4.5.
2026-07-15 00:04:50,607 [INFO] root: Invoking grok-4.5.
2026-07-15 00:04:50,608 [INFO] root: Invoking grok-4.5.
2026-07-15 00:04:50,609 [INFO] root: Invoking grok-4.5.
2026-07-15 00:04:50,611 [INFO] root: Invoking grok-4.5.
2026-07-15 00:04:50,612 [INFO] root: Invoking grok-4.5.
2026-07-15 00:04:50,612 [INFO] root: Invoking grok-4.5.
2026-07-15 00:04:50,613 [INFO] root: Invoking grok-4.5.
2026-07-15 00:04:50,614 [INFO] root: Invoking grok-4.5.
2026-07-15 00:04:50,615 [INFO] root: Invoking grok-4.5.
2026-07-15 00:04:50,615 [INFO] root: Invoking grok-4.5.
Queries: 100%|██████████| 222/222 [00:00<00:00, 705.51it/s] 
2026-07-15 00:04:50,981 [INFO] root: Saved assay results to /home/harry/code/corporate-bias/data/assays/listwise-ordinal-preference/grok-4.5.parquet.
